[0.304s] Invoking command in '/home/javed/ros_projects/bumperbot_ws/build/bumperbot_cpp_examples': CMAKE_PREFIX_PATH=/home/javed/ros_projects/bumperbot_ws/install/bumperbot_msgs:/home/javed/ros_projects/bumperbot_ws/install/bumperbot_utils:/home/javed/ros_projects/bumperbot_ws/install/bumperbot_planning:/home/javed/ros_projects/bumperbot_ws/install/bumperbot_cpp_examples:/home/javed/ros_projects/bumperbot_ws/install/bumperbot_bringup:/home/javed/ros_projects/bumperbot_ws/install/bumperbot_mapping:/home/javed/ros_projects/bumperbot_ws/install/bumperbot_localization:/home/javed/ros_projects/bumperbot_ws/install/bumperbot_firmware:/home/javed/ros_projects/bumperbot_ws/install/bumperbot_description:/home/javed/ros_projects/bumperbot_ws/install/bumperbot_controller:/home/javed/ros_practice/install/bumperbot_cpp_examples:/opt/ros/jazzy/opt/gz_sim_vendor:/opt/ros/jazzy/opt/gz_sensors_vendor:/opt/ros/jazzy/opt/gz_physics_vendor:/opt/ros/jazzy/opt/sdformat_vendor:/opt/ros/jazzy/opt/gz_gui_vendor:/opt/ros/jazzy/opt/gz_transport_vendor:/opt/ros/jazzy/opt/gz_rendering_vendor:/opt/ros/jazzy/opt/gz_plugin_vendor:/opt/ros/jazzy/opt/gz_fuel_tools_vendor:/opt/ros/jazzy/opt/gz_msgs_vendor:/opt/ros/jazzy/opt/gz_common_vendor:/opt/ros/jazzy/opt/gz_math_vendor:/opt/ros/jazzy/opt/gz_utils_vendor:/opt/ros/jazzy/opt/gz_tools_vendor:/opt/ros/jazzy/opt/gz_ogre_next_vendor:/opt/ros/jazzy/opt/gz_dartsim_vendor:/opt/ros/jazzy/opt/gz_cmake_vendor:/home/javed/ros_projects/bumperbot_ws/install/bumperbot_py_examples:/home/javed/ros_practice/install/bumperbot_python_examples:/opt/ros/jazzy DEBUGINFOD_URLS=https://debuginfod.ubuntu.com LD_LIBRARY_PATH=/home/javed/ros_projects/bumperbot_ws/install/bumperbot_msgs/lib:/home/javed/ros_projects/bumperbot_ws/install/bumperbot_cpp_examples/lib:/home/javed/ros_projects/bumperbot_ws/install/bumperbot_firmware/lib:/opt/ros/jazzy/opt/gz_sim_vendor/lib:/opt/ros/jazzy/opt/gz_sensors_vendor/lib:/opt/ros/jazzy/opt/gz_physics_vendor/lib:/opt/ros/jazzy/opt/sdformat_vendor/lib:/opt/ros/jazzy/opt/rviz_ogre_vendor/lib:/opt/ros/jazzy/lib/x86_64-linux-gnu:/opt/ros/jazzy/opt/gz_gui_vendor/lib:/opt/ros/jazzy/opt/gz_transport_vendor/lib:/opt/ros/jazzy/opt/gz_rendering_vendor/lib:/opt/ros/jazzy/opt/gz_plugin_vendor/lib:/opt/ros/jazzy/opt/gz_fuel_tools_vendor/lib:/opt/ros/jazzy/opt/gz_msgs_vendor/lib:/opt/ros/jazzy/opt/gz_common_vendor/lib:/opt/ros/jazzy/opt/gz_math_vendor/lib:/opt/ros/jazzy/opt/gz_utils_vendor/lib:/opt/ros/jazzy/opt/gz_tools_vendor/lib:/opt/ros/jazzy/opt/gz_ogre_next_vendor/lib:/opt/ros/jazzy/opt/gz_dartsim_vendor/lib:/opt/ros/jazzy/opt/gz_cmake_vendor/lib:/opt/ros/jazzy/lib PYTHONPATH=/home/javed/ros_projects/bumperbot_ws/install/bumperbot_msgs/lib/python3.12/site-packages:/home/javed/ros_projects/bumperbot_ws/install/bumperbot_utils/lib/python3.12/site-packages:/home/javed/ros_projects/bumperbot_ws/install/bumperbot_py_examples/lib/python3.12/site-packages:/home/javed/ros_projects/bumperbot_ws/install/bumperbot_planning/lib/python3.12/site-packages:/home/javed/ros_projects/bumperbot_ws/install/bumperbot_mapping/lib/python3.12/site-packages:/home/javed/ros_projects/bumperbot_ws/install/bumperbot_localization/lib/python3.12/site-packages:/home/javed/ros_projects/bumperbot_ws/install/bumperbot_firmware/lib/python3.12/site-packages:/home/javed/ros_projects/bumperbot_ws/install/bumperbot_controller/lib/python3.12/site-packages:/home/javed/ros_practice/install/bumperbot_python_examples/lib/python3.12/site-packages:/opt/ros/jazzy/lib/python3.12/site-packages /usr/bin/cmake --build /home/javed/ros_projects/bumperbot_ws/build/bumperbot_cpp_examples -- -j16 -l16
[0.330s] -- Found ament_cmake: 2.5.4 (/opt/ros/jazzy/share/ament_cmake/cmake)
[0.698s] -- Found rclcpp: 28.1.9 (/opt/ros/jazzy/share/rclcpp/cmake)
[0.728s] -- Found rosidl_generator_c: 4.6.5 (/opt/ros/jazzy/share/rosidl_generator_c/cmake)
[0.736s] -- Found rosidl_generator_cpp: 4.6.5 (/opt/ros/jazzy/share/rosidl_generator_cpp/cmake)
[0.747s] -- Using all available rosidl_typesupport_c: rosidl_typesupport_fastrtps_c;rosidl_typesupport_introspection_c
[0.760s] -- Using all available rosidl_typesupport_cpp: rosidl_typesupport_fastrtps_cpp;rosidl_typesupport_introspection_cpp
[0.815s] -- Found rmw_implementation_cmake: 7.3.2 (/opt/ros/jazzy/share/rmw_implementation_cmake/cmake)
[0.817s] -- Found rmw_fastrtps_cpp: 8.4.2 (/opt/ros/jazzy/share/rmw_fastrtps_cpp/cmake)
[0.881s] -- Using RMW implementation 'rmw_fastrtps_cpp' as default
[0.939s] -- Found rclcpp_action: 28.1.9 (/opt/ros/jazzy/share/rclcpp_action/cmake)
[0.974s] -- Found rclcpp_components: 28.1.9 (/opt/ros/jazzy/share/rclcpp_components/cmake)
[1.002s] -- Found std_msgs: 5.3.6 (/opt/ros/jazzy/share/std_msgs/cmake)
[1.111s] -- Found turtlesim: 1.8.3 (/opt/ros/jazzy/share/turtlesim/cmake)
[1.513s] -- Found bumperbot_msgs: 0.0.0 (/home/javed/ros_projects/bumperbot_ws/install/bumperbot_msgs/share/bumperbot_msgs/cmake)
[1.562s] -- Found tf2: 0.36.11 (/opt/ros/jazzy/share/tf2/cmake)
[1.562s] -- Found tf2_ros: 0.36.11 (/opt/ros/jazzy/share/tf2_ros/cmake)
[1.591s] -- Found rclcpp_lifecycle: 28.1.9 (/opt/ros/jazzy/share/rclcpp_lifecycle/cmake)
[2.331s] -- Configuring done (2.0s)
[4.068s] -- Generating done (1.7s)
[4.091s] -- Build files have been written to: /home/javed/ros_projects/bumperbot_ws/build/bumperbot_cpp_examples
[4.175s] [ 10%] [32mBuilding CXX object CMakeFiles/simple_service_client.dir/src/simple_service_client.cpp.o[0m
[4.175s] [ 10%] [32mBuilding CXX object CMakeFiles/simple_publisher.dir/src/simple_publisher.cpp.o[0m
[4.175s] [ 10%] [32mBuilding CXX object CMakeFiles/simple_turtlesim_kinematics.dir/src/simple_turtlesim_kinematics.cpp.o[0m
[4.193s] [ 17%] [32mBuilding CXX object CMakeFiles/simple_qos_publisher.dir/src/simple_qos_publisher.cpp.o[0m
[4.193s] [ 17%] [32mBuilding CXX object CMakeFiles/simple_parameter.dir/src/simple_parameter.cpp.o[0m
[4.193s] [ 21%] [32mBuilding CXX object CMakeFiles/simple_service_server.dir/src/simple_service_server.cpp.o[0m
[4.194s] [ 35%] [32mBuilding CXX object CMakeFiles/simple_subscriber.dir/src/simple_subscriber.cpp.o[0m
[4.194s] [ 35%] [32mBuilding CXX object CMakeFiles/simple_tf_kinematics.dir/src/simple_tf_kinematics.cpp.o[0m
[4.195s] [ 35%] [32mBuilding CXX object CMakeFiles/simple_qos_subscriber.dir/src/simple_qos_subscriber.cpp.o[0m
[4.195s] [ 35%] [32mBuilding CXX object CMakeFiles/simple_action_server_node.dir/rclcpp_components/node_main_simple_action_server_node.cpp.o[0m
[4.196s] [ 39%] [32mBuilding CXX object CMakeFiles/simple_lifecycle_node.dir/src/simple_lifecycle_node.cpp.o[0m
[4.197s] [ 42%] [32mBuilding CXX object CMakeFiles/simple_action_client.dir/src/simple_action_client.cpp.o[0m
[4.202s] [ 50%] [32mBuilding CXX object CMakeFiles/simple_action_server.dir/src/simple_action_server.cpp.o[0m
[4.202s] [ 50%] [32mBuilding CXX object CMakeFiles/simple_action_client_node.dir/rclcpp_components/node_main_simple_action_client_node.cpp.o[0m
[8.626s] [ 53%] [32m[1mLinking CXX executable simple_parameter[0m
[9.140s] [ 53%] Built target simple_parameter
[9.295s] [ 57%] [32m[1mLinking CXX executable simple_action_server_node[0m
[9.297s] [ 60%] [32m[1mLinking CXX executable simple_action_client_node[0m
[9.639s] [ 60%] Built target simple_action_client_node
[9.639s] [ 60%] Built target simple_action_server_node
[9.805s] [ 64%] [32m[1mLinking CXX executable simple_service_client[0m
[9.915s] [ 67%] [32m[1mLinking CXX executable simple_service_server[0m
[10.103s] [ 67%] Built target simple_service_client
[10.230s] [ 67%] Built target simple_service_server
[10.674s] [ 71%] [32m[1mLinking CXX executable simple_qos_publisher[0m
[10.723s] [ 75%] [32m[1mLinking CXX shared library libsimple_action_server.so[0m
[10.862s] [ 78%] [32m[1mLinking CXX executable simple_publisher[0m
[10.935s] [ 78%] Built target simple_qos_publisher
[10.945s] [ 82%] [32m[1mLinking CXX shared library libsimple_action_client.so[0m
[10.992s] [ 82%] Built target simple_action_server
[11.065s] [ 82%] Built target simple_publisher
[11.154s] [ 82%] Built target simple_action_client
[12.680s] [ 85%] [32m[1mLinking CXX executable simple_tf_kinematics[0m
[12.959s] [ 85%] Built target simple_tf_kinematics
[14.429s] [ 89%] [32m[1mLinking CXX executable simple_qos_subscriber[0m
[14.432s] [ 92%] [32m[1mLinking CXX executable simple_subscriber[0m
[14.446s] [ 96%] [32m[1mLinking CXX executable simple_lifecycle_node[0m
[14.809s] [ 96%] Built target simple_subscriber
[14.809s] [ 96%] Built target simple_lifecycle_node
[14.809s] [ 96%] Built target simple_qos_subscriber
[14.834s] [100%] [32m[1mLinking CXX executable simple_turtlesim_kinematics[0m
[17.406s] [100%] Built target simple_turtlesim_kinematics
[17.420s] Invoked command in '/home/javed/ros_projects/bumperbot_ws/build/bumperbot_cpp_examples' returned '0': CMAKE_PREFIX_PATH=/home/javed/ros_projects/bumperbot_ws/install/bumperbot_msgs:/home/javed/ros_projects/bumperbot_ws/install/bumperbot_utils:/home/javed/ros_projects/bumperbot_ws/install/bumperbot_planning:/home/javed/ros_projects/bumperbot_ws/install/bumperbot_cpp_examples:/home/javed/ros_projects/bumperbot_ws/install/bumperbot_bringup:/home/javed/ros_projects/bumperbot_ws/install/bumperbot_mapping:/home/javed/ros_projects/bumperbot_ws/install/bumperbot_localization:/home/javed/ros_projects/bumperbot_ws/install/bumperbot_firmware:/home/javed/ros_projects/bumperbot_ws/install/bumperbot_description:/home/javed/ros_projects/bumperbot_ws/install/bumperbot_controller:/home/javed/ros_practice/install/bumperbot_cpp_examples:/opt/ros/jazzy/opt/gz_sim_vendor:/opt/ros/jazzy/opt/gz_sensors_vendor:/opt/ros/jazzy/opt/gz_physics_vendor:/opt/ros/jazzy/opt/sdformat_vendor:/opt/ros/jazzy/opt/gz_gui_vendor:/opt/ros/jazzy/opt/gz_transport_vendor:/opt/ros/jazzy/opt/gz_rendering_vendor:/opt/ros/jazzy/opt/gz_plugin_vendor:/opt/ros/jazzy/opt/gz_fuel_tools_vendor:/opt/ros/jazzy/opt/gz_msgs_vendor:/opt/ros/jazzy/opt/gz_common_vendor:/opt/ros/jazzy/opt/gz_math_vendor:/opt/ros/jazzy/opt/gz_utils_vendor:/opt/ros/jazzy/opt/gz_tools_vendor:/opt/ros/jazzy/opt/gz_ogre_next_vendor:/opt/ros/jazzy/opt/gz_dartsim_vendor:/opt/ros/jazzy/opt/gz_cmake_vendor:/home/javed/ros_projects/bumperbot_ws/install/bumperbot_py_examples:/home/javed/ros_practice/install/bumperbot_python_examples:/opt/ros/jazzy DEBUGINFOD_URLS=https://debuginfod.ubuntu.com LD_LIBRARY_PATH=/home/javed/ros_projects/bumperbot_ws/install/bumperbot_msgs/lib:/home/javed/ros_projects/bumperbot_ws/install/bumperbot_cpp_examples/lib:/home/javed/ros_projects/bumperbot_ws/install/bumperbot_firmware/lib:/opt/ros/jazzy/opt/gz_sim_vendor/lib:/opt/ros/jazzy/opt/gz_sensors_vendor/lib:/opt/ros/jazzy/opt/gz_physics_vendor/lib:/opt/ros/jazzy/opt/sdformat_vendor/lib:/opt/ros/jazzy/opt/rviz_ogre_vendor/lib:/opt/ros/jazzy/lib/x86_64-linux-gnu:/opt/ros/jazzy/opt/gz_gui_vendor/lib:/opt/ros/jazzy/opt/gz_transport_vendor/lib:/opt/ros/jazzy/opt/gz_rendering_vendor/lib:/opt/ros/jazzy/opt/gz_plugin_vendor/lib:/opt/ros/jazzy/opt/gz_fuel_tools_vendor/lib:/opt/ros/jazzy/opt/gz_msgs_vendor/lib:/opt/ros/jazzy/opt/gz_common_vendor/lib:/opt/ros/jazzy/opt/gz_math_vendor/lib:/opt/ros/jazzy/opt/gz_utils_vendor/lib:/opt/ros/jazzy/opt/gz_tools_vendor/lib:/opt/ros/jazzy/opt/gz_ogre_next_vendor/lib:/opt/ros/jazzy/opt/gz_dartsim_vendor/lib:/opt/ros/jazzy/opt/gz_cmake_vendor/lib:/opt/ros/jazzy/lib PYTHONPATH=/home/javed/ros_projects/bumperbot_ws/install/bumperbot_msgs/lib/python3.12/site-packages:/home/javed/ros_projects/bumperbot_ws/install/bumperbot_utils/lib/python3.12/site-packages:/home/javed/ros_projects/bumperbot_ws/install/bumperbot_py_examples/lib/python3.12/site-packages:/home/javed/ros_projects/bumperbot_ws/install/bumperbot_planning/lib/python3.12/site-packages:/home/javed/ros_projects/bumperbot_ws/install/bumperbot_mapping/lib/python3.12/site-packages:/home/javed/ros_projects/bumperbot_ws/install/bumperbot_localization/lib/python3.12/site-packages:/home/javed/ros_projects/bumperbot_ws/install/bumperbot_firmware/lib/python3.12/site-packages:/home/javed/ros_projects/bumperbot_ws/install/bumperbot_controller/lib/python3.12/site-packages:/home/javed/ros_practice/install/bumperbot_python_examples/lib/python3.12/site-packages:/opt/ros/jazzy/lib/python3.12/site-packages /usr/bin/cmake --build /home/javed/ros_projects/bumperbot_ws/build/bumperbot_cpp_examples -- -j16 -l16
[17.421s] Invoking command in '/home/javed/ros_projects/bumperbot_ws/build/bumperbot_cpp_examples': CMAKE_PREFIX_PATH=/home/javed/ros_projects/bumperbot_ws/install/bumperbot_msgs:/home/javed/ros_projects/bumperbot_ws/install/bumperbot_utils:/home/javed/ros_projects/bumperbot_ws/install/bumperbot_planning:/home/javed/ros_projects/bumperbot_ws/install/bumperbot_cpp_examples:/home/javed/ros_projects/bumperbot_ws/install/bumperbot_bringup:/home/javed/ros_projects/bumperbot_ws/install/bumperbot_mapping:/home/javed/ros_projects/bumperbot_ws/install/bumperbot_localization:/home/javed/ros_projects/bumperbot_ws/install/bumperbot_firmware:/home/javed/ros_projects/bumperbot_ws/install/bumperbot_description:/home/javed/ros_projects/bumperbot_ws/install/bumperbot_controller:/home/javed/ros_practice/install/bumperbot_cpp_examples:/opt/ros/jazzy/opt/gz_sim_vendor:/opt/ros/jazzy/opt/gz_sensors_vendor:/opt/ros/jazzy/opt/gz_physics_vendor:/opt/ros/jazzy/opt/sdformat_vendor:/opt/ros/jazzy/opt/gz_gui_vendor:/opt/ros/jazzy/opt/gz_transport_vendor:/opt/ros/jazzy/opt/gz_rendering_vendor:/opt/ros/jazzy/opt/gz_plugin_vendor:/opt/ros/jazzy/opt/gz_fuel_tools_vendor:/opt/ros/jazzy/opt/gz_msgs_vendor:/opt/ros/jazzy/opt/gz_common_vendor:/opt/ros/jazzy/opt/gz_math_vendor:/opt/ros/jazzy/opt/gz_utils_vendor:/opt/ros/jazzy/opt/gz_tools_vendor:/opt/ros/jazzy/opt/gz_ogre_next_vendor:/opt/ros/jazzy/opt/gz_dartsim_vendor:/opt/ros/jazzy/opt/gz_cmake_vendor:/home/javed/ros_projects/bumperbot_ws/install/bumperbot_py_examples:/home/javed/ros_practice/install/bumperbot_python_examples:/opt/ros/jazzy DEBUGINFOD_URLS=https://debuginfod.ubuntu.com LD_LIBRARY_PATH=/home/javed/ros_projects/bumperbot_ws/install/bumperbot_msgs/lib:/home/javed/ros_projects/bumperbot_ws/install/bumperbot_cpp_examples/lib:/home/javed/ros_projects/bumperbot_ws/install/bumperbot_firmware/lib:/opt/ros/jazzy/opt/gz_sim_vendor/lib:/opt/ros/jazzy/opt/gz_sensors_vendor/lib:/opt/ros/jazzy/opt/gz_physics_vendor/lib:/opt/ros/jazzy/opt/sdformat_vendor/lib:/opt/ros/jazzy/opt/rviz_ogre_vendor/lib:/opt/ros/jazzy/lib/x86_64-linux-gnu:/opt/ros/jazzy/opt/gz_gui_vendor/lib:/opt/ros/jazzy/opt/gz_transport_vendor/lib:/opt/ros/jazzy/opt/gz_rendering_vendor/lib:/opt/ros/jazzy/opt/gz_plugin_vendor/lib:/opt/ros/jazzy/opt/gz_fuel_tools_vendor/lib:/opt/ros/jazzy/opt/gz_msgs_vendor/lib:/opt/ros/jazzy/opt/gz_common_vendor/lib:/opt/ros/jazzy/opt/gz_math_vendor/lib:/opt/ros/jazzy/opt/gz_utils_vendor/lib:/opt/ros/jazzy/opt/gz_tools_vendor/lib:/opt/ros/jazzy/opt/gz_ogre_next_vendor/lib:/opt/ros/jazzy/opt/gz_dartsim_vendor/lib:/opt/ros/jazzy/opt/gz_cmake_vendor/lib:/opt/ros/jazzy/lib PYTHONPATH=/home/javed/ros_projects/bumperbot_ws/install/bumperbot_msgs/lib/python3.12/site-packages:/home/javed/ros_projects/bumperbot_ws/install/bumperbot_utils/lib/python3.12/site-packages:/home/javed/ros_projects/bumperbot_ws/install/bumperbot_py_examples/lib/python3.12/site-packages:/home/javed/ros_projects/bumperbot_ws/install/bumperbot_planning/lib/python3.12/site-packages:/home/javed/ros_projects/bumperbot_ws/install/bumperbot_mapping/lib/python3.12/site-packages:/home/javed/ros_projects/bumperbot_ws/install/bumperbot_localization/lib/python3.12/site-packages:/home/javed/ros_projects/bumperbot_ws/install/bumperbot_firmware/lib/python3.12/site-packages:/home/javed/ros_projects/bumperbot_ws/install/bumperbot_controller/lib/python3.12/site-packages:/home/javed/ros_practice/install/bumperbot_python_examples/lib/python3.12/site-packages:/opt/ros/jazzy/lib/python3.12/site-packages /usr/bin/cmake --install /home/javed/ros_projects/bumperbot_ws/build/bumperbot_cpp_examples
[17.430s] -- Install configuration: ""
[17.430s] -- Installing: /home/javed/ros_projects/bumperbot_ws/install/bumperbot_cpp_examples/lib/bumperbot_cpp_examples/simple_action_server_node
[17.430s] -- Set non-toolchain portion of runtime path of "/home/javed/ros_projects/bumperbot_ws/install/bumperbot_cpp_examples/lib/bumperbot_cpp_examples/simple_action_server_node" to ""
[17.431s] -- Installing: /home/javed/ros_projects/bumperbot_ws/install/bumperbot_cpp_examples/lib/bumperbot_cpp_examples/simple_action_client_node
[17.431s] -- Set non-toolchain portion of runtime path of "/home/javed/ros_projects/bumperbot_ws/install/bumperbot_cpp_examples/lib/bumperbot_cpp_examples/simple_action_client_node" to ""
[17.431s] -- Up-to-date: /home/javed/ros_projects/bumperbot_ws/install/bumperbot_cpp_examples/include/include
[17.431s] -- Up-to-date: /home/javed/ros_projects/bumperbot_ws/install/bumperbot_cpp_examples/include/include/bumperbot_cpp_examples
[17.431s] -- Installing: /home/javed/ros_projects/bumperbot_ws/install/bumperbot_cpp_examples/include/include/bumperbot_cpp_examples/simple_turtlesim_kinematics.hpp
[17.432s] -- Installing: /home/javed/ros_projects/bumperbot_ws/install/bumperbot_cpp_examples/include/include/bumperbot_cpp_examples/simple_tf_kinematics.hpp
[17.432s] -- Installing: /home/javed/ros_projects/bumperbot_ws/install/bumperbot_cpp_examples/lib/bumperbot_cpp_examples/simple_publisher
[17.433s] -- Set non-toolchain portion of runtime path of "/home/javed/ros_projects/bumperbot_ws/install/bumperbot_cpp_examples/lib/bumperbot_cpp_examples/simple_publisher" to ""
[17.434s] -- Installing: /home/javed/ros_projects/bumperbot_ws/install/bumperbot_cpp_examples/lib/bumperbot_cpp_examples/simple_subscriber
[17.440s] -- Set non-toolchain portion of runtime path of "/home/javed/ros_projects/bumperbot_ws/install/bumperbot_cpp_examples/lib/bumperbot_cpp_examples/simple_subscriber" to ""
[17.440s] -- Installing: /home/javed/ros_projects/bumperbot_ws/install/bumperbot_cpp_examples/lib/bumperbot_cpp_examples/simple_parameter
[17.441s] -- Set non-toolchain portion of runtime path of "/home/javed/ros_projects/bumperbot_ws/install/bumperbot_cpp_examples/lib/bumperbot_cpp_examples/simple_parameter" to ""
[17.441s] -- Installing: /home/javed/ros_projects/bumperbot_ws/install/bumperbot_cpp_examples/lib/bumperbot_cpp_examples/simple_turtlesim_kinematics
[17.446s] -- Set non-toolchain portion of runtime path of "/home/javed/ros_projects/bumperbot_ws/install/bumperbot_cpp_examples/lib/bumperbot_cpp_examples/simple_turtlesim_kinematics" to ""
[17.447s] -- Installing: /home/javed/ros_projects/bumperbot_ws/install/bumperbot_cpp_examples/lib/bumperbot_cpp_examples/simple_service_server
[17.448s] -- Set non-toolchain portion of runtime path of "/home/javed/ros_projects/bumperbot_ws/install/bumperbot_cpp_examples/lib/bumperbot_cpp_examples/simple_service_server" to ""
[17.448s] -- Installing: /home/javed/ros_projects/bumperbot_ws/install/bumperbot_cpp_examples/lib/bumperbot_cpp_examples/simple_service_client
[17.449s] -- Set non-toolchain portion of runtime path of "/home/javed/ros_projects/bumperbot_ws/install/bumperbot_cpp_examples/lib/bumperbot_cpp_examples/simple_service_client" to ""
[17.449s] -- Installing: /home/javed/ros_projects/bumperbot_ws/install/bumperbot_cpp_examples/lib/bumperbot_cpp_examples/simple_tf_kinematics
[17.453s] -- Set non-toolchain portion of runtime path of "/home/javed/ros_projects/bumperbot_ws/install/bumperbot_cpp_examples/lib/bumperbot_cpp_examples/simple_tf_kinematics" to ""
[17.453s] -- Installing: /home/javed/ros_projects/bumperbot_ws/install/bumperbot_cpp_examples/lib/bumperbot_cpp_examples/simple_lifecycle_node
[17.459s] -- Set non-toolchain portion of runtime path of "/home/javed/ros_projects/bumperbot_ws/install/bumperbot_cpp_examples/lib/bumperbot_cpp_examples/simple_lifecycle_node" to ""
[17.459s] -- Installing: /home/javed/ros_projects/bumperbot_ws/install/bumperbot_cpp_examples/lib/bumperbot_cpp_examples/simple_qos_publisher
[17.460s] -- Set non-toolchain portion of runtime path of "/home/javed/ros_projects/bumperbot_ws/install/bumperbot_cpp_examples/lib/bumperbot_cpp_examples/simple_qos_publisher" to ""
[17.460s] -- Installing: /home/javed/ros_projects/bumperbot_ws/install/bumperbot_cpp_examples/lib/bumperbot_cpp_examples/simple_qos_subscriber
[17.466s] -- Set non-toolchain portion of runtime path of "/home/javed/ros_projects/bumperbot_ws/install/bumperbot_cpp_examples/lib/bumperbot_cpp_examples/simple_qos_subscriber" to ""
[17.466s] -- Installing: /home/javed/ros_projects/bumperbot_ws/install/bumperbot_cpp_examples/lib/libsimple_action_server.so
[17.468s] -- Set non-toolchain portion of runtime path of "/home/javed/ros_projects/bumperbot_ws/install/bumperbot_cpp_examples/lib/libsimple_action_server.so" to ""
[17.468s] -- Installing: /home/javed/ros_projects/bumperbot_ws/install/bumperbot_cpp_examples/lib/libsimple_action_client.so
[17.470s] -- Set non-toolchain portion of runtime path of "/home/javed/ros_projects/bumperbot_ws/install/bumperbot_cpp_examples/lib/libsimple_action_client.so" to ""
[17.470s] -- Installing: /home/javed/ros_projects/bumperbot_ws/install/bumperbot_cpp_examples/share/ament_index/resource_index/package_run_dependencies/bumperbot_cpp_examples
[17.470s] -- Installing: /home/javed/ros_projects/bumperbot_ws/install/bumperbot_cpp_examples/share/ament_index/resource_index/parent_prefix_path/bumperbot_cpp_examples
[17.471s] -- Installing: /home/javed/ros_projects/bumperbot_ws/install/bumperbot_cpp_examples/share/bumperbot_cpp_examples/environment/ament_prefix_path.sh
[17.471s] -- Installing: /home/javed/ros_projects/bumperbot_ws/install/bumperbot_cpp_examples/share/bumperbot_cpp_examples/environment/ament_prefix_path.dsv
[17.471s] -- Installing: /home/javed/ros_projects/bumperbot_ws/install/bumperbot_cpp_examples/share/bumperbot_cpp_examples/environment/path.sh
[17.471s] -- Installing: /home/javed/ros_projects/bumperbot_ws/install/bumperbot_cpp_examples/share/bumperbot_cpp_examples/environment/path.dsv
[17.471s] -- Installing: /home/javed/ros_projects/bumperbot_ws/install/bumperbot_cpp_examples/share/bumperbot_cpp_examples/local_setup.bash
[17.471s] -- Installing: /home/javed/ros_projects/bumperbot_ws/install/bumperbot_cpp_examples/share/bumperbot_cpp_examples/local_setup.sh
[17.471s] -- Installing: /home/javed/ros_projects/bumperbot_ws/install/bumperbot_cpp_examples/share/bumperbot_cpp_examples/local_setup.zsh
[17.471s] -- Installing: /home/javed/ros_projects/bumperbot_ws/install/bumperbot_cpp_examples/share/bumperbot_cpp_examples/local_setup.dsv
[17.472s] -- Installing: /home/javed/ros_projects/bumperbot_ws/install/bumperbot_cpp_examples/share/bumperbot_cpp_examples/package.dsv
[17.472s] -- Installing: /home/javed/ros_projects/bumperbot_ws/install/bumperbot_cpp_examples/share/ament_index/resource_index/packages/bumperbot_cpp_examples
[17.472s] -- Installing: /home/javed/ros_projects/bumperbot_ws/install/bumperbot_cpp_examples/share/ament_index/resource_index/rclcpp_components/bumperbot_cpp_examples
[17.472s] -- Installing: /home/javed/ros_projects/bumperbot_ws/install/bumperbot_cpp_examples/share/bumperbot_cpp_examples/cmake/bumperbot_cpp_examplesConfig.cmake
[17.472s] -- Installing: /home/javed/ros_projects/bumperbot_ws/install/bumperbot_cpp_examples/share/bumperbot_cpp_examples/cmake/bumperbot_cpp_examplesConfig-version.cmake
[17.472s] -- Installing: /home/javed/ros_projects/bumperbot_ws/install/bumperbot_cpp_examples/share/bumperbot_cpp_examples/package.xml
[17.492s] Invoked command in '/home/javed/ros_projects/bumperbot_ws/build/bumperbot_cpp_examples' returned '0': CMAKE_PREFIX_PATH=/home/javed/ros_projects/bumperbot_ws/install/bumperbot_msgs:/home/javed/ros_projects/bumperbot_ws/install/bumperbot_utils:/home/javed/ros_projects/bumperbot_ws/install/bumperbot_planning:/home/javed/ros_projects/bumperbot_ws/install/bumperbot_cpp_examples:/home/javed/ros_projects/bumperbot_ws/install/bumperbot_bringup:/home/javed/ros_projects/bumperbot_ws/install/bumperbot_mapping:/home/javed/ros_projects/bumperbot_ws/install/bumperbot_localization:/home/javed/ros_projects/bumperbot_ws/install/bumperbot_firmware:/home/javed/ros_projects/bumperbot_ws/install/bumperbot_description:/home/javed/ros_projects/bumperbot_ws/install/bumperbot_controller:/home/javed/ros_practice/install/bumperbot_cpp_examples:/opt/ros/jazzy/opt/gz_sim_vendor:/opt/ros/jazzy/opt/gz_sensors_vendor:/opt/ros/jazzy/opt/gz_physics_vendor:/opt/ros/jazzy/opt/sdformat_vendor:/opt/ros/jazzy/opt/gz_gui_vendor:/opt/ros/jazzy/opt/gz_transport_vendor:/opt/ros/jazzy/opt/gz_rendering_vendor:/opt/ros/jazzy/opt/gz_plugin_vendor:/opt/ros/jazzy/opt/gz_fuel_tools_vendor:/opt/ros/jazzy/opt/gz_msgs_vendor:/opt/ros/jazzy/opt/gz_common_vendor:/opt/ros/jazzy/opt/gz_math_vendor:/opt/ros/jazzy/opt/gz_utils_vendor:/opt/ros/jazzy/opt/gz_tools_vendor:/opt/ros/jazzy/opt/gz_ogre_next_vendor:/opt/ros/jazzy/opt/gz_dartsim_vendor:/opt/ros/jazzy/opt/gz_cmake_vendor:/home/javed/ros_projects/bumperbot_ws/install/bumperbot_py_examples:/home/javed/ros_practice/install/bumperbot_python_examples:/opt/ros/jazzy DEBUGINFOD_URLS=https://debuginfod.ubuntu.com LD_LIBRARY_PATH=/home/javed/ros_projects/bumperbot_ws/install/bumperbot_msgs/lib:/home/javed/ros_projects/bumperbot_ws/install/bumperbot_cpp_examples/lib:/home/javed/ros_projects/bumperbot_ws/install/bumperbot_firmware/lib:/opt/ros/jazzy/opt/gz_sim_vendor/lib:/opt/ros/jazzy/opt/gz_sensors_vendor/lib:/opt/ros/jazzy/opt/gz_physics_vendor/lib:/opt/ros/jazzy/opt/sdformat_vendor/lib:/opt/ros/jazzy/opt/rviz_ogre_vendor/lib:/opt/ros/jazzy/lib/x86_64-linux-gnu:/opt/ros/jazzy/opt/gz_gui_vendor/lib:/opt/ros/jazzy/opt/gz_transport_vendor/lib:/opt/ros/jazzy/opt/gz_rendering_vendor/lib:/opt/ros/jazzy/opt/gz_plugin_vendor/lib:/opt/ros/jazzy/opt/gz_fuel_tools_vendor/lib:/opt/ros/jazzy/opt/gz_msgs_vendor/lib:/opt/ros/jazzy/opt/gz_common_vendor/lib:/opt/ros/jazzy/opt/gz_math_vendor/lib:/opt/ros/jazzy/opt/gz_utils_vendor/lib:/opt/ros/jazzy/opt/gz_tools_vendor/lib:/opt/ros/jazzy/opt/gz_ogre_next_vendor/lib:/opt/ros/jazzy/opt/gz_dartsim_vendor/lib:/opt/ros/jazzy/opt/gz_cmake_vendor/lib:/opt/ros/jazzy/lib PYTHONPATH=/home/javed/ros_projects/bumperbot_ws/install/bumperbot_msgs/lib/python3.12/site-packages:/home/javed/ros_projects/bumperbot_ws/install/bumperbot_utils/lib/python3.12/site-packages:/home/javed/ros_projects/bumperbot_ws/install/bumperbot_py_examples/lib/python3.12/site-packages:/home/javed/ros_projects/bumperbot_ws/install/bumperbot_planning/lib/python3.12/site-packages:/home/javed/ros_projects/bumperbot_ws/install/bumperbot_mapping/lib/python3.12/site-packages:/home/javed/ros_projects/bumperbot_ws/install/bumperbot_localization/lib/python3.12/site-packages:/home/javed/ros_projects/bumperbot_ws/install/bumperbot_firmware/lib/python3.12/site-packages:/home/javed/ros_projects/bumperbot_ws/install/bumperbot_controller/lib/python3.12/site-packages:/home/javed/ros_practice/install/bumperbot_python_examples/lib/python3.12/site-packages:/opt/ros/jazzy/lib/python3.12/site-packages /usr/bin/cmake --install /home/javed/ros_projects/bumperbot_ws/build/bumperbot_cpp_examples
