[0.041s] Invoking command in '/home/javed/ros_projects/bumperbot_ws/build/bumperbot_firmware': CMAKE_PREFIX_PATH=${CMAKE_PREFIX_PATH}:/home/javed/ros_projects/bumperbot_ws/install/bumperbot_py_examples:/home/javed/ros_practice/install/bumperbot_python_examples:/opt/ros/jazzy DEBUGINFOD_URLS=https://debuginfod.ubuntu.com /usr/bin/cmake --build /home/javed/ros_projects/bumperbot_ws/build/bumperbot_firmware -- -j16 -l16
[0.164s] [  0%] Built target ament_cmake_python_copy_bumperbot_firmware
[0.226s] [ 33%] Built target simple_serial_receiver
[0.234s] [ 66%] Built target simple_serial_transmitter
[0.251s] [100%] Built target bumperbot_firmware
[0.465s] running egg_info
[0.496s] writing bumperbot_firmware.egg-info/PKG-INFO
[0.496s] writing dependency_links to bumperbot_firmware.egg-info/dependency_links.txt
[0.496s] writing top-level names to bumperbot_firmware.egg-info/top_level.txt
[0.589s] reading manifest file 'bumperbot_firmware.egg-info/SOURCES.txt'
[0.589s] writing manifest file 'bumperbot_firmware.egg-info/SOURCES.txt'
[0.641s] [100%] Built target ament_cmake_python_build_bumperbot_firmware_egg
[0.663s] Invoked command in '/home/javed/ros_projects/bumperbot_ws/build/bumperbot_firmware' returned '0': CMAKE_PREFIX_PATH=${CMAKE_PREFIX_PATH}:/home/javed/ros_projects/bumperbot_ws/install/bumperbot_py_examples:/home/javed/ros_practice/install/bumperbot_python_examples:/opt/ros/jazzy DEBUGINFOD_URLS=https://debuginfod.ubuntu.com /usr/bin/cmake --build /home/javed/ros_projects/bumperbot_ws/build/bumperbot_firmware -- -j16 -l16
[0.663s] Invoking command in '/home/javed/ros_projects/bumperbot_ws/build/bumperbot_firmware': CMAKE_PREFIX_PATH=${CMAKE_PREFIX_PATH}:/home/javed/ros_projects/bumperbot_ws/install/bumperbot_py_examples:/home/javed/ros_practice/install/bumperbot_python_examples:/opt/ros/jazzy DEBUGINFOD_URLS=https://debuginfod.ubuntu.com /usr/bin/cmake --install /home/javed/ros_projects/bumperbot_ws/build/bumperbot_firmware
[0.687s] -- Install configuration: ""
[0.687s] -- Up-to-date: /home/javed/ros_projects/bumperbot_ws/install/bumperbot_firmware/share/bumperbot_firmware/environment/pythonpath.sh
[0.687s] -- Up-to-date: /home/javed/ros_projects/bumperbot_ws/install/bumperbot_firmware/share/bumperbot_firmware/environment/pythonpath.dsv
[0.688s] -- Up-to-date: /home/javed/ros_projects/bumperbot_ws/install/bumperbot_firmware/lib/python3.12/site-packages/bumperbot_firmware-0.0.0-py3.12.egg-info
[0.688s] -- Installing: /home/javed/ros_projects/bumperbot_ws/install/bumperbot_firmware/lib/python3.12/site-packages/bumperbot_firmware-0.0.0-py3.12.egg-info/SOURCES.txt
[0.688s] -- Installing: /home/javed/ros_projects/bumperbot_ws/install/bumperbot_firmware/lib/python3.12/site-packages/bumperbot_firmware-0.0.0-py3.12.egg-info/dependency_links.txt
[0.688s] -- Installing: /home/javed/ros_projects/bumperbot_ws/install/bumperbot_firmware/lib/python3.12/site-packages/bumperbot_firmware-0.0.0-py3.12.egg-info/PKG-INFO
[0.688s] -- Installing: /home/javed/ros_projects/bumperbot_ws/install/bumperbot_firmware/lib/python3.12/site-packages/bumperbot_firmware-0.0.0-py3.12.egg-info/top_level.txt
[0.688s] -- Up-to-date: /home/javed/ros_projects/bumperbot_ws/install/bumperbot_firmware/lib/python3.12/site-packages/bumperbot_firmware
[0.688s] -- Up-to-date: /home/javed/ros_projects/bumperbot_ws/install/bumperbot_firmware/lib/python3.12/site-packages/bumperbot_firmware/__init__.py
[0.688s] -- Up-to-date: /home/javed/ros_projects/bumperbot_ws/install/bumperbot_firmware/lib/python3.12/site-packages/bumperbot_firmware/mpu6050_driver.py
[0.688s] -- Up-to-date: /home/javed/ros_projects/bumperbot_ws/install/bumperbot_firmware/lib/python3.12/site-packages/bumperbot_firmware/simple_serial_receiver.py
[0.689s] -- Up-to-date: /home/javed/ros_projects/bumperbot_ws/install/bumperbot_firmware/lib/python3.12/site-packages/bumperbot_firmware/simple_serial_transmitter.py
[0.717s] Listing '/home/javed/ros_projects/bumperbot_ws/install/bumperbot_firmware/lib/python3.12/site-packages/bumperbot_firmware'...
[0.722s] -- Up-to-date: /home/javed/ros_projects/bumperbot_ws/install/bumperbot_firmware/share/bumperbot_firmware/bumperbot_interface.xml
[0.723s] -- Up-to-date: /home/javed/ros_projects/bumperbot_ws/install/bumperbot_firmware/lib/libbumperbot_firmware.so
[0.723s] -- Up-to-date: /home/javed/ros_projects/bumperbot_ws/install/bumperbot_firmware/include/include
[0.723s] -- Up-to-date: /home/javed/ros_projects/bumperbot_ws/install/bumperbot_firmware/include/include/bumperbot_firmware
[0.723s] -- Up-to-date: /home/javed/ros_projects/bumperbot_ws/install/bumperbot_firmware/include/include/bumperbot_firmware/bumperbot_interface.hpp
[0.723s] -- Up-to-date: /home/javed/ros_projects/bumperbot_ws/install/bumperbot_firmware/share/bumperbot_firmware/launch
[0.723s] -- Up-to-date: /home/javed/ros_projects/bumperbot_ws/install/bumperbot_firmware/share/bumperbot_firmware/launch/hardware_interface.launch.py
[0.723s] -- Up-to-date: /home/javed/ros_projects/bumperbot_ws/install/bumperbot_firmware/lib/bumperbot_firmware/simple_serial_transmitter.py
[0.724s] -- Up-to-date: /home/javed/ros_projects/bumperbot_ws/install/bumperbot_firmware/lib/bumperbot_firmware/simple_serial_receiver.py
[0.724s] -- Up-to-date: /home/javed/ros_projects/bumperbot_ws/install/bumperbot_firmware/lib/bumperbot_firmware/mpu6050_driver.py
[0.724s] -- Up-to-date: /home/javed/ros_projects/bumperbot_ws/install/bumperbot_firmware/lib/bumperbot_firmware/simple_serial_receiver
[0.724s] -- Up-to-date: /home/javed/ros_projects/bumperbot_ws/install/bumperbot_firmware/lib/bumperbot_firmware/simple_serial_transmitter
[0.724s] -- Up-to-date: /home/javed/ros_projects/bumperbot_ws/install/bumperbot_firmware/share/bumperbot_firmware/environment/library_path.sh
[0.724s] -- Up-to-date: /home/javed/ros_projects/bumperbot_ws/install/bumperbot_firmware/share/bumperbot_firmware/environment/library_path.dsv
[0.725s] -- Up-to-date: /home/javed/ros_projects/bumperbot_ws/install/bumperbot_firmware/share/ament_index/resource_index/package_run_dependencies/bumperbot_firmware
[0.725s] -- Up-to-date: /home/javed/ros_projects/bumperbot_ws/install/bumperbot_firmware/share/ament_index/resource_index/parent_prefix_path/bumperbot_firmware
[0.725s] -- Up-to-date: /home/javed/ros_projects/bumperbot_ws/install/bumperbot_firmware/share/bumperbot_firmware/environment/ament_prefix_path.sh
[0.725s] -- Up-to-date: /home/javed/ros_projects/bumperbot_ws/install/bumperbot_firmware/share/bumperbot_firmware/environment/ament_prefix_path.dsv
[0.725s] -- Up-to-date: /home/javed/ros_projects/bumperbot_ws/install/bumperbot_firmware/share/bumperbot_firmware/environment/path.sh
[0.725s] -- Up-to-date: /home/javed/ros_projects/bumperbot_ws/install/bumperbot_firmware/share/bumperbot_firmware/environment/path.dsv
[0.725s] -- Up-to-date: /home/javed/ros_projects/bumperbot_ws/install/bumperbot_firmware/share/bumperbot_firmware/local_setup.bash
[0.725s] -- Up-to-date: /home/javed/ros_projects/bumperbot_ws/install/bumperbot_firmware/share/bumperbot_firmware/local_setup.sh
[0.726s] -- Up-to-date: /home/javed/ros_projects/bumperbot_ws/install/bumperbot_firmware/share/bumperbot_firmware/local_setup.zsh
[0.726s] -- Up-to-date: /home/javed/ros_projects/bumperbot_ws/install/bumperbot_firmware/share/bumperbot_firmware/local_setup.dsv
[0.726s] -- Installing: /home/javed/ros_projects/bumperbot_ws/install/bumperbot_firmware/share/bumperbot_firmware/package.dsv
[0.727s] -- Up-to-date: /home/javed/ros_projects/bumperbot_ws/install/bumperbot_firmware/share/ament_index/resource_index/packages/bumperbot_firmware
[0.728s] -- Up-to-date: /home/javed/ros_projects/bumperbot_ws/install/bumperbot_firmware/share/ament_index/resource_index/hardware_interface__pluginlib__plugin/bumperbot_firmware
[0.728s] -- Up-to-date: /home/javed/ros_projects/bumperbot_ws/install/bumperbot_firmware/share/bumperbot_firmware/cmake/ament_cmake_export_include_directories-extras.cmake
[0.728s] -- Up-to-date: /home/javed/ros_projects/bumperbot_ws/install/bumperbot_firmware/share/bumperbot_firmware/cmake/ament_cmake_export_libraries-extras.cmake
[0.728s] -- Up-to-date: /home/javed/ros_projects/bumperbot_ws/install/bumperbot_firmware/share/bumperbot_firmware/cmake/ament_cmake_export_dependencies-extras.cmake
[0.728s] -- Up-to-date: /home/javed/ros_projects/bumperbot_ws/install/bumperbot_firmware/share/bumperbot_firmware/cmake/bumperbot_firmwareConfig.cmake
[0.728s] -- Up-to-date: /home/javed/ros_projects/bumperbot_ws/install/bumperbot_firmware/share/bumperbot_firmware/cmake/bumperbot_firmwareConfig-version.cmake
[0.729s] -- Up-to-date: /home/javed/ros_projects/bumperbot_ws/install/bumperbot_firmware/share/bumperbot_firmware/package.xml
[0.765s] Invoked command in '/home/javed/ros_projects/bumperbot_ws/build/bumperbot_firmware' returned '0': CMAKE_PREFIX_PATH=${CMAKE_PREFIX_PATH}:/home/javed/ros_projects/bumperbot_ws/install/bumperbot_py_examples:/home/javed/ros_practice/install/bumperbot_python_examples:/opt/ros/jazzy DEBUGINFOD_URLS=https://debuginfod.ubuntu.com /usr/bin/cmake --install /home/javed/ros_projects/bumperbot_ws/build/bumperbot_firmware
