[0.028s] Invoking command in '/home/javed/ros_projects/bumperbot_ws/build/bumperbot_firmware': CMAKE_PREFIX_PATH=${CMAKE_PREFIX_PATH}:/home/javed/ros_projects/bumperbot_ws/install/bumperbot_py_examples:/home/javed/ros_practice/install/bumperbot_python_examples:/opt/ros/jazzy DEBUGINFOD_URLS=https://debuginfod.ubuntu.com /usr/bin/cmake --build /home/javed/ros_projects/bumperbot_ws/build/bumperbot_firmware -- -j16 -l16
[0.107s] [ 33%] Built target simple_serial_receiver
[0.107s] [ 66%] Built target bumperbot_firmware
[0.108s] [100%] Built target simple_serial_transmitter
[0.108s] [100%] Built target ament_cmake_python_copy_bumperbot_firmware
[0.329s] running egg_info
[0.349s] writing bumperbot_firmware.egg-info/PKG-INFO
[0.349s] writing dependency_links to bumperbot_firmware.egg-info/dependency_links.txt
[0.349s] writing top-level names to bumperbot_firmware.egg-info/top_level.txt
[0.406s] reading manifest file 'bumperbot_firmware.egg-info/SOURCES.txt'
[0.406s] writing manifest file 'bumperbot_firmware.egg-info/SOURCES.txt'
[0.439s] [100%] Built target ament_cmake_python_build_bumperbot_firmware_egg
[0.454s] Invoked command in '/home/javed/ros_projects/bumperbot_ws/build/bumperbot_firmware' returned '0': CMAKE_PREFIX_PATH=${CMAKE_PREFIX_PATH}:/home/javed/ros_projects/bumperbot_ws/install/bumperbot_py_examples:/home/javed/ros_practice/install/bumperbot_python_examples:/opt/ros/jazzy DEBUGINFOD_URLS=https://debuginfod.ubuntu.com /usr/bin/cmake --build /home/javed/ros_projects/bumperbot_ws/build/bumperbot_firmware -- -j16 -l16
[0.455s] Invoking command in '/home/javed/ros_projects/bumperbot_ws/build/bumperbot_firmware': CMAKE_PREFIX_PATH=${CMAKE_PREFIX_PATH}:/home/javed/ros_projects/bumperbot_ws/install/bumperbot_py_examples:/home/javed/ros_practice/install/bumperbot_python_examples:/opt/ros/jazzy DEBUGINFOD_URLS=https://debuginfod.ubuntu.com /usr/bin/cmake --install /home/javed/ros_projects/bumperbot_ws/build/bumperbot_firmware
[0.463s] -- Install configuration: ""
[0.463s] -- Up-to-date: /home/javed/ros_projects/bumperbot_ws/install/bumperbot_firmware/share/bumperbot_firmware/environment/pythonpath.sh
[0.463s] -- Up-to-date: /home/javed/ros_projects/bumperbot_ws/install/bumperbot_firmware/share/bumperbot_firmware/environment/pythonpath.dsv
[0.463s] -- Up-to-date: /home/javed/ros_projects/bumperbot_ws/install/bumperbot_firmware/lib/python3.12/site-packages/bumperbot_firmware-0.0.0-py3.12.egg-info
[0.463s] -- Installing: /home/javed/ros_projects/bumperbot_ws/install/bumperbot_firmware/lib/python3.12/site-packages/bumperbot_firmware-0.0.0-py3.12.egg-info/SOURCES.txt
[0.464s] -- Installing: /home/javed/ros_projects/bumperbot_ws/install/bumperbot_firmware/lib/python3.12/site-packages/bumperbot_firmware-0.0.0-py3.12.egg-info/dependency_links.txt
[0.464s] -- Installing: /home/javed/ros_projects/bumperbot_ws/install/bumperbot_firmware/lib/python3.12/site-packages/bumperbot_firmware-0.0.0-py3.12.egg-info/PKG-INFO
[0.464s] -- Installing: /home/javed/ros_projects/bumperbot_ws/install/bumperbot_firmware/lib/python3.12/site-packages/bumperbot_firmware-0.0.0-py3.12.egg-info/top_level.txt
[0.464s] -- Up-to-date: /home/javed/ros_projects/bumperbot_ws/install/bumperbot_firmware/lib/python3.12/site-packages/bumperbot_firmware
[0.464s] -- Up-to-date: /home/javed/ros_projects/bumperbot_ws/install/bumperbot_firmware/lib/python3.12/site-packages/bumperbot_firmware/__init__.py
[0.464s] -- Up-to-date: /home/javed/ros_projects/bumperbot_ws/install/bumperbot_firmware/lib/python3.12/site-packages/bumperbot_firmware/mpu6050_driver.py
[0.464s] -- Up-to-date: /home/javed/ros_projects/bumperbot_ws/install/bumperbot_firmware/lib/python3.12/site-packages/bumperbot_firmware/simple_serial_receiver.py
[0.465s] -- Up-to-date: /home/javed/ros_projects/bumperbot_ws/install/bumperbot_firmware/lib/python3.12/site-packages/bumperbot_firmware/simple_serial_transmitter.py
[0.499s] Listing '/home/javed/ros_projects/bumperbot_ws/install/bumperbot_firmware/lib/python3.12/site-packages/bumperbot_firmware'...
[0.504s] -- Up-to-date: /home/javed/ros_projects/bumperbot_ws/install/bumperbot_firmware/share/bumperbot_firmware/bumperbot_interface.xml
[0.505s] -- Up-to-date: /home/javed/ros_projects/bumperbot_ws/install/bumperbot_firmware/lib/libbumperbot_firmware.so
[0.505s] -- Up-to-date: /home/javed/ros_projects/bumperbot_ws/install/bumperbot_firmware/include/include
[0.505s] -- Up-to-date: /home/javed/ros_projects/bumperbot_ws/install/bumperbot_firmware/include/include/bumperbot_firmware
[0.505s] -- Up-to-date: /home/javed/ros_projects/bumperbot_ws/install/bumperbot_firmware/include/include/bumperbot_firmware/bumperbot_interface.hpp
[0.506s] -- Up-to-date: /home/javed/ros_projects/bumperbot_ws/install/bumperbot_firmware/share/bumperbot_firmware/launch
[0.506s] -- Up-to-date: /home/javed/ros_projects/bumperbot_ws/install/bumperbot_firmware/share/bumperbot_firmware/launch/hardware_interface.launch.py
[0.506s] -- Up-to-date: /home/javed/ros_projects/bumperbot_ws/install/bumperbot_firmware/lib/bumperbot_firmware/simple_serial_transmitter.py
[0.506s] -- Up-to-date: /home/javed/ros_projects/bumperbot_ws/install/bumperbot_firmware/lib/bumperbot_firmware/simple_serial_receiver.py
[0.506s] -- Up-to-date: /home/javed/ros_projects/bumperbot_ws/install/bumperbot_firmware/lib/bumperbot_firmware/mpu6050_driver.py
[0.506s] -- Up-to-date: /home/javed/ros_projects/bumperbot_ws/install/bumperbot_firmware/lib/bumperbot_firmware/simple_serial_receiver
[0.506s] -- Up-to-date: /home/javed/ros_projects/bumperbot_ws/install/bumperbot_firmware/lib/bumperbot_firmware/simple_serial_transmitter
[0.507s] -- Up-to-date: /home/javed/ros_projects/bumperbot_ws/install/bumperbot_firmware/share/bumperbot_firmware/environment/library_path.sh
[0.507s] -- Up-to-date: /home/javed/ros_projects/bumperbot_ws/install/bumperbot_firmware/share/bumperbot_firmware/environment/library_path.dsv
[0.510s] -- Up-to-date: /home/javed/ros_projects/bumperbot_ws/install/bumperbot_firmware/share/ament_index/resource_index/package_run_dependencies/bumperbot_firmware
[0.510s] -- Up-to-date: /home/javed/ros_projects/bumperbot_ws/install/bumperbot_firmware/share/ament_index/resource_index/parent_prefix_path/bumperbot_firmware
[0.510s] -- Up-to-date: /home/javed/ros_projects/bumperbot_ws/install/bumperbot_firmware/share/bumperbot_firmware/environment/ament_prefix_path.sh
[0.510s] -- Up-to-date: /home/javed/ros_projects/bumperbot_ws/install/bumperbot_firmware/share/bumperbot_firmware/environment/ament_prefix_path.dsv
[0.510s] -- Up-to-date: /home/javed/ros_projects/bumperbot_ws/install/bumperbot_firmware/share/bumperbot_firmware/environment/path.sh
[0.510s] -- Up-to-date: /home/javed/ros_projects/bumperbot_ws/install/bumperbot_firmware/share/bumperbot_firmware/environment/path.dsv
[0.510s] -- Up-to-date: /home/javed/ros_projects/bumperbot_ws/install/bumperbot_firmware/share/bumperbot_firmware/local_setup.bash
[0.510s] -- Up-to-date: /home/javed/ros_projects/bumperbot_ws/install/bumperbot_firmware/share/bumperbot_firmware/local_setup.sh
[0.510s] -- Up-to-date: /home/javed/ros_projects/bumperbot_ws/install/bumperbot_firmware/share/bumperbot_firmware/local_setup.zsh
[0.510s] -- Up-to-date: /home/javed/ros_projects/bumperbot_ws/install/bumperbot_firmware/share/bumperbot_firmware/local_setup.dsv
[0.511s] -- Installing: /home/javed/ros_projects/bumperbot_ws/install/bumperbot_firmware/share/bumperbot_firmware/package.dsv
[0.511s] -- Up-to-date: /home/javed/ros_projects/bumperbot_ws/install/bumperbot_firmware/share/ament_index/resource_index/packages/bumperbot_firmware
[0.511s] -- Up-to-date: /home/javed/ros_projects/bumperbot_ws/install/bumperbot_firmware/share/ament_index/resource_index/hardware_interface__pluginlib__plugin/bumperbot_firmware
[0.511s] -- Up-to-date: /home/javed/ros_projects/bumperbot_ws/install/bumperbot_firmware/share/bumperbot_firmware/cmake/ament_cmake_export_include_directories-extras.cmake
[0.511s] -- Up-to-date: /home/javed/ros_projects/bumperbot_ws/install/bumperbot_firmware/share/bumperbot_firmware/cmake/ament_cmake_export_libraries-extras.cmake
[0.511s] -- Up-to-date: /home/javed/ros_projects/bumperbot_ws/install/bumperbot_firmware/share/bumperbot_firmware/cmake/ament_cmake_export_dependencies-extras.cmake
[0.511s] -- Up-to-date: /home/javed/ros_projects/bumperbot_ws/install/bumperbot_firmware/share/bumperbot_firmware/cmake/bumperbot_firmwareConfig.cmake
[0.511s] -- Up-to-date: /home/javed/ros_projects/bumperbot_ws/install/bumperbot_firmware/share/bumperbot_firmware/cmake/bumperbot_firmwareConfig-version.cmake
[0.511s] -- Up-to-date: /home/javed/ros_projects/bumperbot_ws/install/bumperbot_firmware/share/bumperbot_firmware/package.xml
[0.526s] Invoked command in '/home/javed/ros_projects/bumperbot_ws/build/bumperbot_firmware' returned '0': CMAKE_PREFIX_PATH=${CMAKE_PREFIX_PATH}:/home/javed/ros_projects/bumperbot_ws/install/bumperbot_py_examples:/home/javed/ros_practice/install/bumperbot_python_examples:/opt/ros/jazzy DEBUGINFOD_URLS=https://debuginfod.ubuntu.com /usr/bin/cmake --install /home/javed/ros_projects/bumperbot_ws/build/bumperbot_firmware
