[0.029s] Invoking command in '/home/javed/ros_projects/bumperbot_ws/build/bumperbot_localization': CMAKE_PREFIX_PATH=${CMAKE_PREFIX_PATH}:/home/javed/ros_projects/bumperbot_ws/install/bumperbot_py_examples:/home/javed/ros_practice/install/bumperbot_python_examples:/opt/ros/jazzy DEBUGINFOD_URLS=https://debuginfod.ubuntu.com /usr/bin/cmake --build /home/javed/ros_projects/bumperbot_ws/build/bumperbot_localization -- -j16 -l16
[0.104s] [ 33%] Built target imu_republisher
[0.129s] [ 33%] Built target ament_cmake_python_copy_bumperbot_localization
[0.144s] [ 66%] Built target odometry_motion_model
[0.145s] [100%] Built target kalman_filter
[0.450s] running egg_info
[0.488s] writing bumperbot_localization.egg-info/PKG-INFO
[0.488s] writing dependency_links to bumperbot_localization.egg-info/dependency_links.txt
[0.488s] writing top-level names to bumperbot_localization.egg-info/top_level.txt
[0.574s] reading manifest file 'bumperbot_localization.egg-info/SOURCES.txt'
[0.576s] writing manifest file 'bumperbot_localization.egg-info/SOURCES.txt'
[0.641s] [100%] Built target ament_cmake_python_build_bumperbot_localization_egg
[0.745s] Invoked command in '/home/javed/ros_projects/bumperbot_ws/build/bumperbot_localization' returned '0': CMAKE_PREFIX_PATH=${CMAKE_PREFIX_PATH}:/home/javed/ros_projects/bumperbot_ws/install/bumperbot_py_examples:/home/javed/ros_practice/install/bumperbot_python_examples:/opt/ros/jazzy DEBUGINFOD_URLS=https://debuginfod.ubuntu.com /usr/bin/cmake --build /home/javed/ros_projects/bumperbot_ws/build/bumperbot_localization -- -j16 -l16
[0.746s] Invoking command in '/home/javed/ros_projects/bumperbot_ws/build/bumperbot_localization': CMAKE_PREFIX_PATH=${CMAKE_PREFIX_PATH}:/home/javed/ros_projects/bumperbot_ws/install/bumperbot_py_examples:/home/javed/ros_practice/install/bumperbot_python_examples:/opt/ros/jazzy DEBUGINFOD_URLS=https://debuginfod.ubuntu.com /usr/bin/cmake --install /home/javed/ros_projects/bumperbot_ws/build/bumperbot_localization
[0.758s] -- Install configuration: ""
[0.759s] -- Up-to-date: /home/javed/ros_projects/bumperbot_ws/install/bumperbot_localization/share/bumperbot_localization/environment/pythonpath.sh
[0.759s] -- Up-to-date: /home/javed/ros_projects/bumperbot_ws/install/bumperbot_localization/share/bumperbot_localization/environment/pythonpath.dsv
[0.759s] -- Up-to-date: /home/javed/ros_projects/bumperbot_ws/install/bumperbot_localization/lib/python3.12/site-packages/bumperbot_localization-0.0.0-py3.12.egg-info
[0.759s] -- Installing: /home/javed/ros_projects/bumperbot_ws/install/bumperbot_localization/lib/python3.12/site-packages/bumperbot_localization-0.0.0-py3.12.egg-info/SOURCES.txt
[0.759s] -- Installing: /home/javed/ros_projects/bumperbot_ws/install/bumperbot_localization/lib/python3.12/site-packages/bumperbot_localization-0.0.0-py3.12.egg-info/dependency_links.txt
[0.759s] -- Installing: /home/javed/ros_projects/bumperbot_ws/install/bumperbot_localization/lib/python3.12/site-packages/bumperbot_localization-0.0.0-py3.12.egg-info/PKG-INFO
[0.759s] -- Installing: /home/javed/ros_projects/bumperbot_ws/install/bumperbot_localization/lib/python3.12/site-packages/bumperbot_localization-0.0.0-py3.12.egg-info/top_level.txt
[0.759s] -- Up-to-date: /home/javed/ros_projects/bumperbot_ws/install/bumperbot_localization/lib/python3.12/site-packages/bumperbot_localization
[0.760s] -- Up-to-date: /home/javed/ros_projects/bumperbot_ws/install/bumperbot_localization/lib/python3.12/site-packages/bumperbot_localization/kalman_filter.py
[0.760s] -- Up-to-date: /home/javed/ros_projects/bumperbot_ws/install/bumperbot_localization/lib/python3.12/site-packages/bumperbot_localization/__init__.py
[0.760s] -- Up-to-date: /home/javed/ros_projects/bumperbot_ws/install/bumperbot_localization/lib/python3.12/site-packages/bumperbot_localization/imu_republisher.py
[0.760s] -- Up-to-date: /home/javed/ros_projects/bumperbot_ws/install/bumperbot_localization/lib/python3.12/site-packages/bumperbot_localization/odometry_motion_model.py
[0.801s] Listing '/home/javed/ros_projects/bumperbot_ws/install/bumperbot_localization/lib/python3.12/site-packages/bumperbot_localization'...
[0.817s] -- Up-to-date: /home/javed/ros_projects/bumperbot_ws/install/bumperbot_localization/include/include
[0.818s] -- Up-to-date: /home/javed/ros_projects/bumperbot_ws/install/bumperbot_localization/include/include/bumperbot_localization
[0.822s] -- Up-to-date: /home/javed/ros_projects/bumperbot_ws/install/bumperbot_localization/include/include/bumperbot_localization/kalman_filter.hpp
[0.822s] -- Up-to-date: /home/javed/ros_projects/bumperbot_ws/install/bumperbot_localization/include/include/bumperbot_localization/odometry_motion_model.hpp
[0.822s] -- Up-to-date: /home/javed/ros_projects/bumperbot_ws/install/bumperbot_localization/bin/odometry_motion_model
[0.822s] -- Up-to-date: /home/javed/ros_projects/bumperbot_ws/install/bumperbot_localization/lib/bumperbot_localization/kalman_filter
[0.822s] -- Up-to-date: /home/javed/ros_projects/bumperbot_ws/install/bumperbot_localization/lib/bumperbot_localization/imu_republisher
[0.823s] -- Up-to-date: /home/javed/ros_projects/bumperbot_ws/install/bumperbot_localization/lib/bumperbot_localization/odometry_motion_model
[0.823s] -- Up-to-date: /home/javed/ros_projects/bumperbot_ws/install/bumperbot_localization/share/bumperbot_localization/launch
[0.823s] -- Up-to-date: /home/javed/ros_projects/bumperbot_ws/install/bumperbot_localization/share/bumperbot_localization/launch/global_localization.launch.py
[0.823s] -- Up-to-date: /home/javed/ros_projects/bumperbot_ws/install/bumperbot_localization/share/bumperbot_localization/launch/local_localization.launch.py
[0.823s] -- Up-to-date: /home/javed/ros_projects/bumperbot_ws/install/bumperbot_localization/share/bumperbot_localization/config
[0.823s] -- Up-to-date: /home/javed/ros_projects/bumperbot_ws/install/bumperbot_localization/share/bumperbot_localization/config/amcl.yaml
[0.823s] -- Up-to-date: /home/javed/ros_projects/bumperbot_ws/install/bumperbot_localization/share/bumperbot_localization/config/ekf.yaml
[0.823s] -- Up-to-date: /home/javed/ros_projects/bumperbot_ws/install/bumperbot_localization/share/bumperbot_localization/config/odometry_motion_model.rviz
[0.823s] -- Up-to-date: /home/javed/ros_projects/bumperbot_ws/install/bumperbot_localization/share/bumperbot_localization/rviz
[0.824s] -- Up-to-date: /home/javed/ros_projects/bumperbot_ws/install/bumperbot_localization/share/bumperbot_localization/rviz/global_localization.rviz
[0.824s] -- Up-to-date: /home/javed/ros_projects/bumperbot_ws/install/bumperbot_localization/lib/bumperbot_localization/kalman_filter.py
[0.824s] -- Up-to-date: /home/javed/ros_projects/bumperbot_ws/install/bumperbot_localization/lib/bumperbot_localization/imu_republisher.py
[0.824s] -- Up-to-date: /home/javed/ros_projects/bumperbot_ws/install/bumperbot_localization/lib/bumperbot_localization/odometry_motion_model.py
[0.824s] -- Up-to-date: /home/javed/ros_projects/bumperbot_ws/install/bumperbot_localization/share/ament_index/resource_index/package_run_dependencies/bumperbot_localization
[0.824s] -- Up-to-date: /home/javed/ros_projects/bumperbot_ws/install/bumperbot_localization/share/ament_index/resource_index/parent_prefix_path/bumperbot_localization
[0.824s] -- Up-to-date: /home/javed/ros_projects/bumperbot_ws/install/bumperbot_localization/share/bumperbot_localization/environment/ament_prefix_path.sh
[0.824s] -- Up-to-date: /home/javed/ros_projects/bumperbot_ws/install/bumperbot_localization/share/bumperbot_localization/environment/ament_prefix_path.dsv
[0.824s] -- Up-to-date: /home/javed/ros_projects/bumperbot_ws/install/bumperbot_localization/share/bumperbot_localization/environment/path.sh
[0.825s] -- Up-to-date: /home/javed/ros_projects/bumperbot_ws/install/bumperbot_localization/share/bumperbot_localization/environment/path.dsv
[0.825s] -- Up-to-date: /home/javed/ros_projects/bumperbot_ws/install/bumperbot_localization/share/bumperbot_localization/local_setup.bash
[0.825s] -- Up-to-date: /home/javed/ros_projects/bumperbot_ws/install/bumperbot_localization/share/bumperbot_localization/local_setup.sh
[0.825s] -- Up-to-date: /home/javed/ros_projects/bumperbot_ws/install/bumperbot_localization/share/bumperbot_localization/local_setup.zsh
[0.825s] -- Up-to-date: /home/javed/ros_projects/bumperbot_ws/install/bumperbot_localization/share/bumperbot_localization/local_setup.dsv
[0.825s] -- Installing: /home/javed/ros_projects/bumperbot_ws/install/bumperbot_localization/share/bumperbot_localization/package.dsv
[0.825s] -- Up-to-date: /home/javed/ros_projects/bumperbot_ws/install/bumperbot_localization/share/ament_index/resource_index/packages/bumperbot_localization
[0.825s] -- Up-to-date: /home/javed/ros_projects/bumperbot_ws/install/bumperbot_localization/share/bumperbot_localization/cmake/bumperbot_localizationConfig.cmake
[0.825s] -- Up-to-date: /home/javed/ros_projects/bumperbot_ws/install/bumperbot_localization/share/bumperbot_localization/cmake/bumperbot_localizationConfig-version.cmake
[0.825s] -- Up-to-date: /home/javed/ros_projects/bumperbot_ws/install/bumperbot_localization/share/bumperbot_localization/package.xml
[1.088s] Invoked command in '/home/javed/ros_projects/bumperbot_ws/build/bumperbot_localization' returned '0': CMAKE_PREFIX_PATH=${CMAKE_PREFIX_PATH}:/home/javed/ros_projects/bumperbot_ws/install/bumperbot_py_examples:/home/javed/ros_practice/install/bumperbot_python_examples:/opt/ros/jazzy DEBUGINFOD_URLS=https://debuginfod.ubuntu.com /usr/bin/cmake --install /home/javed/ros_projects/bumperbot_ws/build/bumperbot_localization
