[0.026s] Invoking command in '/home/javed/ros_projects/bumperbot_ws/build/bumperbot_planning': CMAKE_PREFIX_PATH=${CMAKE_PREFIX_PATH}:/home/javed/ros_projects/bumperbot_ws/install/bumperbot_py_examples:/home/javed/ros_practice/install/bumperbot_python_examples:/opt/ros/jazzy DEBUGINFOD_URLS=https://debuginfod.ubuntu.com /usr/bin/cmake --build /home/javed/ros_projects/bumperbot_ws/build/bumperbot_planning -- -j16 -l16
[0.139s] [ 50%] Built target dijkstra_planner
[0.139s] [100%] Built target a_star_planner
[0.160s] [100%] Built target ament_cmake_python_copy_bumperbot_planning
[0.431s] running egg_info
[0.461s] writing bumperbot_planning.egg-info/PKG-INFO
[0.462s] writing dependency_links to bumperbot_planning.egg-info/dependency_links.txt
[0.462s] writing top-level names to bumperbot_planning.egg-info/top_level.txt
[0.555s] reading manifest file 'bumperbot_planning.egg-info/SOURCES.txt'
[0.556s] writing manifest file 'bumperbot_planning.egg-info/SOURCES.txt'
[0.608s] [100%] Built target ament_cmake_python_build_bumperbot_planning_egg
[0.694s] Invoked command in '/home/javed/ros_projects/bumperbot_ws/build/bumperbot_planning' returned '0': CMAKE_PREFIX_PATH=${CMAKE_PREFIX_PATH}:/home/javed/ros_projects/bumperbot_ws/install/bumperbot_py_examples:/home/javed/ros_practice/install/bumperbot_python_examples:/opt/ros/jazzy DEBUGINFOD_URLS=https://debuginfod.ubuntu.com /usr/bin/cmake --build /home/javed/ros_projects/bumperbot_ws/build/bumperbot_planning -- -j16 -l16
[0.695s] Invoking command in '/home/javed/ros_projects/bumperbot_ws/build/bumperbot_planning': CMAKE_PREFIX_PATH=${CMAKE_PREFIX_PATH}:/home/javed/ros_projects/bumperbot_ws/install/bumperbot_py_examples:/home/javed/ros_practice/install/bumperbot_python_examples:/opt/ros/jazzy DEBUGINFOD_URLS=https://debuginfod.ubuntu.com /usr/bin/cmake --install /home/javed/ros_projects/bumperbot_ws/build/bumperbot_planning
[0.717s] -- Install configuration: ""
[0.718s] -- Up-to-date: /home/javed/ros_projects/bumperbot_ws/install/bumperbot_planning/share/bumperbot_planning/environment/pythonpath.sh
[0.718s] -- Up-to-date: /home/javed/ros_projects/bumperbot_ws/install/bumperbot_planning/share/bumperbot_planning/environment/pythonpath.dsv
[0.718s] -- Up-to-date: /home/javed/ros_projects/bumperbot_ws/install/bumperbot_planning/lib/python3.12/site-packages/bumperbot_planning-0.0.0-py3.12.egg-info
[0.718s] -- Installing: /home/javed/ros_projects/bumperbot_ws/install/bumperbot_planning/lib/python3.12/site-packages/bumperbot_planning-0.0.0-py3.12.egg-info/SOURCES.txt
[0.718s] -- Installing: /home/javed/ros_projects/bumperbot_ws/install/bumperbot_planning/lib/python3.12/site-packages/bumperbot_planning-0.0.0-py3.12.egg-info/dependency_links.txt
[0.718s] -- Installing: /home/javed/ros_projects/bumperbot_ws/install/bumperbot_planning/lib/python3.12/site-packages/bumperbot_planning-0.0.0-py3.12.egg-info/PKG-INFO
[0.719s] -- Installing: /home/javed/ros_projects/bumperbot_ws/install/bumperbot_planning/lib/python3.12/site-packages/bumperbot_planning-0.0.0-py3.12.egg-info/top_level.txt
[0.719s] -- Up-to-date: /home/javed/ros_projects/bumperbot_ws/install/bumperbot_planning/lib/python3.12/site-packages/bumperbot_planning
[0.719s] -- Installing: /home/javed/ros_projects/bumperbot_ws/install/bumperbot_planning/lib/python3.12/site-packages/bumperbot_planning/a_star_planner.py
[0.719s] -- Up-to-date: /home/javed/ros_projects/bumperbot_ws/install/bumperbot_planning/lib/python3.12/site-packages/bumperbot_planning/__init__.py
[0.719s] -- Installing: /home/javed/ros_projects/bumperbot_ws/install/bumperbot_planning/lib/python3.12/site-packages/bumperbot_planning/dijkstra_planner.py
[0.760s] Listing '/home/javed/ros_projects/bumperbot_ws/install/bumperbot_planning/lib/python3.12/site-packages/bumperbot_planning'...
[0.760s] Compiling '/home/javed/ros_projects/bumperbot_ws/install/bumperbot_planning/lib/python3.12/site-packages/bumperbot_planning/a_star_planner.py'...
[0.760s] Compiling '/home/javed/ros_projects/bumperbot_ws/install/bumperbot_planning/lib/python3.12/site-packages/bumperbot_planning/dijkstra_planner.py'...
[0.766s] -- Installing: /home/javed/ros_projects/bumperbot_ws/install/bumperbot_planning/lib/bumperbot_planning/dijkstra_planner.py
[0.766s] -- Installing: /home/javed/ros_projects/bumperbot_ws/install/bumperbot_planning/lib/bumperbot_planning/a_star_planner.py
[0.766s] -- Up-to-date: /home/javed/ros_projects/bumperbot_ws/install/bumperbot_planning/include/include
[0.767s] -- Up-to-date: /home/javed/ros_projects/bumperbot_ws/install/bumperbot_planning/include/include/bumperbot_planning
[0.767s] -- Up-to-date: /home/javed/ros_projects/bumperbot_ws/install/bumperbot_planning/include/include/bumperbot_planning/dijkstra_planner.hpp
[0.767s] -- Up-to-date: /home/javed/ros_projects/bumperbot_ws/install/bumperbot_planning/include/include/bumperbot_planning/a_star_planner.hpp
[0.767s] -- Up-to-date: /home/javed/ros_projects/bumperbot_ws/install/bumperbot_planning/lib/bumperbot_planning/dijkstra_planner
[0.768s] -- Up-to-date: /home/javed/ros_projects/bumperbot_ws/install/bumperbot_planning/lib/bumperbot_planning/a_star_planner
[0.768s] -- Up-to-date: /home/javed/ros_projects/bumperbot_ws/install/bumperbot_planning/share/ament_index/resource_index/package_run_dependencies/bumperbot_planning
[0.768s] -- Up-to-date: /home/javed/ros_projects/bumperbot_ws/install/bumperbot_planning/share/ament_index/resource_index/parent_prefix_path/bumperbot_planning
[0.768s] -- Up-to-date: /home/javed/ros_projects/bumperbot_ws/install/bumperbot_planning/share/bumperbot_planning/environment/ament_prefix_path.sh
[0.768s] -- Up-to-date: /home/javed/ros_projects/bumperbot_ws/install/bumperbot_planning/share/bumperbot_planning/environment/ament_prefix_path.dsv
[0.769s] -- Up-to-date: /home/javed/ros_projects/bumperbot_ws/install/bumperbot_planning/share/bumperbot_planning/environment/path.sh
[0.769s] -- Up-to-date: /home/javed/ros_projects/bumperbot_ws/install/bumperbot_planning/share/bumperbot_planning/environment/path.dsv
[0.769s] -- Up-to-date: /home/javed/ros_projects/bumperbot_ws/install/bumperbot_planning/share/bumperbot_planning/local_setup.bash
[0.769s] -- Up-to-date: /home/javed/ros_projects/bumperbot_ws/install/bumperbot_planning/share/bumperbot_planning/local_setup.sh
[0.769s] -- Up-to-date: /home/javed/ros_projects/bumperbot_ws/install/bumperbot_planning/share/bumperbot_planning/local_setup.zsh
[0.769s] -- Up-to-date: /home/javed/ros_projects/bumperbot_ws/install/bumperbot_planning/share/bumperbot_planning/local_setup.dsv
[0.769s] -- Installing: /home/javed/ros_projects/bumperbot_ws/install/bumperbot_planning/share/bumperbot_planning/package.dsv
[0.770s] -- Up-to-date: /home/javed/ros_projects/bumperbot_ws/install/bumperbot_planning/share/ament_index/resource_index/packages/bumperbot_planning
[0.770s] -- Up-to-date: /home/javed/ros_projects/bumperbot_ws/install/bumperbot_planning/share/bumperbot_planning/cmake/ament_cmake_export_include_directories-extras.cmake
[0.770s] -- Up-to-date: /home/javed/ros_projects/bumperbot_ws/install/bumperbot_planning/share/bumperbot_planning/cmake/ament_cmake_export_dependencies-extras.cmake
[0.770s] -- Up-to-date: /home/javed/ros_projects/bumperbot_ws/install/bumperbot_planning/share/bumperbot_planning/cmake/bumperbot_planningConfig.cmake
[0.770s] -- Up-to-date: /home/javed/ros_projects/bumperbot_ws/install/bumperbot_planning/share/bumperbot_planning/cmake/bumperbot_planningConfig-version.cmake
[0.770s] -- Up-to-date: /home/javed/ros_projects/bumperbot_ws/install/bumperbot_planning/share/bumperbot_planning/package.xml
[1.002s] Invoked command in '/home/javed/ros_projects/bumperbot_ws/build/bumperbot_planning' returned '0': CMAKE_PREFIX_PATH=${CMAKE_PREFIX_PATH}:/home/javed/ros_projects/bumperbot_ws/install/bumperbot_py_examples:/home/javed/ros_practice/install/bumperbot_python_examples:/opt/ros/jazzy DEBUGINFOD_URLS=https://debuginfod.ubuntu.com /usr/bin/cmake --install /home/javed/ros_projects/bumperbot_ws/build/bumperbot_planning
