[0.748s] Invoking command in '/home/javed/ros_projects/bumperbot_ws/src/bumperbot_py_examples': AMENT_PREFIX_PATH=/home/javed/ros_projects/bumperbot_ws/install/bumperbot_msgs:${AMENT_PREFIX_PATH} CMAKE_PREFIX_PATH=/home/javed/ros_projects/bumperbot_ws/install/bumperbot_msgs:${CMAKE_PREFIX_PATH} DEBUGINFOD_URLS=https://debuginfod.ubuntu.com LD_LIBRARY_PATH=/home/javed/ros_projects/bumperbot_ws/install/bumperbot_msgs/lib:${LD_LIBRARY_PATH} PYTHONPATH=/home/javed/ros_projects/bumperbot_ws/build/bumperbot_py_examples/prefix_override:/usr/lib/python3/dist-packages/colcon_core/task/python/colcon_distutils_commands:/home/javed/ros_projects/bumperbot_ws/install/bumperbot_py_examples/lib/python3.12/site-packages:/home/javed/ros_projects/bumperbot_ws/install/bumperbot_msgs/lib/python3.12/site-packages:${PYTHONPATH} /usr/bin/python3 -W ignore:setup.py install is deprecated -W ignore:easy_install command is deprecated setup.py egg_info --egg-base ../../build/bumperbot_py_examples build --build-base /home/javed/ros_projects/bumperbot_ws/build/bumperbot_py_examples/build install --record /home/javed/ros_projects/bumperbot_ws/build/bumperbot_py_examples/install.log --single-version-externally-managed install_data
[0.963s] running egg_info
[0.980s] writing ../../build/bumperbot_py_examples/bumperbot_py_examples.egg-info/PKG-INFO
[0.981s] writing dependency_links to ../../build/bumperbot_py_examples/bumperbot_py_examples.egg-info/dependency_links.txt
[0.981s] writing entry points to ../../build/bumperbot_py_examples/bumperbot_py_examples.egg-info/entry_points.txt
[0.981s] writing requirements to ../../build/bumperbot_py_examples/bumperbot_py_examples.egg-info/requires.txt
[0.981s] writing top-level names to ../../build/bumperbot_py_examples/bumperbot_py_examples.egg-info/top_level.txt
[1.015s] reading manifest file '../../build/bumperbot_py_examples/bumperbot_py_examples.egg-info/SOURCES.txt'
[1.016s] writing manifest file '../../build/bumperbot_py_examples/bumperbot_py_examples.egg-info/SOURCES.txt'
[1.016s] running build
[1.016s] running build_py
[1.016s] running install
[1.021s] running install_lib
[1.039s] running install_data
[1.039s] running install_egg_info
[1.057s] removing '/home/javed/ros_projects/bumperbot_ws/install/bumperbot_py_examples/lib/python3.12/site-packages/bumperbot_py_examples-0.0.0-py3.12.egg-info' (and everything under it)
[1.057s] Copying ../../build/bumperbot_py_examples/bumperbot_py_examples.egg-info to /home/javed/ros_projects/bumperbot_ws/install/bumperbot_py_examples/lib/python3.12/site-packages/bumperbot_py_examples-0.0.0-py3.12.egg-info
[1.057s] running install_scripts
[1.173s] Installing simple_action_client script to /home/javed/ros_projects/bumperbot_ws/install/bumperbot_py_examples/lib/bumperbot_py_examples
[1.173s] Installing simple_action_server script to /home/javed/ros_projects/bumperbot_ws/install/bumperbot_py_examples/lib/bumperbot_py_examples
[1.173s] Installing simple_lifecycle_node script to /home/javed/ros_projects/bumperbot_ws/install/bumperbot_py_examples/lib/bumperbot_py_examples
[1.173s] Installing simple_parameter script to /home/javed/ros_projects/bumperbot_ws/install/bumperbot_py_examples/lib/bumperbot_py_examples
[1.173s] Installing simple_publisher script to /home/javed/ros_projects/bumperbot_ws/install/bumperbot_py_examples/lib/bumperbot_py_examples
[1.174s] Installing simple_qos_publisher script to /home/javed/ros_projects/bumperbot_ws/install/bumperbot_py_examples/lib/bumperbot_py_examples
[1.174s] Installing simple_qos_subscriber script to /home/javed/ros_projects/bumperbot_ws/install/bumperbot_py_examples/lib/bumperbot_py_examples
[1.174s] Installing simple_service_client script to /home/javed/ros_projects/bumperbot_ws/install/bumperbot_py_examples/lib/bumperbot_py_examples
[1.174s] Installing simple_service_server script to /home/javed/ros_projects/bumperbot_ws/install/bumperbot_py_examples/lib/bumperbot_py_examples
[1.174s] Installing simple_subscriber script to /home/javed/ros_projects/bumperbot_ws/install/bumperbot_py_examples/lib/bumperbot_py_examples
[1.174s] Installing simple_tf_kinematics script to /home/javed/ros_projects/bumperbot_ws/install/bumperbot_py_examples/lib/bumperbot_py_examples
[1.174s] Installing simple_turtlesim_kinematics script to /home/javed/ros_projects/bumperbot_ws/install/bumperbot_py_examples/lib/bumperbot_py_examples
[1.175s] writing list of installed files to '/home/javed/ros_projects/bumperbot_ws/build/bumperbot_py_examples/install.log'
[1.197s] Invoked command in '/home/javed/ros_projects/bumperbot_ws/src/bumperbot_py_examples' returned '0': AMENT_PREFIX_PATH=/home/javed/ros_projects/bumperbot_ws/install/bumperbot_msgs:${AMENT_PREFIX_PATH} CMAKE_PREFIX_PATH=/home/javed/ros_projects/bumperbot_ws/install/bumperbot_msgs:${CMAKE_PREFIX_PATH} DEBUGINFOD_URLS=https://debuginfod.ubuntu.com LD_LIBRARY_PATH=/home/javed/ros_projects/bumperbot_ws/install/bumperbot_msgs/lib:${LD_LIBRARY_PATH} PYTHONPATH=/home/javed/ros_projects/bumperbot_ws/build/bumperbot_py_examples/prefix_override:/usr/lib/python3/dist-packages/colcon_core/task/python/colcon_distutils_commands:/home/javed/ros_projects/bumperbot_ws/install/bumperbot_py_examples/lib/python3.12/site-packages:/home/javed/ros_projects/bumperbot_ws/install/bumperbot_msgs/lib/python3.12/site-packages:${PYTHONPATH} /usr/bin/python3 -W ignore:setup.py install is deprecated -W ignore:easy_install command is deprecated setup.py egg_info --egg-base ../../build/bumperbot_py_examples build --build-base /home/javed/ros_projects/bumperbot_ws/build/bumperbot_py_examples/build install --record /home/javed/ros_projects/bumperbot_ws/build/bumperbot_py_examples/install.log --single-version-externally-managed install_data
