[0.034s] Invoking command in '/home/javed/ros_projects/bumperbot_ws/build/bumperbot_controller': CMAKE_PREFIX_PATH=${CMAKE_PREFIX_PATH}:/home/javed/ros_projects/bumperbot_ws/install/bumperbot_py_examples:/home/javed/ros_practice/install/bumperbot_python_examples:/opt/ros/jazzy DEBUGINFOD_URLS=https://debuginfod.ubuntu.com /usr/bin/cmake --build /home/javed/ros_projects/bumperbot_ws/build/bumperbot_controller -- -j16 -l16
[0.100s] [ 33%] Built target twist_relay
[0.111s] [ 33%] Built target ament_cmake_python_copy_bumperbot_controller
[0.125s] [ 66%] Built target noisy_controller
[0.169s] [100%] Built target simple_controller
[0.432s] running egg_info
[0.463s] writing bumperbot_controller.egg-info/PKG-INFO
[0.463s] writing dependency_links to bumperbot_controller.egg-info/dependency_links.txt
[0.463s] writing top-level names to bumperbot_controller.egg-info/top_level.txt
[0.554s] reading manifest file 'bumperbot_controller.egg-info/SOURCES.txt'
[0.555s] writing manifest file 'bumperbot_controller.egg-info/SOURCES.txt'
[0.604s] [100%] Built target ament_cmake_python_build_bumperbot_controller_egg
[0.651s] Invoked command in '/home/javed/ros_projects/bumperbot_ws/build/bumperbot_controller' returned '0': CMAKE_PREFIX_PATH=${CMAKE_PREFIX_PATH}:/home/javed/ros_projects/bumperbot_ws/install/bumperbot_py_examples:/home/javed/ros_practice/install/bumperbot_python_examples:/opt/ros/jazzy DEBUGINFOD_URLS=https://debuginfod.ubuntu.com /usr/bin/cmake --build /home/javed/ros_projects/bumperbot_ws/build/bumperbot_controller -- -j16 -l16
[0.652s] Invoking command in '/home/javed/ros_projects/bumperbot_ws/build/bumperbot_controller': CMAKE_PREFIX_PATH=${CMAKE_PREFIX_PATH}:/home/javed/ros_projects/bumperbot_ws/install/bumperbot_py_examples:/home/javed/ros_practice/install/bumperbot_python_examples:/opt/ros/jazzy DEBUGINFOD_URLS=https://debuginfod.ubuntu.com /usr/bin/cmake --install /home/javed/ros_projects/bumperbot_ws/build/bumperbot_controller
[0.661s] -- Install configuration: ""
[0.661s] -- Up-to-date: /home/javed/ros_projects/bumperbot_ws/install/bumperbot_controller/share/bumperbot_controller/environment/pythonpath.sh
[0.661s] -- Up-to-date: /home/javed/ros_projects/bumperbot_ws/install/bumperbot_controller/share/bumperbot_controller/environment/pythonpath.dsv
[0.661s] -- Up-to-date: /home/javed/ros_projects/bumperbot_ws/install/bumperbot_controller/lib/python3.12/site-packages/bumperbot_controller-0.0.0-py3.12.egg-info
[0.662s] -- Installing: /home/javed/ros_projects/bumperbot_ws/install/bumperbot_controller/lib/python3.12/site-packages/bumperbot_controller-0.0.0-py3.12.egg-info/SOURCES.txt
[0.662s] -- Installing: /home/javed/ros_projects/bumperbot_ws/install/bumperbot_controller/lib/python3.12/site-packages/bumperbot_controller-0.0.0-py3.12.egg-info/dependency_links.txt
[0.662s] -- Installing: /home/javed/ros_projects/bumperbot_ws/install/bumperbot_controller/lib/python3.12/site-packages/bumperbot_controller-0.0.0-py3.12.egg-info/PKG-INFO
[0.662s] -- Installing: /home/javed/ros_projects/bumperbot_ws/install/bumperbot_controller/lib/python3.12/site-packages/bumperbot_controller-0.0.0-py3.12.egg-info/top_level.txt
[0.666s] -- Up-to-date: /home/javed/ros_projects/bumperbot_ws/install/bumperbot_controller/lib/python3.12/site-packages/bumperbot_controller
[0.666s] -- Up-to-date: /home/javed/ros_projects/bumperbot_ws/install/bumperbot_controller/lib/python3.12/site-packages/bumperbot_controller/__init__.py
[0.666s] -- Up-to-date: /home/javed/ros_projects/bumperbot_ws/install/bumperbot_controller/lib/python3.12/site-packages/bumperbot_controller/noisy_controller.py
[0.666s] -- Up-to-date: /home/javed/ros_projects/bumperbot_ws/install/bumperbot_controller/lib/python3.12/site-packages/bumperbot_controller/simple_controller.py
[0.666s] -- Up-to-date: /home/javed/ros_projects/bumperbot_ws/install/bumperbot_controller/lib/python3.12/site-packages/bumperbot_controller/twist_relay.py
[0.698s] Listing '/home/javed/ros_projects/bumperbot_ws/install/bumperbot_controller/lib/python3.12/site-packages/bumperbot_controller'...
[0.709s] -- Up-to-date: /home/javed/ros_projects/bumperbot_ws/install/bumperbot_controller/include/include
[0.709s] -- Up-to-date: /home/javed/ros_projects/bumperbot_ws/install/bumperbot_controller/include/include/bumperbot_controller
[0.709s] -- Up-to-date: /home/javed/ros_projects/bumperbot_ws/install/bumperbot_controller/include/include/bumperbot_controller/noisy_controller.hpp
[0.709s] -- Up-to-date: /home/javed/ros_projects/bumperbot_ws/install/bumperbot_controller/include/include/bumperbot_controller/simple_controller.hpp
[0.709s] -- Up-to-date: /home/javed/ros_projects/bumperbot_ws/install/bumperbot_controller/lib/bumperbot_controller/simple_controller
[0.710s] -- Up-to-date: /home/javed/ros_projects/bumperbot_ws/install/bumperbot_controller/lib/bumperbot_controller/noisy_controller
[0.711s] -- Up-to-date: /home/javed/ros_projects/bumperbot_ws/install/bumperbot_controller/lib/bumperbot_controller/twist_relay
[0.711s] -- Up-to-date: /home/javed/ros_projects/bumperbot_ws/install/bumperbot_controller/share/bumperbot_controller/launch
[0.711s] -- Up-to-date: /home/javed/ros_projects/bumperbot_ws/install/bumperbot_controller/share/bumperbot_controller/launch/joystick_teleop.launch.py
[0.711s] -- Up-to-date: /home/javed/ros_projects/bumperbot_ws/install/bumperbot_controller/share/bumperbot_controller/launch/controller.launch.py
[0.711s] -- Up-to-date: /home/javed/ros_projects/bumperbot_ws/install/bumperbot_controller/share/bumperbot_controller/config
[0.711s] -- Up-to-date: /home/javed/ros_projects/bumperbot_ws/install/bumperbot_controller/share/bumperbot_controller/config/twist_mux_locks.yaml
[0.711s] -- Up-to-date: /home/javed/ros_projects/bumperbot_ws/install/bumperbot_controller/share/bumperbot_controller/config/joy_config.yaml
[0.712s] -- Up-to-date: /home/javed/ros_projects/bumperbot_ws/install/bumperbot_controller/share/bumperbot_controller/config/twist_mux_topics.yaml
[0.712s] -- Up-to-date: /home/javed/ros_projects/bumperbot_ws/install/bumperbot_controller/share/bumperbot_controller/config/bumperbot_controllers.yaml
[0.712s] -- Up-to-date: /home/javed/ros_projects/bumperbot_ws/install/bumperbot_controller/share/bumperbot_controller/config/twist_mux_joy.yaml
[0.712s] -- Up-to-date: /home/javed/ros_projects/bumperbot_ws/install/bumperbot_controller/share/bumperbot_controller/config/joy_teleop.yaml
[0.712s] -- Up-to-date: /home/javed/ros_projects/bumperbot_ws/install/bumperbot_controller/lib/bumperbot_controller/simple_controller.py
[0.712s] -- Up-to-date: /home/javed/ros_projects/bumperbot_ws/install/bumperbot_controller/lib/bumperbot_controller/noisy_controller.py
[0.712s] -- Up-to-date: /home/javed/ros_projects/bumperbot_ws/install/bumperbot_controller/lib/bumperbot_controller/twist_relay.py
[0.712s] -- Up-to-date: /home/javed/ros_projects/bumperbot_ws/install/bumperbot_controller/share/ament_index/resource_index/package_run_dependencies/bumperbot_controller
[0.712s] -- Up-to-date: /home/javed/ros_projects/bumperbot_ws/install/bumperbot_controller/share/ament_index/resource_index/parent_prefix_path/bumperbot_controller
[0.712s] -- Up-to-date: /home/javed/ros_projects/bumperbot_ws/install/bumperbot_controller/share/bumperbot_controller/environment/ament_prefix_path.sh
[0.712s] -- Up-to-date: /home/javed/ros_projects/bumperbot_ws/install/bumperbot_controller/share/bumperbot_controller/environment/ament_prefix_path.dsv
[0.712s] -- Up-to-date: /home/javed/ros_projects/bumperbot_ws/install/bumperbot_controller/share/bumperbot_controller/environment/path.sh
[0.713s] -- Up-to-date: /home/javed/ros_projects/bumperbot_ws/install/bumperbot_controller/share/bumperbot_controller/environment/path.dsv
[0.713s] -- Up-to-date: /home/javed/ros_projects/bumperbot_ws/install/bumperbot_controller/share/bumperbot_controller/local_setup.bash
[0.713s] -- Up-to-date: /home/javed/ros_projects/bumperbot_ws/install/bumperbot_controller/share/bumperbot_controller/local_setup.sh
[0.713s] -- Up-to-date: /home/javed/ros_projects/bumperbot_ws/install/bumperbot_controller/share/bumperbot_controller/local_setup.zsh
[0.713s] -- Up-to-date: /home/javed/ros_projects/bumperbot_ws/install/bumperbot_controller/share/bumperbot_controller/local_setup.dsv
[0.713s] -- Installing: /home/javed/ros_projects/bumperbot_ws/install/bumperbot_controller/share/bumperbot_controller/package.dsv
[0.713s] -- Up-to-date: /home/javed/ros_projects/bumperbot_ws/install/bumperbot_controller/share/ament_index/resource_index/packages/bumperbot_controller
[0.713s] -- Up-to-date: /home/javed/ros_projects/bumperbot_ws/install/bumperbot_controller/share/bumperbot_controller/cmake/bumperbot_controllerConfig.cmake
[0.713s] -- Up-to-date: /home/javed/ros_projects/bumperbot_ws/install/bumperbot_controller/share/bumperbot_controller/cmake/bumperbot_controllerConfig-version.cmake
[0.713s] -- Up-to-date: /home/javed/ros_projects/bumperbot_ws/install/bumperbot_controller/share/bumperbot_controller/package.xml
[0.763s] Invoked command in '/home/javed/ros_projects/bumperbot_ws/build/bumperbot_controller' returned '0': CMAKE_PREFIX_PATH=${CMAKE_PREFIX_PATH}:/home/javed/ros_projects/bumperbot_ws/install/bumperbot_py_examples:/home/javed/ros_practice/install/bumperbot_python_examples:/opt/ros/jazzy DEBUGINFOD_URLS=https://debuginfod.ubuntu.com /usr/bin/cmake --install /home/javed/ros_projects/bumperbot_ws/build/bumperbot_controller
