[0.223s] Invoking command in '/home/javed/ros_projects/bumperbot_ws/build/bumperbot_motion': CMAKE_PREFIX_PATH=${CMAKE_PREFIX_PATH}:/home/javed/ros_projects/bumperbot_ws/install/bumperbot_py_examples:/home/javed/ros_practice/install/bumperbot_python_examples:/opt/ros/jazzy DEBUGINFOD_URLS=https://debuginfod.ubuntu.com /usr/bin/cmake --build /home/javed/ros_projects/bumperbot_ws/build/bumperbot_motion -- -j16 -l16
[1.131s] [  0%] Built target ament_cmake_python_copy_bumperbot_motion
[1.194s] [100%] Built target pd_motion_planner
[1.917s] running egg_info
[1.944s] writing bumperbot_motion.egg-info/PKG-INFO
[1.944s] writing dependency_links to bumperbot_motion.egg-info/dependency_links.txt
[1.944s] writing top-level names to bumperbot_motion.egg-info/top_level.txt
[2.026s] reading manifest file 'bumperbot_motion.egg-info/SOURCES.txt'
[2.026s] writing manifest file 'bumperbot_motion.egg-info/SOURCES.txt'
[2.085s] [100%] Built target ament_cmake_python_build_bumperbot_motion_egg
[2.231s] Invoked command in '/home/javed/ros_projects/bumperbot_ws/build/bumperbot_motion' returned '0': CMAKE_PREFIX_PATH=${CMAKE_PREFIX_PATH}:/home/javed/ros_projects/bumperbot_ws/install/bumperbot_py_examples:/home/javed/ros_practice/install/bumperbot_python_examples:/opt/ros/jazzy DEBUGINFOD_URLS=https://debuginfod.ubuntu.com /usr/bin/cmake --build /home/javed/ros_projects/bumperbot_ws/build/bumperbot_motion -- -j16 -l16
[2.232s] Invoking command in '/home/javed/ros_projects/bumperbot_ws/build/bumperbot_motion': CMAKE_PREFIX_PATH=${CMAKE_PREFIX_PATH}:/home/javed/ros_projects/bumperbot_ws/install/bumperbot_py_examples:/home/javed/ros_practice/install/bumperbot_python_examples:/opt/ros/jazzy DEBUGINFOD_URLS=https://debuginfod.ubuntu.com /usr/bin/cmake --install /home/javed/ros_projects/bumperbot_ws/build/bumperbot_motion
[2.386s] -- Install configuration: ""
[2.386s] -- Up-to-date: /home/javed/ros_projects/bumperbot_ws/install/bumperbot_motion/share/bumperbot_motion/environment/pythonpath.sh
[2.387s] -- Up-to-date: /home/javed/ros_projects/bumperbot_ws/install/bumperbot_motion/share/bumperbot_motion/environment/pythonpath.dsv
[2.387s] -- Up-to-date: /home/javed/ros_projects/bumperbot_ws/install/bumperbot_motion/lib/python3.12/site-packages/bumperbot_motion-0.0.0-py3.12.egg-info
[2.387s] -- Installing: /home/javed/ros_projects/bumperbot_ws/install/bumperbot_motion/lib/python3.12/site-packages/bumperbot_motion-0.0.0-py3.12.egg-info/SOURCES.txt
[2.387s] -- Installing: /home/javed/ros_projects/bumperbot_ws/install/bumperbot_motion/lib/python3.12/site-packages/bumperbot_motion-0.0.0-py3.12.egg-info/dependency_links.txt
[2.387s] -- Installing: /home/javed/ros_projects/bumperbot_ws/install/bumperbot_motion/lib/python3.12/site-packages/bumperbot_motion-0.0.0-py3.12.egg-info/PKG-INFO
[2.387s] -- Installing: /home/javed/ros_projects/bumperbot_ws/install/bumperbot_motion/lib/python3.12/site-packages/bumperbot_motion-0.0.0-py3.12.egg-info/top_level.txt
[2.387s] -- Up-to-date: /home/javed/ros_projects/bumperbot_ws/install/bumperbot_motion/lib/python3.12/site-packages/bumperbot_motion
[2.387s] -- Up-to-date: /home/javed/ros_projects/bumperbot_ws/install/bumperbot_motion/lib/python3.12/site-packages/bumperbot_motion/__init__.py
[2.388s] -- Up-to-date: /home/javed/ros_projects/bumperbot_ws/install/bumperbot_motion/lib/python3.12/site-packages/bumperbot_motion/pd_motion_planner.py
[2.422s] Listing '/home/javed/ros_projects/bumperbot_ws/install/bumperbot_motion/lib/python3.12/site-packages/bumperbot_motion'...
[2.427s] -- Up-to-date: /home/javed/ros_projects/bumperbot_ws/install/bumperbot_motion/lib/bumperbot_motion/pd_motion_planner.py
[2.427s] -- Up-to-date: /home/javed/ros_projects/bumperbot_ws/install/bumperbot_motion/include/include
[2.427s] -- Up-to-date: /home/javed/ros_projects/bumperbot_ws/install/bumperbot_motion/include/include/bumperbot_motion
[2.427s] -- Up-to-date: /home/javed/ros_projects/bumperbot_ws/install/bumperbot_motion/include/include/bumperbot_motion/pd_motion_planner.hpp
[2.427s] -- Up-to-date: /home/javed/ros_projects/bumperbot_ws/install/bumperbot_motion/lib/bumperbot_motion/pd_motion_planner
[2.428s] -- Up-to-date: /home/javed/ros_projects/bumperbot_ws/install/bumperbot_motion/share/ament_index/resource_index/package_run_dependencies/bumperbot_motion
[2.428s] -- Up-to-date: /home/javed/ros_projects/bumperbot_ws/install/bumperbot_motion/share/ament_index/resource_index/parent_prefix_path/bumperbot_motion
[2.428s] -- Up-to-date: /home/javed/ros_projects/bumperbot_ws/install/bumperbot_motion/share/bumperbot_motion/environment/ament_prefix_path.sh
[2.428s] -- Up-to-date: /home/javed/ros_projects/bumperbot_ws/install/bumperbot_motion/share/bumperbot_motion/environment/ament_prefix_path.dsv
[2.428s] -- Up-to-date: /home/javed/ros_projects/bumperbot_ws/install/bumperbot_motion/share/bumperbot_motion/environment/path.sh
[2.428s] -- Up-to-date: /home/javed/ros_projects/bumperbot_ws/install/bumperbot_motion/share/bumperbot_motion/environment/path.dsv
[2.428s] -- Up-to-date: /home/javed/ros_projects/bumperbot_ws/install/bumperbot_motion/share/bumperbot_motion/local_setup.bash
[2.428s] -- Up-to-date: /home/javed/ros_projects/bumperbot_ws/install/bumperbot_motion/share/bumperbot_motion/local_setup.sh
[2.428s] -- Up-to-date: /home/javed/ros_projects/bumperbot_ws/install/bumperbot_motion/share/bumperbot_motion/local_setup.zsh
[2.428s] -- Up-to-date: /home/javed/ros_projects/bumperbot_ws/install/bumperbot_motion/share/bumperbot_motion/local_setup.dsv
[2.428s] -- Installing: /home/javed/ros_projects/bumperbot_ws/install/bumperbot_motion/share/bumperbot_motion/package.dsv
[2.443s] -- Up-to-date: /home/javed/ros_projects/bumperbot_ws/install/bumperbot_motion/share/ament_index/resource_index/packages/bumperbot_motion
[2.443s] -- Up-to-date: /home/javed/ros_projects/bumperbot_ws/install/bumperbot_motion/share/bumperbot_motion/cmake/ament_cmake_export_include_directories-extras.cmake
[2.443s] -- Up-to-date: /home/javed/ros_projects/bumperbot_ws/install/bumperbot_motion/share/bumperbot_motion/cmake/ament_cmake_export_dependencies-extras.cmake
[2.443s] -- Up-to-date: /home/javed/ros_projects/bumperbot_ws/install/bumperbot_motion/share/bumperbot_motion/cmake/bumperbot_motionConfig.cmake
[2.443s] -- Up-to-date: /home/javed/ros_projects/bumperbot_ws/install/bumperbot_motion/share/bumperbot_motion/cmake/bumperbot_motionConfig-version.cmake
[2.443s] -- Up-to-date: /home/javed/ros_projects/bumperbot_ws/install/bumperbot_motion/share/bumperbot_motion/package.xml
[2.445s] Invoked command in '/home/javed/ros_projects/bumperbot_ws/build/bumperbot_motion' returned '0': CMAKE_PREFIX_PATH=${CMAKE_PREFIX_PATH}:/home/javed/ros_projects/bumperbot_ws/install/bumperbot_py_examples:/home/javed/ros_practice/install/bumperbot_python_examples:/opt/ros/jazzy DEBUGINFOD_URLS=https://debuginfod.ubuntu.com /usr/bin/cmake --install /home/javed/ros_projects/bumperbot_ws/build/bumperbot_motion
