[0.589s] Invoking command in '/home/javed/ros_projects/bumperbot_ws/build/bumperbot_navigation': CMAKE_PREFIX_PATH=${CMAKE_PREFIX_PATH}:/home/javed/ros_projects/bumperbot_ws/install/bumperbot_py_examples:/home/javed/ros_practice/install/bumperbot_python_examples:/opt/ros/jazzy DEBUGINFOD_URLS=https://debuginfod.ubuntu.com /usr/bin/cmake --build /home/javed/ros_projects/bumperbot_ws/build/bumperbot_navigation -- -j16 -l16
[1.259s] Invoked command in '/home/javed/ros_projects/bumperbot_ws/build/bumperbot_navigation' returned '0': CMAKE_PREFIX_PATH=${CMAKE_PREFIX_PATH}:/home/javed/ros_projects/bumperbot_ws/install/bumperbot_py_examples:/home/javed/ros_practice/install/bumperbot_python_examples:/opt/ros/jazzy DEBUGINFOD_URLS=https://debuginfod.ubuntu.com /usr/bin/cmake --build /home/javed/ros_projects/bumperbot_ws/build/bumperbot_navigation -- -j16 -l16
[1.271s] Invoking command in '/home/javed/ros_projects/bumperbot_ws/build/bumperbot_navigation': CMAKE_PREFIX_PATH=${CMAKE_PREFIX_PATH}:/home/javed/ros_projects/bumperbot_ws/install/bumperbot_py_examples:/home/javed/ros_practice/install/bumperbot_python_examples:/opt/ros/jazzy DEBUGINFOD_URLS=https://debuginfod.ubuntu.com /usr/bin/cmake --install /home/javed/ros_projects/bumperbot_ws/build/bumperbot_navigation
[1.588s] -- Install configuration: ""
[2.196s] -- Up-to-date: /home/javed/ros_projects/bumperbot_ws/install/bumperbot_navigation/share/ament_index/resource_index/package_run_dependencies/bumperbot_navigation
[2.196s] -- Up-to-date: /home/javed/ros_projects/bumperbot_ws/install/bumperbot_navigation/share/ament_index/resource_index/parent_prefix_path/bumperbot_navigation
[2.196s] -- Up-to-date: /home/javed/ros_projects/bumperbot_ws/install/bumperbot_navigation/share/bumperbot_navigation/environment/ament_prefix_path.sh
[2.196s] -- Up-to-date: /home/javed/ros_projects/bumperbot_ws/install/bumperbot_navigation/share/bumperbot_navigation/environment/ament_prefix_path.dsv
[2.197s] -- Up-to-date: /home/javed/ros_projects/bumperbot_ws/install/bumperbot_navigation/share/bumperbot_navigation/environment/path.sh
[2.197s] -- Up-to-date: /home/javed/ros_projects/bumperbot_ws/install/bumperbot_navigation/share/bumperbot_navigation/environment/path.dsv
[2.197s] -- Up-to-date: /home/javed/ros_projects/bumperbot_ws/install/bumperbot_navigation/share/bumperbot_navigation/local_setup.bash
[2.197s] -- Up-to-date: /home/javed/ros_projects/bumperbot_ws/install/bumperbot_navigation/share/bumperbot_navigation/local_setup.sh
[2.197s] -- Up-to-date: /home/javed/ros_projects/bumperbot_ws/install/bumperbot_navigation/share/bumperbot_navigation/local_setup.zsh
[2.197s] -- Up-to-date: /home/javed/ros_projects/bumperbot_ws/install/bumperbot_navigation/share/bumperbot_navigation/local_setup.dsv
[2.197s] -- Installing: /home/javed/ros_projects/bumperbot_ws/install/bumperbot_navigation/share/bumperbot_navigation/package.dsv
[2.498s] -- Up-to-date: /home/javed/ros_projects/bumperbot_ws/install/bumperbot_navigation/share/ament_index/resource_index/packages/bumperbot_navigation
[2.498s] -- Up-to-date: /home/javed/ros_projects/bumperbot_ws/install/bumperbot_navigation/share/bumperbot_navigation/cmake/bumperbot_navigationConfig.cmake
[2.498s] -- Up-to-date: /home/javed/ros_projects/bumperbot_ws/install/bumperbot_navigation/share/bumperbot_navigation/cmake/bumperbot_navigationConfig-version.cmake
[2.498s] -- Up-to-date: /home/javed/ros_projects/bumperbot_ws/install/bumperbot_navigation/share/bumperbot_navigation/package.xml
[2.500s] Invoked command in '/home/javed/ros_projects/bumperbot_ws/build/bumperbot_navigation' returned '0': CMAKE_PREFIX_PATH=${CMAKE_PREFIX_PATH}:/home/javed/ros_projects/bumperbot_ws/install/bumperbot_py_examples:/home/javed/ros_practice/install/bumperbot_python_examples:/opt/ros/jazzy DEBUGINFOD_URLS=https://debuginfod.ubuntu.com /usr/bin/cmake --install /home/javed/ros_projects/bumperbot_ws/build/bumperbot_navigation
