[0.117s] Invoking command in '/home/javed/ros_projects/bumperbot_ws/build/bumperbot_mapping': CMAKE_PREFIX_PATH=${CMAKE_PREFIX_PATH}:/home/javed/ros_projects/bumperbot_ws/install/bumperbot_py_examples:/home/javed/ros_practice/install/bumperbot_python_examples:/opt/ros/jazzy DEBUGINFOD_URLS=https://debuginfod.ubuntu.com /usr/bin/cmake --build /home/javed/ros_projects/bumperbot_ws/build/bumperbot_mapping -- -j16 -l16
[0.762s] [  0%] Built target ament_cmake_python_copy_bumperbot_mapping
[0.882s] [100%] Built target mapping_with_known_poses
[1.457s] running egg_info
[1.484s] writing bumperbot_mapping.egg-info/PKG-INFO
[1.484s] writing dependency_links to bumperbot_mapping.egg-info/dependency_links.txt
[1.485s] writing top-level names to bumperbot_mapping.egg-info/top_level.txt
[1.623s] reading manifest file 'bumperbot_mapping.egg-info/SOURCES.txt'
[1.636s] writing manifest file 'bumperbot_mapping.egg-info/SOURCES.txt'
[1.665s] [100%] Built target ament_cmake_python_build_bumperbot_mapping_egg
[1.713s] Invoked command in '/home/javed/ros_projects/bumperbot_ws/build/bumperbot_mapping' returned '0': CMAKE_PREFIX_PATH=${CMAKE_PREFIX_PATH}:/home/javed/ros_projects/bumperbot_ws/install/bumperbot_py_examples:/home/javed/ros_practice/install/bumperbot_python_examples:/opt/ros/jazzy DEBUGINFOD_URLS=https://debuginfod.ubuntu.com /usr/bin/cmake --build /home/javed/ros_projects/bumperbot_ws/build/bumperbot_mapping -- -j16 -l16
[1.802s] Invoking command in '/home/javed/ros_projects/bumperbot_ws/build/bumperbot_mapping': CMAKE_PREFIX_PATH=${CMAKE_PREFIX_PATH}:/home/javed/ros_projects/bumperbot_ws/install/bumperbot_py_examples:/home/javed/ros_practice/install/bumperbot_python_examples:/opt/ros/jazzy DEBUGINFOD_URLS=https://debuginfod.ubuntu.com /usr/bin/cmake --install /home/javed/ros_projects/bumperbot_ws/build/bumperbot_mapping
[1.940s] -- Install configuration: ""
[1.940s] -- Up-to-date: /home/javed/ros_projects/bumperbot_ws/install/bumperbot_mapping/share/bumperbot_mapping/environment/pythonpath.sh
[1.940s] -- Up-to-date: /home/javed/ros_projects/bumperbot_ws/install/bumperbot_mapping/share/bumperbot_mapping/environment/pythonpath.dsv
[1.940s] -- Up-to-date: /home/javed/ros_projects/bumperbot_ws/install/bumperbot_mapping/lib/python3.12/site-packages/bumperbot_mapping-0.0.0-py3.12.egg-info
[1.940s] -- Installing: /home/javed/ros_projects/bumperbot_ws/install/bumperbot_mapping/lib/python3.12/site-packages/bumperbot_mapping-0.0.0-py3.12.egg-info/SOURCES.txt
[1.940s] -- Installing: /home/javed/ros_projects/bumperbot_ws/install/bumperbot_mapping/lib/python3.12/site-packages/bumperbot_mapping-0.0.0-py3.12.egg-info/dependency_links.txt
[1.940s] -- Installing: /home/javed/ros_projects/bumperbot_ws/install/bumperbot_mapping/lib/python3.12/site-packages/bumperbot_mapping-0.0.0-py3.12.egg-info/PKG-INFO
[1.941s] -- Installing: /home/javed/ros_projects/bumperbot_ws/install/bumperbot_mapping/lib/python3.12/site-packages/bumperbot_mapping-0.0.0-py3.12.egg-info/top_level.txt
[1.941s] -- Up-to-date: /home/javed/ros_projects/bumperbot_ws/install/bumperbot_mapping/lib/python3.12/site-packages/bumperbot_mapping
[1.941s] -- Up-to-date: /home/javed/ros_projects/bumperbot_ws/install/bumperbot_mapping/lib/python3.12/site-packages/bumperbot_mapping/mapping_with_known_poses.py
[1.941s] -- Up-to-date: /home/javed/ros_projects/bumperbot_ws/install/bumperbot_mapping/lib/python3.12/site-packages/bumperbot_mapping/__init__.py
[1.941s] Listing '/home/javed/ros_projects/bumperbot_ws/install/bumperbot_mapping/lib/python3.12/site-packages/bumperbot_mapping'...
[1.941s] -- Up-to-date: /home/javed/ros_projects/bumperbot_ws/install/bumperbot_mapping/include/include
[1.941s] -- Up-to-date: /home/javed/ros_projects/bumperbot_ws/install/bumperbot_mapping/include/include/bumperbot_mapping
[1.941s] -- Up-to-date: /home/javed/ros_projects/bumperbot_ws/install/bumperbot_mapping/include/include/bumperbot_mapping/mapping_with_known_poses.hpp
[2.343s] -- Up-to-date: /home/javed/ros_projects/bumperbot_ws/install/bumperbot_mapping/lib/bumperbot_mapping/mapping_with_known_poses
[2.344s] -- Up-to-date: /home/javed/ros_projects/bumperbot_ws/install/bumperbot_mapping/share/bumperbot_mapping/config
[2.344s] -- Up-to-date: /home/javed/ros_projects/bumperbot_ws/install/bumperbot_mapping/share/bumperbot_mapping/config/slam_toolbox.yaml
[2.344s] -- Up-to-date: /home/javed/ros_projects/bumperbot_ws/install/bumperbot_mapping/share/bumperbot_mapping/launch
[2.344s] -- Up-to-date: /home/javed/ros_projects/bumperbot_ws/install/bumperbot_mapping/share/bumperbot_mapping/launch/slam.launch.py
[2.344s] -- Up-to-date: /home/javed/ros_projects/bumperbot_ws/install/bumperbot_mapping/share/bumperbot_mapping/maps
[2.345s] -- Up-to-date: /home/javed/ros_projects/bumperbot_ws/install/bumperbot_mapping/share/bumperbot_mapping/maps/small_house
[2.345s] -- Up-to-date: /home/javed/ros_projects/bumperbot_ws/install/bumperbot_mapping/share/bumperbot_mapping/maps/small_house/map.yaml
[2.345s] -- Up-to-date: /home/javed/ros_projects/bumperbot_ws/install/bumperbot_mapping/share/bumperbot_mapping/maps/small_house/map.pgm
[2.345s] -- Up-to-date: /home/javed/ros_projects/bumperbot_ws/install/bumperbot_mapping/share/bumperbot_mapping/maps/small_warehouse
[2.345s] -- Up-to-date: /home/javed/ros_projects/bumperbot_ws/install/bumperbot_mapping/share/bumperbot_mapping/maps/small_warehouse/map.yaml
[2.345s] -- Up-to-date: /home/javed/ros_projects/bumperbot_ws/install/bumperbot_mapping/share/bumperbot_mapping/maps/small_warehouse/map.pgm
[2.345s] -- Up-to-date: /home/javed/ros_projects/bumperbot_ws/install/bumperbot_mapping/share/bumperbot_mapping/rviz
[2.345s] -- Up-to-date: /home/javed/ros_projects/bumperbot_ws/install/bumperbot_mapping/share/bumperbot_mapping/rviz/slam.rviz
[2.345s] -- Up-to-date: /home/javed/ros_projects/bumperbot_ws/install/bumperbot_mapping/lib/bumperbot_mapping/mapping_with_known_poses.py
[2.346s] -- Up-to-date: /home/javed/ros_projects/bumperbot_ws/install/bumperbot_mapping/share/ament_index/resource_index/package_run_dependencies/bumperbot_mapping
[2.346s] -- Up-to-date: /home/javed/ros_projects/bumperbot_ws/install/bumperbot_mapping/share/ament_index/resource_index/parent_prefix_path/bumperbot_mapping
[2.346s] -- Up-to-date: /home/javed/ros_projects/bumperbot_ws/install/bumperbot_mapping/share/bumperbot_mapping/environment/ament_prefix_path.sh
[2.346s] -- Up-to-date: /home/javed/ros_projects/bumperbot_ws/install/bumperbot_mapping/share/bumperbot_mapping/environment/ament_prefix_path.dsv
[2.346s] -- Up-to-date: /home/javed/ros_projects/bumperbot_ws/install/bumperbot_mapping/share/bumperbot_mapping/environment/path.sh
[2.346s] -- Up-to-date: /home/javed/ros_projects/bumperbot_ws/install/bumperbot_mapping/share/bumperbot_mapping/environment/path.dsv
[2.346s] -- Up-to-date: /home/javed/ros_projects/bumperbot_ws/install/bumperbot_mapping/share/bumperbot_mapping/local_setup.bash
[2.346s] -- Up-to-date: /home/javed/ros_projects/bumperbot_ws/install/bumperbot_mapping/share/bumperbot_mapping/local_setup.sh
[2.346s] -- Up-to-date: /home/javed/ros_projects/bumperbot_ws/install/bumperbot_mapping/share/bumperbot_mapping/local_setup.zsh
[2.346s] -- Up-to-date: /home/javed/ros_projects/bumperbot_ws/install/bumperbot_mapping/share/bumperbot_mapping/local_setup.dsv
[2.346s] -- Installing: /home/javed/ros_projects/bumperbot_ws/install/bumperbot_mapping/share/bumperbot_mapping/package.dsv
[2.362s] -- Up-to-date: /home/javed/ros_projects/bumperbot_ws/install/bumperbot_mapping/share/ament_index/resource_index/packages/bumperbot_mapping
[2.362s] -- Up-to-date: /home/javed/ros_projects/bumperbot_ws/install/bumperbot_mapping/share/bumperbot_mapping/cmake/bumperbot_mappingConfig.cmake
[2.362s] -- Up-to-date: /home/javed/ros_projects/bumperbot_ws/install/bumperbot_mapping/share/bumperbot_mapping/cmake/bumperbot_mappingConfig-version.cmake
[2.362s] -- Up-to-date: /home/javed/ros_projects/bumperbot_ws/install/bumperbot_mapping/share/bumperbot_mapping/package.xml
[2.392s] Invoked command in '/home/javed/ros_projects/bumperbot_ws/build/bumperbot_mapping' returned '0': CMAKE_PREFIX_PATH=${CMAKE_PREFIX_PATH}:/home/javed/ros_projects/bumperbot_ws/install/bumperbot_py_examples:/home/javed/ros_practice/install/bumperbot_python_examples:/opt/ros/jazzy DEBUGINFOD_URLS=https://debuginfod.ubuntu.com /usr/bin/cmake --install /home/javed/ros_projects/bumperbot_ws/build/bumperbot_mapping
