[0.086s] Invoking command in '/home/javed/ros_projects/bumperbot_ws/build/bumperbot_msgs': CMAKE_PREFIX_PATH=${CMAKE_PREFIX_PATH}:/home/javed/ros_projects/bumperbot_ws/install/bumperbot_py_examples:/home/javed/ros_practice/install/bumperbot_python_examples:/opt/ros/jazzy DEBUGINFOD_URLS=https://debuginfod.ubuntu.com /usr/bin/cmake --build /home/javed/ros_projects/bumperbot_ws/build/bumperbot_msgs -- -j16 -l16
[1.612s] [  0%] Built target ament_cmake_python_copy_bumperbot_msgs
[1.713s] [  1%] Built target bumperbot_msgs__rosidl_generator_type_description
[1.870s] running egg_info
[1.891s] writing bumperbot_msgs.egg-info/PKG-INFO
[1.891s] writing dependency_links to bumperbot_msgs.egg-info/dependency_links.txt
[1.892s] writing top-level names to bumperbot_msgs.egg-info/top_level.txt
[1.952s] reading manifest file 'bumperbot_msgs.egg-info/SOURCES.txt'
[1.952s] writing manifest file 'bumperbot_msgs.egg-info/SOURCES.txt'
[2.008s] [  1%] Built target ament_cmake_python_build_bumperbot_msgs_egg
[2.042s] [  3%] Built target bumperbot_msgs__cpp
[2.091s] [ 24%] Built target bumperbot_msgs__rosidl_generator_c
[2.589s] [ 33%] Built target bumperbot_msgs__rosidl_typesupport_c
[2.613s] [ 51%] Built target bumperbot_msgs__rosidl_typesupport_cpp
[2.613s] [ 51%] Built target bumperbot_msgs__rosidl_typesupport_introspection_cpp
[2.654s] [ 61%] Built target bumperbot_msgs__rosidl_typesupport_fastrtps_c
[2.701s] [ 70%] Built target bumperbot_msgs__rosidl_typesupport_fastrtps_cpp
[2.714s] [ 79%] Built target bumperbot_msgs__rosidl_typesupport_introspection_c
[2.814s] [ 79%] Built target bumperbot_msgs
[2.885s] [ 81%] Built target bumperbot_msgs__py
[2.957s] [ 88%] Built target bumperbot_msgs__rosidl_generator_py
[3.108s] [ 92%] Built target bumperbot_msgs_s__rosidl_typesupport_introspection_c
[3.120s] [ 96%] Built target bumperbot_msgs_s__rosidl_typesupport_c
[3.131s] [100%] Built target bumperbot_msgs_s__rosidl_typesupport_fastrtps_c
[3.145s] Invoked command in '/home/javed/ros_projects/bumperbot_ws/build/bumperbot_msgs' returned '0': CMAKE_PREFIX_PATH=${CMAKE_PREFIX_PATH}:/home/javed/ros_projects/bumperbot_ws/install/bumperbot_py_examples:/home/javed/ros_practice/install/bumperbot_python_examples:/opt/ros/jazzy DEBUGINFOD_URLS=https://debuginfod.ubuntu.com /usr/bin/cmake --build /home/javed/ros_projects/bumperbot_ws/build/bumperbot_msgs -- -j16 -l16
[3.174s] Invoking command in '/home/javed/ros_projects/bumperbot_ws/build/bumperbot_msgs': CMAKE_PREFIX_PATH=${CMAKE_PREFIX_PATH}:/home/javed/ros_projects/bumperbot_ws/install/bumperbot_py_examples:/home/javed/ros_practice/install/bumperbot_python_examples:/opt/ros/jazzy DEBUGINFOD_URLS=https://debuginfod.ubuntu.com /usr/bin/cmake --install /home/javed/ros_projects/bumperbot_ws/build/bumperbot_msgs
[3.214s] -- Install configuration: ""
[3.214s] -- Up-to-date: /home/javed/ros_projects/bumperbot_ws/install/bumperbot_msgs/share/ament_index/resource_index/rosidl_interfaces/bumperbot_msgs
[3.214s] -- Up-to-date: /home/javed/ros_projects/bumperbot_ws/install/bumperbot_msgs/share/bumperbot_msgs/action/Fibonacci.json
[3.214s] -- Up-to-date: /home/javed/ros_projects/bumperbot_ws/install/bumperbot_msgs/share/bumperbot_msgs/srv/AddTwoInts.json
[3.215s] -- Up-to-date: /home/javed/ros_projects/bumperbot_ws/install/bumperbot_msgs/share/bumperbot_msgs/srv/GetTransform.json
[3.215s] -- Up-to-date: /home/javed/ros_projects/bumperbot_ws/install/bumperbot_msgs/include/bumperbot_msgs/bumperbot_msgs
[3.215s] -- Up-to-date: /home/javed/ros_projects/bumperbot_ws/install/bumperbot_msgs/include/bumperbot_msgs/bumperbot_msgs/msg
[3.215s] -- Up-to-date: /home/javed/ros_projects/bumperbot_ws/install/bumperbot_msgs/include/bumperbot_msgs/bumperbot_msgs/msg/rosidl_generator_c__visibility_control.h
[3.215s] -- Up-to-date: /home/javed/ros_projects/bumperbot_ws/install/bumperbot_msgs/include/bumperbot_msgs/bumperbot_msgs/srv
[3.215s] -- Up-to-date: /home/javed/ros_projects/bumperbot_ws/install/bumperbot_msgs/include/bumperbot_msgs/bumperbot_msgs/srv/add_two_ints.h
[3.215s] -- Up-to-date: /home/javed/ros_projects/bumperbot_ws/install/bumperbot_msgs/include/bumperbot_msgs/bumperbot_msgs/srv/detail
[3.216s] -- Up-to-date: /home/javed/ros_projects/bumperbot_ws/install/bumperbot_msgs/include/bumperbot_msgs/bumperbot_msgs/srv/detail/get_transform__type_support.h
[3.216s] -- Up-to-date: /home/javed/ros_projects/bumperbot_ws/install/bumperbot_msgs/include/bumperbot_msgs/bumperbot_msgs/srv/detail/add_two_ints__functions.h
[3.216s] -- Up-to-date: /home/javed/ros_projects/bumperbot_ws/install/bumperbot_msgs/include/bumperbot_msgs/bumperbot_msgs/srv/detail/get_transform__description.c
[3.216s] -- Up-to-date: /home/javed/ros_projects/bumperbot_ws/install/bumperbot_msgs/include/bumperbot_msgs/bumperbot_msgs/srv/detail/get_transform__functions.h
[3.216s] -- Up-to-date: /home/javed/ros_projects/bumperbot_ws/install/bumperbot_msgs/include/bumperbot_msgs/bumperbot_msgs/srv/detail/add_two_ints__struct.h
[3.216s] -- Up-to-date: /home/javed/ros_projects/bumperbot_ws/install/bumperbot_msgs/include/bumperbot_msgs/bumperbot_msgs/srv/detail/get_transform__type_support.c
[3.216s] -- Up-to-date: /home/javed/ros_projects/bumperbot_ws/install/bumperbot_msgs/include/bumperbot_msgs/bumperbot_msgs/srv/detail/get_transform__struct.h
[3.216s] -- Up-to-date: /home/javed/ros_projects/bumperbot_ws/install/bumperbot_msgs/include/bumperbot_msgs/bumperbot_msgs/srv/detail/add_two_ints__type_support.c
[3.216s] -- Up-to-date: /home/javed/ros_projects/bumperbot_ws/install/bumperbot_msgs/include/bumperbot_msgs/bumperbot_msgs/srv/detail/add_two_ints__functions.c
[3.217s] -- Up-to-date: /home/javed/ros_projects/bumperbot_ws/install/bumperbot_msgs/include/bumperbot_msgs/bumperbot_msgs/srv/detail/add_two_ints__description.c
[3.217s] -- Up-to-date: /home/javed/ros_projects/bumperbot_ws/install/bumperbot_msgs/include/bumperbot_msgs/bumperbot_msgs/srv/detail/get_transform__functions.c
[3.217s] -- Up-to-date: /home/javed/ros_projects/bumperbot_ws/install/bumperbot_msgs/include/bumperbot_msgs/bumperbot_msgs/srv/detail/add_two_ints__type_support.h
[3.217s] -- Up-to-date: /home/javed/ros_projects/bumperbot_ws/install/bumperbot_msgs/include/bumperbot_msgs/bumperbot_msgs/srv/get_transform.h
[3.217s] -- Up-to-date: /home/javed/ros_projects/bumperbot_ws/install/bumperbot_msgs/include/bumperbot_msgs/bumperbot_msgs/action
[3.217s] -- Up-to-date: /home/javed/ros_projects/bumperbot_ws/install/bumperbot_msgs/include/bumperbot_msgs/bumperbot_msgs/action/detail
[3.217s] -- Up-to-date: /home/javed/ros_projects/bumperbot_ws/install/bumperbot_msgs/include/bumperbot_msgs/bumperbot_msgs/action/detail/fibonacci__type_support.c
[3.217s] -- Up-to-date: /home/javed/ros_projects/bumperbot_ws/install/bumperbot_msgs/include/bumperbot_msgs/bumperbot_msgs/action/detail/fibonacci__struct.h
[3.217s] -- Up-to-date: /home/javed/ros_projects/bumperbot_ws/install/bumperbot_msgs/include/bumperbot_msgs/bumperbot_msgs/action/detail/fibonacci__description.c
[3.218s] -- Up-to-date: /home/javed/ros_projects/bumperbot_ws/install/bumperbot_msgs/include/bumperbot_msgs/bumperbot_msgs/action/detail/fibonacci__type_support.h
[3.218s] -- Up-to-date: /home/javed/ros_projects/bumperbot_ws/install/bumperbot_msgs/include/bumperbot_msgs/bumperbot_msgs/action/detail/fibonacci__functions.h
[3.218s] -- Up-to-date: /home/javed/ros_projects/bumperbot_ws/install/bumperbot_msgs/include/bumperbot_msgs/bumperbot_msgs/action/detail/fibonacci__functions.c
[3.218s] -- Up-to-date: /home/javed/ros_projects/bumperbot_ws/install/bumperbot_msgs/include/bumperbot_msgs/bumperbot_msgs/action/fibonacci.h
[3.218s] -- Up-to-date: /home/javed/ros_projects/bumperbot_ws/install/bumperbot_msgs/share/bumperbot_msgs/environment/library_path.sh
[3.218s] -- Up-to-date: /home/javed/ros_projects/bumperbot_ws/install/bumperbot_msgs/share/bumperbot_msgs/environment/library_path.dsv
[3.218s] -- Up-to-date: /home/javed/ros_projects/bumperbot_ws/install/bumperbot_msgs/lib/libbumperbot_msgs__rosidl_generator_c.so
[3.218s] -- Up-to-date: /home/javed/ros_projects/bumperbot_ws/install/bumperbot_msgs/include/bumperbot_msgs/bumperbot_msgs
[3.218s] -- Up-to-date: /home/javed/ros_projects/bumperbot_ws/install/bumperbot_msgs/include/bumperbot_msgs/bumperbot_msgs/msg
[3.218s] -- Up-to-date: /home/javed/ros_projects/bumperbot_ws/install/bumperbot_msgs/include/bumperbot_msgs/bumperbot_msgs/msg/rosidl_typesupport_fastrtps_c__visibility_control.h
[3.218s] -- Up-to-date: /home/javed/ros_projects/bumperbot_ws/install/bumperbot_msgs/include/bumperbot_msgs/bumperbot_msgs/srv
[3.219s] -- Up-to-date: /home/javed/ros_projects/bumperbot_ws/install/bumperbot_msgs/include/bumperbot_msgs/bumperbot_msgs/srv/detail
[3.219s] -- Up-to-date: /home/javed/ros_projects/bumperbot_ws/install/bumperbot_msgs/include/bumperbot_msgs/bumperbot_msgs/srv/detail/get_transform__rosidl_typesupport_fastrtps_c.h
[3.219s] -- Up-to-date: /home/javed/ros_projects/bumperbot_ws/install/bumperbot_msgs/include/bumperbot_msgs/bumperbot_msgs/srv/detail/add_two_ints__rosidl_typesupport_fastrtps_c.h
[3.219s] -- Up-to-date: /home/javed/ros_projects/bumperbot_ws/install/bumperbot_msgs/include/bumperbot_msgs/bumperbot_msgs/action
[3.219s] -- Up-to-date: /home/javed/ros_projects/bumperbot_ws/install/bumperbot_msgs/include/bumperbot_msgs/bumperbot_msgs/action/detail
[3.219s] -- Up-to-date: /home/javed/ros_projects/bumperbot_ws/install/bumperbot_msgs/include/bumperbot_msgs/bumperbot_msgs/action/detail/fibonacci__rosidl_typesupport_fastrtps_c.h
[3.219s] -- Up-to-date: /home/javed/ros_projects/bumperbot_ws/install/bumperbot_msgs/lib/libbumperbot_msgs__rosidl_typesupport_fastrtps_c.so
[3.219s] -- Up-to-date: /home/javed/ros_projects/bumperbot_ws/install/bumperbot_msgs/include/bumperbot_msgs/bumperbot_msgs
[3.220s] -- Up-to-date: /home/javed/ros_projects/bumperbot_ws/install/bumperbot_msgs/include/bumperbot_msgs/bumperbot_msgs/msg
[3.220s] -- Up-to-date: /home/javed/ros_projects/bumperbot_ws/install/bumperbot_msgs/include/bumperbot_msgs/bumperbot_msgs/msg/rosidl_generator_cpp__visibility_control.hpp
[3.220s] -- Up-to-date: /home/javed/ros_projects/bumperbot_ws/install/bumperbot_msgs/include/bumperbot_msgs/bumperbot_msgs/srv
[3.220s] -- Up-to-date: /home/javed/ros_projects/bumperbot_ws/install/bumperbot_msgs/include/bumperbot_msgs/bumperbot_msgs/srv/detail
[3.220s] -- Up-to-date: /home/javed/ros_projects/bumperbot_ws/install/bumperbot_msgs/include/bumperbot_msgs/bumperbot_msgs/srv/detail/add_two_ints__type_support.hpp
[3.220s] -- Up-to-date: /home/javed/ros_projects/bumperbot_ws/install/bumperbot_msgs/include/bumperbot_msgs/bumperbot_msgs/srv/detail/add_two_ints__struct.hpp
[3.220s] -- Up-to-date: /home/javed/ros_projects/bumperbot_ws/install/bumperbot_msgs/include/bumperbot_msgs/bumperbot_msgs/srv/detail/get_transform__traits.hpp
[3.220s] -- Up-to-date: /home/javed/ros_projects/bumperbot_ws/install/bumperbot_msgs/include/bumperbot_msgs/bumperbot_msgs/srv/detail/get_transform__type_support.hpp
[3.220s] -- Up-to-date: /home/javed/ros_projects/bumperbot_ws/install/bumperbot_msgs/include/bumperbot_msgs/bumperbot_msgs/srv/detail/add_two_ints__traits.hpp
[3.221s] -- Up-to-date: /home/javed/ros_projects/bumperbot_ws/install/bumperbot_msgs/include/bumperbot_msgs/bumperbot_msgs/srv/detail/get_transform__builder.hpp
[3.221s] -- Up-to-date: /home/javed/ros_projects/bumperbot_ws/install/bumperbot_msgs/include/bumperbot_msgs/bumperbot_msgs/srv/detail/get_transform__struct.hpp
[3.221s] -- Up-to-date: /home/javed/ros_projects/bumperbot_ws/install/bumperbot_msgs/include/bumperbot_msgs/bumperbot_msgs/srv/detail/add_two_ints__builder.hpp
[3.221s] -- Up-to-date: /home/javed/ros_projects/bumperbot_ws/install/bumperbot_msgs/include/bumperbot_msgs/bumperbot_msgs/srv/get_transform.hpp
[3.221s] -- Up-to-date: /home/javed/ros_projects/bumperbot_ws/install/bumperbot_msgs/include/bumperbot_msgs/bumperbot_msgs/srv/add_two_ints.hpp
[3.221s] -- Up-to-date: /home/javed/ros_projects/bumperbot_ws/install/bumperbot_msgs/include/bumperbot_msgs/bumperbot_msgs/action
[3.221s] -- Up-to-date: /home/javed/ros_projects/bumperbot_ws/install/bumperbot_msgs/include/bumperbot_msgs/bumperbot_msgs/action/fibonacci.hpp
[3.221s] -- Up-to-date: /home/javed/ros_projects/bumperbot_ws/install/bumperbot_msgs/include/bumperbot_msgs/bumperbot_msgs/action/detail
[3.221s] -- Up-to-date: /home/javed/ros_projects/bumperbot_ws/install/bumperbot_msgs/include/bumperbot_msgs/bumperbot_msgs/action/detail/fibonacci__builder.hpp
[3.221s] -- Up-to-date: /home/javed/ros_projects/bumperbot_ws/install/bumperbot_msgs/include/bumperbot_msgs/bumperbot_msgs/action/detail/fibonacci__type_support.hpp
[3.221s] -- Up-to-date: /home/javed/ros_projects/bumperbot_ws/install/bumperbot_msgs/include/bumperbot_msgs/bumperbot_msgs/action/detail/fibonacci__traits.hpp
[3.221s] -- Up-to-date: /home/javed/ros_projects/bumperbot_ws/install/bumperbot_msgs/include/bumperbot_msgs/bumperbot_msgs/action/detail/fibonacci__struct.hpp
[3.222s] -- Up-to-date: /home/javed/ros_projects/bumperbot_ws/install/bumperbot_msgs/include/bumperbot_msgs/bumperbot_msgs
[3.222s] -- Up-to-date: /home/javed/ros_projects/bumperbot_ws/install/bumperbot_msgs/include/bumperbot_msgs/bumperbot_msgs/msg
[3.222s] -- Up-to-date: /home/javed/ros_projects/bumperbot_ws/install/bumperbot_msgs/include/bumperbot_msgs/bumperbot_msgs/msg/rosidl_typesupport_fastrtps_cpp__visibility_control.h
[3.222s] -- Up-to-date: /home/javed/ros_projects/bumperbot_ws/install/bumperbot_msgs/include/bumperbot_msgs/bumperbot_msgs/srv
[3.222s] -- Up-to-date: /home/javed/ros_projects/bumperbot_ws/install/bumperbot_msgs/include/bumperbot_msgs/bumperbot_msgs/srv/detail
[3.222s] -- Up-to-date: /home/javed/ros_projects/bumperbot_ws/install/bumperbot_msgs/include/bumperbot_msgs/bumperbot_msgs/srv/detail/get_transform__rosidl_typesupport_fastrtps_cpp.hpp
[3.222s] -- Up-to-date: /home/javed/ros_projects/bumperbot_ws/install/bumperbot_msgs/include/bumperbot_msgs/bumperbot_msgs/srv/detail/dds_fastrtps
[3.222s] -- Up-to-date: /home/javed/ros_projects/bumperbot_ws/install/bumperbot_msgs/include/bumperbot_msgs/bumperbot_msgs/srv/detail/add_two_ints__rosidl_typesupport_fastrtps_cpp.hpp
[3.222s] -- Up-to-date: /home/javed/ros_projects/bumperbot_ws/install/bumperbot_msgs/include/bumperbot_msgs/bumperbot_msgs/action
[3.222s] -- Up-to-date: /home/javed/ros_projects/bumperbot_ws/install/bumperbot_msgs/include/bumperbot_msgs/bumperbot_msgs/action/detail
[3.222s] -- Up-to-date: /home/javed/ros_projects/bumperbot_ws/install/bumperbot_msgs/include/bumperbot_msgs/bumperbot_msgs/action/detail/dds_fastrtps
[3.222s] -- Up-to-date: /home/javed/ros_projects/bumperbot_ws/install/bumperbot_msgs/include/bumperbot_msgs/bumperbot_msgs/action/detail/fibonacci__rosidl_typesupport_fastrtps_cpp.hpp
[3.222s] -- Up-to-date: /home/javed/ros_projects/bumperbot_ws/install/bumperbot_msgs/lib/libbumperbot_msgs__rosidl_typesupport_fastrtps_cpp.so
[3.222s] -- Up-to-date: /home/javed/ros_projects/bumperbot_ws/install/bumperbot_msgs/include/bumperbot_msgs/bumperbot_msgs
[3.223s] -- Up-to-date: /home/javed/ros_projects/bumperbot_ws/install/bumperbot_msgs/include/bumperbot_msgs/bumperbot_msgs/msg
[3.223s] -- Up-to-date: /home/javed/ros_projects/bumperbot_ws/install/bumperbot_msgs/include/bumperbot_msgs/bumperbot_msgs/msg/rosidl_typesupport_introspection_c__visibility_control.h
[3.223s] -- Up-to-date: /home/javed/ros_projects/bumperbot_ws/install/bumperbot_msgs/include/bumperbot_msgs/bumperbot_msgs/srv
[3.223s] -- Up-to-date: /home/javed/ros_projects/bumperbot_ws/install/bumperbot_msgs/include/bumperbot_msgs/bumperbot_msgs/srv/detail
[3.223s] -- Up-to-date: /home/javed/ros_projects/bumperbot_ws/install/bumperbot_msgs/include/bumperbot_msgs/bumperbot_msgs/srv/detail/get_transform__type_support.c
[3.223s] -- Up-to-date: /home/javed/ros_projects/bumperbot_ws/install/bumperbot_msgs/include/bumperbot_msgs/bumperbot_msgs/srv/detail/add_two_ints__rosidl_typesupport_introspection_c.h
[3.223s] -- Up-to-date: /home/javed/ros_projects/bumperbot_ws/install/bumperbot_msgs/include/bumperbot_msgs/bumperbot_msgs/srv/detail/add_two_ints__type_support.c
[3.223s] -- Up-to-date: /home/javed/ros_projects/bumperbot_ws/install/bumperbot_msgs/include/bumperbot_msgs/bumperbot_msgs/srv/detail/get_transform__rosidl_typesupport_introspection_c.h
[3.223s] -- Up-to-date: /home/javed/ros_projects/bumperbot_ws/install/bumperbot_msgs/include/bumperbot_msgs/bumperbot_msgs/action
[3.223s] -- Up-to-date: /home/javed/ros_projects/bumperbot_ws/install/bumperbot_msgs/include/bumperbot_msgs/bumperbot_msgs/action/detail
[3.223s] -- Up-to-date: /home/javed/ros_projects/bumperbot_ws/install/bumperbot_msgs/include/bumperbot_msgs/bumperbot_msgs/action/detail/fibonacci__type_support.c
[3.223s] -- Up-to-date: /home/javed/ros_projects/bumperbot_ws/install/bumperbot_msgs/include/bumperbot_msgs/bumperbot_msgs/action/detail/fibonacci__rosidl_typesupport_introspection_c.h
[3.224s] -- Up-to-date: /home/javed/ros_projects/bumperbot_ws/install/bumperbot_msgs/lib/libbumperbot_msgs__rosidl_typesupport_introspection_c.so
[3.224s] -- Up-to-date: /home/javed/ros_projects/bumperbot_ws/install/bumperbot_msgs/lib/libbumperbot_msgs__rosidl_typesupport_c.so
[3.224s] -- Up-to-date: /home/javed/ros_projects/bumperbot_ws/install/bumperbot_msgs/include/bumperbot_msgs/bumperbot_msgs
[3.224s] -- Up-to-date: /home/javed/ros_projects/bumperbot_ws/install/bumperbot_msgs/include/bumperbot_msgs/bumperbot_msgs/srv
[3.224s] -- Up-to-date: /home/javed/ros_projects/bumperbot_ws/install/bumperbot_msgs/include/bumperbot_msgs/bumperbot_msgs/srv/detail
[3.224s] -- Up-to-date: /home/javed/ros_projects/bumperbot_ws/install/bumperbot_msgs/include/bumperbot_msgs/bumperbot_msgs/srv/detail/get_transform__type_support.cpp
[3.224s] -- Up-to-date: /home/javed/ros_projects/bumperbot_ws/install/bumperbot_msgs/include/bumperbot_msgs/bumperbot_msgs/srv/detail/get_transform__rosidl_typesupport_introspection_cpp.hpp
[3.224s] -- Up-to-date: /home/javed/ros_projects/bumperbot_ws/install/bumperbot_msgs/include/bumperbot_msgs/bumperbot_msgs/srv/detail/add_two_ints__rosidl_typesupport_introspection_cpp.hpp
[3.224s] -- Up-to-date: /home/javed/ros_projects/bumperbot_ws/install/bumperbot_msgs/include/bumperbot_msgs/bumperbot_msgs/srv/detail/add_two_ints__type_support.cpp
[3.224s] -- Up-to-date: /home/javed/ros_projects/bumperbot_ws/install/bumperbot_msgs/include/bumperbot_msgs/bumperbot_msgs/action
[3.225s] -- Up-to-date: /home/javed/ros_projects/bumperbot_ws/install/bumperbot_msgs/include/bumperbot_msgs/bumperbot_msgs/action/detail
[3.225s] -- Up-to-date: /home/javed/ros_projects/bumperbot_ws/install/bumperbot_msgs/include/bumperbot_msgs/bumperbot_msgs/action/detail/fibonacci__type_support.cpp
[3.225s] -- Up-to-date: /home/javed/ros_projects/bumperbot_ws/install/bumperbot_msgs/include/bumperbot_msgs/bumperbot_msgs/action/detail/fibonacci__rosidl_typesupport_introspection_cpp.hpp
[3.225s] -- Up-to-date: /home/javed/ros_projects/bumperbot_ws/install/bumperbot_msgs/lib/libbumperbot_msgs__rosidl_typesupport_introspection_cpp.so
[3.225s] -- Up-to-date: /home/javed/ros_projects/bumperbot_ws/install/bumperbot_msgs/lib/libbumperbot_msgs__rosidl_typesupport_cpp.so
[3.225s] -- Up-to-date: /home/javed/ros_projects/bumperbot_ws/install/bumperbot_msgs/share/bumperbot_msgs/environment/pythonpath.sh
[3.225s] -- Up-to-date: /home/javed/ros_projects/bumperbot_ws/install/bumperbot_msgs/share/bumperbot_msgs/environment/pythonpath.dsv
[3.225s] -- Up-to-date: /home/javed/ros_projects/bumperbot_ws/install/bumperbot_msgs/lib/python3.12/site-packages/bumperbot_msgs-0.0.0-py3.12.egg-info
[3.225s] -- Installing: /home/javed/ros_projects/bumperbot_ws/install/bumperbot_msgs/lib/python3.12/site-packages/bumperbot_msgs-0.0.0-py3.12.egg-info/SOURCES.txt
[3.225s] -- Installing: /home/javed/ros_projects/bumperbot_ws/install/bumperbot_msgs/lib/python3.12/site-packages/bumperbot_msgs-0.0.0-py3.12.egg-info/dependency_links.txt
[3.225s] -- Installing: /home/javed/ros_projects/bumperbot_ws/install/bumperbot_msgs/lib/python3.12/site-packages/bumperbot_msgs-0.0.0-py3.12.egg-info/PKG-INFO
[3.225s] -- Installing: /home/javed/ros_projects/bumperbot_ws/install/bumperbot_msgs/lib/python3.12/site-packages/bumperbot_msgs-0.0.0-py3.12.egg-info/top_level.txt
[3.225s] -- Up-to-date: /home/javed/ros_projects/bumperbot_ws/install/bumperbot_msgs/lib/python3.12/site-packages/bumperbot_msgs
[3.225s] -- Up-to-date: /home/javed/ros_projects/bumperbot_ws/install/bumperbot_msgs/lib/python3.12/site-packages/bumperbot_msgs/bumperbot_msgs_s__rosidl_typesupport_fastrtps_c.so
[3.226s] -- Up-to-date: /home/javed/ros_projects/bumperbot_ws/install/bumperbot_msgs/lib/python3.12/site-packages/bumperbot_msgs/_bumperbot_msgs_s.ep.rosidl_typesupport_introspection_c.c
[3.226s] -- Up-to-date: /home/javed/ros_projects/bumperbot_ws/install/bumperbot_msgs/lib/python3.12/site-packages/bumperbot_msgs/srv
[3.226s] -- Up-to-date: /home/javed/ros_projects/bumperbot_ws/install/bumperbot_msgs/lib/python3.12/site-packages/bumperbot_msgs/srv/_add_two_ints_s.c
[3.226s] -- Up-to-date: /home/javed/ros_projects/bumperbot_ws/install/bumperbot_msgs/lib/python3.12/site-packages/bumperbot_msgs/srv/__init__.py
[3.226s] -- Up-to-date: /home/javed/ros_projects/bumperbot_ws/install/bumperbot_msgs/lib/python3.12/site-packages/bumperbot_msgs/srv/_get_transform.py
[3.226s] -- Up-to-date: /home/javed/ros_projects/bumperbot_ws/install/bumperbot_msgs/lib/python3.12/site-packages/bumperbot_msgs/srv/_get_transform_s.c
[3.226s] -- Up-to-date: /home/javed/ros_projects/bumperbot_ws/install/bumperbot_msgs/lib/python3.12/site-packages/bumperbot_msgs/srv/_add_two_ints.py
[3.226s] -- Up-to-date: /home/javed/ros_projects/bumperbot_ws/install/bumperbot_msgs/lib/python3.12/site-packages/bumperbot_msgs/__init__.py
[3.226s] -- Up-to-date: /home/javed/ros_projects/bumperbot_ws/install/bumperbot_msgs/lib/python3.12/site-packages/bumperbot_msgs/bumperbot_msgs_s__rosidl_typesupport_c.so
[3.226s] -- Up-to-date: /home/javed/ros_projects/bumperbot_ws/install/bumperbot_msgs/lib/python3.12/site-packages/bumperbot_msgs/_bumperbot_msgs_s.ep.rosidl_typesupport_fastrtps_c.c
[3.226s] -- Up-to-date: /home/javed/ros_projects/bumperbot_ws/install/bumperbot_msgs/lib/python3.12/site-packages/bumperbot_msgs/bumperbot_msgs_s__rosidl_typesupport_introspection_c.so
[3.226s] -- Up-to-date: /home/javed/ros_projects/bumperbot_ws/install/bumperbot_msgs/lib/python3.12/site-packages/bumperbot_msgs/_bumperbot_msgs_s.ep.rosidl_typesupport_c.c
[3.226s] -- Up-to-date: /home/javed/ros_projects/bumperbot_ws/install/bumperbot_msgs/lib/python3.12/site-packages/bumperbot_msgs/action
[3.226s] -- Up-to-date: /home/javed/ros_projects/bumperbot_ws/install/bumperbot_msgs/lib/python3.12/site-packages/bumperbot_msgs/action/__init__.py
[3.227s] -- Up-to-date: /home/javed/ros_projects/bumperbot_ws/install/bumperbot_msgs/lib/python3.12/site-packages/bumperbot_msgs/action/_fibonacci_s.c
[3.227s] -- Up-to-date: /home/javed/ros_projects/bumperbot_ws/install/bumperbot_msgs/lib/python3.12/site-packages/bumperbot_msgs/action/_fibonacci.py
[3.296s] Listing '/home/javed/ros_projects/bumperbot_ws/install/bumperbot_msgs/lib/python3.12/site-packages/bumperbot_msgs'...
[3.296s] Listing '/home/javed/ros_projects/bumperbot_ws/install/bumperbot_msgs/lib/python3.12/site-packages/bumperbot_msgs/action'...
[3.297s] Listing '/home/javed/ros_projects/bumperbot_ws/install/bumperbot_msgs/lib/python3.12/site-packages/bumperbot_msgs/srv'...
[3.303s] -- Up-to-date: /home/javed/ros_projects/bumperbot_ws/install/bumperbot_msgs/lib/python3.12/site-packages/bumperbot_msgs/bumperbot_msgs_s__rosidl_typesupport_fastrtps_c.so
[3.303s] -- Up-to-date: /home/javed/ros_projects/bumperbot_ws/install/bumperbot_msgs/lib/python3.12/site-packages/bumperbot_msgs/bumperbot_msgs_s__rosidl_typesupport_introspection_c.so
[3.303s] -- Up-to-date: /home/javed/ros_projects/bumperbot_ws/install/bumperbot_msgs/lib/python3.12/site-packages/bumperbot_msgs/bumperbot_msgs_s__rosidl_typesupport_c.so
[3.304s] -- Up-to-date: /home/javed/ros_projects/bumperbot_ws/install/bumperbot_msgs/lib/libbumperbot_msgs__rosidl_generator_py.so
[3.304s] -- Up-to-date: /home/javed/ros_projects/bumperbot_ws/install/bumperbot_msgs/share/bumperbot_msgs/action/Fibonacci.idl
[3.304s] -- Up-to-date: /home/javed/ros_projects/bumperbot_ws/install/bumperbot_msgs/share/bumperbot_msgs/srv/AddTwoInts.idl
[3.304s] -- Up-to-date: /home/javed/ros_projects/bumperbot_ws/install/bumperbot_msgs/share/bumperbot_msgs/srv/GetTransform.idl
[3.304s] -- Up-to-date: /home/javed/ros_projects/bumperbot_ws/install/bumperbot_msgs/share/bumperbot_msgs/action/Fibonacci.action
[3.305s] -- Up-to-date: /home/javed/ros_projects/bumperbot_ws/install/bumperbot_msgs/share/bumperbot_msgs/srv/AddTwoInts.srv
[3.305s] -- Up-to-date: /home/javed/ros_projects/bumperbot_ws/install/bumperbot_msgs/share/bumperbot_msgs/srv/GetTransform.srv
[3.305s] -- Up-to-date: /home/javed/ros_projects/bumperbot_ws/install/bumperbot_msgs/share/ament_index/resource_index/package_run_dependencies/bumperbot_msgs
[3.305s] -- Up-to-date: /home/javed/ros_projects/bumperbot_ws/install/bumperbot_msgs/share/ament_index/resource_index/parent_prefix_path/bumperbot_msgs
[3.305s] -- Up-to-date: /home/javed/ros_projects/bumperbot_ws/install/bumperbot_msgs/share/bumperbot_msgs/environment/ament_prefix_path.sh
[3.305s] -- Up-to-date: /home/javed/ros_projects/bumperbot_ws/install/bumperbot_msgs/share/bumperbot_msgs/environment/ament_prefix_path.dsv
[3.305s] -- Up-to-date: /home/javed/ros_projects/bumperbot_ws/install/bumperbot_msgs/share/bumperbot_msgs/environment/path.sh
[3.306s] -- Up-to-date: /home/javed/ros_projects/bumperbot_ws/install/bumperbot_msgs/share/bumperbot_msgs/environment/path.dsv
[3.306s] -- Up-to-date: /home/javed/ros_projects/bumperbot_ws/install/bumperbot_msgs/share/bumperbot_msgs/local_setup.bash
[3.306s] -- Up-to-date: /home/javed/ros_projects/bumperbot_ws/install/bumperbot_msgs/share/bumperbot_msgs/local_setup.sh
[3.306s] -- Up-to-date: /home/javed/ros_projects/bumperbot_ws/install/bumperbot_msgs/share/bumperbot_msgs/local_setup.zsh
[3.306s] -- Up-to-date: /home/javed/ros_projects/bumperbot_ws/install/bumperbot_msgs/share/bumperbot_msgs/local_setup.dsv
[3.306s] -- Installing: /home/javed/ros_projects/bumperbot_ws/install/bumperbot_msgs/share/bumperbot_msgs/package.dsv
[3.319s] -- Up-to-date: /home/javed/ros_projects/bumperbot_ws/install/bumperbot_msgs/share/ament_index/resource_index/packages/bumperbot_msgs
[3.347s] -- Up-to-date: /home/javed/ros_projects/bumperbot_ws/install/bumperbot_msgs/share/bumperbot_msgs/cmake/export_bumperbot_msgs__rosidl_generator_cExport.cmake
[3.348s] -- Up-to-date: /home/javed/ros_projects/bumperbot_ws/install/bumperbot_msgs/share/bumperbot_msgs/cmake/export_bumperbot_msgs__rosidl_generator_cExport-noconfig.cmake
[3.348s] -- Up-to-date: /home/javed/ros_projects/bumperbot_ws/install/bumperbot_msgs/share/bumperbot_msgs/cmake/export_bumperbot_msgs__rosidl_typesupport_fastrtps_cExport.cmake
[3.348s] -- Up-to-date: /home/javed/ros_projects/bumperbot_ws/install/bumperbot_msgs/share/bumperbot_msgs/cmake/export_bumperbot_msgs__rosidl_typesupport_fastrtps_cExport-noconfig.cmake
[3.348s] -- Up-to-date: /home/javed/ros_projects/bumperbot_ws/install/bumperbot_msgs/share/bumperbot_msgs/cmake/export_bumperbot_msgs__rosidl_generator_cppExport.cmake
[3.348s] -- Up-to-date: /home/javed/ros_projects/bumperbot_ws/install/bumperbot_msgs/share/bumperbot_msgs/cmake/export_bumperbot_msgs__rosidl_typesupport_fastrtps_cppExport.cmake
[3.348s] -- Up-to-date: /home/javed/ros_projects/bumperbot_ws/install/bumperbot_msgs/share/bumperbot_msgs/cmake/export_bumperbot_msgs__rosidl_typesupport_fastrtps_cppExport-noconfig.cmake
[3.349s] -- Up-to-date: /home/javed/ros_projects/bumperbot_ws/install/bumperbot_msgs/share/bumperbot_msgs/cmake/bumperbot_msgs__rosidl_typesupport_introspection_cExport.cmake
[3.349s] -- Up-to-date: /home/javed/ros_projects/bumperbot_ws/install/bumperbot_msgs/share/bumperbot_msgs/cmake/bumperbot_msgs__rosidl_typesupport_introspection_cExport-noconfig.cmake
[3.349s] -- Up-to-date: /home/javed/ros_projects/bumperbot_ws/install/bumperbot_msgs/share/bumperbot_msgs/cmake/bumperbot_msgs__rosidl_typesupport_cExport.cmake
[3.349s] -- Up-to-date: /home/javed/ros_projects/bumperbot_ws/install/bumperbot_msgs/share/bumperbot_msgs/cmake/bumperbot_msgs__rosidl_typesupport_cExport-noconfig.cmake
[3.349s] -- Up-to-date: /home/javed/ros_projects/bumperbot_ws/install/bumperbot_msgs/share/bumperbot_msgs/cmake/bumperbot_msgs__rosidl_typesupport_introspection_cppExport.cmake
[3.349s] -- Up-to-date: /home/javed/ros_projects/bumperbot_ws/install/bumperbot_msgs/share/bumperbot_msgs/cmake/bumperbot_msgs__rosidl_typesupport_introspection_cppExport-noconfig.cmake
[3.350s] -- Up-to-date: /home/javed/ros_projects/bumperbot_ws/install/bumperbot_msgs/share/bumperbot_msgs/cmake/bumperbot_msgs__rosidl_typesupport_cppExport.cmake
[3.350s] -- Up-to-date: /home/javed/ros_projects/bumperbot_ws/install/bumperbot_msgs/share/bumperbot_msgs/cmake/bumperbot_msgs__rosidl_typesupport_cppExport-noconfig.cmake
[3.350s] -- Up-to-date: /home/javed/ros_projects/bumperbot_ws/install/bumperbot_msgs/share/bumperbot_msgs/cmake/export_bumperbot_msgs__rosidl_generator_pyExport.cmake
[3.350s] -- Up-to-date: /home/javed/ros_projects/bumperbot_ws/install/bumperbot_msgs/share/bumperbot_msgs/cmake/export_bumperbot_msgs__rosidl_generator_pyExport-noconfig.cmake
[3.350s] -- Up-to-date: /home/javed/ros_projects/bumperbot_ws/install/bumperbot_msgs/share/bumperbot_msgs/cmake/rosidl_cmake-extras.cmake
[3.350s] -- Up-to-date: /home/javed/ros_projects/bumperbot_ws/install/bumperbot_msgs/share/bumperbot_msgs/cmake/ament_cmake_export_dependencies-extras.cmake
[3.351s] -- Up-to-date: /home/javed/ros_projects/bumperbot_ws/install/bumperbot_msgs/share/bumperbot_msgs/cmake/ament_cmake_export_include_directories-extras.cmake
[3.351s] -- Up-to-date: /home/javed/ros_projects/bumperbot_ws/install/bumperbot_msgs/share/bumperbot_msgs/cmake/ament_cmake_export_libraries-extras.cmake
[3.351s] -- Up-to-date: /home/javed/ros_projects/bumperbot_ws/install/bumperbot_msgs/share/bumperbot_msgs/cmake/ament_cmake_export_targets-extras.cmake
[3.351s] -- Up-to-date: /home/javed/ros_projects/bumperbot_ws/install/bumperbot_msgs/share/bumperbot_msgs/cmake/rosidl_cmake_export_typesupport_targets-extras.cmake
[3.351s] -- Up-to-date: /home/javed/ros_projects/bumperbot_ws/install/bumperbot_msgs/share/bumperbot_msgs/cmake/rosidl_cmake_export_typesupport_libraries-extras.cmake
[3.351s] -- Up-to-date: /home/javed/ros_projects/bumperbot_ws/install/bumperbot_msgs/share/bumperbot_msgs/cmake/bumperbot_msgsConfig.cmake
[3.351s] -- Up-to-date: /home/javed/ros_projects/bumperbot_ws/install/bumperbot_msgs/share/bumperbot_msgs/cmake/bumperbot_msgsConfig-version.cmake
[3.351s] -- Up-to-date: /home/javed/ros_projects/bumperbot_ws/install/bumperbot_msgs/share/bumperbot_msgs/package.xml
[3.378s] Invoked command in '/home/javed/ros_projects/bumperbot_ws/build/bumperbot_msgs' returned '0': CMAKE_PREFIX_PATH=${CMAKE_PREFIX_PATH}:/home/javed/ros_projects/bumperbot_ws/install/bumperbot_py_examples:/home/javed/ros_practice/install/bumperbot_python_examples:/opt/ros/jazzy DEBUGINFOD_URLS=https://debuginfod.ubuntu.com /usr/bin/cmake --install /home/javed/ros_projects/bumperbot_ws/build/bumperbot_msgs
