[0.030s] Invoking command in '/home/javed/ros_projects/bumperbot_ws/build/bumperbot_mapping': CMAKE_PREFIX_PATH=${CMAKE_PREFIX_PATH}:/opt/ros/jazzy DEBUGINFOD_URLS=https://debuginfod.ubuntu.com /usr/bin/cmake /home/javed/ros_projects/bumperbot_ws/src/bumperbot_mapping -DCMAKE_INSTALL_PREFIX=/home/javed/ros_projects/bumperbot_ws/install/bumperbot_mapping
[1.838s] -- The C compiler identification is GNU 13.3.0
[2.787s] -- The CXX compiler identification is GNU 13.3.0
[3.006s] -- Detecting C compiler ABI info
[3.334s] -- Detecting C compiler ABI info - done
[3.342s] -- Check for working C compiler: /usr/bin/cc - skipped
[3.342s] -- Detecting C compile features
[3.374s] -- Detecting C compile features - done
[3.431s] -- Detecting CXX compiler ABI info
[3.593s] -- Detecting CXX compiler ABI info - done
[3.601s] -- Check for working CXX compiler: /usr/bin/c++ - skipped
[3.601s] -- Detecting CXX compile features
[3.602s] -- Detecting CXX compile features - done
[3.805s] -- Found ament_cmake: 2.5.4 (/opt/ros/jazzy/share/ament_cmake/cmake)
[4.094s] -- Found Python3: /usr/bin/python3 (found version "3.12.3") found components: Interpreter 
[4.424s] -- Found rclcpp: 28.1.9 (/opt/ros/jazzy/share/rclcpp/cmake)
[4.820s] -- Found rosidl_generator_c: 4.6.5 (/opt/ros/jazzy/share/rosidl_generator_c/cmake)
[4.886s] -- Found rosidl_generator_cpp: 4.6.5 (/opt/ros/jazzy/share/rosidl_generator_cpp/cmake)
[5.195s] -- Using all available rosidl_typesupport_c: rosidl_typesupport_fastrtps_c;rosidl_typesupport_introspection_c
[5.240s] -- Using all available rosidl_typesupport_cpp: rosidl_typesupport_fastrtps_cpp;rosidl_typesupport_introspection_cpp
[5.815s] -- Found rmw_implementation_cmake: 7.3.2 (/opt/ros/jazzy/share/rmw_implementation_cmake/cmake)
[5.862s] -- Found rmw_fastrtps_cpp: 8.4.2 (/opt/ros/jazzy/share/rmw_fastrtps_cpp/cmake)
[7.206s] -- Found OpenSSL: /usr/lib/x86_64-linux-gnu/libcrypto.so (found version "3.0.13")  
[7.303s] -- Found FastRTPS: /opt/ros/jazzy/include (Required is at least version "2.13") 
[7.364s] -- Using RMW implementation 'rmw_fastrtps_cpp' as default
[8.309s] -- Found rclpy: 7.1.4 (/opt/ros/jazzy/share/rclpy/cmake)
[8.338s] -- Found sensor_msgs: 5.3.6 (/opt/ros/jazzy/share/sensor_msgs/cmake)
[8.394s] -- Found nav_msgs: 5.3.6 (/opt/ros/jazzy/share/nav_msgs/cmake)
[8.544s] -- Found tf2_ros: 0.36.11 (/opt/ros/jazzy/share/tf2_ros/cmake)
[9.343s] -- Configuring done (8.8s)
[9.445s] -- Generating done (0.0s)
[9.482s] -- Build files have been written to: /home/javed/ros_projects/bumperbot_ws/build/bumperbot_mapping
[9.492s] Invoked command in '/home/javed/ros_projects/bumperbot_ws/build/bumperbot_mapping' returned '0': CMAKE_PREFIX_PATH=${CMAKE_PREFIX_PATH}:/opt/ros/jazzy DEBUGINFOD_URLS=https://debuginfod.ubuntu.com /usr/bin/cmake /home/javed/ros_projects/bumperbot_ws/src/bumperbot_mapping -DCMAKE_INSTALL_PREFIX=/home/javed/ros_projects/bumperbot_ws/install/bumperbot_mapping
[9.492s] Invoking command in '/home/javed/ros_projects/bumperbot_ws/build/bumperbot_mapping': CMAKE_PREFIX_PATH=${CMAKE_PREFIX_PATH}:/opt/ros/jazzy DEBUGINFOD_URLS=https://debuginfod.ubuntu.com /usr/bin/cmake --build /home/javed/ros_projects/bumperbot_ws/build/bumperbot_mapping -- -j16 -l16
[9.542s] [ 50%] [32mBuilding CXX object CMakeFiles/mapping_with_known_poses.dir/src/mapping_with_known_poses.cpp.o[0m
[9.744s] [ 50%] Built target ament_cmake_python_copy_bumperbot_mapping
[10.185s] running egg_info
[10.185s] creating bumperbot_mapping.egg-info
[10.203s] writing bumperbot_mapping.egg-info/PKG-INFO
[10.203s] writing dependency_links to bumperbot_mapping.egg-info/dependency_links.txt
[10.203s] writing top-level names to bumperbot_mapping.egg-info/top_level.txt
[10.203s] writing manifest file 'bumperbot_mapping.egg-info/SOURCES.txt'
[10.391s] reading manifest file 'bumperbot_mapping.egg-info/SOURCES.txt'
[10.391s] writing manifest file 'bumperbot_mapping.egg-info/SOURCES.txt'
[10.418s] [ 50%] Built target ament_cmake_python_build_bumperbot_mapping_egg
[44.579s] [100%] [32m[1mLinking CXX executable mapping_with_known_poses[0m
[45.571s] [100%] Built target mapping_with_known_poses
[45.583s] Invoked command in '/home/javed/ros_projects/bumperbot_ws/build/bumperbot_mapping' returned '0': CMAKE_PREFIX_PATH=${CMAKE_PREFIX_PATH}:/opt/ros/jazzy DEBUGINFOD_URLS=https://debuginfod.ubuntu.com /usr/bin/cmake --build /home/javed/ros_projects/bumperbot_ws/build/bumperbot_mapping -- -j16 -l16
[45.584s] Invoking command in '/home/javed/ros_projects/bumperbot_ws/build/bumperbot_mapping': CMAKE_PREFIX_PATH=${CMAKE_PREFIX_PATH}:/opt/ros/jazzy DEBUGINFOD_URLS=https://debuginfod.ubuntu.com /usr/bin/cmake --install /home/javed/ros_projects/bumperbot_ws/build/bumperbot_mapping
[45.593s] -- Install configuration: ""
[45.593s] -- Installing: /home/javed/ros_projects/bumperbot_ws/install/bumperbot_mapping/share/bumperbot_mapping/environment/pythonpath.sh
[45.593s] -- Installing: /home/javed/ros_projects/bumperbot_ws/install/bumperbot_mapping/share/bumperbot_mapping/environment/pythonpath.dsv
[45.593s] -- Installing: /home/javed/ros_projects/bumperbot_ws/install/bumperbot_mapping/lib/python3.12/site-packages/bumperbot_mapping-0.0.0-py3.12.egg-info
[45.593s] -- Installing: /home/javed/ros_projects/bumperbot_ws/install/bumperbot_mapping/lib/python3.12/site-packages/bumperbot_mapping-0.0.0-py3.12.egg-info/SOURCES.txt
[45.593s] -- Installing: /home/javed/ros_projects/bumperbot_ws/install/bumperbot_mapping/lib/python3.12/site-packages/bumperbot_mapping-0.0.0-py3.12.egg-info/dependency_links.txt
[45.593s] -- Installing: /home/javed/ros_projects/bumperbot_ws/install/bumperbot_mapping/lib/python3.12/site-packages/bumperbot_mapping-0.0.0-py3.12.egg-info/PKG-INFO
[45.594s] -- Installing: /home/javed/ros_projects/bumperbot_ws/install/bumperbot_mapping/lib/python3.12/site-packages/bumperbot_mapping-0.0.0-py3.12.egg-info/top_level.txt
[45.594s] -- Installing: /home/javed/ros_projects/bumperbot_ws/install/bumperbot_mapping/lib/python3.12/site-packages/bumperbot_mapping
[45.594s] -- Installing: /home/javed/ros_projects/bumperbot_ws/install/bumperbot_mapping/lib/python3.12/site-packages/bumperbot_mapping/mapping_with_known_poses.py
[45.594s] -- Installing: /home/javed/ros_projects/bumperbot_ws/install/bumperbot_mapping/lib/python3.12/site-packages/bumperbot_mapping/__init__.py
[45.626s] Listing '/home/javed/ros_projects/bumperbot_ws/install/bumperbot_mapping/lib/python3.12/site-packages/bumperbot_mapping'...
[45.626s] Compiling '/home/javed/ros_projects/bumperbot_ws/install/bumperbot_mapping/lib/python3.12/site-packages/bumperbot_mapping/__init__.py'...
[45.626s] Compiling '/home/javed/ros_projects/bumperbot_ws/install/bumperbot_mapping/lib/python3.12/site-packages/bumperbot_mapping/mapping_with_known_poses.py'...
[45.630s] -- Installing: /home/javed/ros_projects/bumperbot_ws/install/bumperbot_mapping/include/include
[45.631s] -- Installing: /home/javed/ros_projects/bumperbot_ws/install/bumperbot_mapping/include/include/bumperbot_mapping
[45.631s] -- Installing: /home/javed/ros_projects/bumperbot_ws/install/bumperbot_mapping/include/include/bumperbot_mapping/mapping_with_known_poses.hpp
[45.631s] -- Installing: /home/javed/ros_projects/bumperbot_ws/install/bumperbot_mapping/lib/bumperbot_mapping/mapping_with_known_poses
[45.636s] -- Set non-toolchain portion of runtime path of "/home/javed/ros_projects/bumperbot_ws/install/bumperbot_mapping/lib/bumperbot_mapping/mapping_with_known_poses" to ""
[45.636s] -- Installing: /home/javed/ros_projects/bumperbot_ws/install/bumperbot_mapping/share/bumperbot_mapping/config
[45.663s] -- Installing: /home/javed/ros_projects/bumperbot_ws/install/bumperbot_mapping/share/bumperbot_mapping/config/slam_toolbox.yaml
[45.668s] -- Installing: /home/javed/ros_projects/bumperbot_ws/install/bumperbot_mapping/share/bumperbot_mapping/launch
[45.668s] -- Installing: /home/javed/ros_projects/bumperbot_ws/install/bumperbot_mapping/share/bumperbot_mapping/launch/slam.launch.py
[45.669s] -- Installing: /home/javed/ros_projects/bumperbot_ws/install/bumperbot_mapping/share/bumperbot_mapping/maps
[45.669s] -- Installing: /home/javed/ros_projects/bumperbot_ws/install/bumperbot_mapping/share/bumperbot_mapping/maps/small_house
[45.669s] -- Installing: /home/javed/ros_projects/bumperbot_ws/install/bumperbot_mapping/share/bumperbot_mapping/maps/small_house/map.yaml
[45.669s] -- Installing: /home/javed/ros_projects/bumperbot_ws/install/bumperbot_mapping/share/bumperbot_mapping/maps/small_house/map.pgm
[45.687s] -- Installing: /home/javed/ros_projects/bumperbot_ws/install/bumperbot_mapping/share/bumperbot_mapping/maps/small_warehouse
[45.687s] -- Installing: /home/javed/ros_projects/bumperbot_ws/install/bumperbot_mapping/share/bumperbot_mapping/maps/small_warehouse/map.yaml
[45.688s] -- Installing: /home/javed/ros_projects/bumperbot_ws/install/bumperbot_mapping/share/bumperbot_mapping/maps/small_warehouse/map.pgm
[45.720s] -- Installing: /home/javed/ros_projects/bumperbot_ws/install/bumperbot_mapping/share/bumperbot_mapping/rviz
[45.720s] -- Installing: /home/javed/ros_projects/bumperbot_ws/install/bumperbot_mapping/share/bumperbot_mapping/rviz/slam.rviz
[45.720s] -- Installing: /home/javed/ros_projects/bumperbot_ws/install/bumperbot_mapping/lib/bumperbot_mapping/mapping_with_known_poses.py
[45.721s] -- Installing: /home/javed/ros_projects/bumperbot_ws/install/bumperbot_mapping/share/ament_index/resource_index/package_run_dependencies/bumperbot_mapping
[45.721s] -- Installing: /home/javed/ros_projects/bumperbot_ws/install/bumperbot_mapping/share/ament_index/resource_index/parent_prefix_path/bumperbot_mapping
[45.721s] -- Installing: /home/javed/ros_projects/bumperbot_ws/install/bumperbot_mapping/share/bumperbot_mapping/environment/ament_prefix_path.sh
[45.721s] -- Installing: /home/javed/ros_projects/bumperbot_ws/install/bumperbot_mapping/share/bumperbot_mapping/environment/ament_prefix_path.dsv
[45.721s] -- Installing: /home/javed/ros_projects/bumperbot_ws/install/bumperbot_mapping/share/bumperbot_mapping/environment/path.sh
[45.721s] -- Installing: /home/javed/ros_projects/bumperbot_ws/install/bumperbot_mapping/share/bumperbot_mapping/environment/path.dsv
[45.721s] -- Installing: /home/javed/ros_projects/bumperbot_ws/install/bumperbot_mapping/share/bumperbot_mapping/local_setup.bash
[45.722s] -- Installing: /home/javed/ros_projects/bumperbot_ws/install/bumperbot_mapping/share/bumperbot_mapping/local_setup.sh
[45.722s] -- Installing: /home/javed/ros_projects/bumperbot_ws/install/bumperbot_mapping/share/bumperbot_mapping/local_setup.zsh
[45.722s] -- Installing: /home/javed/ros_projects/bumperbot_ws/install/bumperbot_mapping/share/bumperbot_mapping/local_setup.dsv
[45.722s] -- Installing: /home/javed/ros_projects/bumperbot_ws/install/bumperbot_mapping/share/bumperbot_mapping/package.dsv
[45.722s] -- Installing: /home/javed/ros_projects/bumperbot_ws/install/bumperbot_mapping/share/ament_index/resource_index/packages/bumperbot_mapping
[45.722s] -- Installing: /home/javed/ros_projects/bumperbot_ws/install/bumperbot_mapping/share/bumperbot_mapping/cmake/bumperbot_mappingConfig.cmake
[45.722s] -- Installing: /home/javed/ros_projects/bumperbot_ws/install/bumperbot_mapping/share/bumperbot_mapping/cmake/bumperbot_mappingConfig-version.cmake
[45.722s] -- Installing: /home/javed/ros_projects/bumperbot_ws/install/bumperbot_mapping/share/bumperbot_mapping/package.xml
[45.724s] Invoked command in '/home/javed/ros_projects/bumperbot_ws/build/bumperbot_mapping' returned '0': CMAKE_PREFIX_PATH=${CMAKE_PREFIX_PATH}:/opt/ros/jazzy DEBUGINFOD_URLS=https://debuginfod.ubuntu.com /usr/bin/cmake --install /home/javed/ros_projects/bumperbot_ws/build/bumperbot_mapping
