[ 35%] Built target simple_subscriber
[ 35%] Built target simple_publisher
[ 35%] Built target simple_lifecycle_node
[ 35%] Built target simple_parameter
[ 35%] Built target simple_turtlesim_kinematics
[ 39%] [32m[1mLinking CXX shared library libsimple_action_client.so[0m
[ 42%] [32m[1mLinking CXX executable simple_service_client[0m
[ 46%] [32m[1mLinking CXX executable simple_service_server[0m
[ 57%] Built target simple_qos_publisher
[ 60%] Built target simple_qos_subscriber
[ 64%] [32m[1mLinking CXX executable simple_tf_kinematics[0m
[ 75%] Built target simple_action_server_node
[ 78%] Built target simple_action_client_node
[ 82%] [32m[1mLinking CXX shared library libsimple_action_server.so[0m
[ 85%] Built target simple_service_client
[ 89%] Built target simple_action_client
[ 92%] Built target simple_action_server
[ 96%] Built target simple_service_server
[100%] Built target simple_tf_kinematics
-- Install configuration: ""
-- Up-to-date: /home/javed/ros_projects/bumperbot_ws/install/bumperbot_cpp_examples/lib/bumperbot_cpp_examples/simple_action_server_node
-- Up-to-date: /home/javed/ros_projects/bumperbot_ws/install/bumperbot_cpp_examples/lib/bumperbot_cpp_examples/simple_action_client_node
-- Up-to-date: /home/javed/ros_projects/bumperbot_ws/install/bumperbot_cpp_examples/include/include
-- Up-to-date: /home/javed/ros_projects/bumperbot_ws/install/bumperbot_cpp_examples/include/include/bumperbot_cpp_examples
-- Up-to-date: /home/javed/ros_projects/bumperbot_ws/install/bumperbot_cpp_examples/include/include/bumperbot_cpp_examples/simple_turtlesim_kinematics.hpp
-- Up-to-date: /home/javed/ros_projects/bumperbot_ws/install/bumperbot_cpp_examples/include/include/bumperbot_cpp_examples/simple_tf_kinematics.hpp
-- Up-to-date: /home/javed/ros_projects/bumperbot_ws/install/bumperbot_cpp_examples/lib/bumperbot_cpp_examples/simple_publisher
-- Up-to-date: /home/javed/ros_projects/bumperbot_ws/install/bumperbot_cpp_examples/lib/bumperbot_cpp_examples/simple_subscriber
-- Up-to-date: /home/javed/ros_projects/bumperbot_ws/install/bumperbot_cpp_examples/lib/bumperbot_cpp_examples/simple_parameter
-- Up-to-date: /home/javed/ros_projects/bumperbot_ws/install/bumperbot_cpp_examples/lib/bumperbot_cpp_examples/simple_turtlesim_kinematics
-- Installing: /home/javed/ros_projects/bumperbot_ws/install/bumperbot_cpp_examples/lib/bumperbot_cpp_examples/simple_service_server
-- Set non-toolchain portion of runtime path of "/home/javed/ros_projects/bumperbot_ws/install/bumperbot_cpp_examples/lib/bumperbot_cpp_examples/simple_service_server" to ""
-- Installing: /home/javed/ros_projects/bumperbot_ws/install/bumperbot_cpp_examples/lib/bumperbot_cpp_examples/simple_service_client
-- Set non-toolchain portion of runtime path of "/home/javed/ros_projects/bumperbot_ws/install/bumperbot_cpp_examples/lib/bumperbot_cpp_examples/simple_service_client" to ""
-- Installing: /home/javed/ros_projects/bumperbot_ws/install/bumperbot_cpp_examples/lib/bumperbot_cpp_examples/simple_tf_kinematics
-- Set non-toolchain portion of runtime path of "/home/javed/ros_projects/bumperbot_ws/install/bumperbot_cpp_examples/lib/bumperbot_cpp_examples/simple_tf_kinematics" to ""
-- Up-to-date: /home/javed/ros_projects/bumperbot_ws/install/bumperbot_cpp_examples/lib/bumperbot_cpp_examples/simple_lifecycle_node
-- Up-to-date: /home/javed/ros_projects/bumperbot_ws/install/bumperbot_cpp_examples/lib/bumperbot_cpp_examples/simple_qos_publisher
-- Up-to-date: /home/javed/ros_projects/bumperbot_ws/install/bumperbot_cpp_examples/lib/bumperbot_cpp_examples/simple_qos_subscriber
-- Installing: /home/javed/ros_projects/bumperbot_ws/install/bumperbot_cpp_examples/lib/libsimple_action_server.so
-- Set non-toolchain portion of runtime path of "/home/javed/ros_projects/bumperbot_ws/install/bumperbot_cpp_examples/lib/libsimple_action_server.so" to ""
-- Installing: /home/javed/ros_projects/bumperbot_ws/install/bumperbot_cpp_examples/lib/libsimple_action_client.so
-- Set non-toolchain portion of runtime path of "/home/javed/ros_projects/bumperbot_ws/install/bumperbot_cpp_examples/lib/libsimple_action_client.so" to ""
-- Up-to-date: /home/javed/ros_projects/bumperbot_ws/install/bumperbot_cpp_examples/share/ament_index/resource_index/package_run_dependencies/bumperbot_cpp_examples
-- Up-to-date: /home/javed/ros_projects/bumperbot_ws/install/bumperbot_cpp_examples/share/ament_index/resource_index/parent_prefix_path/bumperbot_cpp_examples
-- Up-to-date: /home/javed/ros_projects/bumperbot_ws/install/bumperbot_cpp_examples/share/bumperbot_cpp_examples/environment/ament_prefix_path.sh
-- Up-to-date: /home/javed/ros_projects/bumperbot_ws/install/bumperbot_cpp_examples/share/bumperbot_cpp_examples/environment/ament_prefix_path.dsv
-- Up-to-date: /home/javed/ros_projects/bumperbot_ws/install/bumperbot_cpp_examples/share/bumperbot_cpp_examples/environment/path.sh
-- Up-to-date: /home/javed/ros_projects/bumperbot_ws/install/bumperbot_cpp_examples/share/bumperbot_cpp_examples/environment/path.dsv
-- Up-to-date: /home/javed/ros_projects/bumperbot_ws/install/bumperbot_cpp_examples/share/bumperbot_cpp_examples/local_setup.bash
-- Up-to-date: /home/javed/ros_projects/bumperbot_ws/install/bumperbot_cpp_examples/share/bumperbot_cpp_examples/local_setup.sh
-- Up-to-date: /home/javed/ros_projects/bumperbot_ws/install/bumperbot_cpp_examples/share/bumperbot_cpp_examples/local_setup.zsh
-- Up-to-date: /home/javed/ros_projects/bumperbot_ws/install/bumperbot_cpp_examples/share/bumperbot_cpp_examples/local_setup.dsv
-- Installing: /home/javed/ros_projects/bumperbot_ws/install/bumperbot_cpp_examples/share/bumperbot_cpp_examples/package.dsv
-- Up-to-date: /home/javed/ros_projects/bumperbot_ws/install/bumperbot_cpp_examples/share/ament_index/resource_index/packages/bumperbot_cpp_examples
-- Up-to-date: /home/javed/ros_projects/bumperbot_ws/install/bumperbot_cpp_examples/share/ament_index/resource_index/rclcpp_components/bumperbot_cpp_examples
-- Up-to-date: /home/javed/ros_projects/bumperbot_ws/install/bumperbot_cpp_examples/share/bumperbot_cpp_examples/cmake/bumperbot_cpp_examplesConfig.cmake
-- Up-to-date: /home/javed/ros_projects/bumperbot_ws/install/bumperbot_cpp_examples/share/bumperbot_cpp_examples/cmake/bumperbot_cpp_examplesConfig-version.cmake
-- Up-to-date: /home/javed/ros_projects/bumperbot_ws/install/bumperbot_cpp_examples/share/bumperbot_cpp_examples/package.xml
