[0.038s] Invoking command in '/home/javed/ros_projects/bumperbot_ws/build/bumperbot_msgs': CMAKE_PREFIX_PATH=${CMAKE_PREFIX_PATH}:/home/javed/ros_projects/bumperbot_ws/install/bumperbot_py_examples:/home/javed/ros_practice/install/bumperbot_python_examples:/opt/ros/jazzy DEBUGINFOD_URLS=https://debuginfod.ubuntu.com /usr/bin/cmake --build /home/javed/ros_projects/bumperbot_ws/build/bumperbot_msgs -- -j16 -l16
[0.100s] [  1%] Built target bumperbot_msgs__rosidl_generator_type_description
[0.123s] [  1%] Built target ament_cmake_python_copy_bumperbot_msgs
[0.145s] [  3%] Built target bumperbot_msgs__cpp
[0.200s] [ 24%] Built target bumperbot_msgs__rosidl_generator_c
[0.270s] [ 33%] Built target bumperbot_msgs__rosidl_typesupport_cpp
[0.270s] [ 42%] Built target bumperbot_msgs__rosidl_typesupport_fastrtps_c
[0.270s] [ 61%] Built target bumperbot_msgs__rosidl_typesupport_fastrtps_cpp
[0.270s] [ 61%] Built target bumperbot_msgs__rosidl_typesupport_introspection_c
[0.270s] [ 70%] Built target bumperbot_msgs__rosidl_typesupport_c
[0.271s] [ 79%] Built target bumperbot_msgs__rosidl_typesupport_introspection_cpp
[0.271s] [ 79%] Built target bumperbot_msgs
[0.283s] [ 81%] Built target bumperbot_msgs__py
[0.322s] [ 88%] Built target bumperbot_msgs__rosidl_generator_py
[0.358s] [ 92%] Built target bumperbot_msgs_s__rosidl_typesupport_introspection_c
[0.359s] [ 96%] Built target bumperbot_msgs_s__rosidl_typesupport_c
[0.362s] [100%] Built target bumperbot_msgs_s__rosidl_typesupport_fastrtps_c
[0.405s] running egg_info
[0.431s] writing bumperbot_msgs.egg-info/PKG-INFO
[0.432s] writing dependency_links to bumperbot_msgs.egg-info/dependency_links.txt
[0.432s] writing top-level names to bumperbot_msgs.egg-info/top_level.txt
[0.529s] reading manifest file 'bumperbot_msgs.egg-info/SOURCES.txt'
[0.530s] writing manifest file 'bumperbot_msgs.egg-info/SOURCES.txt'
[0.579s] [100%] Built target ament_cmake_python_build_bumperbot_msgs_egg
[0.600s] Invoked command in '/home/javed/ros_projects/bumperbot_ws/build/bumperbot_msgs' returned '0': CMAKE_PREFIX_PATH=${CMAKE_PREFIX_PATH}:/home/javed/ros_projects/bumperbot_ws/install/bumperbot_py_examples:/home/javed/ros_practice/install/bumperbot_python_examples:/opt/ros/jazzy DEBUGINFOD_URLS=https://debuginfod.ubuntu.com /usr/bin/cmake --build /home/javed/ros_projects/bumperbot_ws/build/bumperbot_msgs -- -j16 -l16
[0.601s] Invoking command in '/home/javed/ros_projects/bumperbot_ws/build/bumperbot_msgs': CMAKE_PREFIX_PATH=${CMAKE_PREFIX_PATH}:/home/javed/ros_projects/bumperbot_ws/install/bumperbot_py_examples:/home/javed/ros_practice/install/bumperbot_python_examples:/opt/ros/jazzy DEBUGINFOD_URLS=https://debuginfod.ubuntu.com /usr/bin/cmake --install /home/javed/ros_projects/bumperbot_ws/build/bumperbot_msgs
[0.615s] -- Install configuration: ""
[0.615s] -- Up-to-date: /home/javed/ros_projects/bumperbot_ws/install/bumperbot_msgs/share/ament_index/resource_index/rosidl_interfaces/bumperbot_msgs
[0.615s] -- Up-to-date: /home/javed/ros_projects/bumperbot_ws/install/bumperbot_msgs/share/bumperbot_msgs/action/Fibonacci.json
[0.615s] -- Up-to-date: /home/javed/ros_projects/bumperbot_ws/install/bumperbot_msgs/share/bumperbot_msgs/srv/AddTwoInts.json
[0.615s] -- Up-to-date: /home/javed/ros_projects/bumperbot_ws/install/bumperbot_msgs/share/bumperbot_msgs/srv/GetTransform.json
[0.615s] -- Up-to-date: /home/javed/ros_projects/bumperbot_ws/install/bumperbot_msgs/include/bumperbot_msgs/bumperbot_msgs
[0.616s] -- Up-to-date: /home/javed/ros_projects/bumperbot_ws/install/bumperbot_msgs/include/bumperbot_msgs/bumperbot_msgs/msg
[0.616s] -- Up-to-date: /home/javed/ros_projects/bumperbot_ws/install/bumperbot_msgs/include/bumperbot_msgs/bumperbot_msgs/msg/rosidl_generator_c__visibility_control.h
[0.616s] -- Up-to-date: /home/javed/ros_projects/bumperbot_ws/install/bumperbot_msgs/include/bumperbot_msgs/bumperbot_msgs/srv
[0.616s] -- Up-to-date: /home/javed/ros_projects/bumperbot_ws/install/bumperbot_msgs/include/bumperbot_msgs/bumperbot_msgs/srv/add_two_ints.h
[0.616s] -- Up-to-date: /home/javed/ros_projects/bumperbot_ws/install/bumperbot_msgs/include/bumperbot_msgs/bumperbot_msgs/srv/detail
[0.616s] -- Up-to-date: /home/javed/ros_projects/bumperbot_ws/install/bumperbot_msgs/include/bumperbot_msgs/bumperbot_msgs/srv/detail/get_transform__type_support.h
[0.617s] -- Up-to-date: /home/javed/ros_projects/bumperbot_ws/install/bumperbot_msgs/include/bumperbot_msgs/bumperbot_msgs/srv/detail/add_two_ints__functions.h
[0.617s] -- Up-to-date: /home/javed/ros_projects/bumperbot_ws/install/bumperbot_msgs/include/bumperbot_msgs/bumperbot_msgs/srv/detail/get_transform__description.c
[0.618s] -- Up-to-date: /home/javed/ros_projects/bumperbot_ws/install/bumperbot_msgs/include/bumperbot_msgs/bumperbot_msgs/srv/detail/get_transform__functions.h
[0.618s] -- Up-to-date: /home/javed/ros_projects/bumperbot_ws/install/bumperbot_msgs/include/bumperbot_msgs/bumperbot_msgs/srv/detail/add_two_ints__struct.h
[0.618s] -- Up-to-date: /home/javed/ros_projects/bumperbot_ws/install/bumperbot_msgs/include/bumperbot_msgs/bumperbot_msgs/srv/detail/get_transform__type_support.c
[0.618s] -- Up-to-date: /home/javed/ros_projects/bumperbot_ws/install/bumperbot_msgs/include/bumperbot_msgs/bumperbot_msgs/srv/detail/get_transform__struct.h
[0.618s] -- Up-to-date: /home/javed/ros_projects/bumperbot_ws/install/bumperbot_msgs/include/bumperbot_msgs/bumperbot_msgs/srv/detail/add_two_ints__type_support.c
[0.618s] -- Up-to-date: /home/javed/ros_projects/bumperbot_ws/install/bumperbot_msgs/include/bumperbot_msgs/bumperbot_msgs/srv/detail/add_two_ints__functions.c
[0.619s] -- Up-to-date: /home/javed/ros_projects/bumperbot_ws/install/bumperbot_msgs/include/bumperbot_msgs/bumperbot_msgs/srv/detail/add_two_ints__description.c
[0.619s] -- Up-to-date: /home/javed/ros_projects/bumperbot_ws/install/bumperbot_msgs/include/bumperbot_msgs/bumperbot_msgs/srv/detail/get_transform__functions.c
[0.619s] -- Up-to-date: /home/javed/ros_projects/bumperbot_ws/install/bumperbot_msgs/include/bumperbot_msgs/bumperbot_msgs/srv/detail/add_two_ints__type_support.h
[0.619s] -- Up-to-date: /home/javed/ros_projects/bumperbot_ws/install/bumperbot_msgs/include/bumperbot_msgs/bumperbot_msgs/srv/get_transform.h
[0.619s] -- Up-to-date: /home/javed/ros_projects/bumperbot_ws/install/bumperbot_msgs/include/bumperbot_msgs/bumperbot_msgs/action
[0.619s] -- Up-to-date: /home/javed/ros_projects/bumperbot_ws/install/bumperbot_msgs/include/bumperbot_msgs/bumperbot_msgs/action/detail
[0.619s] -- Up-to-date: /home/javed/ros_projects/bumperbot_ws/install/bumperbot_msgs/include/bumperbot_msgs/bumperbot_msgs/action/detail/fibonacci__type_support.c
[0.619s] -- Up-to-date: /home/javed/ros_projects/bumperbot_ws/install/bumperbot_msgs/include/bumperbot_msgs/bumperbot_msgs/action/detail/fibonacci__struct.h
[0.620s] -- Up-to-date: /home/javed/ros_projects/bumperbot_ws/install/bumperbot_msgs/include/bumperbot_msgs/bumperbot_msgs/action/detail/fibonacci__description.c
[0.620s] -- Up-to-date: /home/javed/ros_projects/bumperbot_ws/install/bumperbot_msgs/include/bumperbot_msgs/bumperbot_msgs/action/detail/fibonacci__type_support.h
[0.620s] -- Up-to-date: /home/javed/ros_projects/bumperbot_ws/install/bumperbot_msgs/include/bumperbot_msgs/bumperbot_msgs/action/detail/fibonacci__functions.h
[0.620s] -- Up-to-date: /home/javed/ros_projects/bumperbot_ws/install/bumperbot_msgs/include/bumperbot_msgs/bumperbot_msgs/action/detail/fibonacci__functions.c
[0.620s] -- Up-to-date: /home/javed/ros_projects/bumperbot_ws/install/bumperbot_msgs/include/bumperbot_msgs/bumperbot_msgs/action/fibonacci.h
[0.620s] -- Up-to-date: /home/javed/ros_projects/bumperbot_ws/install/bumperbot_msgs/share/bumperbot_msgs/environment/library_path.sh
[0.620s] -- Up-to-date: /home/javed/ros_projects/bumperbot_ws/install/bumperbot_msgs/share/bumperbot_msgs/environment/library_path.dsv
[0.620s] -- Up-to-date: /home/javed/ros_projects/bumperbot_ws/install/bumperbot_msgs/lib/libbumperbot_msgs__rosidl_generator_c.so
[0.620s] -- Up-to-date: /home/javed/ros_projects/bumperbot_ws/install/bumperbot_msgs/include/bumperbot_msgs/bumperbot_msgs
[0.620s] -- Up-to-date: /home/javed/ros_projects/bumperbot_ws/install/bumperbot_msgs/include/bumperbot_msgs/bumperbot_msgs/msg
[0.621s] -- Up-to-date: /home/javed/ros_projects/bumperbot_ws/install/bumperbot_msgs/include/bumperbot_msgs/bumperbot_msgs/msg/rosidl_typesupport_fastrtps_c__visibility_control.h
[0.621s] -- Up-to-date: /home/javed/ros_projects/bumperbot_ws/install/bumperbot_msgs/include/bumperbot_msgs/bumperbot_msgs/srv
[0.621s] -- Up-to-date: /home/javed/ros_projects/bumperbot_ws/install/bumperbot_msgs/include/bumperbot_msgs/bumperbot_msgs/srv/detail
[0.621s] -- Up-to-date: /home/javed/ros_projects/bumperbot_ws/install/bumperbot_msgs/include/bumperbot_msgs/bumperbot_msgs/srv/detail/get_transform__rosidl_typesupport_fastrtps_c.h
[0.621s] -- Up-to-date: /home/javed/ros_projects/bumperbot_ws/install/bumperbot_msgs/include/bumperbot_msgs/bumperbot_msgs/srv/detail/add_two_ints__rosidl_typesupport_fastrtps_c.h
[0.622s] -- Up-to-date: /home/javed/ros_projects/bumperbot_ws/install/bumperbot_msgs/include/bumperbot_msgs/bumperbot_msgs/action
[0.622s] -- Up-to-date: /home/javed/ros_projects/bumperbot_ws/install/bumperbot_msgs/include/bumperbot_msgs/bumperbot_msgs/action/detail
[0.622s] -- Up-to-date: /home/javed/ros_projects/bumperbot_ws/install/bumperbot_msgs/include/bumperbot_msgs/bumperbot_msgs/action/detail/fibonacci__rosidl_typesupport_fastrtps_c.h
[0.622s] -- Up-to-date: /home/javed/ros_projects/bumperbot_ws/install/bumperbot_msgs/lib/libbumperbot_msgs__rosidl_typesupport_fastrtps_c.so
[0.623s] -- Up-to-date: /home/javed/ros_projects/bumperbot_ws/install/bumperbot_msgs/include/bumperbot_msgs/bumperbot_msgs
[0.623s] -- Up-to-date: /home/javed/ros_projects/bumperbot_ws/install/bumperbot_msgs/include/bumperbot_msgs/bumperbot_msgs/msg
[0.623s] -- Up-to-date: /home/javed/ros_projects/bumperbot_ws/install/bumperbot_msgs/include/bumperbot_msgs/bumperbot_msgs/msg/rosidl_generator_cpp__visibility_control.hpp
[0.624s] -- Up-to-date: /home/javed/ros_projects/bumperbot_ws/install/bumperbot_msgs/include/bumperbot_msgs/bumperbot_msgs/srv
[0.624s] -- Up-to-date: /home/javed/ros_projects/bumperbot_ws/install/bumperbot_msgs/include/bumperbot_msgs/bumperbot_msgs/srv/detail
[0.624s] -- Up-to-date: /home/javed/ros_projects/bumperbot_ws/install/bumperbot_msgs/include/bumperbot_msgs/bumperbot_msgs/srv/detail/add_two_ints__type_support.hpp
[0.624s] -- Up-to-date: /home/javed/ros_projects/bumperbot_ws/install/bumperbot_msgs/include/bumperbot_msgs/bumperbot_msgs/srv/detail/add_two_ints__struct.hpp
[0.624s] -- Up-to-date: /home/javed/ros_projects/bumperbot_ws/install/bumperbot_msgs/include/bumperbot_msgs/bumperbot_msgs/srv/detail/get_transform__traits.hpp
[0.624s] -- Up-to-date: /home/javed/ros_projects/bumperbot_ws/install/bumperbot_msgs/include/bumperbot_msgs/bumperbot_msgs/srv/detail/get_transform__type_support.hpp
[0.625s] -- Up-to-date: /home/javed/ros_projects/bumperbot_ws/install/bumperbot_msgs/include/bumperbot_msgs/bumperbot_msgs/srv/detail/add_two_ints__traits.hpp
[0.625s] -- Up-to-date: /home/javed/ros_projects/bumperbot_ws/install/bumperbot_msgs/include/bumperbot_msgs/bumperbot_msgs/srv/detail/get_transform__builder.hpp
[0.625s] -- Up-to-date: /home/javed/ros_projects/bumperbot_ws/install/bumperbot_msgs/include/bumperbot_msgs/bumperbot_msgs/srv/detail/get_transform__struct.hpp
[0.625s] -- Up-to-date: /home/javed/ros_projects/bumperbot_ws/install/bumperbot_msgs/include/bumperbot_msgs/bumperbot_msgs/srv/detail/add_two_ints__builder.hpp
[0.625s] -- Up-to-date: /home/javed/ros_projects/bumperbot_ws/install/bumperbot_msgs/include/bumperbot_msgs/bumperbot_msgs/srv/get_transform.hpp
[0.625s] -- Up-to-date: /home/javed/ros_projects/bumperbot_ws/install/bumperbot_msgs/include/bumperbot_msgs/bumperbot_msgs/srv/add_two_ints.hpp
[0.626s] -- Up-to-date: /home/javed/ros_projects/bumperbot_ws/install/bumperbot_msgs/include/bumperbot_msgs/bumperbot_msgs/action
[0.626s] -- Up-to-date: /home/javed/ros_projects/bumperbot_ws/install/bumperbot_msgs/include/bumperbot_msgs/bumperbot_msgs/action/fibonacci.hpp
[0.626s] -- Up-to-date: /home/javed/ros_projects/bumperbot_ws/install/bumperbot_msgs/include/bumperbot_msgs/bumperbot_msgs/action/detail
[0.626s] -- Up-to-date: /home/javed/ros_projects/bumperbot_ws/install/bumperbot_msgs/include/bumperbot_msgs/bumperbot_msgs/action/detail/fibonacci__builder.hpp
[0.626s] -- Up-to-date: /home/javed/ros_projects/bumperbot_ws/install/bumperbot_msgs/include/bumperbot_msgs/bumperbot_msgs/action/detail/fibonacci__type_support.hpp
[0.626s] -- Up-to-date: /home/javed/ros_projects/bumperbot_ws/install/bumperbot_msgs/include/bumperbot_msgs/bumperbot_msgs/action/detail/fibonacci__traits.hpp
[0.627s] -- Up-to-date: /home/javed/ros_projects/bumperbot_ws/install/bumperbot_msgs/include/bumperbot_msgs/bumperbot_msgs/action/detail/fibonacci__struct.hpp
[0.627s] -- Up-to-date: /home/javed/ros_projects/bumperbot_ws/install/bumperbot_msgs/include/bumperbot_msgs/bumperbot_msgs
[0.627s] -- Up-to-date: /home/javed/ros_projects/bumperbot_ws/install/bumperbot_msgs/include/bumperbot_msgs/bumperbot_msgs/msg
[0.627s] -- Up-to-date: /home/javed/ros_projects/bumperbot_ws/install/bumperbot_msgs/include/bumperbot_msgs/bumperbot_msgs/msg/rosidl_typesupport_fastrtps_cpp__visibility_control.h
[0.627s] -- Up-to-date: /home/javed/ros_projects/bumperbot_ws/install/bumperbot_msgs/include/bumperbot_msgs/bumperbot_msgs/srv
[0.627s] -- Up-to-date: /home/javed/ros_projects/bumperbot_ws/install/bumperbot_msgs/include/bumperbot_msgs/bumperbot_msgs/srv/detail
[0.627s] -- Up-to-date: /home/javed/ros_projects/bumperbot_ws/install/bumperbot_msgs/include/bumperbot_msgs/bumperbot_msgs/srv/detail/get_transform__rosidl_typesupport_fastrtps_cpp.hpp
[0.627s] -- Up-to-date: /home/javed/ros_projects/bumperbot_ws/install/bumperbot_msgs/include/bumperbot_msgs/bumperbot_msgs/srv/detail/dds_fastrtps
[0.627s] -- Up-to-date: /home/javed/ros_projects/bumperbot_ws/install/bumperbot_msgs/include/bumperbot_msgs/bumperbot_msgs/srv/detail/add_two_ints__rosidl_typesupport_fastrtps_cpp.hpp
[0.627s] -- Up-to-date: /home/javed/ros_projects/bumperbot_ws/install/bumperbot_msgs/include/bumperbot_msgs/bumperbot_msgs/action
[0.628s] -- Up-to-date: /home/javed/ros_projects/bumperbot_ws/install/bumperbot_msgs/include/bumperbot_msgs/bumperbot_msgs/action/detail
[0.628s] -- Up-to-date: /home/javed/ros_projects/bumperbot_ws/install/bumperbot_msgs/include/bumperbot_msgs/bumperbot_msgs/action/detail/dds_fastrtps
[0.628s] -- Up-to-date: /home/javed/ros_projects/bumperbot_ws/install/bumperbot_msgs/include/bumperbot_msgs/bumperbot_msgs/action/detail/fibonacci__rosidl_typesupport_fastrtps_cpp.hpp
[0.628s] -- Up-to-date: /home/javed/ros_projects/bumperbot_ws/install/bumperbot_msgs/lib/libbumperbot_msgs__rosidl_typesupport_fastrtps_cpp.so
[0.628s] -- Up-to-date: /home/javed/ros_projects/bumperbot_ws/install/bumperbot_msgs/include/bumperbot_msgs/bumperbot_msgs
[0.628s] -- Up-to-date: /home/javed/ros_projects/bumperbot_ws/install/bumperbot_msgs/include/bumperbot_msgs/bumperbot_msgs/msg
[0.628s] -- Up-to-date: /home/javed/ros_projects/bumperbot_ws/install/bumperbot_msgs/include/bumperbot_msgs/bumperbot_msgs/msg/rosidl_typesupport_introspection_c__visibility_control.h
[0.628s] -- Up-to-date: /home/javed/ros_projects/bumperbot_ws/install/bumperbot_msgs/include/bumperbot_msgs/bumperbot_msgs/srv
[0.629s] -- Up-to-date: /home/javed/ros_projects/bumperbot_ws/install/bumperbot_msgs/include/bumperbot_msgs/bumperbot_msgs/srv/detail
[0.629s] -- Up-to-date: /home/javed/ros_projects/bumperbot_ws/install/bumperbot_msgs/include/bumperbot_msgs/bumperbot_msgs/srv/detail/get_transform__type_support.c
[0.629s] -- Up-to-date: /home/javed/ros_projects/bumperbot_ws/install/bumperbot_msgs/include/bumperbot_msgs/bumperbot_msgs/srv/detail/add_two_ints__rosidl_typesupport_introspection_c.h
[0.629s] -- Up-to-date: /home/javed/ros_projects/bumperbot_ws/install/bumperbot_msgs/include/bumperbot_msgs/bumperbot_msgs/srv/detail/add_two_ints__type_support.c
[0.629s] -- Up-to-date: /home/javed/ros_projects/bumperbot_ws/install/bumperbot_msgs/include/bumperbot_msgs/bumperbot_msgs/srv/detail/get_transform__rosidl_typesupport_introspection_c.h
[0.629s] -- Up-to-date: /home/javed/ros_projects/bumperbot_ws/install/bumperbot_msgs/include/bumperbot_msgs/bumperbot_msgs/action
[0.629s] -- Up-to-date: /home/javed/ros_projects/bumperbot_ws/install/bumperbot_msgs/include/bumperbot_msgs/bumperbot_msgs/action/detail
[0.629s] -- Up-to-date: /home/javed/ros_projects/bumperbot_ws/install/bumperbot_msgs/include/bumperbot_msgs/bumperbot_msgs/action/detail/fibonacci__type_support.c
[0.629s] -- Up-to-date: /home/javed/ros_projects/bumperbot_ws/install/bumperbot_msgs/include/bumperbot_msgs/bumperbot_msgs/action/detail/fibonacci__rosidl_typesupport_introspection_c.h
[0.629s] -- Up-to-date: /home/javed/ros_projects/bumperbot_ws/install/bumperbot_msgs/lib/libbumperbot_msgs__rosidl_typesupport_introspection_c.so
[0.629s] -- Up-to-date: /home/javed/ros_projects/bumperbot_ws/install/bumperbot_msgs/lib/libbumperbot_msgs__rosidl_typesupport_c.so
[0.629s] -- Up-to-date: /home/javed/ros_projects/bumperbot_ws/install/bumperbot_msgs/include/bumperbot_msgs/bumperbot_msgs
[0.630s] -- Up-to-date: /home/javed/ros_projects/bumperbot_ws/install/bumperbot_msgs/include/bumperbot_msgs/bumperbot_msgs/srv
[0.630s] -- Up-to-date: /home/javed/ros_projects/bumperbot_ws/install/bumperbot_msgs/include/bumperbot_msgs/bumperbot_msgs/srv/detail
[0.630s] -- Up-to-date: /home/javed/ros_projects/bumperbot_ws/install/bumperbot_msgs/include/bumperbot_msgs/bumperbot_msgs/srv/detail/get_transform__type_support.cpp
[0.630s] -- Up-to-date: /home/javed/ros_projects/bumperbot_ws/install/bumperbot_msgs/include/bumperbot_msgs/bumperbot_msgs/srv/detail/get_transform__rosidl_typesupport_introspection_cpp.hpp
[0.630s] -- Up-to-date: /home/javed/ros_projects/bumperbot_ws/install/bumperbot_msgs/include/bumperbot_msgs/bumperbot_msgs/srv/detail/add_two_ints__rosidl_typesupport_introspection_cpp.hpp
[0.630s] -- Up-to-date: /home/javed/ros_projects/bumperbot_ws/install/bumperbot_msgs/include/bumperbot_msgs/bumperbot_msgs/srv/detail/add_two_ints__type_support.cpp
[0.630s] -- Up-to-date: /home/javed/ros_projects/bumperbot_ws/install/bumperbot_msgs/include/bumperbot_msgs/bumperbot_msgs/action
[0.630s] -- Up-to-date: /home/javed/ros_projects/bumperbot_ws/install/bumperbot_msgs/include/bumperbot_msgs/bumperbot_msgs/action/detail
[0.631s] -- Up-to-date: /home/javed/ros_projects/bumperbot_ws/install/bumperbot_msgs/include/bumperbot_msgs/bumperbot_msgs/action/detail/fibonacci__type_support.cpp
[0.631s] -- Up-to-date: /home/javed/ros_projects/bumperbot_ws/install/bumperbot_msgs/include/bumperbot_msgs/bumperbot_msgs/action/detail/fibonacci__rosidl_typesupport_introspection_cpp.hpp
[0.631s] -- Up-to-date: /home/javed/ros_projects/bumperbot_ws/install/bumperbot_msgs/lib/libbumperbot_msgs__rosidl_typesupport_introspection_cpp.so
[0.631s] -- Up-to-date: /home/javed/ros_projects/bumperbot_ws/install/bumperbot_msgs/lib/libbumperbot_msgs__rosidl_typesupport_cpp.so
[0.631s] -- Up-to-date: /home/javed/ros_projects/bumperbot_ws/install/bumperbot_msgs/share/bumperbot_msgs/environment/pythonpath.sh
[0.631s] -- Up-to-date: /home/javed/ros_projects/bumperbot_ws/install/bumperbot_msgs/share/bumperbot_msgs/environment/pythonpath.dsv
[0.631s] -- Up-to-date: /home/javed/ros_projects/bumperbot_ws/install/bumperbot_msgs/lib/python3.12/site-packages/bumperbot_msgs-0.0.0-py3.12.egg-info
[0.631s] -- Installing: /home/javed/ros_projects/bumperbot_ws/install/bumperbot_msgs/lib/python3.12/site-packages/bumperbot_msgs-0.0.0-py3.12.egg-info/SOURCES.txt
[0.631s] -- Installing: /home/javed/ros_projects/bumperbot_ws/install/bumperbot_msgs/lib/python3.12/site-packages/bumperbot_msgs-0.0.0-py3.12.egg-info/dependency_links.txt
[0.631s] -- Installing: /home/javed/ros_projects/bumperbot_ws/install/bumperbot_msgs/lib/python3.12/site-packages/bumperbot_msgs-0.0.0-py3.12.egg-info/PKG-INFO
[0.631s] -- Installing: /home/javed/ros_projects/bumperbot_ws/install/bumperbot_msgs/lib/python3.12/site-packages/bumperbot_msgs-0.0.0-py3.12.egg-info/top_level.txt
[0.631s] -- Up-to-date: /home/javed/ros_projects/bumperbot_ws/install/bumperbot_msgs/lib/python3.12/site-packages/bumperbot_msgs
[0.632s] -- Up-to-date: /home/javed/ros_projects/bumperbot_ws/install/bumperbot_msgs/lib/python3.12/site-packages/bumperbot_msgs/bumperbot_msgs_s__rosidl_typesupport_fastrtps_c.so
[0.632s] -- Up-to-date: /home/javed/ros_projects/bumperbot_ws/install/bumperbot_msgs/lib/python3.12/site-packages/bumperbot_msgs/_bumperbot_msgs_s.ep.rosidl_typesupport_introspection_c.c
[0.632s] -- Up-to-date: /home/javed/ros_projects/bumperbot_ws/install/bumperbot_msgs/lib/python3.12/site-packages/bumperbot_msgs/srv
[0.632s] -- Up-to-date: /home/javed/ros_projects/bumperbot_ws/install/bumperbot_msgs/lib/python3.12/site-packages/bumperbot_msgs/srv/_add_two_ints_s.c
[0.632s] -- Up-to-date: /home/javed/ros_projects/bumperbot_ws/install/bumperbot_msgs/lib/python3.12/site-packages/bumperbot_msgs/srv/__init__.py
[0.632s] -- Up-to-date: /home/javed/ros_projects/bumperbot_ws/install/bumperbot_msgs/lib/python3.12/site-packages/bumperbot_msgs/srv/_get_transform.py
[0.632s] -- Up-to-date: /home/javed/ros_projects/bumperbot_ws/install/bumperbot_msgs/lib/python3.12/site-packages/bumperbot_msgs/srv/_get_transform_s.c
[0.632s] -- Up-to-date: /home/javed/ros_projects/bumperbot_ws/install/bumperbot_msgs/lib/python3.12/site-packages/bumperbot_msgs/srv/_add_two_ints.py
[0.632s] -- Up-to-date: /home/javed/ros_projects/bumperbot_ws/install/bumperbot_msgs/lib/python3.12/site-packages/bumperbot_msgs/__init__.py
[0.632s] -- Up-to-date: /home/javed/ros_projects/bumperbot_ws/install/bumperbot_msgs/lib/python3.12/site-packages/bumperbot_msgs/bumperbot_msgs_s__rosidl_typesupport_c.so
[0.632s] -- Up-to-date: /home/javed/ros_projects/bumperbot_ws/install/bumperbot_msgs/lib/python3.12/site-packages/bumperbot_msgs/_bumperbot_msgs_s.ep.rosidl_typesupport_fastrtps_c.c
[0.632s] -- Up-to-date: /home/javed/ros_projects/bumperbot_ws/install/bumperbot_msgs/lib/python3.12/site-packages/bumperbot_msgs/bumperbot_msgs_s__rosidl_typesupport_introspection_c.so
[0.632s] -- Up-to-date: /home/javed/ros_projects/bumperbot_ws/install/bumperbot_msgs/lib/python3.12/site-packages/bumperbot_msgs/_bumperbot_msgs_s.ep.rosidl_typesupport_c.c
[0.632s] -- Up-to-date: /home/javed/ros_projects/bumperbot_ws/install/bumperbot_msgs/lib/python3.12/site-packages/bumperbot_msgs/action
[0.633s] -- Up-to-date: /home/javed/ros_projects/bumperbot_ws/install/bumperbot_msgs/lib/python3.12/site-packages/bumperbot_msgs/action/__init__.py
[0.633s] -- Up-to-date: /home/javed/ros_projects/bumperbot_ws/install/bumperbot_msgs/lib/python3.12/site-packages/bumperbot_msgs/action/_fibonacci_s.c
[0.633s] -- Up-to-date: /home/javed/ros_projects/bumperbot_ws/install/bumperbot_msgs/lib/python3.12/site-packages/bumperbot_msgs/action/_fibonacci.py
[0.662s] Listing '/home/javed/ros_projects/bumperbot_ws/install/bumperbot_msgs/lib/python3.12/site-packages/bumperbot_msgs'...
[0.662s] Listing '/home/javed/ros_projects/bumperbot_ws/install/bumperbot_msgs/lib/python3.12/site-packages/bumperbot_msgs/action'...
[0.662s] Listing '/home/javed/ros_projects/bumperbot_ws/install/bumperbot_msgs/lib/python3.12/site-packages/bumperbot_msgs/srv'...
[0.667s] -- Up-to-date: /home/javed/ros_projects/bumperbot_ws/install/bumperbot_msgs/lib/python3.12/site-packages/bumperbot_msgs/bumperbot_msgs_s__rosidl_typesupport_fastrtps_c.so
[0.667s] -- Up-to-date: /home/javed/ros_projects/bumperbot_ws/install/bumperbot_msgs/lib/python3.12/site-packages/bumperbot_msgs/bumperbot_msgs_s__rosidl_typesupport_introspection_c.so
[0.668s] -- Up-to-date: /home/javed/ros_projects/bumperbot_ws/install/bumperbot_msgs/lib/python3.12/site-packages/bumperbot_msgs/bumperbot_msgs_s__rosidl_typesupport_c.so
[0.668s] -- Up-to-date: /home/javed/ros_projects/bumperbot_ws/install/bumperbot_msgs/lib/libbumperbot_msgs__rosidl_generator_py.so
[0.668s] -- Up-to-date: /home/javed/ros_projects/bumperbot_ws/install/bumperbot_msgs/share/bumperbot_msgs/action/Fibonacci.idl
[0.668s] -- Up-to-date: /home/javed/ros_projects/bumperbot_ws/install/bumperbot_msgs/share/bumperbot_msgs/srv/AddTwoInts.idl
[0.669s] -- Up-to-date: /home/javed/ros_projects/bumperbot_ws/install/bumperbot_msgs/share/bumperbot_msgs/srv/GetTransform.idl
[0.669s] -- Up-to-date: /home/javed/ros_projects/bumperbot_ws/install/bumperbot_msgs/share/bumperbot_msgs/action/Fibonacci.action
[0.669s] -- Up-to-date: /home/javed/ros_projects/bumperbot_ws/install/bumperbot_msgs/share/bumperbot_msgs/srv/AddTwoInts.srv
[0.669s] -- Up-to-date: /home/javed/ros_projects/bumperbot_ws/install/bumperbot_msgs/share/bumperbot_msgs/srv/GetTransform.srv
[0.669s] -- Up-to-date: /home/javed/ros_projects/bumperbot_ws/install/bumperbot_msgs/share/ament_index/resource_index/package_run_dependencies/bumperbot_msgs
[0.669s] -- Up-to-date: /home/javed/ros_projects/bumperbot_ws/install/bumperbot_msgs/share/ament_index/resource_index/parent_prefix_path/bumperbot_msgs
[0.669s] -- Up-to-date: /home/javed/ros_projects/bumperbot_ws/install/bumperbot_msgs/share/bumperbot_msgs/environment/ament_prefix_path.sh
[0.669s] -- Up-to-date: /home/javed/ros_projects/bumperbot_ws/install/bumperbot_msgs/share/bumperbot_msgs/environment/ament_prefix_path.dsv
[0.669s] -- Up-to-date: /home/javed/ros_projects/bumperbot_ws/install/bumperbot_msgs/share/bumperbot_msgs/environment/path.sh
[0.669s] -- Up-to-date: /home/javed/ros_projects/bumperbot_ws/install/bumperbot_msgs/share/bumperbot_msgs/environment/path.dsv
[0.669s] -- Up-to-date: /home/javed/ros_projects/bumperbot_ws/install/bumperbot_msgs/share/bumperbot_msgs/local_setup.bash
[0.670s] -- Up-to-date: /home/javed/ros_projects/bumperbot_ws/install/bumperbot_msgs/share/bumperbot_msgs/local_setup.sh
[0.670s] -- Up-to-date: /home/javed/ros_projects/bumperbot_ws/install/bumperbot_msgs/share/bumperbot_msgs/local_setup.zsh
[0.670s] -- Up-to-date: /home/javed/ros_projects/bumperbot_ws/install/bumperbot_msgs/share/bumperbot_msgs/local_setup.dsv
[0.670s] -- Installing: /home/javed/ros_projects/bumperbot_ws/install/bumperbot_msgs/share/bumperbot_msgs/package.dsv
[0.670s] -- Up-to-date: /home/javed/ros_projects/bumperbot_ws/install/bumperbot_msgs/share/ament_index/resource_index/packages/bumperbot_msgs
[0.670s] -- Up-to-date: /home/javed/ros_projects/bumperbot_ws/install/bumperbot_msgs/share/bumperbot_msgs/cmake/export_bumperbot_msgs__rosidl_generator_cExport.cmake
[0.670s] -- Up-to-date: /home/javed/ros_projects/bumperbot_ws/install/bumperbot_msgs/share/bumperbot_msgs/cmake/export_bumperbot_msgs__rosidl_generator_cExport-noconfig.cmake
[0.670s] -- Up-to-date: /home/javed/ros_projects/bumperbot_ws/install/bumperbot_msgs/share/bumperbot_msgs/cmake/export_bumperbot_msgs__rosidl_typesupport_fastrtps_cExport.cmake
[0.670s] -- Up-to-date: /home/javed/ros_projects/bumperbot_ws/install/bumperbot_msgs/share/bumperbot_msgs/cmake/export_bumperbot_msgs__rosidl_typesupport_fastrtps_cExport-noconfig.cmake
[0.670s] -- Up-to-date: /home/javed/ros_projects/bumperbot_ws/install/bumperbot_msgs/share/bumperbot_msgs/cmake/export_bumperbot_msgs__rosidl_generator_cppExport.cmake
[0.671s] -- Up-to-date: /home/javed/ros_projects/bumperbot_ws/install/bumperbot_msgs/share/bumperbot_msgs/cmake/export_bumperbot_msgs__rosidl_typesupport_fastrtps_cppExport.cmake
[0.671s] -- Up-to-date: /home/javed/ros_projects/bumperbot_ws/install/bumperbot_msgs/share/bumperbot_msgs/cmake/export_bumperbot_msgs__rosidl_typesupport_fastrtps_cppExport-noconfig.cmake
[0.671s] -- Up-to-date: /home/javed/ros_projects/bumperbot_ws/install/bumperbot_msgs/share/bumperbot_msgs/cmake/bumperbot_msgs__rosidl_typesupport_introspection_cExport.cmake
[0.671s] -- Up-to-date: /home/javed/ros_projects/bumperbot_ws/install/bumperbot_msgs/share/bumperbot_msgs/cmake/bumperbot_msgs__rosidl_typesupport_introspection_cExport-noconfig.cmake
[0.671s] -- Up-to-date: /home/javed/ros_projects/bumperbot_ws/install/bumperbot_msgs/share/bumperbot_msgs/cmake/bumperbot_msgs__rosidl_typesupport_cExport.cmake
[0.671s] -- Up-to-date: /home/javed/ros_projects/bumperbot_ws/install/bumperbot_msgs/share/bumperbot_msgs/cmake/bumperbot_msgs__rosidl_typesupport_cExport-noconfig.cmake
[0.671s] -- Up-to-date: /home/javed/ros_projects/bumperbot_ws/install/bumperbot_msgs/share/bumperbot_msgs/cmake/bumperbot_msgs__rosidl_typesupport_introspection_cppExport.cmake
[0.671s] -- Up-to-date: /home/javed/ros_projects/bumperbot_ws/install/bumperbot_msgs/share/bumperbot_msgs/cmake/bumperbot_msgs__rosidl_typesupport_introspection_cppExport-noconfig.cmake
[0.671s] -- Up-to-date: /home/javed/ros_projects/bumperbot_ws/install/bumperbot_msgs/share/bumperbot_msgs/cmake/bumperbot_msgs__rosidl_typesupport_cppExport.cmake
[0.671s] -- Up-to-date: /home/javed/ros_projects/bumperbot_ws/install/bumperbot_msgs/share/bumperbot_msgs/cmake/bumperbot_msgs__rosidl_typesupport_cppExport-noconfig.cmake
[0.671s] -- Up-to-date: /home/javed/ros_projects/bumperbot_ws/install/bumperbot_msgs/share/bumperbot_msgs/cmake/export_bumperbot_msgs__rosidl_generator_pyExport.cmake
[0.672s] -- Up-to-date: /home/javed/ros_projects/bumperbot_ws/install/bumperbot_msgs/share/bumperbot_msgs/cmake/export_bumperbot_msgs__rosidl_generator_pyExport-noconfig.cmake
[0.672s] -- Up-to-date: /home/javed/ros_projects/bumperbot_ws/install/bumperbot_msgs/share/bumperbot_msgs/cmake/rosidl_cmake-extras.cmake
[0.672s] -- Up-to-date: /home/javed/ros_projects/bumperbot_ws/install/bumperbot_msgs/share/bumperbot_msgs/cmake/ament_cmake_export_dependencies-extras.cmake
[0.672s] -- Up-to-date: /home/javed/ros_projects/bumperbot_ws/install/bumperbot_msgs/share/bumperbot_msgs/cmake/ament_cmake_export_include_directories-extras.cmake
[0.672s] -- Up-to-date: /home/javed/ros_projects/bumperbot_ws/install/bumperbot_msgs/share/bumperbot_msgs/cmake/ament_cmake_export_libraries-extras.cmake
[0.672s] -- Up-to-date: /home/javed/ros_projects/bumperbot_ws/install/bumperbot_msgs/share/bumperbot_msgs/cmake/ament_cmake_export_targets-extras.cmake
[0.672s] -- Up-to-date: /home/javed/ros_projects/bumperbot_ws/install/bumperbot_msgs/share/bumperbot_msgs/cmake/rosidl_cmake_export_typesupport_targets-extras.cmake
[0.672s] -- Up-to-date: /home/javed/ros_projects/bumperbot_ws/install/bumperbot_msgs/share/bumperbot_msgs/cmake/rosidl_cmake_export_typesupport_libraries-extras.cmake
[0.672s] -- Up-to-date: /home/javed/ros_projects/bumperbot_ws/install/bumperbot_msgs/share/bumperbot_msgs/cmake/bumperbot_msgsConfig.cmake
[0.673s] -- Up-to-date: /home/javed/ros_projects/bumperbot_ws/install/bumperbot_msgs/share/bumperbot_msgs/cmake/bumperbot_msgsConfig-version.cmake
[0.673s] -- Up-to-date: /home/javed/ros_projects/bumperbot_ws/install/bumperbot_msgs/share/bumperbot_msgs/package.xml
[0.733s] Invoked command in '/home/javed/ros_projects/bumperbot_ws/build/bumperbot_msgs' returned '0': CMAKE_PREFIX_PATH=${CMAKE_PREFIX_PATH}:/home/javed/ros_projects/bumperbot_ws/install/bumperbot_py_examples:/home/javed/ros_practice/install/bumperbot_python_examples:/opt/ros/jazzy DEBUGINFOD_URLS=https://debuginfod.ubuntu.com /usr/bin/cmake --install /home/javed/ros_projects/bumperbot_ws/build/bumperbot_msgs
