[0.022s] Invoking command in '/home/javed/ros_projects/bumperbot_ws/build/bumperbot_mapping': CMAKE_PREFIX_PATH=${CMAKE_PREFIX_PATH}:/home/javed/ros_projects/bumperbot_ws/install/bumperbot_py_examples:/home/javed/ros_practice/install/bumperbot_python_examples:/opt/ros/jazzy DEBUGINFOD_URLS=https://debuginfod.ubuntu.com /usr/bin/cmake --build /home/javed/ros_projects/bumperbot_ws/build/bumperbot_mapping -- -j16 -l16
[0.168s] [100%] Built target mapping_with_known_poses
[0.171s] [100%] Built target ament_cmake_python_copy_bumperbot_mapping
[0.345s] running egg_info
[0.365s] writing bumperbot_mapping.egg-info/PKG-INFO
[0.366s] writing dependency_links to bumperbot_mapping.egg-info/dependency_links.txt
[0.366s] writing top-level names to bumperbot_mapping.egg-info/top_level.txt
[0.424s] reading manifest file 'bumperbot_mapping.egg-info/SOURCES.txt'
[0.424s] writing manifest file 'bumperbot_mapping.egg-info/SOURCES.txt'
[0.460s] [100%] Built target ament_cmake_python_build_bumperbot_mapping_egg
[0.471s] Invoked command in '/home/javed/ros_projects/bumperbot_ws/build/bumperbot_mapping' returned '0': CMAKE_PREFIX_PATH=${CMAKE_PREFIX_PATH}:/home/javed/ros_projects/bumperbot_ws/install/bumperbot_py_examples:/home/javed/ros_practice/install/bumperbot_python_examples:/opt/ros/jazzy DEBUGINFOD_URLS=https://debuginfod.ubuntu.com /usr/bin/cmake --build /home/javed/ros_projects/bumperbot_ws/build/bumperbot_mapping -- -j16 -l16
[0.472s] Invoking command in '/home/javed/ros_projects/bumperbot_ws/build/bumperbot_mapping': CMAKE_PREFIX_PATH=${CMAKE_PREFIX_PATH}:/home/javed/ros_projects/bumperbot_ws/install/bumperbot_py_examples:/home/javed/ros_practice/install/bumperbot_python_examples:/opt/ros/jazzy DEBUGINFOD_URLS=https://debuginfod.ubuntu.com /usr/bin/cmake --install /home/javed/ros_projects/bumperbot_ws/build/bumperbot_mapping
[0.480s] -- Install configuration: ""
[0.480s] -- Up-to-date: /home/javed/ros_projects/bumperbot_ws/install/bumperbot_mapping/share/bumperbot_mapping/environment/pythonpath.sh
[0.481s] -- Up-to-date: /home/javed/ros_projects/bumperbot_ws/install/bumperbot_mapping/share/bumperbot_mapping/environment/pythonpath.dsv
[0.481s] -- Up-to-date: /home/javed/ros_projects/bumperbot_ws/install/bumperbot_mapping/lib/python3.12/site-packages/bumperbot_mapping-0.0.0-py3.12.egg-info
[0.481s] -- Installing: /home/javed/ros_projects/bumperbot_ws/install/bumperbot_mapping/lib/python3.12/site-packages/bumperbot_mapping-0.0.0-py3.12.egg-info/SOURCES.txt
[0.481s] -- Installing: /home/javed/ros_projects/bumperbot_ws/install/bumperbot_mapping/lib/python3.12/site-packages/bumperbot_mapping-0.0.0-py3.12.egg-info/dependency_links.txt
[0.481s] -- Installing: /home/javed/ros_projects/bumperbot_ws/install/bumperbot_mapping/lib/python3.12/site-packages/bumperbot_mapping-0.0.0-py3.12.egg-info/PKG-INFO
[0.481s] -- Installing: /home/javed/ros_projects/bumperbot_ws/install/bumperbot_mapping/lib/python3.12/site-packages/bumperbot_mapping-0.0.0-py3.12.egg-info/top_level.txt
[0.481s] -- Up-to-date: /home/javed/ros_projects/bumperbot_ws/install/bumperbot_mapping/lib/python3.12/site-packages/bumperbot_mapping
[0.482s] -- Up-to-date: /home/javed/ros_projects/bumperbot_ws/install/bumperbot_mapping/lib/python3.12/site-packages/bumperbot_mapping/mapping_with_known_poses.py
[0.482s] -- Up-to-date: /home/javed/ros_projects/bumperbot_ws/install/bumperbot_mapping/lib/python3.12/site-packages/bumperbot_mapping/__init__.py
[0.516s] Listing '/home/javed/ros_projects/bumperbot_ws/install/bumperbot_mapping/lib/python3.12/site-packages/bumperbot_mapping'...
[0.521s] -- Up-to-date: /home/javed/ros_projects/bumperbot_ws/install/bumperbot_mapping/include/include
[0.521s] -- Up-to-date: /home/javed/ros_projects/bumperbot_ws/install/bumperbot_mapping/include/include/bumperbot_mapping
[0.521s] -- Up-to-date: /home/javed/ros_projects/bumperbot_ws/install/bumperbot_mapping/include/include/bumperbot_mapping/mapping_with_known_poses.hpp
[0.522s] -- Up-to-date: /home/javed/ros_projects/bumperbot_ws/install/bumperbot_mapping/lib/bumperbot_mapping/mapping_with_known_poses
[0.522s] -- Up-to-date: /home/javed/ros_projects/bumperbot_ws/install/bumperbot_mapping/share/bumperbot_mapping/config
[0.522s] -- Up-to-date: /home/javed/ros_projects/bumperbot_ws/install/bumperbot_mapping/share/bumperbot_mapping/config/slam_toolbox.yaml
[0.522s] -- Up-to-date: /home/javed/ros_projects/bumperbot_ws/install/bumperbot_mapping/share/bumperbot_mapping/launch
[0.522s] -- Up-to-date: /home/javed/ros_projects/bumperbot_ws/install/bumperbot_mapping/share/bumperbot_mapping/launch/slam.launch.py
[0.522s] -- Up-to-date: /home/javed/ros_projects/bumperbot_ws/install/bumperbot_mapping/share/bumperbot_mapping/maps
[0.522s] -- Up-to-date: /home/javed/ros_projects/bumperbot_ws/install/bumperbot_mapping/share/bumperbot_mapping/maps/small_house
[0.522s] -- Up-to-date: /home/javed/ros_projects/bumperbot_ws/install/bumperbot_mapping/share/bumperbot_mapping/maps/small_house/map.yaml
[0.522s] -- Up-to-date: /home/javed/ros_projects/bumperbot_ws/install/bumperbot_mapping/share/bumperbot_mapping/maps/small_house/map.pgm
[0.522s] -- Up-to-date: /home/javed/ros_projects/bumperbot_ws/install/bumperbot_mapping/share/bumperbot_mapping/maps/small_warehouse
[0.523s] -- Up-to-date: /home/javed/ros_projects/bumperbot_ws/install/bumperbot_mapping/share/bumperbot_mapping/maps/small_warehouse/map.yaml
[0.523s] -- Up-to-date: /home/javed/ros_projects/bumperbot_ws/install/bumperbot_mapping/share/bumperbot_mapping/maps/small_warehouse/map.pgm
[0.523s] -- Up-to-date: /home/javed/ros_projects/bumperbot_ws/install/bumperbot_mapping/share/bumperbot_mapping/rviz
[0.523s] -- Up-to-date: /home/javed/ros_projects/bumperbot_ws/install/bumperbot_mapping/share/bumperbot_mapping/rviz/slam.rviz
[0.523s] -- Up-to-date: /home/javed/ros_projects/bumperbot_ws/install/bumperbot_mapping/lib/bumperbot_mapping/mapping_with_known_poses.py
[0.523s] -- Up-to-date: /home/javed/ros_projects/bumperbot_ws/install/bumperbot_mapping/share/ament_index/resource_index/package_run_dependencies/bumperbot_mapping
[0.523s] -- Up-to-date: /home/javed/ros_projects/bumperbot_ws/install/bumperbot_mapping/share/ament_index/resource_index/parent_prefix_path/bumperbot_mapping
[0.523s] -- Up-to-date: /home/javed/ros_projects/bumperbot_ws/install/bumperbot_mapping/share/bumperbot_mapping/environment/ament_prefix_path.sh
[0.523s] -- Up-to-date: /home/javed/ros_projects/bumperbot_ws/install/bumperbot_mapping/share/bumperbot_mapping/environment/ament_prefix_path.dsv
[0.523s] -- Up-to-date: /home/javed/ros_projects/bumperbot_ws/install/bumperbot_mapping/share/bumperbot_mapping/environment/path.sh
[0.523s] -- Up-to-date: /home/javed/ros_projects/bumperbot_ws/install/bumperbot_mapping/share/bumperbot_mapping/environment/path.dsv
[0.523s] -- Up-to-date: /home/javed/ros_projects/bumperbot_ws/install/bumperbot_mapping/share/bumperbot_mapping/local_setup.bash
[0.524s] -- Up-to-date: /home/javed/ros_projects/bumperbot_ws/install/bumperbot_mapping/share/bumperbot_mapping/local_setup.sh
[0.524s] -- Up-to-date: /home/javed/ros_projects/bumperbot_ws/install/bumperbot_mapping/share/bumperbot_mapping/local_setup.zsh
[0.524s] -- Up-to-date: /home/javed/ros_projects/bumperbot_ws/install/bumperbot_mapping/share/bumperbot_mapping/local_setup.dsv
[0.524s] -- Installing: /home/javed/ros_projects/bumperbot_ws/install/bumperbot_mapping/share/bumperbot_mapping/package.dsv
[0.524s] -- Up-to-date: /home/javed/ros_projects/bumperbot_ws/install/bumperbot_mapping/share/ament_index/resource_index/packages/bumperbot_mapping
[0.524s] -- Up-to-date: /home/javed/ros_projects/bumperbot_ws/install/bumperbot_mapping/share/bumperbot_mapping/cmake/bumperbot_mappingConfig.cmake
[0.525s] -- Up-to-date: /home/javed/ros_projects/bumperbot_ws/install/bumperbot_mapping/share/bumperbot_mapping/cmake/bumperbot_mappingConfig-version.cmake
[0.525s] -- Up-to-date: /home/javed/ros_projects/bumperbot_ws/install/bumperbot_mapping/share/bumperbot_mapping/package.xml
[0.579s] Invoked command in '/home/javed/ros_projects/bumperbot_ws/build/bumperbot_mapping' returned '0': CMAKE_PREFIX_PATH=${CMAKE_PREFIX_PATH}:/home/javed/ros_projects/bumperbot_ws/install/bumperbot_py_examples:/home/javed/ros_practice/install/bumperbot_python_examples:/opt/ros/jazzy DEBUGINFOD_URLS=https://debuginfod.ubuntu.com /usr/bin/cmake --install /home/javed/ros_projects/bumperbot_ws/build/bumperbot_mapping
