[0.072s] Invoking command in '/home/javed/ros_projects/bumperbot_ws/build/bumperbot_firmware': CMAKE_PREFIX_PATH=${CMAKE_PREFIX_PATH}:/home/javed/ros_projects/bumperbot_ws/install/bumperbot_py_examples:/home/javed/ros_practice/install/bumperbot_python_examples:/opt/ros/jazzy DEBUGINFOD_URLS=https://debuginfod.ubuntu.com /usr/bin/cmake --build /home/javed/ros_projects/bumperbot_ws/build/bumperbot_firmware -- -j16 -l16
[0.840s] [  0%] Built target ament_cmake_python_copy_bumperbot_firmware
[0.883s] [ 33%] Built target simple_serial_receiver
[1.033s] [ 66%] Built target simple_serial_transmitter
[1.223s] [100%] Built target bumperbot_firmware
[1.464s] running egg_info
[1.483s] writing bumperbot_firmware.egg-info/PKG-INFO
[1.484s] writing dependency_links to bumperbot_firmware.egg-info/dependency_links.txt
[1.485s] writing top-level names to bumperbot_firmware.egg-info/top_level.txt
[1.618s] reading manifest file 'bumperbot_firmware.egg-info/SOURCES.txt'
[1.665s] writing manifest file 'bumperbot_firmware.egg-info/SOURCES.txt'
[1.706s] [100%] Built target ament_cmake_python_build_bumperbot_firmware_egg
[1.890s] Invoked command in '/home/javed/ros_projects/bumperbot_ws/build/bumperbot_firmware' returned '0': CMAKE_PREFIX_PATH=${CMAKE_PREFIX_PATH}:/home/javed/ros_projects/bumperbot_ws/install/bumperbot_py_examples:/home/javed/ros_practice/install/bumperbot_python_examples:/opt/ros/jazzy DEBUGINFOD_URLS=https://debuginfod.ubuntu.com /usr/bin/cmake --build /home/javed/ros_projects/bumperbot_ws/build/bumperbot_firmware -- -j16 -l16
[1.937s] Invoking command in '/home/javed/ros_projects/bumperbot_ws/build/bumperbot_firmware': CMAKE_PREFIX_PATH=${CMAKE_PREFIX_PATH}:/home/javed/ros_projects/bumperbot_ws/install/bumperbot_py_examples:/home/javed/ros_practice/install/bumperbot_python_examples:/opt/ros/jazzy DEBUGINFOD_URLS=https://debuginfod.ubuntu.com /usr/bin/cmake --install /home/javed/ros_projects/bumperbot_ws/build/bumperbot_firmware
[1.950s] -- Install configuration: ""
[1.951s] -- Up-to-date: /home/javed/ros_projects/bumperbot_ws/install/bumperbot_firmware/share/bumperbot_firmware/environment/pythonpath.sh
[1.951s] -- Up-to-date: /home/javed/ros_projects/bumperbot_ws/install/bumperbot_firmware/share/bumperbot_firmware/environment/pythonpath.dsv
[1.951s] -- Up-to-date: /home/javed/ros_projects/bumperbot_ws/install/bumperbot_firmware/lib/python3.12/site-packages/bumperbot_firmware-0.0.0-py3.12.egg-info
[1.951s] -- Installing: /home/javed/ros_projects/bumperbot_ws/install/bumperbot_firmware/lib/python3.12/site-packages/bumperbot_firmware-0.0.0-py3.12.egg-info/SOURCES.txt
[1.951s] -- Installing: /home/javed/ros_projects/bumperbot_ws/install/bumperbot_firmware/lib/python3.12/site-packages/bumperbot_firmware-0.0.0-py3.12.egg-info/dependency_links.txt
[1.951s] -- Installing: /home/javed/ros_projects/bumperbot_ws/install/bumperbot_firmware/lib/python3.12/site-packages/bumperbot_firmware-0.0.0-py3.12.egg-info/PKG-INFO
[1.951s] -- Installing: /home/javed/ros_projects/bumperbot_ws/install/bumperbot_firmware/lib/python3.12/site-packages/bumperbot_firmware-0.0.0-py3.12.egg-info/top_level.txt
[1.951s] -- Up-to-date: /home/javed/ros_projects/bumperbot_ws/install/bumperbot_firmware/lib/python3.12/site-packages/bumperbot_firmware
[1.952s] -- Up-to-date: /home/javed/ros_projects/bumperbot_ws/install/bumperbot_firmware/lib/python3.12/site-packages/bumperbot_firmware/__init__.py
[1.952s] -- Up-to-date: /home/javed/ros_projects/bumperbot_ws/install/bumperbot_firmware/lib/python3.12/site-packages/bumperbot_firmware/mpu6050_driver.py
[1.952s] -- Up-to-date: /home/javed/ros_projects/bumperbot_ws/install/bumperbot_firmware/lib/python3.12/site-packages/bumperbot_firmware/simple_serial_receiver.py
[1.952s] -- Up-to-date: /home/javed/ros_projects/bumperbot_ws/install/bumperbot_firmware/lib/python3.12/site-packages/bumperbot_firmware/simple_serial_transmitter.py
[2.011s] Listing '/home/javed/ros_projects/bumperbot_ws/install/bumperbot_firmware/lib/python3.12/site-packages/bumperbot_firmware'...
[2.017s] -- Up-to-date: /home/javed/ros_projects/bumperbot_ws/install/bumperbot_firmware/share/bumperbot_firmware/bumperbot_interface.xml
[2.047s] -- Up-to-date: /home/javed/ros_projects/bumperbot_ws/install/bumperbot_firmware/lib/libbumperbot_firmware.so
[2.047s] -- Up-to-date: /home/javed/ros_projects/bumperbot_ws/install/bumperbot_firmware/include/include
[2.047s] -- Up-to-date: /home/javed/ros_projects/bumperbot_ws/install/bumperbot_firmware/include/include/bumperbot_firmware
[2.047s] -- Up-to-date: /home/javed/ros_projects/bumperbot_ws/install/bumperbot_firmware/include/include/bumperbot_firmware/bumperbot_interface.hpp
[2.048s] -- Up-to-date: /home/javed/ros_projects/bumperbot_ws/install/bumperbot_firmware/share/bumperbot_firmware/launch
[2.048s] -- Up-to-date: /home/javed/ros_projects/bumperbot_ws/install/bumperbot_firmware/share/bumperbot_firmware/launch/hardware_interface.launch.py
[2.048s] -- Up-to-date: /home/javed/ros_projects/bumperbot_ws/install/bumperbot_firmware/lib/bumperbot_firmware/simple_serial_transmitter.py
[2.048s] -- Up-to-date: /home/javed/ros_projects/bumperbot_ws/install/bumperbot_firmware/lib/bumperbot_firmware/simple_serial_receiver.py
[2.048s] -- Up-to-date: /home/javed/ros_projects/bumperbot_ws/install/bumperbot_firmware/lib/bumperbot_firmware/mpu6050_driver.py
[2.091s] -- Up-to-date: /home/javed/ros_projects/bumperbot_ws/install/bumperbot_firmware/lib/bumperbot_firmware/simple_serial_receiver
[2.133s] -- Up-to-date: /home/javed/ros_projects/bumperbot_ws/install/bumperbot_firmware/lib/bumperbot_firmware/simple_serial_transmitter
[2.133s] -- Up-to-date: /home/javed/ros_projects/bumperbot_ws/install/bumperbot_firmware/share/bumperbot_firmware/environment/library_path.sh
[2.133s] -- Up-to-date: /home/javed/ros_projects/bumperbot_ws/install/bumperbot_firmware/share/bumperbot_firmware/environment/library_path.dsv
[2.133s] -- Up-to-date: /home/javed/ros_projects/bumperbot_ws/install/bumperbot_firmware/share/ament_index/resource_index/package_run_dependencies/bumperbot_firmware
[2.133s] -- Up-to-date: /home/javed/ros_projects/bumperbot_ws/install/bumperbot_firmware/share/ament_index/resource_index/parent_prefix_path/bumperbot_firmware
[2.133s] -- Up-to-date: /home/javed/ros_projects/bumperbot_ws/install/bumperbot_firmware/share/bumperbot_firmware/environment/ament_prefix_path.sh
[2.133s] -- Up-to-date: /home/javed/ros_projects/bumperbot_ws/install/bumperbot_firmware/share/bumperbot_firmware/environment/ament_prefix_path.dsv
[2.133s] -- Up-to-date: /home/javed/ros_projects/bumperbot_ws/install/bumperbot_firmware/share/bumperbot_firmware/environment/path.sh
[2.133s] -- Up-to-date: /home/javed/ros_projects/bumperbot_ws/install/bumperbot_firmware/share/bumperbot_firmware/environment/path.dsv
[2.134s] -- Up-to-date: /home/javed/ros_projects/bumperbot_ws/install/bumperbot_firmware/share/bumperbot_firmware/local_setup.bash
[2.134s] -- Up-to-date: /home/javed/ros_projects/bumperbot_ws/install/bumperbot_firmware/share/bumperbot_firmware/local_setup.sh
[2.134s] -- Up-to-date: /home/javed/ros_projects/bumperbot_ws/install/bumperbot_firmware/share/bumperbot_firmware/local_setup.zsh
[2.134s] -- Up-to-date: /home/javed/ros_projects/bumperbot_ws/install/bumperbot_firmware/share/bumperbot_firmware/local_setup.dsv
[2.134s] -- Installing: /home/javed/ros_projects/bumperbot_ws/install/bumperbot_firmware/share/bumperbot_firmware/package.dsv
[2.148s] -- Up-to-date: /home/javed/ros_projects/bumperbot_ws/install/bumperbot_firmware/share/ament_index/resource_index/packages/bumperbot_firmware
[2.148s] -- Up-to-date: /home/javed/ros_projects/bumperbot_ws/install/bumperbot_firmware/share/ament_index/resource_index/hardware_interface__pluginlib__plugin/bumperbot_firmware
[2.148s] -- Up-to-date: /home/javed/ros_projects/bumperbot_ws/install/bumperbot_firmware/share/bumperbot_firmware/cmake/ament_cmake_export_include_directories-extras.cmake
[2.149s] -- Up-to-date: /home/javed/ros_projects/bumperbot_ws/install/bumperbot_firmware/share/bumperbot_firmware/cmake/ament_cmake_export_libraries-extras.cmake
[2.149s] -- Up-to-date: /home/javed/ros_projects/bumperbot_ws/install/bumperbot_firmware/share/bumperbot_firmware/cmake/ament_cmake_export_dependencies-extras.cmake
[2.149s] -- Up-to-date: /home/javed/ros_projects/bumperbot_ws/install/bumperbot_firmware/share/bumperbot_firmware/cmake/bumperbot_firmwareConfig.cmake
[2.149s] -- Up-to-date: /home/javed/ros_projects/bumperbot_ws/install/bumperbot_firmware/share/bumperbot_firmware/cmake/bumperbot_firmwareConfig-version.cmake
[2.149s] -- Up-to-date: /home/javed/ros_projects/bumperbot_ws/install/bumperbot_firmware/share/bumperbot_firmware/package.xml
[2.328s] Invoked command in '/home/javed/ros_projects/bumperbot_ws/build/bumperbot_firmware' returned '0': CMAKE_PREFIX_PATH=${CMAKE_PREFIX_PATH}:/home/javed/ros_projects/bumperbot_ws/install/bumperbot_py_examples:/home/javed/ros_practice/install/bumperbot_python_examples:/opt/ros/jazzy DEBUGINFOD_URLS=https://debuginfod.ubuntu.com /usr/bin/cmake --install /home/javed/ros_projects/bumperbot_ws/build/bumperbot_firmware
