[0.374s] Invoking command in '/home/javed/ros_projects/bumperbot_ws/build/bumperbot_motion': CMAKE_PREFIX_PATH=${CMAKE_PREFIX_PATH}:/home/javed/ros_projects/bumperbot_ws/install/bumperbot_py_examples:/home/javed/ros_practice/install/bumperbot_python_examples:/opt/ros/jazzy DEBUGINFOD_URLS=https://debuginfod.ubuntu.com /usr/bin/cmake --build /home/javed/ros_projects/bumperbot_ws/build/bumperbot_motion -- -j16 -l16
[0.481s] -- Found ament_cmake: 2.5.4 (/opt/ros/jazzy/share/ament_cmake/cmake)
[0.632s] -- Found rclpy: 7.1.4 (/opt/ros/jazzy/share/rclpy/cmake)
[0.632s] -- Found geometry_msgs: 5.3.6 (/opt/ros/jazzy/share/geometry_msgs/cmake)
[0.655s] -- Found rosidl_generator_c: 4.6.5 (/opt/ros/jazzy/share/rosidl_generator_c/cmake)
[0.663s] -- Found rosidl_generator_cpp: 4.6.5 (/opt/ros/jazzy/share/rosidl_generator_cpp/cmake)
[0.672s] -- Using all available rosidl_typesupport_c: rosidl_typesupport_fastrtps_c;rosidl_typesupport_introspection_c
[0.683s] -- Using all available rosidl_typesupport_cpp: rosidl_typesupport_fastrtps_cpp;rosidl_typesupport_introspection_cpp
[0.718s] -- Found nav_msgs: 5.3.6 (/opt/ros/jazzy/share/nav_msgs/cmake)
[0.748s] -- Found tf2_ros: 0.36.11 (/opt/ros/jazzy/share/tf2_ros/cmake)
[0.803s] -- Found rmw_implementation_cmake: 7.3.2 (/opt/ros/jazzy/share/rmw_implementation_cmake/cmake)
[0.804s] -- Found rmw_fastrtps_cpp: 8.4.2 (/opt/ros/jazzy/share/rmw_fastrtps_cpp/cmake)
[0.864s] -- Using RMW implementation 'rmw_fastrtps_cpp' as default
[1.065s] -- Found ament_lint_auto: 0.17.2 (/opt/ros/jazzy/share/ament_lint_auto/cmake)
[1.474s] -- Added test 'cppcheck' to perform static code analysis on C / C++ code
[1.474s] -- Configured cppcheck include dirs: 
[1.474s] -- Configured cppcheck exclude dirs and/or files: 
[1.475s] -- Added test 'flake8' to check Python code syntax and style conventions
[1.475s] -- Configured 'flake8' exclude dirs and/or files: 
[1.475s] -- Added test 'lint_cmake' to check CMake code style
[1.475s] -- Added test 'pep257' to check Python code against some of the docstring style conventions in PEP 257
[1.476s] -- Added test 'uncrustify' to check C / C++ code style
[1.476s] -- Configured uncrustify additional arguments: 
[1.477s] -- Added test 'xmllint' to check XML markup files
[1.477s] -- Configuring done (1.1s)
[1.590s] -- Generating done (0.0s)
[1.595s] -- Build files have been written to: /home/javed/ros_projects/bumperbot_ws/build/bumperbot_motion
[1.645s] Built target ament_cmake_python_copy_bumperbot_motion
[1.836s] running egg_info
[1.853s] writing bumperbot_motion.egg-info/PKG-INFO
[1.874s] writing dependency_links to bumperbot_motion.egg-info/dependency_links.txt
[1.874s] writing top-level names to bumperbot_motion.egg-info/top_level.txt
[1.927s] reading manifest file 'bumperbot_motion.egg-info/SOURCES.txt'
[1.927s] writing manifest file 'bumperbot_motion.egg-info/SOURCES.txt'
[1.978s] Built target ament_cmake_python_build_bumperbot_motion_egg
[1.989s] Invoked command in '/home/javed/ros_projects/bumperbot_ws/build/bumperbot_motion' returned '0': CMAKE_PREFIX_PATH=${CMAKE_PREFIX_PATH}:/home/javed/ros_projects/bumperbot_ws/install/bumperbot_py_examples:/home/javed/ros_practice/install/bumperbot_python_examples:/opt/ros/jazzy DEBUGINFOD_URLS=https://debuginfod.ubuntu.com /usr/bin/cmake --build /home/javed/ros_projects/bumperbot_ws/build/bumperbot_motion -- -j16 -l16
[2.000s] Invoking command in '/home/javed/ros_projects/bumperbot_ws/build/bumperbot_motion': CMAKE_PREFIX_PATH=${CMAKE_PREFIX_PATH}:/home/javed/ros_projects/bumperbot_ws/install/bumperbot_py_examples:/home/javed/ros_practice/install/bumperbot_python_examples:/opt/ros/jazzy DEBUGINFOD_URLS=https://debuginfod.ubuntu.com /usr/bin/cmake --install /home/javed/ros_projects/bumperbot_ws/build/bumperbot_motion
[2.008s] -- Install configuration: ""
[2.008s] -- Installing: /home/javed/ros_projects/bumperbot_ws/install/bumperbot_motion/share/bumperbot_motion/environment/pythonpath.sh
[2.008s] -- Installing: /home/javed/ros_projects/bumperbot_ws/install/bumperbot_motion/share/bumperbot_motion/environment/pythonpath.dsv
[2.008s] -- Up-to-date: /home/javed/ros_projects/bumperbot_ws/install/bumperbot_motion/lib/python3.12/site-packages/bumperbot_motion-0.0.0-py3.12.egg-info
[2.008s] -- Installing: /home/javed/ros_projects/bumperbot_ws/install/bumperbot_motion/lib/python3.12/site-packages/bumperbot_motion-0.0.0-py3.12.egg-info/SOURCES.txt
[2.008s] -- Installing: /home/javed/ros_projects/bumperbot_ws/install/bumperbot_motion/lib/python3.12/site-packages/bumperbot_motion-0.0.0-py3.12.egg-info/dependency_links.txt
[2.008s] -- Installing: /home/javed/ros_projects/bumperbot_ws/install/bumperbot_motion/lib/python3.12/site-packages/bumperbot_motion-0.0.0-py3.12.egg-info/PKG-INFO
[2.009s] -- Installing: /home/javed/ros_projects/bumperbot_ws/install/bumperbot_motion/lib/python3.12/site-packages/bumperbot_motion-0.0.0-py3.12.egg-info/top_level.txt
[2.009s] -- Up-to-date: /home/javed/ros_projects/bumperbot_ws/install/bumperbot_motion/lib/python3.12/site-packages/bumperbot_motion
[2.009s] -- Installing: /home/javed/ros_projects/bumperbot_ws/install/bumperbot_motion/lib/python3.12/site-packages/bumperbot_motion/__init__.py
[2.009s] -- Installing: /home/javed/ros_projects/bumperbot_ws/install/bumperbot_motion/lib/python3.12/site-packages/bumperbot_motion/pd_motion_planner.py
[2.105s] Listing '/home/javed/ros_projects/bumperbot_ws/install/bumperbot_motion/lib/python3.12/site-packages/bumperbot_motion'...
[2.105s] Compiling '/home/javed/ros_projects/bumperbot_ws/install/bumperbot_motion/lib/python3.12/site-packages/bumperbot_motion/__init__.py'...
[2.105s] Compiling '/home/javed/ros_projects/bumperbot_ws/install/bumperbot_motion/lib/python3.12/site-packages/bumperbot_motion/pd_motion_planner.py'...
[2.109s] -- Installing: /home/javed/ros_projects/bumperbot_ws/install/bumperbot_motion/lib/bumperbot_motion/pd_motion_planner.py
[2.110s] -- Installing: /home/javed/ros_projects/bumperbot_ws/install/bumperbot_motion/share/ament_index/resource_index/package_run_dependencies/bumperbot_motion
[2.110s] -- Installing: /home/javed/ros_projects/bumperbot_ws/install/bumperbot_motion/share/ament_index/resource_index/parent_prefix_path/bumperbot_motion
[2.110s] -- Installing: /home/javed/ros_projects/bumperbot_ws/install/bumperbot_motion/share/bumperbot_motion/environment/ament_prefix_path.sh
[2.110s] -- Installing: /home/javed/ros_projects/bumperbot_ws/install/bumperbot_motion/share/bumperbot_motion/environment/ament_prefix_path.dsv
[2.110s] -- Installing: /home/javed/ros_projects/bumperbot_ws/install/bumperbot_motion/share/bumperbot_motion/environment/path.sh
[2.110s] -- Installing: /home/javed/ros_projects/bumperbot_ws/install/bumperbot_motion/share/bumperbot_motion/environment/path.dsv
[2.111s] -- Installing: /home/javed/ros_projects/bumperbot_ws/install/bumperbot_motion/share/bumperbot_motion/local_setup.bash
[2.111s] -- Installing: /home/javed/ros_projects/bumperbot_ws/install/bumperbot_motion/share/bumperbot_motion/local_setup.sh
[2.111s] -- Installing: /home/javed/ros_projects/bumperbot_ws/install/bumperbot_motion/share/bumperbot_motion/local_setup.zsh
[2.111s] -- Installing: /home/javed/ros_projects/bumperbot_ws/install/bumperbot_motion/share/bumperbot_motion/local_setup.dsv
[2.111s] -- Installing: /home/javed/ros_projects/bumperbot_ws/install/bumperbot_motion/share/bumperbot_motion/package.dsv
[2.111s] -- Installing: /home/javed/ros_projects/bumperbot_ws/install/bumperbot_motion/share/ament_index/resource_index/packages/bumperbot_motion
[2.111s] -- Installing: /home/javed/ros_projects/bumperbot_ws/install/bumperbot_motion/share/bumperbot_motion/cmake/bumperbot_motionConfig.cmake
[2.112s] -- Installing: /home/javed/ros_projects/bumperbot_ws/install/bumperbot_motion/share/bumperbot_motion/cmake/bumperbot_motionConfig-version.cmake
[2.112s] -- Installing: /home/javed/ros_projects/bumperbot_ws/install/bumperbot_motion/share/bumperbot_motion/package.xml
[2.126s] Invoked command in '/home/javed/ros_projects/bumperbot_ws/build/bumperbot_motion' returned '0': CMAKE_PREFIX_PATH=${CMAKE_PREFIX_PATH}:/home/javed/ros_projects/bumperbot_ws/install/bumperbot_py_examples:/home/javed/ros_practice/install/bumperbot_python_examples:/opt/ros/jazzy DEBUGINFOD_URLS=https://debuginfod.ubuntu.com /usr/bin/cmake --install /home/javed/ros_projects/bumperbot_ws/build/bumperbot_motion
