[0.511s] Invoking command in '/home/javed/ros_projects/bumperbot_ws/build/bumperbot_motion': CMAKE_PREFIX_PATH=${CMAKE_PREFIX_PATH}:/home/javed/ros_projects/bumperbot_ws/install/bumperbot_py_examples:/home/javed/ros_practice/install/bumperbot_python_examples:/opt/ros/jazzy DEBUGINFOD_URLS=https://debuginfod.ubuntu.com /usr/bin/cmake --build /home/javed/ros_projects/bumperbot_ws/build/bumperbot_motion -- -j16 -l16
[3.065s] [ 50%] Built target pure_pursuit
[3.352s] [ 50%] Built target ament_cmake_python_copy_bumperbot_motion
[4.095s] [100%] Built target pd_motion_planner
[4.419s] running egg_info
[4.437s] writing bumperbot_motion.egg-info/PKG-INFO
[4.438s] writing dependency_links to bumperbot_motion.egg-info/dependency_links.txt
[4.438s] writing top-level names to bumperbot_motion.egg-info/top_level.txt
[4.774s] reading manifest file 'bumperbot_motion.egg-info/SOURCES.txt'
[4.774s] writing manifest file 'bumperbot_motion.egg-info/SOURCES.txt'
[4.820s] [100%] Built target ament_cmake_python_build_bumperbot_motion_egg
[5.539s] Invoked command in '/home/javed/ros_projects/bumperbot_ws/build/bumperbot_motion' returned '0': CMAKE_PREFIX_PATH=${CMAKE_PREFIX_PATH}:/home/javed/ros_projects/bumperbot_ws/install/bumperbot_py_examples:/home/javed/ros_practice/install/bumperbot_python_examples:/opt/ros/jazzy DEBUGINFOD_URLS=https://debuginfod.ubuntu.com /usr/bin/cmake --build /home/javed/ros_projects/bumperbot_ws/build/bumperbot_motion -- -j16 -l16
[5.588s] Invoking command in '/home/javed/ros_projects/bumperbot_ws/build/bumperbot_motion': CMAKE_PREFIX_PATH=${CMAKE_PREFIX_PATH}:/home/javed/ros_projects/bumperbot_ws/install/bumperbot_py_examples:/home/javed/ros_practice/install/bumperbot_python_examples:/opt/ros/jazzy DEBUGINFOD_URLS=https://debuginfod.ubuntu.com /usr/bin/cmake --install /home/javed/ros_projects/bumperbot_ws/build/bumperbot_motion
[5.775s] -- Install configuration: ""
[5.775s] -- Up-to-date: /home/javed/ros_projects/bumperbot_ws/install/bumperbot_motion/share/bumperbot_motion/environment/pythonpath.sh
[5.775s] -- Up-to-date: /home/javed/ros_projects/bumperbot_ws/install/bumperbot_motion/share/bumperbot_motion/environment/pythonpath.dsv
[5.775s] -- Up-to-date: /home/javed/ros_projects/bumperbot_ws/install/bumperbot_motion/lib/python3.12/site-packages/bumperbot_motion-0.0.0-py3.12.egg-info
[5.776s] -- Installing: /home/javed/ros_projects/bumperbot_ws/install/bumperbot_motion/lib/python3.12/site-packages/bumperbot_motion-0.0.0-py3.12.egg-info/SOURCES.txt
[5.776s] -- Installing: /home/javed/ros_projects/bumperbot_ws/install/bumperbot_motion/lib/python3.12/site-packages/bumperbot_motion-0.0.0-py3.12.egg-info/dependency_links.txt
[5.776s] -- Installing: /home/javed/ros_projects/bumperbot_ws/install/bumperbot_motion/lib/python3.12/site-packages/bumperbot_motion-0.0.0-py3.12.egg-info/PKG-INFO
[5.776s] -- Installing: /home/javed/ros_projects/bumperbot_ws/install/bumperbot_motion/lib/python3.12/site-packages/bumperbot_motion-0.0.0-py3.12.egg-info/top_level.txt
[5.776s] -- Up-to-date: /home/javed/ros_projects/bumperbot_ws/install/bumperbot_motion/lib/python3.12/site-packages/bumperbot_motion
[5.776s] -- Up-to-date: /home/javed/ros_projects/bumperbot_ws/install/bumperbot_motion/lib/python3.12/site-packages/bumperbot_motion/pure_pursuit.py
[5.776s] -- Up-to-date: /home/javed/ros_projects/bumperbot_ws/install/bumperbot_motion/lib/python3.12/site-packages/bumperbot_motion/__init__.py
[5.776s] -- Up-to-date: /home/javed/ros_projects/bumperbot_ws/install/bumperbot_motion/lib/python3.12/site-packages/bumperbot_motion/pd_motion_planner.py
[6.195s] Listing '/home/javed/ros_projects/bumperbot_ws/install/bumperbot_motion/lib/python3.12/site-packages/bumperbot_motion'...
[6.200s] -- Up-to-date: /home/javed/ros_projects/bumperbot_ws/install/bumperbot_motion/lib/bumperbot_motion/pd_motion_planner.py
[6.200s] -- Up-to-date: /home/javed/ros_projects/bumperbot_ws/install/bumperbot_motion/lib/bumperbot_motion/pure_pursuit.py
[6.201s] -- Up-to-date: /home/javed/ros_projects/bumperbot_ws/install/bumperbot_motion/include/include
[6.201s] -- Up-to-date: /home/javed/ros_projects/bumperbot_ws/install/bumperbot_motion/include/include/bumperbot_motion
[6.201s] -- Up-to-date: /home/javed/ros_projects/bumperbot_ws/install/bumperbot_motion/include/include/bumperbot_motion/pure_pursuit.hpp
[6.201s] -- Up-to-date: /home/javed/ros_projects/bumperbot_ws/install/bumperbot_motion/include/include/bumperbot_motion/pd_motion_planner.hpp
[6.201s] -- Up-to-date: /home/javed/ros_projects/bumperbot_ws/install/bumperbot_motion/lib/bumperbot_motion/pd_motion_planner
[6.201s] -- Up-to-date: /home/javed/ros_projects/bumperbot_ws/install/bumperbot_motion/lib/bumperbot_motion/pure_pursuit
[6.201s] -- Up-to-date: /home/javed/ros_projects/bumperbot_ws/install/bumperbot_motion/share/ament_index/resource_index/package_run_dependencies/bumperbot_motion
[6.202s] -- Up-to-date: /home/javed/ros_projects/bumperbot_ws/install/bumperbot_motion/share/ament_index/resource_index/parent_prefix_path/bumperbot_motion
[6.202s] -- Up-to-date: /home/javed/ros_projects/bumperbot_ws/install/bumperbot_motion/share/bumperbot_motion/environment/ament_prefix_path.sh
[6.202s] -- Up-to-date: /home/javed/ros_projects/bumperbot_ws/install/bumperbot_motion/share/bumperbot_motion/environment/ament_prefix_path.dsv
[6.202s] -- Up-to-date: /home/javed/ros_projects/bumperbot_ws/install/bumperbot_motion/share/bumperbot_motion/environment/path.sh
[6.202s] -- Up-to-date: /home/javed/ros_projects/bumperbot_ws/install/bumperbot_motion/share/bumperbot_motion/environment/path.dsv
[6.202s] -- Up-to-date: /home/javed/ros_projects/bumperbot_ws/install/bumperbot_motion/share/bumperbot_motion/local_setup.bash
[6.202s] -- Up-to-date: /home/javed/ros_projects/bumperbot_ws/install/bumperbot_motion/share/bumperbot_motion/local_setup.sh
[6.203s] -- Up-to-date: /home/javed/ros_projects/bumperbot_ws/install/bumperbot_motion/share/bumperbot_motion/local_setup.zsh
[6.203s] -- Up-to-date: /home/javed/ros_projects/bumperbot_ws/install/bumperbot_motion/share/bumperbot_motion/local_setup.dsv
[6.203s] -- Installing: /home/javed/ros_projects/bumperbot_ws/install/bumperbot_motion/share/bumperbot_motion/package.dsv
[6.328s] -- Up-to-date: /home/javed/ros_projects/bumperbot_ws/install/bumperbot_motion/share/ament_index/resource_index/packages/bumperbot_motion
[6.329s] -- Up-to-date: /home/javed/ros_projects/bumperbot_ws/install/bumperbot_motion/share/bumperbot_motion/cmake/ament_cmake_export_include_directories-extras.cmake
[6.329s] -- Up-to-date: /home/javed/ros_projects/bumperbot_ws/install/bumperbot_motion/share/bumperbot_motion/cmake/ament_cmake_export_dependencies-extras.cmake
[6.329s] -- Up-to-date: /home/javed/ros_projects/bumperbot_ws/install/bumperbot_motion/share/bumperbot_motion/cmake/bumperbot_motionConfig.cmake
[6.329s] -- Up-to-date: /home/javed/ros_projects/bumperbot_ws/install/bumperbot_motion/share/bumperbot_motion/cmake/bumperbot_motionConfig-version.cmake
[6.329s] -- Up-to-date: /home/javed/ros_projects/bumperbot_ws/install/bumperbot_motion/share/bumperbot_motion/package.xml
[6.401s] Invoked command in '/home/javed/ros_projects/bumperbot_ws/build/bumperbot_motion' returned '0': CMAKE_PREFIX_PATH=${CMAKE_PREFIX_PATH}:/home/javed/ros_projects/bumperbot_ws/install/bumperbot_py_examples:/home/javed/ros_practice/install/bumperbot_python_examples:/opt/ros/jazzy DEBUGINFOD_URLS=https://debuginfod.ubuntu.com /usr/bin/cmake --install /home/javed/ros_projects/bumperbot_ws/build/bumperbot_motion
