[1.204s] Invoking command in '/home/javed/ros_projects/bumperbot_ws/build/bumperbot_navigation': CMAKE_PREFIX_PATH=${CMAKE_PREFIX_PATH}:/home/javed/ros_projects/bumperbot_ws/install/bumperbot_py_examples:/home/javed/ros_practice/install/bumperbot_python_examples:/opt/ros/jazzy DEBUGINFOD_URLS=https://debuginfod.ubuntu.com /usr/bin/cmake /home/javed/ros_projects/bumperbot_ws/src/bumperbot_navigation -DCMAKE_INSTALL_PREFIX=/home/javed/ros_projects/bumperbot_ws/install/bumperbot_navigation
[13.626s] -- The C compiler identification is GNU 13.3.0
[17.639s] -- The CXX compiler identification is GNU 13.3.0
[18.482s] -- Detecting C compiler ABI info
[19.263s] -- Detecting C compiler ABI info - done
[19.269s] -- Check for working C compiler: /usr/bin/cc - skipped
[19.284s] -- Detecting C compile features
[19.289s] -- Detecting C compile features - done
[19.479s] -- Detecting CXX compiler ABI info
[20.069s] -- Detecting CXX compiler ABI info - done
[20.076s] -- Check for working CXX compiler: /usr/bin/c++ - skipped
[20.076s] -- Detecting CXX compile features
[20.077s] -- Detecting CXX compile features - done
[20.518s] -- Found ament_cmake: 2.5.4 (/opt/ros/jazzy/share/ament_cmake/cmake)
[20.791s] -- Found Python3: /usr/bin/python3 (found version "3.12.3") found components: Interpreter 
[22.590s] -- Found ament_lint_auto: 0.17.2 (/opt/ros/jazzy/share/ament_lint_auto/cmake)
[24.428s] -- Added test 'lint_cmake' to check CMake code style
[24.625s] -- Added test 'xmllint' to check XML markup files
[24.664s] -- Configuring done (23.5s)
[24.668s] -- Generating done (0.0s)
[24.669s] -- Build files have been written to: /home/javed/ros_projects/bumperbot_ws/build/bumperbot_navigation
[24.673s] Invoked command in '/home/javed/ros_projects/bumperbot_ws/build/bumperbot_navigation' returned '0': CMAKE_PREFIX_PATH=${CMAKE_PREFIX_PATH}:/home/javed/ros_projects/bumperbot_ws/install/bumperbot_py_examples:/home/javed/ros_practice/install/bumperbot_python_examples:/opt/ros/jazzy DEBUGINFOD_URLS=https://debuginfod.ubuntu.com /usr/bin/cmake /home/javed/ros_projects/bumperbot_ws/src/bumperbot_navigation -DCMAKE_INSTALL_PREFIX=/home/javed/ros_projects/bumperbot_ws/install/bumperbot_navigation
[24.674s] Invoking command in '/home/javed/ros_projects/bumperbot_ws/build/bumperbot_navigation': CMAKE_PREFIX_PATH=${CMAKE_PREFIX_PATH}:/home/javed/ros_projects/bumperbot_ws/install/bumperbot_py_examples:/home/javed/ros_practice/install/bumperbot_python_examples:/opt/ros/jazzy DEBUGINFOD_URLS=https://debuginfod.ubuntu.com /usr/bin/cmake --build /home/javed/ros_projects/bumperbot_ws/build/bumperbot_navigation -- -j16 -l16
[24.713s] Invoked command in '/home/javed/ros_projects/bumperbot_ws/build/bumperbot_navigation' returned '0': CMAKE_PREFIX_PATH=${CMAKE_PREFIX_PATH}:/home/javed/ros_projects/bumperbot_ws/install/bumperbot_py_examples:/home/javed/ros_practice/install/bumperbot_python_examples:/opt/ros/jazzy DEBUGINFOD_URLS=https://debuginfod.ubuntu.com /usr/bin/cmake --build /home/javed/ros_projects/bumperbot_ws/build/bumperbot_navigation -- -j16 -l16
[24.714s] Invoking command in '/home/javed/ros_projects/bumperbot_ws/build/bumperbot_navigation': CMAKE_PREFIX_PATH=${CMAKE_PREFIX_PATH}:/home/javed/ros_projects/bumperbot_ws/install/bumperbot_py_examples:/home/javed/ros_practice/install/bumperbot_python_examples:/opt/ros/jazzy DEBUGINFOD_URLS=https://debuginfod.ubuntu.com /usr/bin/cmake --install /home/javed/ros_projects/bumperbot_ws/build/bumperbot_navigation
[24.722s] -- Install configuration: ""
[24.722s] -- Installing: /home/javed/ros_projects/bumperbot_ws/install/bumperbot_navigation/share/ament_index/resource_index/package_run_dependencies/bumperbot_navigation
[24.722s] -- Installing: /home/javed/ros_projects/bumperbot_ws/install/bumperbot_navigation/share/ament_index/resource_index/parent_prefix_path/bumperbot_navigation
[24.723s] -- Installing: /home/javed/ros_projects/bumperbot_ws/install/bumperbot_navigation/share/bumperbot_navigation/environment/ament_prefix_path.sh
[24.723s] -- Installing: /home/javed/ros_projects/bumperbot_ws/install/bumperbot_navigation/share/bumperbot_navigation/environment/ament_prefix_path.dsv
[24.723s] -- Installing: /home/javed/ros_projects/bumperbot_ws/install/bumperbot_navigation/share/bumperbot_navigation/environment/path.sh
[24.723s] -- Installing: /home/javed/ros_projects/bumperbot_ws/install/bumperbot_navigation/share/bumperbot_navigation/environment/path.dsv
[24.723s] -- Installing: /home/javed/ros_projects/bumperbot_ws/install/bumperbot_navigation/share/bumperbot_navigation/local_setup.bash
[24.723s] -- Installing: /home/javed/ros_projects/bumperbot_ws/install/bumperbot_navigation/share/bumperbot_navigation/local_setup.sh
[24.724s] -- Installing: /home/javed/ros_projects/bumperbot_ws/install/bumperbot_navigation/share/bumperbot_navigation/local_setup.zsh
[24.724s] -- Installing: /home/javed/ros_projects/bumperbot_ws/install/bumperbot_navigation/share/bumperbot_navigation/local_setup.dsv
[24.724s] -- Installing: /home/javed/ros_projects/bumperbot_ws/install/bumperbot_navigation/share/bumperbot_navigation/package.dsv
[24.724s] -- Installing: /home/javed/ros_projects/bumperbot_ws/install/bumperbot_navigation/share/ament_index/resource_index/packages/bumperbot_navigation
[24.724s] -- Installing: /home/javed/ros_projects/bumperbot_ws/install/bumperbot_navigation/share/bumperbot_navigation/cmake/bumperbot_navigationConfig.cmake
[24.724s] -- Installing: /home/javed/ros_projects/bumperbot_ws/install/bumperbot_navigation/share/bumperbot_navigation/cmake/bumperbot_navigationConfig-version.cmake
[24.725s] -- Installing: /home/javed/ros_projects/bumperbot_ws/install/bumperbot_navigation/share/bumperbot_navigation/package.xml
[24.727s] Invoked command in '/home/javed/ros_projects/bumperbot_ws/build/bumperbot_navigation' returned '0': CMAKE_PREFIX_PATH=${CMAKE_PREFIX_PATH}:/home/javed/ros_projects/bumperbot_ws/install/bumperbot_py_examples:/home/javed/ros_practice/install/bumperbot_python_examples:/opt/ros/jazzy DEBUGINFOD_URLS=https://debuginfod.ubuntu.com /usr/bin/cmake --install /home/javed/ros_projects/bumperbot_ws/build/bumperbot_navigation
