[0.244s] Invoking command in '/home/javed/ros_projects/bumperbot_ws/build/bumperbot_motion': CMAKE_PREFIX_PATH=${CMAKE_PREFIX_PATH}:/home/javed/ros_projects/bumperbot_ws/install/bumperbot_py_examples:/home/javed/ros_practice/install/bumperbot_python_examples:/opt/ros/jazzy DEBUGINFOD_URLS=https://debuginfod.ubuntu.com /usr/bin/cmake /home/javed/ros_projects/bumperbot_ws/src/bumperbot_motion -DCMAKE_INSTALL_PREFIX=/home/javed/ros_projects/bumperbot_ws/install/bumperbot_motion
[5.849s] -- The C compiler identification is GNU 13.3.0
[7.577s] -- The CXX compiler identification is GNU 13.3.0
[7.815s] -- Detecting C compiler ABI info
[8.127s] -- Detecting C compiler ABI info - done
[8.134s] -- Check for working C compiler: /usr/bin/cc - skipped
[8.134s] -- Detecting C compile features
[8.177s] -- Detecting C compile features - done
[8.311s] -- Detecting CXX compiler ABI info
[8.614s] -- Detecting CXX compiler ABI info - done
[8.621s] -- Check for working CXX compiler: /usr/bin/c++ - skipped
[8.621s] -- Detecting CXX compile features
[8.622s] -- Detecting CXX compile features - done
[8.963s] -- Found ament_cmake: 2.5.4 (/opt/ros/jazzy/share/ament_cmake/cmake)
[9.260s] -- Found Python3: /usr/bin/python3 (found version "3.12.3") found components: Interpreter 
[9.784s] -- Found ament_lint_auto: 0.17.2 (/opt/ros/jazzy/share/ament_lint_auto/cmake)
[10.150s] -- Added test 'lint_cmake' to check CMake code style
[10.336s] -- Added test 'xmllint' to check XML markup files
[10.377s] -- Configuring done (10.1s)
[10.380s] -- Generating done (0.0s)
[10.381s] -- Build files have been written to: /home/javed/ros_projects/bumperbot_ws/build/bumperbot_motion
[10.385s] Invoked command in '/home/javed/ros_projects/bumperbot_ws/build/bumperbot_motion' returned '0': CMAKE_PREFIX_PATH=${CMAKE_PREFIX_PATH}:/home/javed/ros_projects/bumperbot_ws/install/bumperbot_py_examples:/home/javed/ros_practice/install/bumperbot_python_examples:/opt/ros/jazzy DEBUGINFOD_URLS=https://debuginfod.ubuntu.com /usr/bin/cmake /home/javed/ros_projects/bumperbot_ws/src/bumperbot_motion -DCMAKE_INSTALL_PREFIX=/home/javed/ros_projects/bumperbot_ws/install/bumperbot_motion
[10.387s] Invoking command in '/home/javed/ros_projects/bumperbot_ws/build/bumperbot_motion': CMAKE_PREFIX_PATH=${CMAKE_PREFIX_PATH}:/home/javed/ros_projects/bumperbot_ws/install/bumperbot_py_examples:/home/javed/ros_practice/install/bumperbot_python_examples:/opt/ros/jazzy DEBUGINFOD_URLS=https://debuginfod.ubuntu.com /usr/bin/cmake --build /home/javed/ros_projects/bumperbot_ws/build/bumperbot_motion -- -j16 -l16
[10.423s] Invoked command in '/home/javed/ros_projects/bumperbot_ws/build/bumperbot_motion' returned '0': CMAKE_PREFIX_PATH=${CMAKE_PREFIX_PATH}:/home/javed/ros_projects/bumperbot_ws/install/bumperbot_py_examples:/home/javed/ros_practice/install/bumperbot_python_examples:/opt/ros/jazzy DEBUGINFOD_URLS=https://debuginfod.ubuntu.com /usr/bin/cmake --build /home/javed/ros_projects/bumperbot_ws/build/bumperbot_motion -- -j16 -l16
[10.424s] Invoking command in '/home/javed/ros_projects/bumperbot_ws/build/bumperbot_motion': CMAKE_PREFIX_PATH=${CMAKE_PREFIX_PATH}:/home/javed/ros_projects/bumperbot_ws/install/bumperbot_py_examples:/home/javed/ros_practice/install/bumperbot_python_examples:/opt/ros/jazzy DEBUGINFOD_URLS=https://debuginfod.ubuntu.com /usr/bin/cmake --install /home/javed/ros_projects/bumperbot_ws/build/bumperbot_motion
[10.431s] -- Install configuration: ""
[10.431s] -- Installing: /home/javed/ros_projects/bumperbot_ws/install/bumperbot_motion/share/ament_index/resource_index/package_run_dependencies/bumperbot_motion
[10.431s] -- Installing: /home/javed/ros_projects/bumperbot_ws/install/bumperbot_motion/share/ament_index/resource_index/parent_prefix_path/bumperbot_motion
[10.432s] -- Installing: /home/javed/ros_projects/bumperbot_ws/install/bumperbot_motion/share/bumperbot_motion/environment/ament_prefix_path.sh
[10.432s] -- Installing: /home/javed/ros_projects/bumperbot_ws/install/bumperbot_motion/share/bumperbot_motion/environment/ament_prefix_path.dsv
[10.432s] -- Installing: /home/javed/ros_projects/bumperbot_ws/install/bumperbot_motion/share/bumperbot_motion/environment/path.sh
[10.432s] -- Installing: /home/javed/ros_projects/bumperbot_ws/install/bumperbot_motion/share/bumperbot_motion/environment/path.dsv
[10.432s] -- Installing: /home/javed/ros_projects/bumperbot_ws/install/bumperbot_motion/share/bumperbot_motion/local_setup.bash
[10.432s] -- Installing: /home/javed/ros_projects/bumperbot_ws/install/bumperbot_motion/share/bumperbot_motion/local_setup.sh
[10.432s] -- Installing: /home/javed/ros_projects/bumperbot_ws/install/bumperbot_motion/share/bumperbot_motion/local_setup.zsh
[10.433s] -- Installing: /home/javed/ros_projects/bumperbot_ws/install/bumperbot_motion/share/bumperbot_motion/local_setup.dsv
[10.433s] -- Installing: /home/javed/ros_projects/bumperbot_ws/install/bumperbot_motion/share/bumperbot_motion/package.dsv
[10.433s] -- Installing: /home/javed/ros_projects/bumperbot_ws/install/bumperbot_motion/share/ament_index/resource_index/packages/bumperbot_motion
[10.433s] -- Installing: /home/javed/ros_projects/bumperbot_ws/install/bumperbot_motion/share/bumperbot_motion/cmake/bumperbot_motionConfig.cmake
[10.433s] -- Installing: /home/javed/ros_projects/bumperbot_ws/install/bumperbot_motion/share/bumperbot_motion/cmake/bumperbot_motionConfig-version.cmake
[10.433s] -- Installing: /home/javed/ros_projects/bumperbot_ws/install/bumperbot_motion/share/bumperbot_motion/package.xml
[10.435s] Invoked command in '/home/javed/ros_projects/bumperbot_ws/build/bumperbot_motion' returned '0': CMAKE_PREFIX_PATH=${CMAKE_PREFIX_PATH}:/home/javed/ros_projects/bumperbot_ws/install/bumperbot_py_examples:/home/javed/ros_practice/install/bumperbot_python_examples:/opt/ros/jazzy DEBUGINFOD_URLS=https://debuginfod.ubuntu.com /usr/bin/cmake --install /home/javed/ros_projects/bumperbot_ws/build/bumperbot_motion
