[0.032s] Invoking command in '/home/javed/ros_projects/bumperbot_ws/build/bumperbot_utils': CMAKE_PREFIX_PATH=${CMAKE_PREFIX_PATH}:/opt/ros/jazzy DEBUGINFOD_URLS=https://debuginfod.ubuntu.com /usr/bin/cmake /home/javed/ros_projects/bumperbot_ws/src/bumperbot_utils -DCMAKE_INSTALL_PREFIX=/home/javed/ros_projects/bumperbot_ws/install/bumperbot_utils
[1.835s] -- The C compiler identification is GNU 13.3.0
[2.785s] -- The CXX compiler identification is GNU 13.3.0
[3.003s] -- Detecting C compiler ABI info
[3.332s] -- Detecting C compiler ABI info - done
[3.339s] -- Check for working C compiler: /usr/bin/cc - skipped
[3.339s] -- Detecting C compile features
[3.372s] -- Detecting C compile features - done
[3.428s] -- Detecting CXX compiler ABI info
[3.591s] -- Detecting CXX compiler ABI info - done
[3.602s] -- Check for working CXX compiler: /usr/bin/c++ - skipped
[3.602s] -- Detecting CXX compile features
[3.603s] -- Detecting CXX compile features - done
[3.803s] -- Found ament_cmake: 2.5.4 (/opt/ros/jazzy/share/ament_cmake/cmake)
[4.092s] -- Found Python3: /usr/bin/python3 (found version "3.12.3") found components: Interpreter 
[4.422s] -- Found rclcpp: 28.1.9 (/opt/ros/jazzy/share/rclcpp/cmake)
[4.818s] -- Found rosidl_generator_c: 4.6.5 (/opt/ros/jazzy/share/rosidl_generator_c/cmake)
[4.883s] -- Found rosidl_generator_cpp: 4.6.5 (/opt/ros/jazzy/share/rosidl_generator_cpp/cmake)
[5.194s] -- Using all available rosidl_typesupport_c: rosidl_typesupport_fastrtps_c;rosidl_typesupport_introspection_c
[5.237s] -- Using all available rosidl_typesupport_cpp: rosidl_typesupport_fastrtps_cpp;rosidl_typesupport_introspection_cpp
[5.812s] -- Found rmw_implementation_cmake: 7.3.2 (/opt/ros/jazzy/share/rmw_implementation_cmake/cmake)
[5.859s] -- Found rmw_fastrtps_cpp: 8.4.2 (/opt/ros/jazzy/share/rmw_fastrtps_cpp/cmake)
[7.203s] -- Found OpenSSL: /usr/lib/x86_64-linux-gnu/libcrypto.so (found version "3.0.13")  
[7.300s] -- Found FastRTPS: /opt/ros/jazzy/include (Required is at least version "2.13") 
[7.362s] -- Using RMW implementation 'rmw_fastrtps_cpp' as default
[8.306s] -- Found rclpy: 7.1.4 (/opt/ros/jazzy/share/rclpy/cmake)
[8.309s] -- Found geometry_msgs: 5.3.6 (/opt/ros/jazzy/share/geometry_msgs/cmake)
[8.339s] -- Found sensor_msgs: 5.3.6 (/opt/ros/jazzy/share/sensor_msgs/cmake)
[8.414s] -- Found twist_mux_msgs: 3.0.1 (/opt/ros/jazzy/share/twist_mux_msgs/cmake)
[8.543s] -- Found rclcpp_action: 28.1.9 (/opt/ros/jazzy/share/rclcpp_action/cmake)
[8.665s] -- Found visualization_msgs: 5.3.6 (/opt/ros/jazzy/share/visualization_msgs/cmake)
[8.944s] -- Configuring done (8.4s)
[8.990s] -- Generating done (0.0s)
[8.993s] -- Build files have been written to: /home/javed/ros_projects/bumperbot_ws/build/bumperbot_utils
[9.002s] Invoked command in '/home/javed/ros_projects/bumperbot_ws/build/bumperbot_utils' returned '0': CMAKE_PREFIX_PATH=${CMAKE_PREFIX_PATH}:/opt/ros/jazzy DEBUGINFOD_URLS=https://debuginfod.ubuntu.com /usr/bin/cmake /home/javed/ros_projects/bumperbot_ws/src/bumperbot_utils -DCMAKE_INSTALL_PREFIX=/home/javed/ros_projects/bumperbot_ws/install/bumperbot_utils
[9.003s] Invoking command in '/home/javed/ros_projects/bumperbot_ws/build/bumperbot_utils': CMAKE_PREFIX_PATH=${CMAKE_PREFIX_PATH}:/opt/ros/jazzy DEBUGINFOD_URLS=https://debuginfod.ubuntu.com /usr/bin/cmake --build /home/javed/ros_projects/bumperbot_ws/build/bumperbot_utils -- -j16 -l16
[9.050s] [ 50%] [32mBuilding CXX object CMakeFiles/safety_stop.dir/src/safety_stop.cpp.o[0m
[9.101s] [ 50%] Built target ament_cmake_python_copy_bumperbot_utils
[10.183s] running egg_info
[10.183s] creating bumperbot_utils.egg-info
[10.200s] writing bumperbot_utils.egg-info/PKG-INFO
[10.200s] writing dependency_links to bumperbot_utils.egg-info/dependency_links.txt
[10.201s] writing top-level names to bumperbot_utils.egg-info/top_level.txt
[10.201s] writing manifest file 'bumperbot_utils.egg-info/SOURCES.txt'
[10.388s] reading manifest file 'bumperbot_utils.egg-info/SOURCES.txt'
[10.389s] writing manifest file 'bumperbot_utils.egg-info/SOURCES.txt'
[10.424s] [ 50%] Built target ament_cmake_python_build_bumperbot_utils_egg
[44.701s] [100%] [32m[1mLinking CXX executable safety_stop[0m
[45.695s] [100%] Built target safety_stop
[45.705s] Invoked command in '/home/javed/ros_projects/bumperbot_ws/build/bumperbot_utils' returned '0': CMAKE_PREFIX_PATH=${CMAKE_PREFIX_PATH}:/opt/ros/jazzy DEBUGINFOD_URLS=https://debuginfod.ubuntu.com /usr/bin/cmake --build /home/javed/ros_projects/bumperbot_ws/build/bumperbot_utils -- -j16 -l16
[45.706s] Invoking command in '/home/javed/ros_projects/bumperbot_ws/build/bumperbot_utils': CMAKE_PREFIX_PATH=${CMAKE_PREFIX_PATH}:/opt/ros/jazzy DEBUGINFOD_URLS=https://debuginfod.ubuntu.com /usr/bin/cmake --install /home/javed/ros_projects/bumperbot_ws/build/bumperbot_utils
[45.714s] -- Install configuration: ""
[45.714s] -- Installing: /home/javed/ros_projects/bumperbot_ws/install/bumperbot_utils/share/bumperbot_utils/environment/pythonpath.sh
[45.714s] -- Installing: /home/javed/ros_projects/bumperbot_ws/install/bumperbot_utils/share/bumperbot_utils/environment/pythonpath.dsv
[45.714s] -- Installing: /home/javed/ros_projects/bumperbot_ws/install/bumperbot_utils/lib/python3.12/site-packages/bumperbot_utils-0.0.0-py3.12.egg-info
[45.714s] -- Installing: /home/javed/ros_projects/bumperbot_ws/install/bumperbot_utils/lib/python3.12/site-packages/bumperbot_utils-0.0.0-py3.12.egg-info/SOURCES.txt
[45.714s] -- Installing: /home/javed/ros_projects/bumperbot_ws/install/bumperbot_utils/lib/python3.12/site-packages/bumperbot_utils-0.0.0-py3.12.egg-info/dependency_links.txt
[45.715s] -- Installing: /home/javed/ros_projects/bumperbot_ws/install/bumperbot_utils/lib/python3.12/site-packages/bumperbot_utils-0.0.0-py3.12.egg-info/PKG-INFO
[45.715s] -- Installing: /home/javed/ros_projects/bumperbot_ws/install/bumperbot_utils/lib/python3.12/site-packages/bumperbot_utils-0.0.0-py3.12.egg-info/top_level.txt
[45.715s] -- Installing: /home/javed/ros_projects/bumperbot_ws/install/bumperbot_utils/lib/python3.12/site-packages/bumperbot_utils
[45.715s] -- Installing: /home/javed/ros_projects/bumperbot_ws/install/bumperbot_utils/lib/python3.12/site-packages/bumperbot_utils/__init__.py
[45.715s] -- Installing: /home/javed/ros_projects/bumperbot_ws/install/bumperbot_utils/lib/python3.12/site-packages/bumperbot_utils/safety_stop.py
[45.745s] Listing '/home/javed/ros_projects/bumperbot_ws/install/bumperbot_utils/lib/python3.12/site-packages/bumperbot_utils'...
[45.745s] Compiling '/home/javed/ros_projects/bumperbot_ws/install/bumperbot_utils/lib/python3.12/site-packages/bumperbot_utils/__init__.py'...
[45.745s] Compiling '/home/javed/ros_projects/bumperbot_ws/install/bumperbot_utils/lib/python3.12/site-packages/bumperbot_utils/safety_stop.py'...
[45.750s] -- Installing: /home/javed/ros_projects/bumperbot_ws/install/bumperbot_utils/lib/bumperbot_utils/safety_stop
[45.755s] -- Set non-toolchain portion of runtime path of "/home/javed/ros_projects/bumperbot_ws/install/bumperbot_utils/lib/bumperbot_utils/safety_stop" to ""
[45.755s] -- Installing: /home/javed/ros_projects/bumperbot_ws/install/bumperbot_utils/lib/bumperbot_utils/safety_stop.py
[45.755s] -- Installing: /home/javed/ros_projects/bumperbot_ws/install/bumperbot_utils/share/ament_index/resource_index/package_run_dependencies/bumperbot_utils
[45.756s] -- Installing: /home/javed/ros_projects/bumperbot_ws/install/bumperbot_utils/share/ament_index/resource_index/parent_prefix_path/bumperbot_utils
[45.756s] -- Installing: /home/javed/ros_projects/bumperbot_ws/install/bumperbot_utils/share/bumperbot_utils/environment/ament_prefix_path.sh
[45.756s] -- Installing: /home/javed/ros_projects/bumperbot_ws/install/bumperbot_utils/share/bumperbot_utils/environment/ament_prefix_path.dsv
[45.756s] -- Installing: /home/javed/ros_projects/bumperbot_ws/install/bumperbot_utils/share/bumperbot_utils/environment/path.sh
[45.756s] -- Installing: /home/javed/ros_projects/bumperbot_ws/install/bumperbot_utils/share/bumperbot_utils/environment/path.dsv
[45.756s] -- Installing: /home/javed/ros_projects/bumperbot_ws/install/bumperbot_utils/share/bumperbot_utils/local_setup.bash
[45.756s] -- Installing: /home/javed/ros_projects/bumperbot_ws/install/bumperbot_utils/share/bumperbot_utils/local_setup.sh
[45.757s] -- Installing: /home/javed/ros_projects/bumperbot_ws/install/bumperbot_utils/share/bumperbot_utils/local_setup.zsh
[45.757s] -- Installing: /home/javed/ros_projects/bumperbot_ws/install/bumperbot_utils/share/bumperbot_utils/local_setup.dsv
[45.757s] -- Installing: /home/javed/ros_projects/bumperbot_ws/install/bumperbot_utils/share/bumperbot_utils/package.dsv
[45.757s] -- Installing: /home/javed/ros_projects/bumperbot_ws/install/bumperbot_utils/share/ament_index/resource_index/packages/bumperbot_utils
[45.757s] -- Installing: /home/javed/ros_projects/bumperbot_ws/install/bumperbot_utils/share/bumperbot_utils/cmake/bumperbot_utilsConfig.cmake
[45.757s] -- Installing: /home/javed/ros_projects/bumperbot_ws/install/bumperbot_utils/share/bumperbot_utils/cmake/bumperbot_utilsConfig-version.cmake
[45.757s] -- Installing: /home/javed/ros_projects/bumperbot_ws/install/bumperbot_utils/share/bumperbot_utils/package.xml
[45.760s] Invoked command in '/home/javed/ros_projects/bumperbot_ws/build/bumperbot_utils' returned '0': CMAKE_PREFIX_PATH=${CMAKE_PREFIX_PATH}:/opt/ros/jazzy DEBUGINFOD_URLS=https://debuginfod.ubuntu.com /usr/bin/cmake --install /home/javed/ros_projects/bumperbot_ws/build/bumperbot_utils
