[0.200s] Invoking command in '/home/javed/ros_projects/bumperbot_ws/build/bumperbot_controller': CMAKE_PREFIX_PATH=${CMAKE_PREFIX_PATH}:/home/javed/ros_projects/bumperbot_ws/install/bumperbot_py_examples:/home/javed/ros_practice/install/bumperbot_python_examples:/opt/ros/jazzy DEBUGINFOD_URLS=https://debuginfod.ubuntu.com /usr/bin/cmake --build /home/javed/ros_projects/bumperbot_ws/build/bumperbot_controller -- -j16 -l16
[0.527s] -- Found ament_cmake: 2.5.4 (/opt/ros/jazzy/share/ament_cmake/cmake)
[0.527s] -- Found rclcpp: 28.1.9 (/opt/ros/jazzy/share/rclcpp/cmake)
[0.549s] -- Found rosidl_generator_c: 4.6.5 (/opt/ros/jazzy/share/rosidl_generator_c/cmake)
[0.549s] -- Found rosidl_generator_cpp: 4.6.5 (/opt/ros/jazzy/share/rosidl_generator_cpp/cmake)
[0.559s] -- Using all available rosidl_typesupport_c: rosidl_typesupport_fastrtps_c;rosidl_typesupport_introspection_c
[0.570s] -- Using all available rosidl_typesupport_cpp: rosidl_typesupport_fastrtps_cpp;rosidl_typesupport_introspection_cpp
[0.623s] -- Found rmw_implementation_cmake: 7.3.2 (/opt/ros/jazzy/share/rmw_implementation_cmake/cmake)
[0.624s] -- Found rmw_fastrtps_cpp: 8.4.2 (/opt/ros/jazzy/share/rmw_fastrtps_cpp/cmake)
[0.689s] -- Using RMW implementation 'rmw_fastrtps_cpp' as default
[0.744s] -- Found rclpy: 7.1.4 (/opt/ros/jazzy/share/rclpy/cmake)
[0.744s] -- Found geometry_msgs: 5.3.6 (/opt/ros/jazzy/share/geometry_msgs/cmake)
[0.851s] -- Found sensor_msgs: 5.3.6 (/opt/ros/jazzy/share/sensor_msgs/cmake)
[1.178s] -- Found nav_msgs: 5.3.6 (/opt/ros/jazzy/share/nav_msgs/cmake)
[1.200s] -- Found tf2_ros: 0.36.11 (/opt/ros/jazzy/share/tf2_ros/cmake)
[1.816s] -- Configuring done (1.6s)
[2.903s] -- Generating done (0.2s)
[3.002s] -- Build files have been written to: /home/javed/ros_projects/bumperbot_ws/build/bumperbot_controller
[3.057s] [  0%] Built target ament_cmake_python_copy_bumperbot_controller
[3.066s] [ 16%] [32mBuilding CXX object CMakeFiles/noisy_controller.dir/src/noisy_controller.cpp.o[0m
[3.067s] [ 33%] [32mBuilding CXX object CMakeFiles/twist_relay.dir/src/twist_relay.cpp.o[0m
[3.072s] [ 50%] [32mBuilding CXX object CMakeFiles/simple_controller.dir/src/simple_controller.cpp.o[0m
[3.254s] running egg_info
[3.273s] writing bumperbot_controller.egg-info/PKG-INFO
[3.309s] writing dependency_links to bumperbot_controller.egg-info/dependency_links.txt
[3.310s] writing top-level names to bumperbot_controller.egg-info/top_level.txt
[3.367s] reading manifest file 'bumperbot_controller.egg-info/SOURCES.txt'
[3.368s] writing manifest file 'bumperbot_controller.egg-info/SOURCES.txt'
[3.404s] [ 50%] Built target ament_cmake_python_build_bumperbot_controller_egg
[22.103s] [ 66%] [32m[1mLinking CXX executable noisy_controller[0m
[23.714s] [ 83%] [32m[1mLinking CXX executable twist_relay[0m
[24.248s] [ 83%] Built target noisy_controller
[24.248s] [ 83%] Built target twist_relay
[25.468s] [100%] [32m[1mLinking CXX executable simple_controller[0m
[26.030s] [100%] Built target simple_controller
[26.043s] Invoked command in '/home/javed/ros_projects/bumperbot_ws/build/bumperbot_controller' returned '0': CMAKE_PREFIX_PATH=${CMAKE_PREFIX_PATH}:/home/javed/ros_projects/bumperbot_ws/install/bumperbot_py_examples:/home/javed/ros_practice/install/bumperbot_python_examples:/opt/ros/jazzy DEBUGINFOD_URLS=https://debuginfod.ubuntu.com /usr/bin/cmake --build /home/javed/ros_projects/bumperbot_ws/build/bumperbot_controller -- -j16 -l16
[26.045s] Invoking command in '/home/javed/ros_projects/bumperbot_ws/build/bumperbot_controller': CMAKE_PREFIX_PATH=${CMAKE_PREFIX_PATH}:/home/javed/ros_projects/bumperbot_ws/install/bumperbot_py_examples:/home/javed/ros_practice/install/bumperbot_python_examples:/opt/ros/jazzy DEBUGINFOD_URLS=https://debuginfod.ubuntu.com /usr/bin/cmake --install /home/javed/ros_projects/bumperbot_ws/build/bumperbot_controller
[26.053s] -- Install configuration: ""
[26.054s] -- Installing: /home/javed/ros_projects/bumperbot_ws/install/bumperbot_controller/share/bumperbot_controller/environment/pythonpath.sh
[26.054s] -- Installing: /home/javed/ros_projects/bumperbot_ws/install/bumperbot_controller/share/bumperbot_controller/environment/pythonpath.dsv
[26.054s] -- Up-to-date: /home/javed/ros_projects/bumperbot_ws/install/bumperbot_controller/lib/python3.12/site-packages/bumperbot_controller-0.0.0-py3.12.egg-info
[26.054s] -- Installing: /home/javed/ros_projects/bumperbot_ws/install/bumperbot_controller/lib/python3.12/site-packages/bumperbot_controller-0.0.0-py3.12.egg-info/SOURCES.txt
[26.054s] -- Installing: /home/javed/ros_projects/bumperbot_ws/install/bumperbot_controller/lib/python3.12/site-packages/bumperbot_controller-0.0.0-py3.12.egg-info/dependency_links.txt
[26.054s] -- Installing: /home/javed/ros_projects/bumperbot_ws/install/bumperbot_controller/lib/python3.12/site-packages/bumperbot_controller-0.0.0-py3.12.egg-info/PKG-INFO
[26.054s] -- Installing: /home/javed/ros_projects/bumperbot_ws/install/bumperbot_controller/lib/python3.12/site-packages/bumperbot_controller-0.0.0-py3.12.egg-info/top_level.txt
[26.054s] -- Up-to-date: /home/javed/ros_projects/bumperbot_ws/install/bumperbot_controller/lib/python3.12/site-packages/bumperbot_controller
[26.054s] -- Installing: /home/javed/ros_projects/bumperbot_ws/install/bumperbot_controller/lib/python3.12/site-packages/bumperbot_controller/__init__.py
[26.055s] -- Installing: /home/javed/ros_projects/bumperbot_ws/install/bumperbot_controller/lib/python3.12/site-packages/bumperbot_controller/noisy_controller.py
[26.055s] -- Installing: /home/javed/ros_projects/bumperbot_ws/install/bumperbot_controller/lib/python3.12/site-packages/bumperbot_controller/simple_controller.py
[26.055s] -- Installing: /home/javed/ros_projects/bumperbot_ws/install/bumperbot_controller/lib/python3.12/site-packages/bumperbot_controller/twist_relay.py
[26.188s] Listing '/home/javed/ros_projects/bumperbot_ws/install/bumperbot_controller/lib/python3.12/site-packages/bumperbot_controller'...
[26.188s] Compiling '/home/javed/ros_projects/bumperbot_ws/install/bumperbot_controller/lib/python3.12/site-packages/bumperbot_controller/__init__.py'...
[26.188s] Compiling '/home/javed/ros_projects/bumperbot_ws/install/bumperbot_controller/lib/python3.12/site-packages/bumperbot_controller/noisy_controller.py'...
[26.188s] Compiling '/home/javed/ros_projects/bumperbot_ws/install/bumperbot_controller/lib/python3.12/site-packages/bumperbot_controller/simple_controller.py'...
[26.188s] Compiling '/home/javed/ros_projects/bumperbot_ws/install/bumperbot_controller/lib/python3.12/site-packages/bumperbot_controller/twist_relay.py'...
[26.193s] -- Up-to-date: /home/javed/ros_projects/bumperbot_ws/install/bumperbot_controller/include/include
[26.194s] -- Up-to-date: /home/javed/ros_projects/bumperbot_ws/install/bumperbot_controller/include/include/bumperbot_controller
[26.194s] -- Installing: /home/javed/ros_projects/bumperbot_ws/install/bumperbot_controller/include/include/bumperbot_controller/noisy_controller.hpp
[26.194s] -- Installing: /home/javed/ros_projects/bumperbot_ws/install/bumperbot_controller/include/include/bumperbot_controller/simple_controller.hpp
[26.194s] -- Installing: /home/javed/ros_projects/bumperbot_ws/install/bumperbot_controller/lib/bumperbot_controller/simple_controller
[26.205s] -- Set non-toolchain portion of runtime path of "/home/javed/ros_projects/bumperbot_ws/install/bumperbot_controller/lib/bumperbot_controller/simple_controller" to ""
[26.205s] -- Installing: /home/javed/ros_projects/bumperbot_ws/install/bumperbot_controller/lib/bumperbot_controller/noisy_controller
[26.212s] -- Set non-toolchain portion of runtime path of "/home/javed/ros_projects/bumperbot_ws/install/bumperbot_controller/lib/bumperbot_controller/noisy_controller" to ""
[26.212s] -- Installing: /home/javed/ros_projects/bumperbot_ws/install/bumperbot_controller/lib/bumperbot_controller/twist_relay
[26.222s] -- Set non-toolchain portion of runtime path of "/home/javed/ros_projects/bumperbot_ws/install/bumperbot_controller/lib/bumperbot_controller/twist_relay" to ""
[26.222s] -- Up-to-date: /home/javed/ros_projects/bumperbot_ws/install/bumperbot_controller/share/bumperbot_controller/launch
[26.222s] -- Installing: /home/javed/ros_projects/bumperbot_ws/install/bumperbot_controller/share/bumperbot_controller/launch/joystick_teleop.launch.py
[26.222s] -- Installing: /home/javed/ros_projects/bumperbot_ws/install/bumperbot_controller/share/bumperbot_controller/launch/controller.launch.py
[26.222s] -- Up-to-date: /home/javed/ros_projects/bumperbot_ws/install/bumperbot_controller/share/bumperbot_controller/config
[26.222s] -- Installing: /home/javed/ros_projects/bumperbot_ws/install/bumperbot_controller/share/bumperbot_controller/config/twist_mux_locks.yaml
[26.222s] -- Installing: /home/javed/ros_projects/bumperbot_ws/install/bumperbot_controller/share/bumperbot_controller/config/joy_config.yaml
[26.222s] -- Installing: /home/javed/ros_projects/bumperbot_ws/install/bumperbot_controller/share/bumperbot_controller/config/twist_mux_topics.yaml
[26.223s] -- Installing: /home/javed/ros_projects/bumperbot_ws/install/bumperbot_controller/share/bumperbot_controller/config/bumperbot_controllers.yaml
[26.223s] -- Installing: /home/javed/ros_projects/bumperbot_ws/install/bumperbot_controller/share/bumperbot_controller/config/twist_mux_joy.yaml
[26.223s] -- Installing: /home/javed/ros_projects/bumperbot_ws/install/bumperbot_controller/share/bumperbot_controller/config/joy_teleop.yaml
[26.223s] -- Installing: /home/javed/ros_projects/bumperbot_ws/install/bumperbot_controller/lib/bumperbot_controller/simple_controller.py
[26.223s] -- Installing: /home/javed/ros_projects/bumperbot_ws/install/bumperbot_controller/lib/bumperbot_controller/noisy_controller.py
[26.223s] -- Installing: /home/javed/ros_projects/bumperbot_ws/install/bumperbot_controller/lib/bumperbot_controller/twist_relay.py
[26.223s] -- Installing: /home/javed/ros_projects/bumperbot_ws/install/bumperbot_controller/share/ament_index/resource_index/package_run_dependencies/bumperbot_controller
[26.223s] -- Installing: /home/javed/ros_projects/bumperbot_ws/install/bumperbot_controller/share/ament_index/resource_index/parent_prefix_path/bumperbot_controller
[26.224s] -- Installing: /home/javed/ros_projects/bumperbot_ws/install/bumperbot_controller/share/bumperbot_controller/environment/ament_prefix_path.sh
[26.224s] -- Installing: /home/javed/ros_projects/bumperbot_ws/install/bumperbot_controller/share/bumperbot_controller/environment/ament_prefix_path.dsv
[26.224s] -- Installing: /home/javed/ros_projects/bumperbot_ws/install/bumperbot_controller/share/bumperbot_controller/environment/path.sh
[26.224s] -- Installing: /home/javed/ros_projects/bumperbot_ws/install/bumperbot_controller/share/bumperbot_controller/environment/path.dsv
[26.224s] -- Installing: /home/javed/ros_projects/bumperbot_ws/install/bumperbot_controller/share/bumperbot_controller/local_setup.bash
[26.224s] -- Installing: /home/javed/ros_projects/bumperbot_ws/install/bumperbot_controller/share/bumperbot_controller/local_setup.sh
[26.224s] -- Installing: /home/javed/ros_projects/bumperbot_ws/install/bumperbot_controller/share/bumperbot_controller/local_setup.zsh
[26.225s] -- Installing: /home/javed/ros_projects/bumperbot_ws/install/bumperbot_controller/share/bumperbot_controller/local_setup.dsv
[26.225s] -- Installing: /home/javed/ros_projects/bumperbot_ws/install/bumperbot_controller/share/bumperbot_controller/package.dsv
[26.225s] -- Installing: /home/javed/ros_projects/bumperbot_ws/install/bumperbot_controller/share/ament_index/resource_index/packages/bumperbot_controller
[26.225s] -- Installing: /home/javed/ros_projects/bumperbot_ws/install/bumperbot_controller/share/bumperbot_controller/cmake/bumperbot_controllerConfig.cmake
[26.225s] -- Installing: /home/javed/ros_projects/bumperbot_ws/install/bumperbot_controller/share/bumperbot_controller/cmake/bumperbot_controllerConfig-version.cmake
[26.225s] -- Installing: /home/javed/ros_projects/bumperbot_ws/install/bumperbot_controller/share/bumperbot_controller/package.xml
[27.405s] Invoked command in '/home/javed/ros_projects/bumperbot_ws/build/bumperbot_controller' returned '0': CMAKE_PREFIX_PATH=${CMAKE_PREFIX_PATH}:/home/javed/ros_projects/bumperbot_ws/install/bumperbot_py_examples:/home/javed/ros_practice/install/bumperbot_python_examples:/opt/ros/jazzy DEBUGINFOD_URLS=https://debuginfod.ubuntu.com /usr/bin/cmake --install /home/javed/ros_projects/bumperbot_ws/build/bumperbot_controller
