[0.146s] Invoking command in '/home/javed/ros_projects/bumperbot_ws/build/bumperbot_msgs': CMAKE_PREFIX_PATH=${CMAKE_PREFIX_PATH}:/home/javed/ros_practice/install/bumperbot_python_examples:/opt/ros/jazzy DEBUGINFOD_URLS=https://debuginfod.ubuntu.com /usr/bin/cmake --build /home/javed/ros_projects/bumperbot_ws/build/bumperbot_msgs -- -j16 -l16
[1.535s] [  1%] Built target bumperbot_msgs__rosidl_generator_type_description
[1.890s] [  1%] Built target ament_cmake_python_copy_bumperbot_msgs
[1.931s] [  3%] Built target bumperbot_msgs__cpp
[2.279s] [ 24%] Built target bumperbot_msgs__rosidl_generator_c
[2.401s] running egg_info
[2.419s] writing bumperbot_msgs.egg-info/PKG-INFO
[2.419s] writing dependency_links to bumperbot_msgs.egg-info/dependency_links.txt
[2.419s] writing top-level names to bumperbot_msgs.egg-info/top_level.txt
[2.470s] reading manifest file 'bumperbot_msgs.egg-info/SOURCES.txt'
[2.639s] [ 33%] Built target bumperbot_msgs__rosidl_typesupport_fastrtps_c
[2.640s] [ 42%] Built target bumperbot_msgs__rosidl_typesupport_introspection_c
[2.640s] [ 51%] Built target bumperbot_msgs__rosidl_typesupport_c
[2.669s] writing manifest file 'bumperbot_msgs.egg-info/SOURCES.txt'
[2.690s] [ 51%] Built target ament_cmake_python_build_bumperbot_msgs_egg
[2.735s] [ 61%] Built target bumperbot_msgs__rosidl_typesupport_fastrtps_cpp
[2.741s] [ 70%] Built target bumperbot_msgs__rosidl_typesupport_cpp
[2.859s] [ 79%] Built target bumperbot_msgs__rosidl_typesupport_introspection_cpp
[2.955s] [ 79%] Built target bumperbot_msgs
[3.339s] [ 81%] Built target bumperbot_msgs__py
[3.691s] [ 88%] Built target bumperbot_msgs__rosidl_generator_py
[3.877s] [100%] Built target bumperbot_msgs_s__rosidl_typesupport_fastrtps_c
[3.877s] [100%] Built target bumperbot_msgs_s__rosidl_typesupport_c
[3.877s] [100%] Built target bumperbot_msgs_s__rosidl_typesupport_introspection_c
[3.892s] Invoked command in '/home/javed/ros_projects/bumperbot_ws/build/bumperbot_msgs' returned '0': CMAKE_PREFIX_PATH=${CMAKE_PREFIX_PATH}:/home/javed/ros_practice/install/bumperbot_python_examples:/opt/ros/jazzy DEBUGINFOD_URLS=https://debuginfod.ubuntu.com /usr/bin/cmake --build /home/javed/ros_projects/bumperbot_ws/build/bumperbot_msgs -- -j16 -l16
[3.973s] Invoking command in '/home/javed/ros_projects/bumperbot_ws/build/bumperbot_msgs': CMAKE_PREFIX_PATH=${CMAKE_PREFIX_PATH}:/home/javed/ros_practice/install/bumperbot_python_examples:/opt/ros/jazzy DEBUGINFOD_URLS=https://debuginfod.ubuntu.com /usr/bin/cmake --install /home/javed/ros_projects/bumperbot_ws/build/bumperbot_msgs
[4.011s] -- Install configuration: ""
[4.038s] -- Up-to-date: /home/javed/ros_projects/bumperbot_ws/install/bumperbot_msgs/share/ament_index/resource_index/rosidl_interfaces/bumperbot_msgs
[4.039s] -- Up-to-date: /home/javed/ros_projects/bumperbot_ws/install/bumperbot_msgs/share/bumperbot_msgs/action/Fibonacci.json
[4.039s] -- Up-to-date: /home/javed/ros_projects/bumperbot_ws/install/bumperbot_msgs/share/bumperbot_msgs/srv/AddTwoInts.json
[4.039s] -- Up-to-date: /home/javed/ros_projects/bumperbot_ws/install/bumperbot_msgs/share/bumperbot_msgs/srv/GetTransform.json
[4.040s] -- Up-to-date: /home/javed/ros_projects/bumperbot_ws/install/bumperbot_msgs/include/bumperbot_msgs/bumperbot_msgs
[4.040s] -- Up-to-date: /home/javed/ros_projects/bumperbot_ws/install/bumperbot_msgs/include/bumperbot_msgs/bumperbot_msgs/msg
[4.040s] -- Up-to-date: /home/javed/ros_projects/bumperbot_ws/install/bumperbot_msgs/include/bumperbot_msgs/bumperbot_msgs/msg/rosidl_generator_c__visibility_control.h
[4.040s] -- Up-to-date: /home/javed/ros_projects/bumperbot_ws/install/bumperbot_msgs/include/bumperbot_msgs/bumperbot_msgs/srv
[4.040s] -- Up-to-date: /home/javed/ros_projects/bumperbot_ws/install/bumperbot_msgs/include/bumperbot_msgs/bumperbot_msgs/srv/add_two_ints.h
[4.040s] -- Up-to-date: /home/javed/ros_projects/bumperbot_ws/install/bumperbot_msgs/include/bumperbot_msgs/bumperbot_msgs/srv/detail
[4.041s] -- Up-to-date: /home/javed/ros_projects/bumperbot_ws/install/bumperbot_msgs/include/bumperbot_msgs/bumperbot_msgs/srv/detail/get_transform__type_support.h
[4.041s] -- Up-to-date: /home/javed/ros_projects/bumperbot_ws/install/bumperbot_msgs/include/bumperbot_msgs/bumperbot_msgs/srv/detail/add_two_ints__functions.h
[4.041s] -- Up-to-date: /home/javed/ros_projects/bumperbot_ws/install/bumperbot_msgs/include/bumperbot_msgs/bumperbot_msgs/srv/detail/get_transform__description.c
[4.041s] -- Up-to-date: /home/javed/ros_projects/bumperbot_ws/install/bumperbot_msgs/include/bumperbot_msgs/bumperbot_msgs/srv/detail/get_transform__functions.h
[4.041s] -- Up-to-date: /home/javed/ros_projects/bumperbot_ws/install/bumperbot_msgs/include/bumperbot_msgs/bumperbot_msgs/srv/detail/add_two_ints__struct.h
[4.041s] -- Up-to-date: /home/javed/ros_projects/bumperbot_ws/install/bumperbot_msgs/include/bumperbot_msgs/bumperbot_msgs/srv/detail/get_transform__type_support.c
[4.042s] -- Up-to-date: /home/javed/ros_projects/bumperbot_ws/install/bumperbot_msgs/include/bumperbot_msgs/bumperbot_msgs/srv/detail/get_transform__struct.h
[4.042s] -- Up-to-date: /home/javed/ros_projects/bumperbot_ws/install/bumperbot_msgs/include/bumperbot_msgs/bumperbot_msgs/srv/detail/add_two_ints__type_support.c
[4.042s] -- Up-to-date: /home/javed/ros_projects/bumperbot_ws/install/bumperbot_msgs/include/bumperbot_msgs/bumperbot_msgs/srv/detail/add_two_ints__functions.c
[4.042s] -- Up-to-date: /home/javed/ros_projects/bumperbot_ws/install/bumperbot_msgs/include/bumperbot_msgs/bumperbot_msgs/srv/detail/add_two_ints__description.c
[4.042s] -- Up-to-date: /home/javed/ros_projects/bumperbot_ws/install/bumperbot_msgs/include/bumperbot_msgs/bumperbot_msgs/srv/detail/get_transform__functions.c
[4.042s] -- Up-to-date: /home/javed/ros_projects/bumperbot_ws/install/bumperbot_msgs/include/bumperbot_msgs/bumperbot_msgs/srv/detail/add_two_ints__type_support.h
[4.042s] -- Up-to-date: /home/javed/ros_projects/bumperbot_ws/install/bumperbot_msgs/include/bumperbot_msgs/bumperbot_msgs/srv/get_transform.h
[4.042s] -- Up-to-date: /home/javed/ros_projects/bumperbot_ws/install/bumperbot_msgs/include/bumperbot_msgs/bumperbot_msgs/action
[4.042s] -- Up-to-date: /home/javed/ros_projects/bumperbot_ws/install/bumperbot_msgs/include/bumperbot_msgs/bumperbot_msgs/action/detail
[4.042s] -- Up-to-date: /home/javed/ros_projects/bumperbot_ws/install/bumperbot_msgs/include/bumperbot_msgs/bumperbot_msgs/action/detail/fibonacci__type_support.c
[4.042s] -- Up-to-date: /home/javed/ros_projects/bumperbot_ws/install/bumperbot_msgs/include/bumperbot_msgs/bumperbot_msgs/action/detail/fibonacci__struct.h
[4.042s] -- Up-to-date: /home/javed/ros_projects/bumperbot_ws/install/bumperbot_msgs/include/bumperbot_msgs/bumperbot_msgs/action/detail/fibonacci__description.c
[4.042s] -- Up-to-date: /home/javed/ros_projects/bumperbot_ws/install/bumperbot_msgs/include/bumperbot_msgs/bumperbot_msgs/action/detail/fibonacci__type_support.h
[4.042s] -- Up-to-date: /home/javed/ros_projects/bumperbot_ws/install/bumperbot_msgs/include/bumperbot_msgs/bumperbot_msgs/action/detail/fibonacci__functions.h
[4.043s] -- Up-to-date: /home/javed/ros_projects/bumperbot_ws/install/bumperbot_msgs/include/bumperbot_msgs/bumperbot_msgs/action/detail/fibonacci__functions.c
[4.043s] -- Up-to-date: /home/javed/ros_projects/bumperbot_ws/install/bumperbot_msgs/include/bumperbot_msgs/bumperbot_msgs/action/fibonacci.h
[4.043s] -- Up-to-date: /home/javed/ros_projects/bumperbot_ws/install/bumperbot_msgs/share/bumperbot_msgs/environment/library_path.sh
[4.043s] -- Up-to-date: /home/javed/ros_projects/bumperbot_ws/install/bumperbot_msgs/share/bumperbot_msgs/environment/library_path.dsv
[4.064s] -- Up-to-date: /home/javed/ros_projects/bumperbot_ws/install/bumperbot_msgs/lib/libbumperbot_msgs__rosidl_generator_c.so
[4.065s] -- Up-to-date: /home/javed/ros_projects/bumperbot_ws/install/bumperbot_msgs/include/bumperbot_msgs/bumperbot_msgs
[4.065s] -- Up-to-date: /home/javed/ros_projects/bumperbot_ws/install/bumperbot_msgs/include/bumperbot_msgs/bumperbot_msgs/msg
[4.065s] -- Up-to-date: /home/javed/ros_projects/bumperbot_ws/install/bumperbot_msgs/include/bumperbot_msgs/bumperbot_msgs/msg/rosidl_typesupport_fastrtps_c__visibility_control.h
[4.065s] -- Up-to-date: /home/javed/ros_projects/bumperbot_ws/install/bumperbot_msgs/include/bumperbot_msgs/bumperbot_msgs/srv
[4.065s] -- Up-to-date: /home/javed/ros_projects/bumperbot_ws/install/bumperbot_msgs/include/bumperbot_msgs/bumperbot_msgs/srv/detail
[4.065s] -- Up-to-date: /home/javed/ros_projects/bumperbot_ws/install/bumperbot_msgs/include/bumperbot_msgs/bumperbot_msgs/srv/detail/get_transform__rosidl_typesupport_fastrtps_c.h
[4.065s] -- Up-to-date: /home/javed/ros_projects/bumperbot_ws/install/bumperbot_msgs/include/bumperbot_msgs/bumperbot_msgs/srv/detail/add_two_ints__rosidl_typesupport_fastrtps_c.h
[4.065s] -- Up-to-date: /home/javed/ros_projects/bumperbot_ws/install/bumperbot_msgs/include/bumperbot_msgs/bumperbot_msgs/action
[4.065s] -- Up-to-date: /home/javed/ros_projects/bumperbot_ws/install/bumperbot_msgs/include/bumperbot_msgs/bumperbot_msgs/action/detail
[4.065s] -- Up-to-date: /home/javed/ros_projects/bumperbot_ws/install/bumperbot_msgs/include/bumperbot_msgs/bumperbot_msgs/action/detail/fibonacci__rosidl_typesupport_fastrtps_c.h
[4.066s] -- Up-to-date: /home/javed/ros_projects/bumperbot_ws/install/bumperbot_msgs/lib/libbumperbot_msgs__rosidl_typesupport_fastrtps_c.so
[4.066s] -- Up-to-date: /home/javed/ros_projects/bumperbot_ws/install/bumperbot_msgs/include/bumperbot_msgs/bumperbot_msgs
[4.066s] -- Up-to-date: /home/javed/ros_projects/bumperbot_ws/install/bumperbot_msgs/include/bumperbot_msgs/bumperbot_msgs/msg
[4.066s] -- Up-to-date: /home/javed/ros_projects/bumperbot_ws/install/bumperbot_msgs/include/bumperbot_msgs/bumperbot_msgs/msg/rosidl_generator_cpp__visibility_control.hpp
[4.067s] -- Up-to-date: /home/javed/ros_projects/bumperbot_ws/install/bumperbot_msgs/include/bumperbot_msgs/bumperbot_msgs/srv
[4.067s] -- Up-to-date: /home/javed/ros_projects/bumperbot_ws/install/bumperbot_msgs/include/bumperbot_msgs/bumperbot_msgs/srv/detail
[4.067s] -- Up-to-date: /home/javed/ros_projects/bumperbot_ws/install/bumperbot_msgs/include/bumperbot_msgs/bumperbot_msgs/srv/detail/add_two_ints__type_support.hpp
[4.067s] -- Up-to-date: /home/javed/ros_projects/bumperbot_ws/install/bumperbot_msgs/include/bumperbot_msgs/bumperbot_msgs/srv/detail/add_two_ints__struct.hpp
[4.067s] -- Up-to-date: /home/javed/ros_projects/bumperbot_ws/install/bumperbot_msgs/include/bumperbot_msgs/bumperbot_msgs/srv/detail/get_transform__traits.hpp
[4.067s] -- Up-to-date: /home/javed/ros_projects/bumperbot_ws/install/bumperbot_msgs/include/bumperbot_msgs/bumperbot_msgs/srv/detail/get_transform__type_support.hpp
[4.067s] -- Up-to-date: /home/javed/ros_projects/bumperbot_ws/install/bumperbot_msgs/include/bumperbot_msgs/bumperbot_msgs/srv/detail/add_two_ints__traits.hpp
[4.067s] -- Up-to-date: /home/javed/ros_projects/bumperbot_ws/install/bumperbot_msgs/include/bumperbot_msgs/bumperbot_msgs/srv/detail/get_transform__builder.hpp
[4.067s] -- Up-to-date: /home/javed/ros_projects/bumperbot_ws/install/bumperbot_msgs/include/bumperbot_msgs/bumperbot_msgs/srv/detail/get_transform__struct.hpp
[4.067s] -- Up-to-date: /home/javed/ros_projects/bumperbot_ws/install/bumperbot_msgs/include/bumperbot_msgs/bumperbot_msgs/srv/detail/add_two_ints__builder.hpp
[4.067s] -- Up-to-date: /home/javed/ros_projects/bumperbot_ws/install/bumperbot_msgs/include/bumperbot_msgs/bumperbot_msgs/srv/get_transform.hpp
[4.067s] -- Up-to-date: /home/javed/ros_projects/bumperbot_ws/install/bumperbot_msgs/include/bumperbot_msgs/bumperbot_msgs/srv/add_two_ints.hpp
[4.067s] -- Up-to-date: /home/javed/ros_projects/bumperbot_ws/install/bumperbot_msgs/include/bumperbot_msgs/bumperbot_msgs/action
[4.067s] -- Up-to-date: /home/javed/ros_projects/bumperbot_ws/install/bumperbot_msgs/include/bumperbot_msgs/bumperbot_msgs/action/fibonacci.hpp
[4.067s] -- Up-to-date: /home/javed/ros_projects/bumperbot_ws/install/bumperbot_msgs/include/bumperbot_msgs/bumperbot_msgs/action/detail
[4.068s] -- Up-to-date: /home/javed/ros_projects/bumperbot_ws/install/bumperbot_msgs/include/bumperbot_msgs/bumperbot_msgs/action/detail/fibonacci__builder.hpp
[4.068s] -- Up-to-date: /home/javed/ros_projects/bumperbot_ws/install/bumperbot_msgs/include/bumperbot_msgs/bumperbot_msgs/action/detail/fibonacci__type_support.hpp
[4.068s] -- Up-to-date: /home/javed/ros_projects/bumperbot_ws/install/bumperbot_msgs/include/bumperbot_msgs/bumperbot_msgs/action/detail/fibonacci__traits.hpp
[4.068s] -- Up-to-date: /home/javed/ros_projects/bumperbot_ws/install/bumperbot_msgs/include/bumperbot_msgs/bumperbot_msgs/action/detail/fibonacci__struct.hpp
[4.068s] -- Up-to-date: /home/javed/ros_projects/bumperbot_ws/install/bumperbot_msgs/include/bumperbot_msgs/bumperbot_msgs
[4.068s] -- Up-to-date: /home/javed/ros_projects/bumperbot_ws/install/bumperbot_msgs/include/bumperbot_msgs/bumperbot_msgs/msg
[4.068s] -- Up-to-date: /home/javed/ros_projects/bumperbot_ws/install/bumperbot_msgs/include/bumperbot_msgs/bumperbot_msgs/msg/rosidl_typesupport_fastrtps_cpp__visibility_control.h
[4.068s] -- Up-to-date: /home/javed/ros_projects/bumperbot_ws/install/bumperbot_msgs/include/bumperbot_msgs/bumperbot_msgs/srv
[4.068s] -- Up-to-date: /home/javed/ros_projects/bumperbot_ws/install/bumperbot_msgs/include/bumperbot_msgs/bumperbot_msgs/srv/detail
[4.068s] -- Up-to-date: /home/javed/ros_projects/bumperbot_ws/install/bumperbot_msgs/include/bumperbot_msgs/bumperbot_msgs/srv/detail/get_transform__rosidl_typesupport_fastrtps_cpp.hpp
[4.068s] -- Up-to-date: /home/javed/ros_projects/bumperbot_ws/install/bumperbot_msgs/include/bumperbot_msgs/bumperbot_msgs/srv/detail/dds_fastrtps
[4.068s] -- Up-to-date: /home/javed/ros_projects/bumperbot_ws/install/bumperbot_msgs/include/bumperbot_msgs/bumperbot_msgs/srv/detail/add_two_ints__rosidl_typesupport_fastrtps_cpp.hpp
[4.068s] -- Up-to-date: /home/javed/ros_projects/bumperbot_ws/install/bumperbot_msgs/include/bumperbot_msgs/bumperbot_msgs/action
[4.069s] -- Up-to-date: /home/javed/ros_projects/bumperbot_ws/install/bumperbot_msgs/include/bumperbot_msgs/bumperbot_msgs/action/detail
[4.069s] -- Up-to-date: /home/javed/ros_projects/bumperbot_ws/install/bumperbot_msgs/include/bumperbot_msgs/bumperbot_msgs/action/detail/dds_fastrtps
[4.069s] -- Up-to-date: /home/javed/ros_projects/bumperbot_ws/install/bumperbot_msgs/include/bumperbot_msgs/bumperbot_msgs/action/detail/fibonacci__rosidl_typesupport_fastrtps_cpp.hpp
[4.077s] -- Up-to-date: /home/javed/ros_projects/bumperbot_ws/install/bumperbot_msgs/lib/libbumperbot_msgs__rosidl_typesupport_fastrtps_cpp.so
[4.077s] -- Up-to-date: /home/javed/ros_projects/bumperbot_ws/install/bumperbot_msgs/include/bumperbot_msgs/bumperbot_msgs
[4.077s] -- Up-to-date: /home/javed/ros_projects/bumperbot_ws/install/bumperbot_msgs/include/bumperbot_msgs/bumperbot_msgs/msg
[4.077s] -- Up-to-date: /home/javed/ros_projects/bumperbot_ws/install/bumperbot_msgs/include/bumperbot_msgs/bumperbot_msgs/msg/rosidl_typesupport_introspection_c__visibility_control.h
[4.077s] -- Up-to-date: /home/javed/ros_projects/bumperbot_ws/install/bumperbot_msgs/include/bumperbot_msgs/bumperbot_msgs/srv
[4.077s] -- Up-to-date: /home/javed/ros_projects/bumperbot_ws/install/bumperbot_msgs/include/bumperbot_msgs/bumperbot_msgs/srv/detail
[4.078s] -- Up-to-date: /home/javed/ros_projects/bumperbot_ws/install/bumperbot_msgs/include/bumperbot_msgs/bumperbot_msgs/srv/detail/get_transform__type_support.c
[4.078s] -- Up-to-date: /home/javed/ros_projects/bumperbot_ws/install/bumperbot_msgs/include/bumperbot_msgs/bumperbot_msgs/srv/detail/add_two_ints__rosidl_typesupport_introspection_c.h
[4.078s] -- Up-to-date: /home/javed/ros_projects/bumperbot_ws/install/bumperbot_msgs/include/bumperbot_msgs/bumperbot_msgs/srv/detail/add_two_ints__type_support.c
[4.078s] -- Up-to-date: /home/javed/ros_projects/bumperbot_ws/install/bumperbot_msgs/include/bumperbot_msgs/bumperbot_msgs/srv/detail/get_transform__rosidl_typesupport_introspection_c.h
[4.078s] -- Up-to-date: /home/javed/ros_projects/bumperbot_ws/install/bumperbot_msgs/include/bumperbot_msgs/bumperbot_msgs/action
[4.078s] -- Up-to-date: /home/javed/ros_projects/bumperbot_ws/install/bumperbot_msgs/include/bumperbot_msgs/bumperbot_msgs/action/detail
[4.078s] -- Up-to-date: /home/javed/ros_projects/bumperbot_ws/install/bumperbot_msgs/include/bumperbot_msgs/bumperbot_msgs/action/detail/fibonacci__type_support.c
[4.078s] -- Up-to-date: /home/javed/ros_projects/bumperbot_ws/install/bumperbot_msgs/include/bumperbot_msgs/bumperbot_msgs/action/detail/fibonacci__rosidl_typesupport_introspection_c.h
[4.095s] -- Up-to-date: /home/javed/ros_projects/bumperbot_ws/install/bumperbot_msgs/lib/libbumperbot_msgs__rosidl_typesupport_introspection_c.so
[4.127s] -- Up-to-date: /home/javed/ros_projects/bumperbot_ws/install/bumperbot_msgs/lib/libbumperbot_msgs__rosidl_typesupport_c.so
[4.127s] -- Up-to-date: /home/javed/ros_projects/bumperbot_ws/install/bumperbot_msgs/include/bumperbot_msgs/bumperbot_msgs
[4.127s] -- Up-to-date: /home/javed/ros_projects/bumperbot_ws/install/bumperbot_msgs/include/bumperbot_msgs/bumperbot_msgs/srv
[4.127s] -- Up-to-date: /home/javed/ros_projects/bumperbot_ws/install/bumperbot_msgs/include/bumperbot_msgs/bumperbot_msgs/srv/detail
[4.128s] -- Up-to-date: /home/javed/ros_projects/bumperbot_ws/install/bumperbot_msgs/include/bumperbot_msgs/bumperbot_msgs/srv/detail/get_transform__type_support.cpp
[4.128s] -- Up-to-date: /home/javed/ros_projects/bumperbot_ws/install/bumperbot_msgs/include/bumperbot_msgs/bumperbot_msgs/srv/detail/get_transform__rosidl_typesupport_introspection_cpp.hpp
[4.128s] -- Up-to-date: /home/javed/ros_projects/bumperbot_ws/install/bumperbot_msgs/include/bumperbot_msgs/bumperbot_msgs/srv/detail/add_two_ints__rosidl_typesupport_introspection_cpp.hpp
[4.128s] -- Up-to-date: /home/javed/ros_projects/bumperbot_ws/install/bumperbot_msgs/include/bumperbot_msgs/bumperbot_msgs/srv/detail/add_two_ints__type_support.cpp
[4.128s] -- Up-to-date: /home/javed/ros_projects/bumperbot_ws/install/bumperbot_msgs/include/bumperbot_msgs/bumperbot_msgs/action
[4.128s] -- Up-to-date: /home/javed/ros_projects/bumperbot_ws/install/bumperbot_msgs/include/bumperbot_msgs/bumperbot_msgs/action/detail
[4.128s] -- Up-to-date: /home/javed/ros_projects/bumperbot_ws/install/bumperbot_msgs/include/bumperbot_msgs/bumperbot_msgs/action/detail/fibonacci__type_support.cpp
[4.128s] -- Up-to-date: /home/javed/ros_projects/bumperbot_ws/install/bumperbot_msgs/include/bumperbot_msgs/bumperbot_msgs/action/detail/fibonacci__rosidl_typesupport_introspection_cpp.hpp
[4.190s] -- Up-to-date: /home/javed/ros_projects/bumperbot_ws/install/bumperbot_msgs/lib/libbumperbot_msgs__rosidl_typesupport_introspection_cpp.so
[4.206s] -- Up-to-date: /home/javed/ros_projects/bumperbot_ws/install/bumperbot_msgs/lib/libbumperbot_msgs__rosidl_typesupport_cpp.so
[4.207s] -- Up-to-date: /home/javed/ros_projects/bumperbot_ws/install/bumperbot_msgs/share/bumperbot_msgs/environment/pythonpath.sh
[4.207s] -- Up-to-date: /home/javed/ros_projects/bumperbot_ws/install/bumperbot_msgs/share/bumperbot_msgs/environment/pythonpath.dsv
[4.225s] -- Up-to-date: /home/javed/ros_projects/bumperbot_ws/install/bumperbot_msgs/lib/python3.12/site-packages/bumperbot_msgs-0.0.0-py3.12.egg-info
[4.225s] -- Installing: /home/javed/ros_projects/bumperbot_ws/install/bumperbot_msgs/lib/python3.12/site-packages/bumperbot_msgs-0.0.0-py3.12.egg-info/SOURCES.txt
[4.225s] -- Installing: /home/javed/ros_projects/bumperbot_ws/install/bumperbot_msgs/lib/python3.12/site-packages/bumperbot_msgs-0.0.0-py3.12.egg-info/dependency_links.txt
[4.226s] -- Installing: /home/javed/ros_projects/bumperbot_ws/install/bumperbot_msgs/lib/python3.12/site-packages/bumperbot_msgs-0.0.0-py3.12.egg-info/PKG-INFO
[4.226s] -- Installing: /home/javed/ros_projects/bumperbot_ws/install/bumperbot_msgs/lib/python3.12/site-packages/bumperbot_msgs-0.0.0-py3.12.egg-info/top_level.txt
[4.226s] -- Up-to-date: /home/javed/ros_projects/bumperbot_ws/install/bumperbot_msgs/lib/python3.12/site-packages/bumperbot_msgs
[4.226s] -- Up-to-date: /home/javed/ros_projects/bumperbot_ws/install/bumperbot_msgs/lib/python3.12/site-packages/bumperbot_msgs/bumperbot_msgs_s__rosidl_typesupport_fastrtps_c.so
[4.226s] -- Up-to-date: /home/javed/ros_projects/bumperbot_ws/install/bumperbot_msgs/lib/python3.12/site-packages/bumperbot_msgs/_bumperbot_msgs_s.ep.rosidl_typesupport_introspection_c.c
[4.226s] -- Up-to-date: /home/javed/ros_projects/bumperbot_ws/install/bumperbot_msgs/lib/python3.12/site-packages/bumperbot_msgs/srv
[4.227s] -- Up-to-date: /home/javed/ros_projects/bumperbot_ws/install/bumperbot_msgs/lib/python3.12/site-packages/bumperbot_msgs/srv/_add_two_ints_s.c
[4.227s] -- Up-to-date: /home/javed/ros_projects/bumperbot_ws/install/bumperbot_msgs/lib/python3.12/site-packages/bumperbot_msgs/srv/__init__.py
[4.227s] -- Up-to-date: /home/javed/ros_projects/bumperbot_ws/install/bumperbot_msgs/lib/python3.12/site-packages/bumperbot_msgs/srv/_get_transform.py
[4.227s] -- Up-to-date: /home/javed/ros_projects/bumperbot_ws/install/bumperbot_msgs/lib/python3.12/site-packages/bumperbot_msgs/srv/_get_transform_s.c
[4.227s] -- Up-to-date: /home/javed/ros_projects/bumperbot_ws/install/bumperbot_msgs/lib/python3.12/site-packages/bumperbot_msgs/srv/_add_two_ints.py
[4.227s] -- Up-to-date: /home/javed/ros_projects/bumperbot_ws/install/bumperbot_msgs/lib/python3.12/site-packages/bumperbot_msgs/__init__.py
[4.227s] -- Up-to-date: /home/javed/ros_projects/bumperbot_ws/install/bumperbot_msgs/lib/python3.12/site-packages/bumperbot_msgs/bumperbot_msgs_s__rosidl_typesupport_c.so
[4.227s] -- Up-to-date: /home/javed/ros_projects/bumperbot_ws/install/bumperbot_msgs/lib/python3.12/site-packages/bumperbot_msgs/_bumperbot_msgs_s.ep.rosidl_typesupport_fastrtps_c.c
[4.227s] -- Up-to-date: /home/javed/ros_projects/bumperbot_ws/install/bumperbot_msgs/lib/python3.12/site-packages/bumperbot_msgs/bumperbot_msgs_s__rosidl_typesupport_introspection_c.so
[4.227s] -- Up-to-date: /home/javed/ros_projects/bumperbot_ws/install/bumperbot_msgs/lib/python3.12/site-packages/bumperbot_msgs/_bumperbot_msgs_s.ep.rosidl_typesupport_c.c
[4.227s] -- Up-to-date: /home/javed/ros_projects/bumperbot_ws/install/bumperbot_msgs/lib/python3.12/site-packages/bumperbot_msgs/action
[4.227s] -- Up-to-date: /home/javed/ros_projects/bumperbot_ws/install/bumperbot_msgs/lib/python3.12/site-packages/bumperbot_msgs/action/__init__.py
[4.228s] -- Up-to-date: /home/javed/ros_projects/bumperbot_ws/install/bumperbot_msgs/lib/python3.12/site-packages/bumperbot_msgs/action/_fibonacci_s.c
[4.228s] -- Up-to-date: /home/javed/ros_projects/bumperbot_ws/install/bumperbot_msgs/lib/python3.12/site-packages/bumperbot_msgs/action/_fibonacci.py
[4.278s] Listing '/home/javed/ros_projects/bumperbot_ws/install/bumperbot_msgs/lib/python3.12/site-packages/bumperbot_msgs'...
[4.278s] Listing '/home/javed/ros_projects/bumperbot_ws/install/bumperbot_msgs/lib/python3.12/site-packages/bumperbot_msgs/action'...
[4.279s] Listing '/home/javed/ros_projects/bumperbot_ws/install/bumperbot_msgs/lib/python3.12/site-packages/bumperbot_msgs/srv'...
[4.283s] -- Up-to-date: /home/javed/ros_projects/bumperbot_ws/install/bumperbot_msgs/lib/python3.12/site-packages/bumperbot_msgs/bumperbot_msgs_s__rosidl_typesupport_fastrtps_c.so
[4.283s] -- Up-to-date: /home/javed/ros_projects/bumperbot_ws/install/bumperbot_msgs/lib/python3.12/site-packages/bumperbot_msgs/bumperbot_msgs_s__rosidl_typesupport_introspection_c.so
[4.284s] -- Up-to-date: /home/javed/ros_projects/bumperbot_ws/install/bumperbot_msgs/lib/python3.12/site-packages/bumperbot_msgs/bumperbot_msgs_s__rosidl_typesupport_c.so
[4.291s] -- Up-to-date: /home/javed/ros_projects/bumperbot_ws/install/bumperbot_msgs/lib/libbumperbot_msgs__rosidl_generator_py.so
[4.291s] -- Up-to-date: /home/javed/ros_projects/bumperbot_ws/install/bumperbot_msgs/share/bumperbot_msgs/action/Fibonacci.idl
[4.291s] -- Up-to-date: /home/javed/ros_projects/bumperbot_ws/install/bumperbot_msgs/share/bumperbot_msgs/srv/AddTwoInts.idl
[4.291s] -- Up-to-date: /home/javed/ros_projects/bumperbot_ws/install/bumperbot_msgs/share/bumperbot_msgs/srv/GetTransform.idl
[4.291s] -- Up-to-date: /home/javed/ros_projects/bumperbot_ws/install/bumperbot_msgs/share/bumperbot_msgs/action/Fibonacci.action
[4.291s] -- Up-to-date: /home/javed/ros_projects/bumperbot_ws/install/bumperbot_msgs/share/bumperbot_msgs/srv/AddTwoInts.srv
[4.292s] -- Up-to-date: /home/javed/ros_projects/bumperbot_ws/install/bumperbot_msgs/share/bumperbot_msgs/srv/GetTransform.srv
[4.292s] -- Up-to-date: /home/javed/ros_projects/bumperbot_ws/install/bumperbot_msgs/share/ament_index/resource_index/package_run_dependencies/bumperbot_msgs
[4.292s] -- Up-to-date: /home/javed/ros_projects/bumperbot_ws/install/bumperbot_msgs/share/ament_index/resource_index/parent_prefix_path/bumperbot_msgs
[4.292s] -- Up-to-date: /home/javed/ros_projects/bumperbot_ws/install/bumperbot_msgs/share/bumperbot_msgs/environment/ament_prefix_path.sh
[4.292s] -- Up-to-date: /home/javed/ros_projects/bumperbot_ws/install/bumperbot_msgs/share/bumperbot_msgs/environment/ament_prefix_path.dsv
[4.292s] -- Up-to-date: /home/javed/ros_projects/bumperbot_ws/install/bumperbot_msgs/share/bumperbot_msgs/environment/path.sh
[4.292s] -- Up-to-date: /home/javed/ros_projects/bumperbot_ws/install/bumperbot_msgs/share/bumperbot_msgs/environment/path.dsv
[4.292s] -- Up-to-date: /home/javed/ros_projects/bumperbot_ws/install/bumperbot_msgs/share/bumperbot_msgs/local_setup.bash
[4.292s] -- Up-to-date: /home/javed/ros_projects/bumperbot_ws/install/bumperbot_msgs/share/bumperbot_msgs/local_setup.sh
[4.292s] -- Up-to-date: /home/javed/ros_projects/bumperbot_ws/install/bumperbot_msgs/share/bumperbot_msgs/local_setup.zsh
[4.292s] -- Up-to-date: /home/javed/ros_projects/bumperbot_ws/install/bumperbot_msgs/share/bumperbot_msgs/local_setup.dsv
[4.293s] -- Installing: /home/javed/ros_projects/bumperbot_ws/install/bumperbot_msgs/share/bumperbot_msgs/package.dsv
[4.310s] -- Up-to-date: /home/javed/ros_projects/bumperbot_ws/install/bumperbot_msgs/share/ament_index/resource_index/packages/bumperbot_msgs
[4.409s] -- Up-to-date: /home/javed/ros_projects/bumperbot_ws/install/bumperbot_msgs/share/bumperbot_msgs/cmake/export_bumperbot_msgs__rosidl_generator_cExport.cmake
[4.409s] -- Up-to-date: /home/javed/ros_projects/bumperbot_ws/install/bumperbot_msgs/share/bumperbot_msgs/cmake/export_bumperbot_msgs__rosidl_generator_cExport-noconfig.cmake
[4.446s] -- Up-to-date: /home/javed/ros_projects/bumperbot_ws/install/bumperbot_msgs/share/bumperbot_msgs/cmake/export_bumperbot_msgs__rosidl_typesupport_fastrtps_cExport.cmake
[4.446s] -- Up-to-date: /home/javed/ros_projects/bumperbot_ws/install/bumperbot_msgs/share/bumperbot_msgs/cmake/export_bumperbot_msgs__rosidl_typesupport_fastrtps_cExport-noconfig.cmake
[4.446s] -- Up-to-date: /home/javed/ros_projects/bumperbot_ws/install/bumperbot_msgs/share/bumperbot_msgs/cmake/export_bumperbot_msgs__rosidl_generator_cppExport.cmake
[4.479s] -- Up-to-date: /home/javed/ros_projects/bumperbot_ws/install/bumperbot_msgs/share/bumperbot_msgs/cmake/export_bumperbot_msgs__rosidl_typesupport_fastrtps_cppExport.cmake
[4.479s] -- Up-to-date: /home/javed/ros_projects/bumperbot_ws/install/bumperbot_msgs/share/bumperbot_msgs/cmake/export_bumperbot_msgs__rosidl_typesupport_fastrtps_cppExport-noconfig.cmake
[4.479s] -- Up-to-date: /home/javed/ros_projects/bumperbot_ws/install/bumperbot_msgs/share/bumperbot_msgs/cmake/bumperbot_msgs__rosidl_typesupport_introspection_cExport.cmake
[4.480s] -- Up-to-date: /home/javed/ros_projects/bumperbot_ws/install/bumperbot_msgs/share/bumperbot_msgs/cmake/bumperbot_msgs__rosidl_typesupport_introspection_cExport-noconfig.cmake
[4.480s] -- Up-to-date: /home/javed/ros_projects/bumperbot_ws/install/bumperbot_msgs/share/bumperbot_msgs/cmake/bumperbot_msgs__rosidl_typesupport_cExport.cmake
[4.480s] -- Up-to-date: /home/javed/ros_projects/bumperbot_ws/install/bumperbot_msgs/share/bumperbot_msgs/cmake/bumperbot_msgs__rosidl_typesupport_cExport-noconfig.cmake
[4.481s] -- Up-to-date: /home/javed/ros_projects/bumperbot_ws/install/bumperbot_msgs/share/bumperbot_msgs/cmake/bumperbot_msgs__rosidl_typesupport_introspection_cppExport.cmake
[4.481s] -- Up-to-date: /home/javed/ros_projects/bumperbot_ws/install/bumperbot_msgs/share/bumperbot_msgs/cmake/bumperbot_msgs__rosidl_typesupport_introspection_cppExport-noconfig.cmake
[4.481s] -- Up-to-date: /home/javed/ros_projects/bumperbot_ws/install/bumperbot_msgs/share/bumperbot_msgs/cmake/bumperbot_msgs__rosidl_typesupport_cppExport.cmake
[4.481s] -- Up-to-date: /home/javed/ros_projects/bumperbot_ws/install/bumperbot_msgs/share/bumperbot_msgs/cmake/bumperbot_msgs__rosidl_typesupport_cppExport-noconfig.cmake
[4.482s] -- Up-to-date: /home/javed/ros_projects/bumperbot_ws/install/bumperbot_msgs/share/bumperbot_msgs/cmake/export_bumperbot_msgs__rosidl_generator_pyExport.cmake
[4.482s] -- Up-to-date: /home/javed/ros_projects/bumperbot_ws/install/bumperbot_msgs/share/bumperbot_msgs/cmake/export_bumperbot_msgs__rosidl_generator_pyExport-noconfig.cmake
[4.482s] -- Up-to-date: /home/javed/ros_projects/bumperbot_ws/install/bumperbot_msgs/share/bumperbot_msgs/cmake/rosidl_cmake-extras.cmake
[4.482s] -- Up-to-date: /home/javed/ros_projects/bumperbot_ws/install/bumperbot_msgs/share/bumperbot_msgs/cmake/ament_cmake_export_dependencies-extras.cmake
[4.482s] -- Up-to-date: /home/javed/ros_projects/bumperbot_ws/install/bumperbot_msgs/share/bumperbot_msgs/cmake/ament_cmake_export_include_directories-extras.cmake
[4.482s] -- Up-to-date: /home/javed/ros_projects/bumperbot_ws/install/bumperbot_msgs/share/bumperbot_msgs/cmake/ament_cmake_export_libraries-extras.cmake
[4.482s] -- Up-to-date: /home/javed/ros_projects/bumperbot_ws/install/bumperbot_msgs/share/bumperbot_msgs/cmake/ament_cmake_export_targets-extras.cmake
[4.482s] -- Up-to-date: /home/javed/ros_projects/bumperbot_ws/install/bumperbot_msgs/share/bumperbot_msgs/cmake/rosidl_cmake_export_typesupport_targets-extras.cmake
[4.482s] -- Up-to-date: /home/javed/ros_projects/bumperbot_ws/install/bumperbot_msgs/share/bumperbot_msgs/cmake/rosidl_cmake_export_typesupport_libraries-extras.cmake
[4.482s] -- Up-to-date: /home/javed/ros_projects/bumperbot_ws/install/bumperbot_msgs/share/bumperbot_msgs/cmake/bumperbot_msgsConfig.cmake
[4.482s] -- Up-to-date: /home/javed/ros_projects/bumperbot_ws/install/bumperbot_msgs/share/bumperbot_msgs/cmake/bumperbot_msgsConfig-version.cmake
[4.483s] -- Up-to-date: /home/javed/ros_projects/bumperbot_ws/install/bumperbot_msgs/share/bumperbot_msgs/package.xml
[4.485s] Invoked command in '/home/javed/ros_projects/bumperbot_ws/build/bumperbot_msgs' returned '0': CMAKE_PREFIX_PATH=${CMAKE_PREFIX_PATH}:/home/javed/ros_practice/install/bumperbot_python_examples:/opt/ros/jazzy DEBUGINFOD_URLS=https://debuginfod.ubuntu.com /usr/bin/cmake --install /home/javed/ros_projects/bumperbot_ws/build/bumperbot_msgs
