-- Found ament_cmake: 2.5.4 (/opt/ros/jazzy/share/ament_cmake/cmake)
-- Found rclpy: 7.1.4 (/opt/ros/jazzy/share/rclpy/cmake)
-- Found rclcpp: 28.1.9 (/opt/ros/jazzy/share/rclcpp/cmake)
-- Found rosidl_generator_c: 4.6.5 (/opt/ros/jazzy/share/rosidl_generator_c/cmake)
-- Found rosidl_generator_cpp: 4.6.5 (/opt/ros/jazzy/share/rosidl_generator_cpp/cmake)
-- Using all available rosidl_typesupport_c: rosidl_typesupport_fastrtps_c;rosidl_typesupport_introspection_c
-- Using all available rosidl_typesupport_cpp: rosidl_typesupport_fastrtps_cpp;rosidl_typesupport_introspection_cpp
-- Found rmw_implementation_cmake: 7.3.2 (/opt/ros/jazzy/share/rmw_implementation_cmake/cmake)
-- Found rmw_fastrtps_cpp: 8.4.2 (/opt/ros/jazzy/share/rmw_fastrtps_cpp/cmake)
-- Using RMW implementation 'rmw_fastrtps_cpp' as default
-- Found nav_msgs: 5.3.6 (/opt/ros/jazzy/share/nav_msgs/cmake)
-- Found tf2_ros: 0.36.11 (/opt/ros/jazzy/share/tf2_ros/cmake)
-- Found ament_lint_auto: 0.17.2 (/opt/ros/jazzy/share/ament_lint_auto/cmake)
-- Added test 'cppcheck' to perform static code analysis on C / C++ code
-- Configured cppcheck include dirs: /home/javed/ros_projects/bumperbot_ws/src/bumperbot_planning/include
-- Configured cppcheck exclude dirs and/or files: 
-- Added test 'flake8' to check Python code syntax and style conventions
-- Configured 'flake8' exclude dirs and/or files: 
-- Added test 'lint_cmake' to check CMake code style
-- Added test 'pep257' to check Python code against some of the docstring style conventions in PEP 257
-- Added test 'uncrustify' to check C / C++ code style
-- Configured uncrustify additional arguments: 
-- Added test 'xmllint' to check XML markup files
-- Configuring done (0.8s)
-- Generating done (0.0s)
-- Build files have been written to: /home/javed/ros_projects/bumperbot_ws/build/bumperbot_planning
[ 25%] [32mBuilding CXX object CMakeFiles/a_star_planner.dir/src/a_star_planner.cpp.o[0m
[ 50%] [32mBuilding CXX object CMakeFiles/dijkstra_planner.dir/src/dijkstra_planner.cpp.o[0m
[ 50%] Built target ament_cmake_python_copy_bumperbot_planning
running egg_info
writing bumperbot_planning.egg-info/PKG-INFO
writing dependency_links to bumperbot_planning.egg-info/dependency_links.txt
writing top-level names to bumperbot_planning.egg-info/top_level.txt
reading manifest file 'bumperbot_planning.egg-info/SOURCES.txt'
writing manifest file 'bumperbot_planning.egg-info/SOURCES.txt'
[ 50%] Built target ament_cmake_python_build_bumperbot_planning_egg
[ 75%] [32m[1mLinking CXX executable dijkstra_planner[0m
[100%] [32m[1mLinking CXX executable a_star_planner[0m
[100%] Built target dijkstra_planner
[100%] Built target a_star_planner
-- Install configuration: ""
-- Up-to-date: /home/javed/ros_projects/bumperbot_ws/install/bumperbot_planning/share/bumperbot_planning/environment/pythonpath.sh
-- Up-to-date: /home/javed/ros_projects/bumperbot_ws/install/bumperbot_planning/share/bumperbot_planning/environment/pythonpath.dsv
-- Up-to-date: /home/javed/ros_projects/bumperbot_ws/install/bumperbot_planning/lib/python3.12/site-packages/bumperbot_planning-0.0.0-py3.12.egg-info
-- Installing: /home/javed/ros_projects/bumperbot_ws/install/bumperbot_planning/lib/python3.12/site-packages/bumperbot_planning-0.0.0-py3.12.egg-info/SOURCES.txt
-- Installing: /home/javed/ros_projects/bumperbot_ws/install/bumperbot_planning/lib/python3.12/site-packages/bumperbot_planning-0.0.0-py3.12.egg-info/dependency_links.txt
-- Installing: /home/javed/ros_projects/bumperbot_ws/install/bumperbot_planning/lib/python3.12/site-packages/bumperbot_planning-0.0.0-py3.12.egg-info/PKG-INFO
-- Installing: /home/javed/ros_projects/bumperbot_ws/install/bumperbot_planning/lib/python3.12/site-packages/bumperbot_planning-0.0.0-py3.12.egg-info/top_level.txt
-- Up-to-date: /home/javed/ros_projects/bumperbot_ws/install/bumperbot_planning/lib/python3.12/site-packages/bumperbot_planning
-- Up-to-date: /home/javed/ros_projects/bumperbot_ws/install/bumperbot_planning/lib/python3.12/site-packages/bumperbot_planning/a_star_planner.py
-- Up-to-date: /home/javed/ros_projects/bumperbot_ws/install/bumperbot_planning/lib/python3.12/site-packages/bumperbot_planning/__init__.py
-- Up-to-date: /home/javed/ros_projects/bumperbot_ws/install/bumperbot_planning/lib/python3.12/site-packages/bumperbot_planning/dijkstra_planner.py
Listing '/home/javed/ros_projects/bumperbot_ws/install/bumperbot_planning/lib/python3.12/site-packages/bumperbot_planning'...
-- Up-to-date: /home/javed/ros_projects/bumperbot_ws/install/bumperbot_planning/lib/bumperbot_planning/dijkstra_planner.py
-- Up-to-date: /home/javed/ros_projects/bumperbot_ws/install/bumperbot_planning/lib/bumperbot_planning/a_star_planner.py
-- Up-to-date: /home/javed/ros_projects/bumperbot_ws/install/bumperbot_planning/include/include
-- Up-to-date: /home/javed/ros_projects/bumperbot_ws/install/bumperbot_planning/include/include/bumperbot_planning
-- Up-to-date: /home/javed/ros_projects/bumperbot_ws/install/bumperbot_planning/include/include/bumperbot_planning/dijkstra_planner.hpp
-- Installing: /home/javed/ros_projects/bumperbot_ws/install/bumperbot_planning/include/include/bumperbot_planning/a_star_planner.hpp
-- Installing: /home/javed/ros_projects/bumperbot_ws/install/bumperbot_planning/lib/bumperbot_planning/dijkstra_planner
-- Set non-toolchain portion of runtime path of "/home/javed/ros_projects/bumperbot_ws/install/bumperbot_planning/lib/bumperbot_planning/dijkstra_planner" to ""
-- Installing: /home/javed/ros_projects/bumperbot_ws/install/bumperbot_planning/lib/bumperbot_planning/a_star_planner
-- Set non-toolchain portion of runtime path of "/home/javed/ros_projects/bumperbot_ws/install/bumperbot_planning/lib/bumperbot_planning/a_star_planner" to ""
-- Up-to-date: /home/javed/ros_projects/bumperbot_ws/install/bumperbot_planning/share/ament_index/resource_index/package_run_dependencies/bumperbot_planning
-- Up-to-date: /home/javed/ros_projects/bumperbot_ws/install/bumperbot_planning/share/ament_index/resource_index/parent_prefix_path/bumperbot_planning
-- Up-to-date: /home/javed/ros_projects/bumperbot_ws/install/bumperbot_planning/share/bumperbot_planning/environment/ament_prefix_path.sh
-- Up-to-date: /home/javed/ros_projects/bumperbot_ws/install/bumperbot_planning/share/bumperbot_planning/environment/ament_prefix_path.dsv
-- Up-to-date: /home/javed/ros_projects/bumperbot_ws/install/bumperbot_planning/share/bumperbot_planning/environment/path.sh
-- Up-to-date: /home/javed/ros_projects/bumperbot_ws/install/bumperbot_planning/share/bumperbot_planning/environment/path.dsv
-- Up-to-date: /home/javed/ros_projects/bumperbot_ws/install/bumperbot_planning/share/bumperbot_planning/local_setup.bash
-- Up-to-date: /home/javed/ros_projects/bumperbot_ws/install/bumperbot_planning/share/bumperbot_planning/local_setup.sh
-- Up-to-date: /home/javed/ros_projects/bumperbot_ws/install/bumperbot_planning/share/bumperbot_planning/local_setup.zsh
-- Up-to-date: /home/javed/ros_projects/bumperbot_ws/install/bumperbot_planning/share/bumperbot_planning/local_setup.dsv
-- Installing: /home/javed/ros_projects/bumperbot_ws/install/bumperbot_planning/share/bumperbot_planning/package.dsv
-- Up-to-date: /home/javed/ros_projects/bumperbot_ws/install/bumperbot_planning/share/ament_index/resource_index/packages/bumperbot_planning
-- Up-to-date: /home/javed/ros_projects/bumperbot_ws/install/bumperbot_planning/share/bumperbot_planning/cmake/ament_cmake_export_include_directories-extras.cmake
-- Up-to-date: /home/javed/ros_projects/bumperbot_ws/install/bumperbot_planning/share/bumperbot_planning/cmake/ament_cmake_export_dependencies-extras.cmake
-- Up-to-date: /home/javed/ros_projects/bumperbot_ws/install/bumperbot_planning/share/bumperbot_planning/cmake/bumperbot_planningConfig.cmake
-- Up-to-date: /home/javed/ros_projects/bumperbot_ws/install/bumperbot_planning/share/bumperbot_planning/cmake/bumperbot_planningConfig-version.cmake
-- Up-to-date: /home/javed/ros_projects/bumperbot_ws/install/bumperbot_planning/share/bumperbot_planning/package.xml
