-- Found ament_cmake: 2.5.4 (/opt/ros/jazzy/share/ament_cmake/cmake)
-- Found rclcpp: 28.1.9 (/opt/ros/jazzy/share/rclcpp/cmake)
-- Found rosidl_generator_c: 4.6.5 (/opt/ros/jazzy/share/rosidl_generator_c/cmake)
-- Found rosidl_generator_cpp: 4.6.5 (/opt/ros/jazzy/share/rosidl_generator_cpp/cmake)
-- Using all available rosidl_typesupport_c: rosidl_typesupport_fastrtps_c;rosidl_typesupport_introspection_c
-- Using all available rosidl_typesupport_cpp: rosidl_typesupport_fastrtps_cpp;rosidl_typesupport_introspection_cpp
-- Found rmw_implementation_cmake: 7.3.2 (/opt/ros/jazzy/share/rmw_implementation_cmake/cmake)
-- Found rmw_fastrtps_cpp: 8.4.2 (/opt/ros/jazzy/share/rmw_fastrtps_cpp/cmake)
-- Using RMW implementation 'rmw_fastrtps_cpp' as default
-- Found rclpy: 7.1.4 (/opt/ros/jazzy/share/rclpy/cmake)
-- Found geometry_msgs: 5.3.6 (/opt/ros/jazzy/share/geometry_msgs/cmake)
-- Found sensor_msgs: 5.3.6 (/opt/ros/jazzy/share/sensor_msgs/cmake)
-- Found twist_mux_msgs: 3.0.1 (/opt/ros/jazzy/share/twist_mux_msgs/cmake)
-- Found rclcpp_action: 28.1.9 (/opt/ros/jazzy/share/rclcpp_action/cmake)
-- Found visualization_msgs: 5.3.6 (/opt/ros/jazzy/share/visualization_msgs/cmake)
-- Configuring done (2.5s)
-- Generating done (0.1s)
-- Build files have been written to: /home/javed/ros_projects/bumperbot_ws/build/bumperbot_utils
[  0%] Built target ament_cmake_python_copy_bumperbot_utils
[ 50%] [32mBuilding CXX object CMakeFiles/safety_stop.dir/src/safety_stop.cpp.o[0m
running egg_info
writing bumperbot_utils.egg-info/PKG-INFO
writing dependency_links to bumperbot_utils.egg-info/dependency_links.txt
writing top-level names to bumperbot_utils.egg-info/top_level.txt
reading manifest file 'bumperbot_utils.egg-info/SOURCES.txt'
writing manifest file 'bumperbot_utils.egg-info/SOURCES.txt'
[ 50%] Built target ament_cmake_python_build_bumperbot_utils_egg
[100%] [32m[1mLinking CXX executable safety_stop[0m
[100%] Built target safety_stop
-- Install configuration: ""
-- Installing: /home/javed/ros_projects/bumperbot_ws/install/bumperbot_utils/share/bumperbot_utils/environment/pythonpath.sh
-- Installing: /home/javed/ros_projects/bumperbot_ws/install/bumperbot_utils/share/bumperbot_utils/environment/pythonpath.dsv
-- Up-to-date: /home/javed/ros_projects/bumperbot_ws/install/bumperbot_utils/lib/python3.12/site-packages/bumperbot_utils-0.0.0-py3.12.egg-info
-- Installing: /home/javed/ros_projects/bumperbot_ws/install/bumperbot_utils/lib/python3.12/site-packages/bumperbot_utils-0.0.0-py3.12.egg-info/SOURCES.txt
-- Installing: /home/javed/ros_projects/bumperbot_ws/install/bumperbot_utils/lib/python3.12/site-packages/bumperbot_utils-0.0.0-py3.12.egg-info/dependency_links.txt
-- Installing: /home/javed/ros_projects/bumperbot_ws/install/bumperbot_utils/lib/python3.12/site-packages/bumperbot_utils-0.0.0-py3.12.egg-info/PKG-INFO
-- Installing: /home/javed/ros_projects/bumperbot_ws/install/bumperbot_utils/lib/python3.12/site-packages/bumperbot_utils-0.0.0-py3.12.egg-info/top_level.txt
-- Up-to-date: /home/javed/ros_projects/bumperbot_ws/install/bumperbot_utils/lib/python3.12/site-packages/bumperbot_utils
-- Installing: /home/javed/ros_projects/bumperbot_ws/install/bumperbot_utils/lib/python3.12/site-packages/bumperbot_utils/__init__.py
-- Installing: /home/javed/ros_projects/bumperbot_ws/install/bumperbot_utils/lib/python3.12/site-packages/bumperbot_utils/safety_stop.py
Listing '/home/javed/ros_projects/bumperbot_ws/install/bumperbot_utils/lib/python3.12/site-packages/bumperbot_utils'...
Compiling '/home/javed/ros_projects/bumperbot_ws/install/bumperbot_utils/lib/python3.12/site-packages/bumperbot_utils/__init__.py'...
Compiling '/home/javed/ros_projects/bumperbot_ws/install/bumperbot_utils/lib/python3.12/site-packages/bumperbot_utils/safety_stop.py'...
-- Installing: /home/javed/ros_projects/bumperbot_ws/install/bumperbot_utils/lib/bumperbot_utils/safety_stop
-- Set non-toolchain portion of runtime path of "/home/javed/ros_projects/bumperbot_ws/install/bumperbot_utils/lib/bumperbot_utils/safety_stop" to ""
-- Installing: /home/javed/ros_projects/bumperbot_ws/install/bumperbot_utils/lib/bumperbot_utils/safety_stop.py
-- Installing: /home/javed/ros_projects/bumperbot_ws/install/bumperbot_utils/share/ament_index/resource_index/package_run_dependencies/bumperbot_utils
-- Installing: /home/javed/ros_projects/bumperbot_ws/install/bumperbot_utils/share/ament_index/resource_index/parent_prefix_path/bumperbot_utils
-- Installing: /home/javed/ros_projects/bumperbot_ws/install/bumperbot_utils/share/bumperbot_utils/environment/ament_prefix_path.sh
-- Installing: /home/javed/ros_projects/bumperbot_ws/install/bumperbot_utils/share/bumperbot_utils/environment/ament_prefix_path.dsv
-- Installing: /home/javed/ros_projects/bumperbot_ws/install/bumperbot_utils/share/bumperbot_utils/environment/path.sh
-- Installing: /home/javed/ros_projects/bumperbot_ws/install/bumperbot_utils/share/bumperbot_utils/environment/path.dsv
-- Installing: /home/javed/ros_projects/bumperbot_ws/install/bumperbot_utils/share/bumperbot_utils/local_setup.bash
-- Installing: /home/javed/ros_projects/bumperbot_ws/install/bumperbot_utils/share/bumperbot_utils/local_setup.sh
-- Installing: /home/javed/ros_projects/bumperbot_ws/install/bumperbot_utils/share/bumperbot_utils/local_setup.zsh
-- Installing: /home/javed/ros_projects/bumperbot_ws/install/bumperbot_utils/share/bumperbot_utils/local_setup.dsv
-- Installing: /home/javed/ros_projects/bumperbot_ws/install/bumperbot_utils/share/bumperbot_utils/package.dsv
-- Installing: /home/javed/ros_projects/bumperbot_ws/install/bumperbot_utils/share/ament_index/resource_index/packages/bumperbot_utils
-- Installing: /home/javed/ros_projects/bumperbot_ws/install/bumperbot_utils/share/bumperbot_utils/cmake/bumperbot_utilsConfig.cmake
-- Installing: /home/javed/ros_projects/bumperbot_ws/install/bumperbot_utils/share/bumperbot_utils/cmake/bumperbot_utilsConfig-version.cmake
-- Installing: /home/javed/ros_projects/bumperbot_ws/install/bumperbot_utils/share/bumperbot_utils/package.xml
