[0.031s] Invoking command in '/home/javed/ros_projects/bumperbot_ws/build/bumperbot_navigation': CMAKE_PREFIX_PATH=${CMAKE_PREFIX_PATH}:/home/javed/ros_projects/bumperbot_ws/install/bumperbot_py_examples:/home/javed/ros_practice/install/bumperbot_python_examples:/opt/ros/jazzy DEBUGINFOD_URLS=https://debuginfod.ubuntu.com /usr/bin/cmake --build /home/javed/ros_projects/bumperbot_ws/build/bumperbot_navigation -- -j16 -l16
[0.086s] Invoked command in '/home/javed/ros_projects/bumperbot_ws/build/bumperbot_navigation' returned '0': CMAKE_PREFIX_PATH=${CMAKE_PREFIX_PATH}:/home/javed/ros_projects/bumperbot_ws/install/bumperbot_py_examples:/home/javed/ros_practice/install/bumperbot_python_examples:/opt/ros/jazzy DEBUGINFOD_URLS=https://debuginfod.ubuntu.com /usr/bin/cmake --build /home/javed/ros_projects/bumperbot_ws/build/bumperbot_navigation -- -j16 -l16
[0.087s] Invoking command in '/home/javed/ros_projects/bumperbot_ws/build/bumperbot_navigation': CMAKE_PREFIX_PATH=${CMAKE_PREFIX_PATH}:/home/javed/ros_projects/bumperbot_ws/install/bumperbot_py_examples:/home/javed/ros_practice/install/bumperbot_python_examples:/opt/ros/jazzy DEBUGINFOD_URLS=https://debuginfod.ubuntu.com /usr/bin/cmake --install /home/javed/ros_projects/bumperbot_ws/build/bumperbot_navigation
[0.127s] -- Install configuration: ""
[0.127s] -- Up-to-date: /home/javed/ros_projects/bumperbot_ws/install/bumperbot_navigation/share/ament_index/resource_index/package_run_dependencies/bumperbot_navigation
[0.128s] -- Up-to-date: /home/javed/ros_projects/bumperbot_ws/install/bumperbot_navigation/share/ament_index/resource_index/parent_prefix_path/bumperbot_navigation
[0.128s] -- Up-to-date: /home/javed/ros_projects/bumperbot_ws/install/bumperbot_navigation/share/bumperbot_navigation/environment/ament_prefix_path.sh
[0.131s] -- Up-to-date: /home/javed/ros_projects/bumperbot_ws/install/bumperbot_navigation/share/bumperbot_navigation/environment/ament_prefix_path.dsv
[0.132s] -- Up-to-date: /home/javed/ros_projects/bumperbot_ws/install/bumperbot_navigation/share/bumperbot_navigation/environment/path.sh
[0.132s] -- Up-to-date: /home/javed/ros_projects/bumperbot_ws/install/bumperbot_navigation/share/bumperbot_navigation/environment/path.dsv
[0.132s] -- Up-to-date: /home/javed/ros_projects/bumperbot_ws/install/bumperbot_navigation/share/bumperbot_navigation/local_setup.bash
[0.132s] -- Up-to-date: /home/javed/ros_projects/bumperbot_ws/install/bumperbot_navigation/share/bumperbot_navigation/local_setup.sh
[0.132s] -- Up-to-date: /home/javed/ros_projects/bumperbot_ws/install/bumperbot_navigation/share/bumperbot_navigation/local_setup.zsh
[0.132s] -- Up-to-date: /home/javed/ros_projects/bumperbot_ws/install/bumperbot_navigation/share/bumperbot_navigation/local_setup.dsv
[0.132s] -- Installing: /home/javed/ros_projects/bumperbot_ws/install/bumperbot_navigation/share/bumperbot_navigation/package.dsv
[0.133s] -- Up-to-date: /home/javed/ros_projects/bumperbot_ws/install/bumperbot_navigation/share/ament_index/resource_index/packages/bumperbot_navigation
[0.133s] -- Up-to-date: /home/javed/ros_projects/bumperbot_ws/install/bumperbot_navigation/share/bumperbot_navigation/cmake/bumperbot_navigationConfig.cmake
[0.133s] -- Up-to-date: /home/javed/ros_projects/bumperbot_ws/install/bumperbot_navigation/share/bumperbot_navigation/cmake/bumperbot_navigationConfig-version.cmake
[0.133s] -- Up-to-date: /home/javed/ros_projects/bumperbot_ws/install/bumperbot_navigation/share/bumperbot_navigation/package.xml
[0.151s] Invoked command in '/home/javed/ros_projects/bumperbot_ws/build/bumperbot_navigation' returned '0': CMAKE_PREFIX_PATH=${CMAKE_PREFIX_PATH}:/home/javed/ros_projects/bumperbot_ws/install/bumperbot_py_examples:/home/javed/ros_practice/install/bumperbot_python_examples:/opt/ros/jazzy DEBUGINFOD_URLS=https://debuginfod.ubuntu.com /usr/bin/cmake --install /home/javed/ros_projects/bumperbot_ws/build/bumperbot_navigation
