-- Found ament_cmake: 2.5.4 (/opt/ros/jazzy/share/ament_cmake/cmake)
-- Found rclcpp: 28.1.9 (/opt/ros/jazzy/share/rclcpp/cmake)
-- Found rosidl_generator_c: 4.6.5 (/opt/ros/jazzy/share/rosidl_generator_c/cmake)
-- Found rosidl_generator_cpp: 4.6.5 (/opt/ros/jazzy/share/rosidl_generator_cpp/cmake)
-- Using all available rosidl_typesupport_c: rosidl_typesupport_fastrtps_c;rosidl_typesupport_introspection_c
-- Using all available rosidl_typesupport_cpp: rosidl_typesupport_fastrtps_cpp;rosidl_typesupport_introspection_cpp
-- Found rmw_implementation_cmake: 7.3.2 (/opt/ros/jazzy/share/rmw_implementation_cmake/cmake)
-- Found rmw_fastrtps_cpp: 8.4.2 (/opt/ros/jazzy/share/rmw_fastrtps_cpp/cmake)
-- Using RMW implementation 'rmw_fastrtps_cpp' as default
-- Found rclpy: 7.1.4 (/opt/ros/jazzy/share/rclpy/cmake)
-- Found sensor_msgs: 5.3.6 (/opt/ros/jazzy/share/sensor_msgs/cmake)
-- Found nav_msgs: 5.3.6 (/opt/ros/jazzy/share/nav_msgs/cmake)
-- Found tf2_ros: 0.36.11 (/opt/ros/jazzy/share/tf2_ros/cmake)
-- Configuring done (1.3s)
-- Generating done (0.1s)
-- Build files have been written to: /home/javed/ros_projects/bumperbot_ws/build/bumperbot_mapping
[  0%] Built target ament_cmake_python_copy_bumperbot_mapping
[ 50%] [32mBuilding CXX object CMakeFiles/mapping_with_known_poses.dir/src/mapping_with_known_poses.cpp.o[0m
running egg_info
writing bumperbot_mapping.egg-info/PKG-INFO
writing dependency_links to bumperbot_mapping.egg-info/dependency_links.txt
writing top-level names to bumperbot_mapping.egg-info/top_level.txt
reading manifest file 'bumperbot_mapping.egg-info/SOURCES.txt'
writing manifest file 'bumperbot_mapping.egg-info/SOURCES.txt'
[ 50%] Built target ament_cmake_python_build_bumperbot_mapping_egg
[100%] [32m[1mLinking CXX executable mapping_with_known_poses[0m
[100%] Built target mapping_with_known_poses
-- Install configuration: ""
-- Installing: /home/javed/ros_projects/bumperbot_ws/install/bumperbot_mapping/share/bumperbot_mapping/environment/pythonpath.sh
-- Installing: /home/javed/ros_projects/bumperbot_ws/install/bumperbot_mapping/share/bumperbot_mapping/environment/pythonpath.dsv
-- Up-to-date: /home/javed/ros_projects/bumperbot_ws/install/bumperbot_mapping/lib/python3.12/site-packages/bumperbot_mapping-0.0.0-py3.12.egg-info
-- Installing: /home/javed/ros_projects/bumperbot_ws/install/bumperbot_mapping/lib/python3.12/site-packages/bumperbot_mapping-0.0.0-py3.12.egg-info/SOURCES.txt
-- Installing: /home/javed/ros_projects/bumperbot_ws/install/bumperbot_mapping/lib/python3.12/site-packages/bumperbot_mapping-0.0.0-py3.12.egg-info/dependency_links.txt
-- Installing: /home/javed/ros_projects/bumperbot_ws/install/bumperbot_mapping/lib/python3.12/site-packages/bumperbot_mapping-0.0.0-py3.12.egg-info/PKG-INFO
-- Installing: /home/javed/ros_projects/bumperbot_ws/install/bumperbot_mapping/lib/python3.12/site-packages/bumperbot_mapping-0.0.0-py3.12.egg-info/top_level.txt
-- Up-to-date: /home/javed/ros_projects/bumperbot_ws/install/bumperbot_mapping/lib/python3.12/site-packages/bumperbot_mapping
-- Installing: /home/javed/ros_projects/bumperbot_ws/install/bumperbot_mapping/lib/python3.12/site-packages/bumperbot_mapping/mapping_with_known_poses.py
-- Installing: /home/javed/ros_projects/bumperbot_ws/install/bumperbot_mapping/lib/python3.12/site-packages/bumperbot_mapping/__init__.py
Listing '/home/javed/ros_projects/bumperbot_ws/install/bumperbot_mapping/lib/python3.12/site-packages/bumperbot_mapping'...
Compiling '/home/javed/ros_projects/bumperbot_ws/install/bumperbot_mapping/lib/python3.12/site-packages/bumperbot_mapping/__init__.py'...
Compiling '/home/javed/ros_projects/bumperbot_ws/install/bumperbot_mapping/lib/python3.12/site-packages/bumperbot_mapping/mapping_with_known_poses.py'...
-- Up-to-date: /home/javed/ros_projects/bumperbot_ws/install/bumperbot_mapping/include/include
-- Up-to-date: /home/javed/ros_projects/bumperbot_ws/install/bumperbot_mapping/include/include/bumperbot_mapping
-- Installing: /home/javed/ros_projects/bumperbot_ws/install/bumperbot_mapping/include/include/bumperbot_mapping/mapping_with_known_poses.hpp
-- Installing: /home/javed/ros_projects/bumperbot_ws/install/bumperbot_mapping/lib/bumperbot_mapping/mapping_with_known_poses
-- Set non-toolchain portion of runtime path of "/home/javed/ros_projects/bumperbot_ws/install/bumperbot_mapping/lib/bumperbot_mapping/mapping_with_known_poses" to ""
-- Up-to-date: /home/javed/ros_projects/bumperbot_ws/install/bumperbot_mapping/share/bumperbot_mapping/config
-- Installing: /home/javed/ros_projects/bumperbot_ws/install/bumperbot_mapping/share/bumperbot_mapping/config/slam_toolbox.yaml
-- Up-to-date: /home/javed/ros_projects/bumperbot_ws/install/bumperbot_mapping/share/bumperbot_mapping/launch
-- Installing: /home/javed/ros_projects/bumperbot_ws/install/bumperbot_mapping/share/bumperbot_mapping/launch/slam.launch.py
-- Up-to-date: /home/javed/ros_projects/bumperbot_ws/install/bumperbot_mapping/share/bumperbot_mapping/maps
-- Up-to-date: /home/javed/ros_projects/bumperbot_ws/install/bumperbot_mapping/share/bumperbot_mapping/maps/small_house
-- Installing: /home/javed/ros_projects/bumperbot_ws/install/bumperbot_mapping/share/bumperbot_mapping/maps/small_house/map.yaml
-- Installing: /home/javed/ros_projects/bumperbot_ws/install/bumperbot_mapping/share/bumperbot_mapping/maps/small_house/map.pgm
-- Up-to-date: /home/javed/ros_projects/bumperbot_ws/install/bumperbot_mapping/share/bumperbot_mapping/maps/small_warehouse
-- Installing: /home/javed/ros_projects/bumperbot_ws/install/bumperbot_mapping/share/bumperbot_mapping/maps/small_warehouse/map.yaml
-- Installing: /home/javed/ros_projects/bumperbot_ws/install/bumperbot_mapping/share/bumperbot_mapping/maps/small_warehouse/map.pgm
-- Up-to-date: /home/javed/ros_projects/bumperbot_ws/install/bumperbot_mapping/share/bumperbot_mapping/rviz
-- Installing: /home/javed/ros_projects/bumperbot_ws/install/bumperbot_mapping/share/bumperbot_mapping/rviz/slam.rviz
-- Installing: /home/javed/ros_projects/bumperbot_ws/install/bumperbot_mapping/lib/bumperbot_mapping/mapping_with_known_poses.py
-- Installing: /home/javed/ros_projects/bumperbot_ws/install/bumperbot_mapping/share/ament_index/resource_index/package_run_dependencies/bumperbot_mapping
-- Installing: /home/javed/ros_projects/bumperbot_ws/install/bumperbot_mapping/share/ament_index/resource_index/parent_prefix_path/bumperbot_mapping
-- Installing: /home/javed/ros_projects/bumperbot_ws/install/bumperbot_mapping/share/bumperbot_mapping/environment/ament_prefix_path.sh
-- Installing: /home/javed/ros_projects/bumperbot_ws/install/bumperbot_mapping/share/bumperbot_mapping/environment/ament_prefix_path.dsv
-- Installing: /home/javed/ros_projects/bumperbot_ws/install/bumperbot_mapping/share/bumperbot_mapping/environment/path.sh
-- Installing: /home/javed/ros_projects/bumperbot_ws/install/bumperbot_mapping/share/bumperbot_mapping/environment/path.dsv
-- Installing: /home/javed/ros_projects/bumperbot_ws/install/bumperbot_mapping/share/bumperbot_mapping/local_setup.bash
-- Installing: /home/javed/ros_projects/bumperbot_ws/install/bumperbot_mapping/share/bumperbot_mapping/local_setup.sh
-- Installing: /home/javed/ros_projects/bumperbot_ws/install/bumperbot_mapping/share/bumperbot_mapping/local_setup.zsh
-- Installing: /home/javed/ros_projects/bumperbot_ws/install/bumperbot_mapping/share/bumperbot_mapping/local_setup.dsv
-- Installing: /home/javed/ros_projects/bumperbot_ws/install/bumperbot_mapping/share/bumperbot_mapping/package.dsv
-- Installing: /home/javed/ros_projects/bumperbot_ws/install/bumperbot_mapping/share/ament_index/resource_index/packages/bumperbot_mapping
-- Installing: /home/javed/ros_projects/bumperbot_ws/install/bumperbot_mapping/share/bumperbot_mapping/cmake/bumperbot_mappingConfig.cmake
-- Installing: /home/javed/ros_projects/bumperbot_ws/install/bumperbot_mapping/share/bumperbot_mapping/cmake/bumperbot_mappingConfig-version.cmake
-- Installing: /home/javed/ros_projects/bumperbot_ws/install/bumperbot_mapping/share/bumperbot_mapping/package.xml
