[0.368s] Invoking command in '/home/javed/ros_projects/bumperbot_ws/build/bumperbot_mapping': CMAKE_PREFIX_PATH=${CMAKE_PREFIX_PATH}:/home/javed/ros_projects/bumperbot_ws/install/bumperbot_py_examples:/home/javed/ros_practice/install/bumperbot_python_examples:/opt/ros/jazzy DEBUGINFOD_URLS=https://debuginfod.ubuntu.com /usr/bin/cmake --build /home/javed/ros_projects/bumperbot_ws/build/bumperbot_mapping -- -j16 -l16
[0.486s] -- Found ament_cmake: 2.5.4 (/opt/ros/jazzy/share/ament_cmake/cmake)
[0.637s] -- Found rclcpp: 28.1.9 (/opt/ros/jazzy/share/rclcpp/cmake)
[0.662s] -- Found rosidl_generator_c: 4.6.5 (/opt/ros/jazzy/share/rosidl_generator_c/cmake)
[0.669s] -- Found rosidl_generator_cpp: 4.6.5 (/opt/ros/jazzy/share/rosidl_generator_cpp/cmake)
[0.680s] -- Using all available rosidl_typesupport_c: rosidl_typesupport_fastrtps_c;rosidl_typesupport_introspection_c
[0.691s] -- Using all available rosidl_typesupport_cpp: rosidl_typesupport_fastrtps_cpp;rosidl_typesupport_introspection_cpp
[0.743s] -- Found rmw_implementation_cmake: 7.3.2 (/opt/ros/jazzy/share/rmw_implementation_cmake/cmake)
[0.744s] -- Found rmw_fastrtps_cpp: 8.4.2 (/opt/ros/jazzy/share/rmw_fastrtps_cpp/cmake)
[0.804s] -- Using RMW implementation 'rmw_fastrtps_cpp' as default
[0.859s] -- Found rclpy: 7.1.4 (/opt/ros/jazzy/share/rclpy/cmake)
[0.859s] -- Found sensor_msgs: 5.3.6 (/opt/ros/jazzy/share/sensor_msgs/cmake)
[1.115s] -- Found nav_msgs: 5.3.6 (/opt/ros/jazzy/share/nav_msgs/cmake)
[1.137s] -- Found tf2_ros: 0.36.11 (/opt/ros/jazzy/share/tf2_ros/cmake)
[1.704s] -- Configuring done (1.3s)
[2.720s] -- Generating done (0.1s)
[2.801s] -- Build files have been written to: /home/javed/ros_projects/bumperbot_ws/build/bumperbot_mapping
[2.848s] [  0%] Built target ament_cmake_python_copy_bumperbot_mapping
[2.857s] [ 50%] [32mBuilding CXX object CMakeFiles/mapping_with_known_poses.dir/src/mapping_with_known_poses.cpp.o[0m
[3.055s] running egg_info
[3.074s] writing bumperbot_mapping.egg-info/PKG-INFO
[3.077s] writing dependency_links to bumperbot_mapping.egg-info/dependency_links.txt
[3.078s] writing top-level names to bumperbot_mapping.egg-info/top_level.txt
[3.132s] reading manifest file 'bumperbot_mapping.egg-info/SOURCES.txt'
[3.132s] writing manifest file 'bumperbot_mapping.egg-info/SOURCES.txt'
[3.222s] [ 50%] Built target ament_cmake_python_build_bumperbot_mapping_egg
[22.550s] [100%] [32m[1mLinking CXX executable mapping_with_known_poses[0m
[24.140s] [100%] Built target mapping_with_known_poses
[24.155s] Invoked command in '/home/javed/ros_projects/bumperbot_ws/build/bumperbot_mapping' returned '0': CMAKE_PREFIX_PATH=${CMAKE_PREFIX_PATH}:/home/javed/ros_projects/bumperbot_ws/install/bumperbot_py_examples:/home/javed/ros_practice/install/bumperbot_python_examples:/opt/ros/jazzy DEBUGINFOD_URLS=https://debuginfod.ubuntu.com /usr/bin/cmake --build /home/javed/ros_projects/bumperbot_ws/build/bumperbot_mapping -- -j16 -l16
[24.156s] Invoking command in '/home/javed/ros_projects/bumperbot_ws/build/bumperbot_mapping': CMAKE_PREFIX_PATH=${CMAKE_PREFIX_PATH}:/home/javed/ros_projects/bumperbot_ws/install/bumperbot_py_examples:/home/javed/ros_practice/install/bumperbot_python_examples:/opt/ros/jazzy DEBUGINFOD_URLS=https://debuginfod.ubuntu.com /usr/bin/cmake --install /home/javed/ros_projects/bumperbot_ws/build/bumperbot_mapping
[24.164s] -- Install configuration: ""
[24.164s] -- Installing: /home/javed/ros_projects/bumperbot_ws/install/bumperbot_mapping/share/bumperbot_mapping/environment/pythonpath.sh
[24.164s] -- Installing: /home/javed/ros_projects/bumperbot_ws/install/bumperbot_mapping/share/bumperbot_mapping/environment/pythonpath.dsv
[24.164s] -- Up-to-date: /home/javed/ros_projects/bumperbot_ws/install/bumperbot_mapping/lib/python3.12/site-packages/bumperbot_mapping-0.0.0-py3.12.egg-info
[24.164s] -- Installing: /home/javed/ros_projects/bumperbot_ws/install/bumperbot_mapping/lib/python3.12/site-packages/bumperbot_mapping-0.0.0-py3.12.egg-info/SOURCES.txt
[24.165s] -- Installing: /home/javed/ros_projects/bumperbot_ws/install/bumperbot_mapping/lib/python3.12/site-packages/bumperbot_mapping-0.0.0-py3.12.egg-info/dependency_links.txt
[24.165s] -- Installing: /home/javed/ros_projects/bumperbot_ws/install/bumperbot_mapping/lib/python3.12/site-packages/bumperbot_mapping-0.0.0-py3.12.egg-info/PKG-INFO
[24.165s] -- Installing: /home/javed/ros_projects/bumperbot_ws/install/bumperbot_mapping/lib/python3.12/site-packages/bumperbot_mapping-0.0.0-py3.12.egg-info/top_level.txt
[24.165s] -- Up-to-date: /home/javed/ros_projects/bumperbot_ws/install/bumperbot_mapping/lib/python3.12/site-packages/bumperbot_mapping
[24.165s] -- Installing: /home/javed/ros_projects/bumperbot_ws/install/bumperbot_mapping/lib/python3.12/site-packages/bumperbot_mapping/mapping_with_known_poses.py
[24.165s] -- Installing: /home/javed/ros_projects/bumperbot_ws/install/bumperbot_mapping/lib/python3.12/site-packages/bumperbot_mapping/__init__.py
[24.290s] Listing '/home/javed/ros_projects/bumperbot_ws/install/bumperbot_mapping/lib/python3.12/site-packages/bumperbot_mapping'...
[24.291s] Compiling '/home/javed/ros_projects/bumperbot_ws/install/bumperbot_mapping/lib/python3.12/site-packages/bumperbot_mapping/__init__.py'...
[24.291s] Compiling '/home/javed/ros_projects/bumperbot_ws/install/bumperbot_mapping/lib/python3.12/site-packages/bumperbot_mapping/mapping_with_known_poses.py'...
[24.297s] -- Up-to-date: /home/javed/ros_projects/bumperbot_ws/install/bumperbot_mapping/include/include
[24.297s] -- Up-to-date: /home/javed/ros_projects/bumperbot_ws/install/bumperbot_mapping/include/include/bumperbot_mapping
[24.297s] -- Installing: /home/javed/ros_projects/bumperbot_ws/install/bumperbot_mapping/include/include/bumperbot_mapping/mapping_with_known_poses.hpp
[24.297s] -- Installing: /home/javed/ros_projects/bumperbot_ws/install/bumperbot_mapping/lib/bumperbot_mapping/mapping_with_known_poses
[24.305s] -- Set non-toolchain portion of runtime path of "/home/javed/ros_projects/bumperbot_ws/install/bumperbot_mapping/lib/bumperbot_mapping/mapping_with_known_poses" to ""
[24.305s] -- Up-to-date: /home/javed/ros_projects/bumperbot_ws/install/bumperbot_mapping/share/bumperbot_mapping/config
[24.305s] -- Installing: /home/javed/ros_projects/bumperbot_ws/install/bumperbot_mapping/share/bumperbot_mapping/config/slam_toolbox.yaml
[24.305s] -- Up-to-date: /home/javed/ros_projects/bumperbot_ws/install/bumperbot_mapping/share/bumperbot_mapping/launch
[24.305s] -- Installing: /home/javed/ros_projects/bumperbot_ws/install/bumperbot_mapping/share/bumperbot_mapping/launch/slam.launch.py
[24.305s] -- Up-to-date: /home/javed/ros_projects/bumperbot_ws/install/bumperbot_mapping/share/bumperbot_mapping/maps
[24.305s] -- Up-to-date: /home/javed/ros_projects/bumperbot_ws/install/bumperbot_mapping/share/bumperbot_mapping/maps/small_house
[24.305s] -- Installing: /home/javed/ros_projects/bumperbot_ws/install/bumperbot_mapping/share/bumperbot_mapping/maps/small_house/map.yaml
[24.306s] -- Installing: /home/javed/ros_projects/bumperbot_ws/install/bumperbot_mapping/share/bumperbot_mapping/maps/small_house/map.pgm
[24.306s] -- Up-to-date: /home/javed/ros_projects/bumperbot_ws/install/bumperbot_mapping/share/bumperbot_mapping/maps/small_warehouse
[24.306s] -- Installing: /home/javed/ros_projects/bumperbot_ws/install/bumperbot_mapping/share/bumperbot_mapping/maps/small_warehouse/map.yaml
[24.306s] -- Installing: /home/javed/ros_projects/bumperbot_ws/install/bumperbot_mapping/share/bumperbot_mapping/maps/small_warehouse/map.pgm
[24.306s] -- Up-to-date: /home/javed/ros_projects/bumperbot_ws/install/bumperbot_mapping/share/bumperbot_mapping/rviz
[24.306s] -- Installing: /home/javed/ros_projects/bumperbot_ws/install/bumperbot_mapping/share/bumperbot_mapping/rviz/slam.rviz
[24.307s] -- Installing: /home/javed/ros_projects/bumperbot_ws/install/bumperbot_mapping/lib/bumperbot_mapping/mapping_with_known_poses.py
[24.307s] -- Installing: /home/javed/ros_projects/bumperbot_ws/install/bumperbot_mapping/share/ament_index/resource_index/package_run_dependencies/bumperbot_mapping
[24.307s] -- Installing: /home/javed/ros_projects/bumperbot_ws/install/bumperbot_mapping/share/ament_index/resource_index/parent_prefix_path/bumperbot_mapping
[24.307s] -- Installing: /home/javed/ros_projects/bumperbot_ws/install/bumperbot_mapping/share/bumperbot_mapping/environment/ament_prefix_path.sh
[24.307s] -- Installing: /home/javed/ros_projects/bumperbot_ws/install/bumperbot_mapping/share/bumperbot_mapping/environment/ament_prefix_path.dsv
[24.307s] -- Installing: /home/javed/ros_projects/bumperbot_ws/install/bumperbot_mapping/share/bumperbot_mapping/environment/path.sh
[24.308s] -- Installing: /home/javed/ros_projects/bumperbot_ws/install/bumperbot_mapping/share/bumperbot_mapping/environment/path.dsv
[24.308s] -- Installing: /home/javed/ros_projects/bumperbot_ws/install/bumperbot_mapping/share/bumperbot_mapping/local_setup.bash
[24.308s] -- Installing: /home/javed/ros_projects/bumperbot_ws/install/bumperbot_mapping/share/bumperbot_mapping/local_setup.sh
[24.308s] -- Installing: /home/javed/ros_projects/bumperbot_ws/install/bumperbot_mapping/share/bumperbot_mapping/local_setup.zsh
[24.308s] -- Installing: /home/javed/ros_projects/bumperbot_ws/install/bumperbot_mapping/share/bumperbot_mapping/local_setup.dsv
[24.308s] -- Installing: /home/javed/ros_projects/bumperbot_ws/install/bumperbot_mapping/share/bumperbot_mapping/package.dsv
[24.309s] -- Installing: /home/javed/ros_projects/bumperbot_ws/install/bumperbot_mapping/share/ament_index/resource_index/packages/bumperbot_mapping
[24.309s] -- Installing: /home/javed/ros_projects/bumperbot_ws/install/bumperbot_mapping/share/bumperbot_mapping/cmake/bumperbot_mappingConfig.cmake
[24.309s] -- Installing: /home/javed/ros_projects/bumperbot_ws/install/bumperbot_mapping/share/bumperbot_mapping/cmake/bumperbot_mappingConfig-version.cmake
[24.309s] -- Installing: /home/javed/ros_projects/bumperbot_ws/install/bumperbot_mapping/share/bumperbot_mapping/package.xml
[24.340s] Invoked command in '/home/javed/ros_projects/bumperbot_ws/build/bumperbot_mapping' returned '0': CMAKE_PREFIX_PATH=${CMAKE_PREFIX_PATH}:/home/javed/ros_projects/bumperbot_ws/install/bumperbot_py_examples:/home/javed/ros_practice/install/bumperbot_python_examples:/opt/ros/jazzy DEBUGINFOD_URLS=https://debuginfod.ubuntu.com /usr/bin/cmake --install /home/javed/ros_projects/bumperbot_ws/build/bumperbot_mapping
