[0.030s] Invoking command in '/home/javed/ros_projects/bumperbot_ws/build/bumperbot_firmware': CMAKE_PREFIX_PATH=${CMAKE_PREFIX_PATH}:/home/javed/ros_projects/bumperbot_ws/install/bumperbot_py_examples:/home/javed/ros_practice/install/bumperbot_python_examples:/opt/ros/jazzy DEBUGINFOD_URLS=https://debuginfod.ubuntu.com /usr/bin/cmake --build /home/javed/ros_projects/bumperbot_ws/build/bumperbot_firmware -- -j16 -l16
[0.119s] [ 33%] Built target bumperbot_firmware
[0.123s] [ 66%] Built target simple_serial_transmitter
[0.148s] [ 66%] Built target ament_cmake_python_copy_bumperbot_firmware
[0.148s] [100%] Built target simple_serial_receiver
[0.438s] running egg_info
[0.468s] writing bumperbot_firmware.egg-info/PKG-INFO
[0.468s] writing dependency_links to bumperbot_firmware.egg-info/dependency_links.txt
[0.468s] writing top-level names to bumperbot_firmware.egg-info/top_level.txt
[0.556s] reading manifest file 'bumperbot_firmware.egg-info/SOURCES.txt'
[0.557s] writing manifest file 'bumperbot_firmware.egg-info/SOURCES.txt'
[0.625s] [100%] Built target ament_cmake_python_build_bumperbot_firmware_egg
[0.655s] Invoked command in '/home/javed/ros_projects/bumperbot_ws/build/bumperbot_firmware' returned '0': CMAKE_PREFIX_PATH=${CMAKE_PREFIX_PATH}:/home/javed/ros_projects/bumperbot_ws/install/bumperbot_py_examples:/home/javed/ros_practice/install/bumperbot_python_examples:/opt/ros/jazzy DEBUGINFOD_URLS=https://debuginfod.ubuntu.com /usr/bin/cmake --build /home/javed/ros_projects/bumperbot_ws/build/bumperbot_firmware -- -j16 -l16
[0.661s] Invoking command in '/home/javed/ros_projects/bumperbot_ws/build/bumperbot_firmware': CMAKE_PREFIX_PATH=${CMAKE_PREFIX_PATH}:/home/javed/ros_projects/bumperbot_ws/install/bumperbot_py_examples:/home/javed/ros_practice/install/bumperbot_python_examples:/opt/ros/jazzy DEBUGINFOD_URLS=https://debuginfod.ubuntu.com /usr/bin/cmake --install /home/javed/ros_projects/bumperbot_ws/build/bumperbot_firmware
[0.672s] -- Install configuration: ""
[0.672s] -- Up-to-date: /home/javed/ros_projects/bumperbot_ws/install/bumperbot_firmware/share/bumperbot_firmware/environment/pythonpath.sh
[0.672s] -- Up-to-date: /home/javed/ros_projects/bumperbot_ws/install/bumperbot_firmware/share/bumperbot_firmware/environment/pythonpath.dsv
[0.673s] -- Up-to-date: /home/javed/ros_projects/bumperbot_ws/install/bumperbot_firmware/lib/python3.12/site-packages/bumperbot_firmware-0.0.0-py3.12.egg-info
[0.673s] -- Installing: /home/javed/ros_projects/bumperbot_ws/install/bumperbot_firmware/lib/python3.12/site-packages/bumperbot_firmware-0.0.0-py3.12.egg-info/SOURCES.txt
[0.673s] -- Installing: /home/javed/ros_projects/bumperbot_ws/install/bumperbot_firmware/lib/python3.12/site-packages/bumperbot_firmware-0.0.0-py3.12.egg-info/dependency_links.txt
[0.673s] -- Installing: /home/javed/ros_projects/bumperbot_ws/install/bumperbot_firmware/lib/python3.12/site-packages/bumperbot_firmware-0.0.0-py3.12.egg-info/PKG-INFO
[0.673s] -- Installing: /home/javed/ros_projects/bumperbot_ws/install/bumperbot_firmware/lib/python3.12/site-packages/bumperbot_firmware-0.0.0-py3.12.egg-info/top_level.txt
[0.673s] -- Up-to-date: /home/javed/ros_projects/bumperbot_ws/install/bumperbot_firmware/lib/python3.12/site-packages/bumperbot_firmware
[0.673s] -- Up-to-date: /home/javed/ros_projects/bumperbot_ws/install/bumperbot_firmware/lib/python3.12/site-packages/bumperbot_firmware/__init__.py
[0.674s] -- Up-to-date: /home/javed/ros_projects/bumperbot_ws/install/bumperbot_firmware/lib/python3.12/site-packages/bumperbot_firmware/mpu6050_driver.py
[0.674s] -- Up-to-date: /home/javed/ros_projects/bumperbot_ws/install/bumperbot_firmware/lib/python3.12/site-packages/bumperbot_firmware/simple_serial_receiver.py
[0.674s] -- Up-to-date: /home/javed/ros_projects/bumperbot_ws/install/bumperbot_firmware/lib/python3.12/site-packages/bumperbot_firmware/simple_serial_transmitter.py
[0.726s] Listing '/home/javed/ros_projects/bumperbot_ws/install/bumperbot_firmware/lib/python3.12/site-packages/bumperbot_firmware'...
[0.743s] -- Up-to-date: /home/javed/ros_projects/bumperbot_ws/install/bumperbot_firmware/share/bumperbot_firmware/bumperbot_interface.xml
[0.744s] -- Up-to-date: /home/javed/ros_projects/bumperbot_ws/install/bumperbot_firmware/lib/libbumperbot_firmware.so
[0.744s] -- Up-to-date: /home/javed/ros_projects/bumperbot_ws/install/bumperbot_firmware/include/include
[0.744s] -- Up-to-date: /home/javed/ros_projects/bumperbot_ws/install/bumperbot_firmware/include/include/bumperbot_firmware
[0.744s] -- Up-to-date: /home/javed/ros_projects/bumperbot_ws/install/bumperbot_firmware/include/include/bumperbot_firmware/bumperbot_interface.hpp
[0.745s] -- Up-to-date: /home/javed/ros_projects/bumperbot_ws/install/bumperbot_firmware/share/bumperbot_firmware/launch
[0.745s] -- Up-to-date: /home/javed/ros_projects/bumperbot_ws/install/bumperbot_firmware/share/bumperbot_firmware/launch/hardware_interface.launch.py
[0.745s] -- Up-to-date: /home/javed/ros_projects/bumperbot_ws/install/bumperbot_firmware/lib/bumperbot_firmware/simple_serial_transmitter.py
[0.745s] -- Up-to-date: /home/javed/ros_projects/bumperbot_ws/install/bumperbot_firmware/lib/bumperbot_firmware/simple_serial_receiver.py
[0.745s] -- Up-to-date: /home/javed/ros_projects/bumperbot_ws/install/bumperbot_firmware/lib/bumperbot_firmware/mpu6050_driver.py
[0.745s] -- Up-to-date: /home/javed/ros_projects/bumperbot_ws/install/bumperbot_firmware/lib/bumperbot_firmware/simple_serial_receiver
[0.745s] -- Up-to-date: /home/javed/ros_projects/bumperbot_ws/install/bumperbot_firmware/lib/bumperbot_firmware/simple_serial_transmitter
[0.746s] -- Up-to-date: /home/javed/ros_projects/bumperbot_ws/install/bumperbot_firmware/share/bumperbot_firmware/environment/library_path.sh
[0.746s] -- Up-to-date: /home/javed/ros_projects/bumperbot_ws/install/bumperbot_firmware/share/bumperbot_firmware/environment/library_path.dsv
[0.746s] -- Up-to-date: /home/javed/ros_projects/bumperbot_ws/install/bumperbot_firmware/share/ament_index/resource_index/package_run_dependencies/bumperbot_firmware
[0.746s] -- Up-to-date: /home/javed/ros_projects/bumperbot_ws/install/bumperbot_firmware/share/ament_index/resource_index/parent_prefix_path/bumperbot_firmware
[0.746s] -- Up-to-date: /home/javed/ros_projects/bumperbot_ws/install/bumperbot_firmware/share/bumperbot_firmware/environment/ament_prefix_path.sh
[0.746s] -- Up-to-date: /home/javed/ros_projects/bumperbot_ws/install/bumperbot_firmware/share/bumperbot_firmware/environment/ament_prefix_path.dsv
[0.747s] -- Up-to-date: /home/javed/ros_projects/bumperbot_ws/install/bumperbot_firmware/share/bumperbot_firmware/environment/path.sh
[0.747s] -- Up-to-date: /home/javed/ros_projects/bumperbot_ws/install/bumperbot_firmware/share/bumperbot_firmware/environment/path.dsv
[0.747s] -- Up-to-date: /home/javed/ros_projects/bumperbot_ws/install/bumperbot_firmware/share/bumperbot_firmware/local_setup.bash
[0.747s] -- Up-to-date: /home/javed/ros_projects/bumperbot_ws/install/bumperbot_firmware/share/bumperbot_firmware/local_setup.sh
[0.747s] -- Up-to-date: /home/javed/ros_projects/bumperbot_ws/install/bumperbot_firmware/share/bumperbot_firmware/local_setup.zsh
[0.747s] -- Up-to-date: /home/javed/ros_projects/bumperbot_ws/install/bumperbot_firmware/share/bumperbot_firmware/local_setup.dsv
[0.747s] -- Installing: /home/javed/ros_projects/bumperbot_ws/install/bumperbot_firmware/share/bumperbot_firmware/package.dsv
[0.748s] -- Up-to-date: /home/javed/ros_projects/bumperbot_ws/install/bumperbot_firmware/share/ament_index/resource_index/packages/bumperbot_firmware
[0.748s] -- Up-to-date: /home/javed/ros_projects/bumperbot_ws/install/bumperbot_firmware/share/ament_index/resource_index/hardware_interface__pluginlib__plugin/bumperbot_firmware
[0.748s] -- Up-to-date: /home/javed/ros_projects/bumperbot_ws/install/bumperbot_firmware/share/bumperbot_firmware/cmake/ament_cmake_export_include_directories-extras.cmake
[0.748s] -- Up-to-date: /home/javed/ros_projects/bumperbot_ws/install/bumperbot_firmware/share/bumperbot_firmware/cmake/ament_cmake_export_libraries-extras.cmake
[0.748s] -- Up-to-date: /home/javed/ros_projects/bumperbot_ws/install/bumperbot_firmware/share/bumperbot_firmware/cmake/ament_cmake_export_dependencies-extras.cmake
[0.748s] -- Up-to-date: /home/javed/ros_projects/bumperbot_ws/install/bumperbot_firmware/share/bumperbot_firmware/cmake/bumperbot_firmwareConfig.cmake
[0.748s] -- Up-to-date: /home/javed/ros_projects/bumperbot_ws/install/bumperbot_firmware/share/bumperbot_firmware/cmake/bumperbot_firmwareConfig-version.cmake
[0.749s] -- Up-to-date: /home/javed/ros_projects/bumperbot_ws/install/bumperbot_firmware/share/bumperbot_firmware/package.xml
[0.798s] Invoked command in '/home/javed/ros_projects/bumperbot_ws/build/bumperbot_firmware' returned '0': CMAKE_PREFIX_PATH=${CMAKE_PREFIX_PATH}:/home/javed/ros_projects/bumperbot_ws/install/bumperbot_py_examples:/home/javed/ros_practice/install/bumperbot_python_examples:/opt/ros/jazzy DEBUGINFOD_URLS=https://debuginfod.ubuntu.com /usr/bin/cmake --install /home/javed/ros_projects/bumperbot_ws/build/bumperbot_firmware
