[1.560s] Invoking command in '/home/javed/ros_projects/bumperbot_ws/src/bumperbot_py_examples': CMAKE_PREFIX_PATH=/home/javed/ros_projects/bumperbot_ws/install/bumperbot_msgs:/home/javed/ros_projects/bumperbot_ws/install/bumperbot_utils:/home/javed/ros_projects/bumperbot_ws/install/bumperbot_planning:/home/javed/ros_projects/bumperbot_ws/install/bumperbot_cpp_examples:/home/javed/ros_projects/bumperbot_ws/install/bumperbot_bringup:/home/javed/ros_projects/bumperbot_ws/install/bumperbot_mapping:/home/javed/ros_projects/bumperbot_ws/install/bumperbot_localization:/home/javed/ros_projects/bumperbot_ws/install/bumperbot_firmware:/home/javed/ros_projects/bumperbot_ws/install/bumperbot_description:/home/javed/ros_projects/bumperbot_ws/install/bumperbot_controller:/home/javed/ros_practice/install/bumperbot_cpp_examples:/opt/ros/jazzy/opt/gz_sim_vendor:/opt/ros/jazzy/opt/gz_sensors_vendor:/opt/ros/jazzy/opt/gz_physics_vendor:/opt/ros/jazzy/opt/sdformat_vendor:/opt/ros/jazzy/opt/gz_gui_vendor:/opt/ros/jazzy/opt/gz_transport_vendor:/opt/ros/jazzy/opt/gz_rendering_vendor:/opt/ros/jazzy/opt/gz_plugin_vendor:/opt/ros/jazzy/opt/gz_fuel_tools_vendor:/opt/ros/jazzy/opt/gz_msgs_vendor:/opt/ros/jazzy/opt/gz_common_vendor:/opt/ros/jazzy/opt/gz_math_vendor:/opt/ros/jazzy/opt/gz_utils_vendor:/opt/ros/jazzy/opt/gz_tools_vendor:/opt/ros/jazzy/opt/gz_ogre_next_vendor:/opt/ros/jazzy/opt/gz_dartsim_vendor:/opt/ros/jazzy/opt/gz_cmake_vendor DEBUGINFOD_URLS=https://debuginfod.ubuntu.com LD_LIBRARY_PATH=/home/javed/ros_projects/bumperbot_ws/install/bumperbot_msgs/lib:/home/javed/ros_projects/bumperbot_ws/install/bumperbot_cpp_examples/lib:/home/javed/ros_projects/bumperbot_ws/install/bumperbot_firmware/lib:/opt/ros/jazzy/opt/gz_sim_vendor/lib:/opt/ros/jazzy/opt/gz_sensors_vendor/lib:/opt/ros/jazzy/opt/gz_physics_vendor/lib:/opt/ros/jazzy/opt/sdformat_vendor/lib:/opt/ros/jazzy/opt/rviz_ogre_vendor/lib:/opt/ros/jazzy/lib/x86_64-linux-gnu:/opt/ros/jazzy/opt/gz_gui_vendor/lib:/opt/ros/jazzy/opt/gz_transport_vendor/lib:/opt/ros/jazzy/opt/gz_rendering_vendor/lib:/opt/ros/jazzy/opt/gz_plugin_vendor/lib:/opt/ros/jazzy/opt/gz_fuel_tools_vendor/lib:/opt/ros/jazzy/opt/gz_msgs_vendor/lib:/opt/ros/jazzy/opt/gz_common_vendor/lib:/opt/ros/jazzy/opt/gz_math_vendor/lib:/opt/ros/jazzy/opt/gz_utils_vendor/lib:/opt/ros/jazzy/opt/gz_tools_vendor/lib:/opt/ros/jazzy/opt/gz_ogre_next_vendor/lib:/opt/ros/jazzy/opt/gz_dartsim_vendor/lib:/opt/ros/jazzy/opt/gz_cmake_vendor/lib:/opt/ros/jazzy/lib PYTHONPATH=/home/javed/ros_projects/bumperbot_ws/build/bumperbot_py_examples/prefix_override:/usr/lib/python3/dist-packages/colcon_core/task/python/colcon_distutils_commands:/home/javed/ros_projects/bumperbot_ws/install/bumperbot_py_examples/lib/python3.12/site-packages:/home/javed/ros_projects/bumperbot_ws/install/bumperbot_msgs/lib/python3.12/site-packages:/home/javed/ros_projects/bumperbot_ws/install/bumperbot_utils/lib/python3.12/site-packages:/home/javed/ros_projects/bumperbot_ws/install/bumperbot_py_examples/lib/python3.12/site-packages:/home/javed/ros_projects/bumperbot_ws/install/bumperbot_planning/lib/python3.12/site-packages:/home/javed/ros_projects/bumperbot_ws/install/bumperbot_mapping/lib/python3.12/site-packages:/home/javed/ros_projects/bumperbot_ws/install/bumperbot_localization/lib/python3.12/site-packages:/home/javed/ros_projects/bumperbot_ws/install/bumperbot_firmware/lib/python3.12/site-packages:/home/javed/ros_projects/bumperbot_ws/install/bumperbot_controller/lib/python3.12/site-packages:/home/javed/ros_practice/install/bumperbot_python_examples/lib/python3.12/site-packages:/opt/ros/jazzy/lib/python3.12/site-packages /usr/bin/python3 -W ignore:setup.py install is deprecated -W ignore:easy_install command is deprecated setup.py egg_info --egg-base ../../build/bumperbot_py_examples build --build-base /home/javed/ros_projects/bumperbot_ws/build/bumperbot_py_examples/build install --record /home/javed/ros_projects/bumperbot_ws/build/bumperbot_py_examples/install.log --single-version-externally-managed install_data
[1.802s] running egg_info
[1.824s] writing ../../build/bumperbot_py_examples/bumperbot_py_examples.egg-info/PKG-INFO
[1.830s] writing dependency_links to ../../build/bumperbot_py_examples/bumperbot_py_examples.egg-info/dependency_links.txt
[1.830s] writing entry points to ../../build/bumperbot_py_examples/bumperbot_py_examples.egg-info/entry_points.txt
[1.933s] writing requirements to ../../build/bumperbot_py_examples/bumperbot_py_examples.egg-info/requires.txt
[1.995s] writing top-level names to ../../build/bumperbot_py_examples/bumperbot_py_examples.egg-info/top_level.txt
[2.058s] reading manifest file '../../build/bumperbot_py_examples/bumperbot_py_examples.egg-info/SOURCES.txt'
[2.059s] writing manifest file '../../build/bumperbot_py_examples/bumperbot_py_examples.egg-info/SOURCES.txt'
[2.061s] running build
[2.061s] running build_py
[2.061s] copying bumperbot_py_examples/simple_action_server.py -> /home/javed/ros_projects/bumperbot_ws/build/bumperbot_py_examples/build/lib/bumperbot_py_examples
[2.061s] copying bumperbot_py_examples/simple_qos_subscriber.py -> /home/javed/ros_projects/bumperbot_ws/build/bumperbot_py_examples/build/lib/bumperbot_py_examples
[2.061s] copying bumperbot_py_examples/simple_lifecycle_node.py -> /home/javed/ros_projects/bumperbot_ws/build/bumperbot_py_examples/build/lib/bumperbot_py_examples
[2.061s] copying bumperbot_py_examples/simple_parameter.py -> /home/javed/ros_projects/bumperbot_ws/build/bumperbot_py_examples/build/lib/bumperbot_py_examples
[2.062s] copying bumperbot_py_examples/simple_action_client.py -> /home/javed/ros_projects/bumperbot_ws/build/bumperbot_py_examples/build/lib/bumperbot_py_examples
[2.062s] copying bumperbot_py_examples/__init__.py -> /home/javed/ros_projects/bumperbot_ws/build/bumperbot_py_examples/build/lib/bumperbot_py_examples
[2.062s] copying bumperbot_py_examples/simple_subscriber.py -> /home/javed/ros_projects/bumperbot_ws/build/bumperbot_py_examples/build/lib/bumperbot_py_examples
[2.062s] copying bumperbot_py_examples/simple_turtlesim_kinematics.py -> /home/javed/ros_projects/bumperbot_ws/build/bumperbot_py_examples/build/lib/bumperbot_py_examples
[2.062s] copying bumperbot_py_examples/simple_service_client.py -> /home/javed/ros_projects/bumperbot_ws/build/bumperbot_py_examples/build/lib/bumperbot_py_examples
[2.062s] copying bumperbot_py_examples/simple_tf_kinematics.py -> /home/javed/ros_projects/bumperbot_ws/build/bumperbot_py_examples/build/lib/bumperbot_py_examples
[2.062s] copying bumperbot_py_examples/simple_qos_publisher.py -> /home/javed/ros_projects/bumperbot_ws/build/bumperbot_py_examples/build/lib/bumperbot_py_examples
[2.063s] copying bumperbot_py_examples/simple_publisher.py -> /home/javed/ros_projects/bumperbot_ws/build/bumperbot_py_examples/build/lib/bumperbot_py_examples
[2.063s] copying bumperbot_py_examples/simple_service_server.py -> /home/javed/ros_projects/bumperbot_ws/build/bumperbot_py_examples/build/lib/bumperbot_py_examples
[2.063s] running install
[2.068s] running install_lib
[2.088s] copying /home/javed/ros_projects/bumperbot_ws/build/bumperbot_py_examples/build/lib/bumperbot_py_examples/simple_action_server.py -> /home/javed/ros_projects/bumperbot_ws/install/bumperbot_py_examples/lib/python3.12/site-packages/bumperbot_py_examples
[2.088s] copying /home/javed/ros_projects/bumperbot_ws/build/bumperbot_py_examples/build/lib/bumperbot_py_examples/simple_qos_subscriber.py -> /home/javed/ros_projects/bumperbot_ws/install/bumperbot_py_examples/lib/python3.12/site-packages/bumperbot_py_examples
[2.088s] copying /home/javed/ros_projects/bumperbot_ws/build/bumperbot_py_examples/build/lib/bumperbot_py_examples/simple_lifecycle_node.py -> /home/javed/ros_projects/bumperbot_ws/install/bumperbot_py_examples/lib/python3.12/site-packages/bumperbot_py_examples
[2.088s] copying /home/javed/ros_projects/bumperbot_ws/build/bumperbot_py_examples/build/lib/bumperbot_py_examples/simple_parameter.py -> /home/javed/ros_projects/bumperbot_ws/install/bumperbot_py_examples/lib/python3.12/site-packages/bumperbot_py_examples
[2.089s] copying /home/javed/ros_projects/bumperbot_ws/build/bumperbot_py_examples/build/lib/bumperbot_py_examples/simple_action_client.py -> /home/javed/ros_projects/bumperbot_ws/install/bumperbot_py_examples/lib/python3.12/site-packages/bumperbot_py_examples
[2.089s] copying /home/javed/ros_projects/bumperbot_ws/build/bumperbot_py_examples/build/lib/bumperbot_py_examples/__init__.py -> /home/javed/ros_projects/bumperbot_ws/install/bumperbot_py_examples/lib/python3.12/site-packages/bumperbot_py_examples
[2.089s] copying /home/javed/ros_projects/bumperbot_ws/build/bumperbot_py_examples/build/lib/bumperbot_py_examples/simple_subscriber.py -> /home/javed/ros_projects/bumperbot_ws/install/bumperbot_py_examples/lib/python3.12/site-packages/bumperbot_py_examples
[2.089s] copying /home/javed/ros_projects/bumperbot_ws/build/bumperbot_py_examples/build/lib/bumperbot_py_examples/simple_turtlesim_kinematics.py -> /home/javed/ros_projects/bumperbot_ws/install/bumperbot_py_examples/lib/python3.12/site-packages/bumperbot_py_examples
[2.089s] copying /home/javed/ros_projects/bumperbot_ws/build/bumperbot_py_examples/build/lib/bumperbot_py_examples/simple_service_client.py -> /home/javed/ros_projects/bumperbot_ws/install/bumperbot_py_examples/lib/python3.12/site-packages/bumperbot_py_examples
[2.089s] copying /home/javed/ros_projects/bumperbot_ws/build/bumperbot_py_examples/build/lib/bumperbot_py_examples/simple_tf_kinematics.py -> /home/javed/ros_projects/bumperbot_ws/install/bumperbot_py_examples/lib/python3.12/site-packages/bumperbot_py_examples
[2.089s] copying /home/javed/ros_projects/bumperbot_ws/build/bumperbot_py_examples/build/lib/bumperbot_py_examples/simple_qos_publisher.py -> /home/javed/ros_projects/bumperbot_ws/install/bumperbot_py_examples/lib/python3.12/site-packages/bumperbot_py_examples
[2.090s] copying /home/javed/ros_projects/bumperbot_ws/build/bumperbot_py_examples/build/lib/bumperbot_py_examples/simple_publisher.py -> /home/javed/ros_projects/bumperbot_ws/install/bumperbot_py_examples/lib/python3.12/site-packages/bumperbot_py_examples
[2.090s] copying /home/javed/ros_projects/bumperbot_ws/build/bumperbot_py_examples/build/lib/bumperbot_py_examples/simple_service_server.py -> /home/javed/ros_projects/bumperbot_ws/install/bumperbot_py_examples/lib/python3.12/site-packages/bumperbot_py_examples
[2.090s] byte-compiling /home/javed/ros_projects/bumperbot_ws/install/bumperbot_py_examples/lib/python3.12/site-packages/bumperbot_py_examples/simple_action_server.py to simple_action_server.cpython-312.pyc
[2.118s] byte-compiling /home/javed/ros_projects/bumperbot_ws/install/bumperbot_py_examples/lib/python3.12/site-packages/bumperbot_py_examples/simple_qos_subscriber.py to simple_qos_subscriber.cpython-312.pyc
[2.172s] byte-compiling /home/javed/ros_projects/bumperbot_ws/install/bumperbot_py_examples/lib/python3.12/site-packages/bumperbot_py_examples/simple_lifecycle_node.py to simple_lifecycle_node.cpython-312.pyc
[2.189s] byte-compiling /home/javed/ros_projects/bumperbot_ws/install/bumperbot_py_examples/lib/python3.12/site-packages/bumperbot_py_examples/simple_parameter.py to simple_parameter.cpython-312.pyc
[2.195s] byte-compiling /home/javed/ros_projects/bumperbot_ws/install/bumperbot_py_examples/lib/python3.12/site-packages/bumperbot_py_examples/simple_action_client.py to simple_action_client.cpython-312.pyc
[2.256s] byte-compiling /home/javed/ros_projects/bumperbot_ws/install/bumperbot_py_examples/lib/python3.12/site-packages/bumperbot_py_examples/__init__.py to __init__.cpython-312.pyc
[2.298s] byte-compiling /home/javed/ros_projects/bumperbot_ws/install/bumperbot_py_examples/lib/python3.12/site-packages/bumperbot_py_examples/simple_subscriber.py to simple_subscriber.cpython-312.pyc
[2.366s] byte-compiling /home/javed/ros_projects/bumperbot_ws/install/bumperbot_py_examples/lib/python3.12/site-packages/bumperbot_py_examples/simple_turtlesim_kinematics.py to simple_turtlesim_kinematics.cpython-312.pyc
[2.377s] byte-compiling /home/javed/ros_projects/bumperbot_ws/install/bumperbot_py_examples/lib/python3.12/site-packages/bumperbot_py_examples/simple_service_client.py to simple_service_client.cpython-312.pyc
[2.434s] byte-compiling /home/javed/ros_projects/bumperbot_ws/install/bumperbot_py_examples/lib/python3.12/site-packages/bumperbot_py_examples/simple_tf_kinematics.py to simple_tf_kinematics.cpython-312.pyc
[2.457s] byte-compiling /home/javed/ros_projects/bumperbot_ws/install/bumperbot_py_examples/lib/python3.12/site-packages/bumperbot_py_examples/simple_qos_publisher.py to simple_qos_publisher.cpython-312.pyc
[2.464s] byte-compiling /home/javed/ros_projects/bumperbot_ws/install/bumperbot_py_examples/lib/python3.12/site-packages/bumperbot_py_examples/simple_publisher.py to simple_publisher.cpython-312.pyc
[2.471s] byte-compiling /home/javed/ros_projects/bumperbot_ws/install/bumperbot_py_examples/lib/python3.12/site-packages/bumperbot_py_examples/simple_service_server.py to simple_service_server.cpython-312.pyc
[2.474s] running install_data
[2.474s] copying resource/bumperbot_py_examples -> /home/javed/ros_projects/bumperbot_ws/install/bumperbot_py_examples/share/ament_index/resource_index/packages
[2.474s] copying package.xml -> /home/javed/ros_projects/bumperbot_ws/install/bumperbot_py_examples/share/bumperbot_py_examples
[2.475s] running install_egg_info
[2.495s] removing '/home/javed/ros_projects/bumperbot_ws/install/bumperbot_py_examples/lib/python3.12/site-packages/bumperbot_py_examples-0.0.0-py3.12.egg-info' (and everything under it)
[2.496s] Copying ../../build/bumperbot_py_examples/bumperbot_py_examples.egg-info to /home/javed/ros_projects/bumperbot_ws/install/bumperbot_py_examples/lib/python3.12/site-packages/bumperbot_py_examples-0.0.0-py3.12.egg-info
[2.497s] running install_scripts
[2.652s] Installing simple_action_client script to /home/javed/ros_projects/bumperbot_ws/install/bumperbot_py_examples/lib/bumperbot_py_examples
[2.652s] Installing simple_action_server script to /home/javed/ros_projects/bumperbot_ws/install/bumperbot_py_examples/lib/bumperbot_py_examples
[2.663s] Installing simple_lifecycle_node script to /home/javed/ros_projects/bumperbot_ws/install/bumperbot_py_examples/lib/bumperbot_py_examples
[2.664s] Installing simple_parameter script to /home/javed/ros_projects/bumperbot_ws/install/bumperbot_py_examples/lib/bumperbot_py_examples
[2.713s] Installing simple_publisher script to /home/javed/ros_projects/bumperbot_ws/install/bumperbot_py_examples/lib/bumperbot_py_examples
[2.747s] Installing simple_qos_publisher script to /home/javed/ros_projects/bumperbot_ws/install/bumperbot_py_examples/lib/bumperbot_py_examples
[2.773s] Installing simple_qos_subscriber script to /home/javed/ros_projects/bumperbot_ws/install/bumperbot_py_examples/lib/bumperbot_py_examples
[2.809s] Installing simple_service_client script to /home/javed/ros_projects/bumperbot_ws/install/bumperbot_py_examples/lib/bumperbot_py_examples
[2.810s] Installing simple_service_server script to /home/javed/ros_projects/bumperbot_ws/install/bumperbot_py_examples/lib/bumperbot_py_examples
[2.847s] Installing simple_subscriber script to /home/javed/ros_projects/bumperbot_ws/install/bumperbot_py_examples/lib/bumperbot_py_examples
[2.911s] Installing simple_tf_kinematics script to /home/javed/ros_projects/bumperbot_ws/install/bumperbot_py_examples/lib/bumperbot_py_examples
[2.944s] Installing simple_turtlesim_kinematics script to /home/javed/ros_projects/bumperbot_ws/install/bumperbot_py_examples/lib/bumperbot_py_examples
[2.945s] writing list of installed files to '/home/javed/ros_projects/bumperbot_ws/build/bumperbot_py_examples/install.log'
[3.528s] Invoked command in '/home/javed/ros_projects/bumperbot_ws/src/bumperbot_py_examples' returned '0': CMAKE_PREFIX_PATH=/home/javed/ros_projects/bumperbot_ws/install/bumperbot_msgs:/home/javed/ros_projects/bumperbot_ws/install/bumperbot_utils:/home/javed/ros_projects/bumperbot_ws/install/bumperbot_planning:/home/javed/ros_projects/bumperbot_ws/install/bumperbot_cpp_examples:/home/javed/ros_projects/bumperbot_ws/install/bumperbot_bringup:/home/javed/ros_projects/bumperbot_ws/install/bumperbot_mapping:/home/javed/ros_projects/bumperbot_ws/install/bumperbot_localization:/home/javed/ros_projects/bumperbot_ws/install/bumperbot_firmware:/home/javed/ros_projects/bumperbot_ws/install/bumperbot_description:/home/javed/ros_projects/bumperbot_ws/install/bumperbot_controller:/home/javed/ros_practice/install/bumperbot_cpp_examples:/opt/ros/jazzy/opt/gz_sim_vendor:/opt/ros/jazzy/opt/gz_sensors_vendor:/opt/ros/jazzy/opt/gz_physics_vendor:/opt/ros/jazzy/opt/sdformat_vendor:/opt/ros/jazzy/opt/gz_gui_vendor:/opt/ros/jazzy/opt/gz_transport_vendor:/opt/ros/jazzy/opt/gz_rendering_vendor:/opt/ros/jazzy/opt/gz_plugin_vendor:/opt/ros/jazzy/opt/gz_fuel_tools_vendor:/opt/ros/jazzy/opt/gz_msgs_vendor:/opt/ros/jazzy/opt/gz_common_vendor:/opt/ros/jazzy/opt/gz_math_vendor:/opt/ros/jazzy/opt/gz_utils_vendor:/opt/ros/jazzy/opt/gz_tools_vendor:/opt/ros/jazzy/opt/gz_ogre_next_vendor:/opt/ros/jazzy/opt/gz_dartsim_vendor:/opt/ros/jazzy/opt/gz_cmake_vendor DEBUGINFOD_URLS=https://debuginfod.ubuntu.com LD_LIBRARY_PATH=/home/javed/ros_projects/bumperbot_ws/install/bumperbot_msgs/lib:/home/javed/ros_projects/bumperbot_ws/install/bumperbot_cpp_examples/lib:/home/javed/ros_projects/bumperbot_ws/install/bumperbot_firmware/lib:/opt/ros/jazzy/opt/gz_sim_vendor/lib:/opt/ros/jazzy/opt/gz_sensors_vendor/lib:/opt/ros/jazzy/opt/gz_physics_vendor/lib:/opt/ros/jazzy/opt/sdformat_vendor/lib:/opt/ros/jazzy/opt/rviz_ogre_vendor/lib:/opt/ros/jazzy/lib/x86_64-linux-gnu:/opt/ros/jazzy/opt/gz_gui_vendor/lib:/opt/ros/jazzy/opt/gz_transport_vendor/lib:/opt/ros/jazzy/opt/gz_rendering_vendor/lib:/opt/ros/jazzy/opt/gz_plugin_vendor/lib:/opt/ros/jazzy/opt/gz_fuel_tools_vendor/lib:/opt/ros/jazzy/opt/gz_msgs_vendor/lib:/opt/ros/jazzy/opt/gz_common_vendor/lib:/opt/ros/jazzy/opt/gz_math_vendor/lib:/opt/ros/jazzy/opt/gz_utils_vendor/lib:/opt/ros/jazzy/opt/gz_tools_vendor/lib:/opt/ros/jazzy/opt/gz_ogre_next_vendor/lib:/opt/ros/jazzy/opt/gz_dartsim_vendor/lib:/opt/ros/jazzy/opt/gz_cmake_vendor/lib:/opt/ros/jazzy/lib PYTHONPATH=/home/javed/ros_projects/bumperbot_ws/build/bumperbot_py_examples/prefix_override:/usr/lib/python3/dist-packages/colcon_core/task/python/colcon_distutils_commands:/home/javed/ros_projects/bumperbot_ws/install/bumperbot_py_examples/lib/python3.12/site-packages:/home/javed/ros_projects/bumperbot_ws/install/bumperbot_msgs/lib/python3.12/site-packages:/home/javed/ros_projects/bumperbot_ws/install/bumperbot_utils/lib/python3.12/site-packages:/home/javed/ros_projects/bumperbot_ws/install/bumperbot_py_examples/lib/python3.12/site-packages:/home/javed/ros_projects/bumperbot_ws/install/bumperbot_planning/lib/python3.12/site-packages:/home/javed/ros_projects/bumperbot_ws/install/bumperbot_mapping/lib/python3.12/site-packages:/home/javed/ros_projects/bumperbot_ws/install/bumperbot_localization/lib/python3.12/site-packages:/home/javed/ros_projects/bumperbot_ws/install/bumperbot_firmware/lib/python3.12/site-packages:/home/javed/ros_projects/bumperbot_ws/install/bumperbot_controller/lib/python3.12/site-packages:/home/javed/ros_practice/install/bumperbot_python_examples/lib/python3.12/site-packages:/opt/ros/jazzy/lib/python3.12/site-packages /usr/bin/python3 -W ignore:setup.py install is deprecated -W ignore:easy_install command is deprecated setup.py egg_info --egg-base ../../build/bumperbot_py_examples build --build-base /home/javed/ros_projects/bumperbot_ws/build/bumperbot_py_examples/build install --record /home/javed/ros_projects/bumperbot_ws/build/bumperbot_py_examples/install.log --single-version-externally-managed install_data
