[0.618s] Invoking command in '/home/javed/ros_projects/bumperbot_ws/build/bumperbot_utils': CMAKE_PREFIX_PATH=${CMAKE_PREFIX_PATH}:/home/javed/ros_projects/bumperbot_ws/install/bumperbot_py_examples:/home/javed/ros_practice/install/bumperbot_python_examples:/opt/ros/jazzy DEBUGINFOD_URLS=https://debuginfod.ubuntu.com /usr/bin/cmake --build /home/javed/ros_projects/bumperbot_ws/build/bumperbot_utils -- -j16 -l16
[2.664s] [100%] Built target safety_stop
[2.692s] [100%] Built target ament_cmake_python_copy_bumperbot_utils
[3.442s] running egg_info
[3.459s] writing bumperbot_utils.egg-info/PKG-INFO
[3.461s] writing dependency_links to bumperbot_utils.egg-info/dependency_links.txt
[3.461s] writing top-level names to bumperbot_utils.egg-info/top_level.txt
[3.582s] reading manifest file 'bumperbot_utils.egg-info/SOURCES.txt'
[3.710s] writing manifest file 'bumperbot_utils.egg-info/SOURCES.txt'
[3.733s] [100%] Built target ament_cmake_python_build_bumperbot_utils_egg
[4.008s] Invoked command in '/home/javed/ros_projects/bumperbot_ws/build/bumperbot_utils' returned '0': CMAKE_PREFIX_PATH=${CMAKE_PREFIX_PATH}:/home/javed/ros_projects/bumperbot_ws/install/bumperbot_py_examples:/home/javed/ros_practice/install/bumperbot_python_examples:/opt/ros/jazzy DEBUGINFOD_URLS=https://debuginfod.ubuntu.com /usr/bin/cmake --build /home/javed/ros_projects/bumperbot_ws/build/bumperbot_utils -- -j16 -l16
[4.139s] Invoking command in '/home/javed/ros_projects/bumperbot_ws/build/bumperbot_utils': CMAKE_PREFIX_PATH=${CMAKE_PREFIX_PATH}:/home/javed/ros_projects/bumperbot_ws/install/bumperbot_py_examples:/home/javed/ros_practice/install/bumperbot_python_examples:/opt/ros/jazzy DEBUGINFOD_URLS=https://debuginfod.ubuntu.com /usr/bin/cmake --install /home/javed/ros_projects/bumperbot_ws/build/bumperbot_utils
[4.180s] -- Install configuration: ""
[4.180s] -- Up-to-date: /home/javed/ros_projects/bumperbot_ws/install/bumperbot_utils/share/bumperbot_utils/environment/pythonpath.sh
[4.180s] -- Up-to-date: /home/javed/ros_projects/bumperbot_ws/install/bumperbot_utils/share/bumperbot_utils/environment/pythonpath.dsv
[4.180s] -- Up-to-date: /home/javed/ros_projects/bumperbot_ws/install/bumperbot_utils/lib/python3.12/site-packages/bumperbot_utils-0.0.0-py3.12.egg-info
[4.180s] -- Installing: /home/javed/ros_projects/bumperbot_ws/install/bumperbot_utils/lib/python3.12/site-packages/bumperbot_utils-0.0.0-py3.12.egg-info/SOURCES.txt
[4.181s] -- Installing: /home/javed/ros_projects/bumperbot_ws/install/bumperbot_utils/lib/python3.12/site-packages/bumperbot_utils-0.0.0-py3.12.egg-info/dependency_links.txt
[4.181s] -- Installing: /home/javed/ros_projects/bumperbot_ws/install/bumperbot_utils/lib/python3.12/site-packages/bumperbot_utils-0.0.0-py3.12.egg-info/PKG-INFO
[4.181s] -- Installing: /home/javed/ros_projects/bumperbot_ws/install/bumperbot_utils/lib/python3.12/site-packages/bumperbot_utils-0.0.0-py3.12.egg-info/top_level.txt
[4.181s] -- Up-to-date: /home/javed/ros_projects/bumperbot_ws/install/bumperbot_utils/lib/python3.12/site-packages/bumperbot_utils
[4.181s] -- Up-to-date: /home/javed/ros_projects/bumperbot_ws/install/bumperbot_utils/lib/python3.12/site-packages/bumperbot_utils/__init__.py
[4.181s] -- Up-to-date: /home/javed/ros_projects/bumperbot_ws/install/bumperbot_utils/lib/python3.12/site-packages/bumperbot_utils/safety_stop.py
[4.211s] Listing '/home/javed/ros_projects/bumperbot_ws/install/bumperbot_utils/lib/python3.12/site-packages/bumperbot_utils'...
[4.424s] -- Up-to-date: /home/javed/ros_projects/bumperbot_ws/install/bumperbot_utils/lib/bumperbot_utils/safety_stop
[4.424s] -- Up-to-date: /home/javed/ros_projects/bumperbot_ws/install/bumperbot_utils/lib/bumperbot_utils/safety_stop.py
[4.424s] -- Up-to-date: /home/javed/ros_projects/bumperbot_ws/install/bumperbot_utils/share/ament_index/resource_index/package_run_dependencies/bumperbot_utils
[4.424s] -- Up-to-date: /home/javed/ros_projects/bumperbot_ws/install/bumperbot_utils/share/ament_index/resource_index/parent_prefix_path/bumperbot_utils
[4.424s] -- Up-to-date: /home/javed/ros_projects/bumperbot_ws/install/bumperbot_utils/share/bumperbot_utils/environment/ament_prefix_path.sh
[4.425s] -- Up-to-date: /home/javed/ros_projects/bumperbot_ws/install/bumperbot_utils/share/bumperbot_utils/environment/ament_prefix_path.dsv
[4.425s] -- Up-to-date: /home/javed/ros_projects/bumperbot_ws/install/bumperbot_utils/share/bumperbot_utils/environment/path.sh
[4.425s] -- Up-to-date: /home/javed/ros_projects/bumperbot_ws/install/bumperbot_utils/share/bumperbot_utils/environment/path.dsv
[4.425s] -- Up-to-date: /home/javed/ros_projects/bumperbot_ws/install/bumperbot_utils/share/bumperbot_utils/local_setup.bash
[4.425s] -- Up-to-date: /home/javed/ros_projects/bumperbot_ws/install/bumperbot_utils/share/bumperbot_utils/local_setup.sh
[4.425s] -- Up-to-date: /home/javed/ros_projects/bumperbot_ws/install/bumperbot_utils/share/bumperbot_utils/local_setup.zsh
[4.425s] -- Up-to-date: /home/javed/ros_projects/bumperbot_ws/install/bumperbot_utils/share/bumperbot_utils/local_setup.dsv
[4.425s] -- Installing: /home/javed/ros_projects/bumperbot_ws/install/bumperbot_utils/share/bumperbot_utils/package.dsv
[4.430s] -- Up-to-date: /home/javed/ros_projects/bumperbot_ws/install/bumperbot_utils/share/ament_index/resource_index/packages/bumperbot_utils
[4.430s] -- Up-to-date: /home/javed/ros_projects/bumperbot_ws/install/bumperbot_utils/share/bumperbot_utils/cmake/bumperbot_utilsConfig.cmake
[4.430s] -- Up-to-date: /home/javed/ros_projects/bumperbot_ws/install/bumperbot_utils/share/bumperbot_utils/cmake/bumperbot_utilsConfig-version.cmake
[4.431s] -- Up-to-date: /home/javed/ros_projects/bumperbot_ws/install/bumperbot_utils/share/bumperbot_utils/package.xml
[4.433s] Invoked command in '/home/javed/ros_projects/bumperbot_ws/build/bumperbot_utils' returned '0': CMAKE_PREFIX_PATH=${CMAKE_PREFIX_PATH}:/home/javed/ros_projects/bumperbot_ws/install/bumperbot_py_examples:/home/javed/ros_practice/install/bumperbot_python_examples:/opt/ros/jazzy DEBUGINFOD_URLS=https://debuginfod.ubuntu.com /usr/bin/cmake --install /home/javed/ros_projects/bumperbot_ws/build/bumperbot_utils
