[0.026s] Invoking command in '/home/javed/ros_projects/bumperbot_ws/build/bumperbot_motion': CMAKE_PREFIX_PATH=${CMAKE_PREFIX_PATH}:/home/javed/ros_projects/bumperbot_ws/install/bumperbot_py_examples:/home/javed/ros_practice/install/bumperbot_python_examples:/opt/ros/jazzy DEBUGINFOD_URLS=https://debuginfod.ubuntu.com /usr/bin/cmake --build /home/javed/ros_projects/bumperbot_ws/build/bumperbot_motion -- -j16 -l16
[0.190s] [ 50%] Built target pd_motion_planner
[0.210s] [100%] Built target pure_pursuit
[0.225s] [100%] Built target ament_cmake_python_copy_bumperbot_motion
[0.440s] running egg_info
[0.471s] writing bumperbot_motion.egg-info/PKG-INFO
[0.471s] writing dependency_links to bumperbot_motion.egg-info/dependency_links.txt
[0.472s] writing top-level names to bumperbot_motion.egg-info/top_level.txt
[0.555s] reading manifest file 'bumperbot_motion.egg-info/SOURCES.txt'
[0.556s] writing manifest file 'bumperbot_motion.egg-info/SOURCES.txt'
[0.619s] [100%] Built target ament_cmake_python_build_bumperbot_motion_egg
[0.734s] Invoked command in '/home/javed/ros_projects/bumperbot_ws/build/bumperbot_motion' returned '0': CMAKE_PREFIX_PATH=${CMAKE_PREFIX_PATH}:/home/javed/ros_projects/bumperbot_ws/install/bumperbot_py_examples:/home/javed/ros_practice/install/bumperbot_python_examples:/opt/ros/jazzy DEBUGINFOD_URLS=https://debuginfod.ubuntu.com /usr/bin/cmake --build /home/javed/ros_projects/bumperbot_ws/build/bumperbot_motion -- -j16 -l16
[0.735s] Invoking command in '/home/javed/ros_projects/bumperbot_ws/build/bumperbot_motion': CMAKE_PREFIX_PATH=${CMAKE_PREFIX_PATH}:/home/javed/ros_projects/bumperbot_ws/install/bumperbot_py_examples:/home/javed/ros_practice/install/bumperbot_python_examples:/opt/ros/jazzy DEBUGINFOD_URLS=https://debuginfod.ubuntu.com /usr/bin/cmake --install /home/javed/ros_projects/bumperbot_ws/build/bumperbot_motion
[0.744s] -- Install configuration: ""
[0.744s] -- Up-to-date: /home/javed/ros_projects/bumperbot_ws/install/bumperbot_motion/share/bumperbot_motion/environment/pythonpath.sh
[0.744s] -- Up-to-date: /home/javed/ros_projects/bumperbot_ws/install/bumperbot_motion/share/bumperbot_motion/environment/pythonpath.dsv
[0.745s] -- Up-to-date: /home/javed/ros_projects/bumperbot_ws/install/bumperbot_motion/lib/python3.12/site-packages/bumperbot_motion-0.0.0-py3.12.egg-info
[0.746s] -- Installing: /home/javed/ros_projects/bumperbot_ws/install/bumperbot_motion/lib/python3.12/site-packages/bumperbot_motion-0.0.0-py3.12.egg-info/SOURCES.txt
[0.746s] -- Installing: /home/javed/ros_projects/bumperbot_ws/install/bumperbot_motion/lib/python3.12/site-packages/bumperbot_motion-0.0.0-py3.12.egg-info/dependency_links.txt
[0.746s] -- Installing: /home/javed/ros_projects/bumperbot_ws/install/bumperbot_motion/lib/python3.12/site-packages/bumperbot_motion-0.0.0-py3.12.egg-info/PKG-INFO
[0.747s] -- Installing: /home/javed/ros_projects/bumperbot_ws/install/bumperbot_motion/lib/python3.12/site-packages/bumperbot_motion-0.0.0-py3.12.egg-info/top_level.txt
[0.747s] -- Up-to-date: /home/javed/ros_projects/bumperbot_ws/install/bumperbot_motion/lib/python3.12/site-packages/bumperbot_motion
[0.747s] -- Installing: /home/javed/ros_projects/bumperbot_ws/install/bumperbot_motion/lib/python3.12/site-packages/bumperbot_motion/pure_pursuit.py
[0.747s] -- Up-to-date: /home/javed/ros_projects/bumperbot_ws/install/bumperbot_motion/lib/python3.12/site-packages/bumperbot_motion/__init__.py
[0.747s] -- Installing: /home/javed/ros_projects/bumperbot_ws/install/bumperbot_motion/lib/python3.12/site-packages/bumperbot_motion/pd_motion_planner.py
[0.789s] Listing '/home/javed/ros_projects/bumperbot_ws/install/bumperbot_motion/lib/python3.12/site-packages/bumperbot_motion'...
[0.789s] Compiling '/home/javed/ros_projects/bumperbot_ws/install/bumperbot_motion/lib/python3.12/site-packages/bumperbot_motion/pd_motion_planner.py'...
[0.789s] Compiling '/home/javed/ros_projects/bumperbot_ws/install/bumperbot_motion/lib/python3.12/site-packages/bumperbot_motion/pure_pursuit.py'...
[0.804s] -- Installing: /home/javed/ros_projects/bumperbot_ws/install/bumperbot_motion/lib/bumperbot_motion/pd_motion_planner.py
[0.804s] -- Installing: /home/javed/ros_projects/bumperbot_ws/install/bumperbot_motion/lib/bumperbot_motion/pure_pursuit.py
[0.804s] -- Up-to-date: /home/javed/ros_projects/bumperbot_ws/install/bumperbot_motion/include/include
[0.804s] -- Up-to-date: /home/javed/ros_projects/bumperbot_ws/install/bumperbot_motion/include/include/bumperbot_motion
[0.805s] -- Up-to-date: /home/javed/ros_projects/bumperbot_ws/install/bumperbot_motion/include/include/bumperbot_motion/pure_pursuit.hpp
[0.805s] -- Up-to-date: /home/javed/ros_projects/bumperbot_ws/install/bumperbot_motion/include/include/bumperbot_motion/pd_motion_planner.hpp
[0.805s] -- Up-to-date: /home/javed/ros_projects/bumperbot_ws/install/bumperbot_motion/lib/bumperbot_motion/pd_motion_planner
[0.805s] -- Up-to-date: /home/javed/ros_projects/bumperbot_ws/install/bumperbot_motion/lib/bumperbot_motion/pure_pursuit
[0.805s] -- Up-to-date: /home/javed/ros_projects/bumperbot_ws/install/bumperbot_motion/share/ament_index/resource_index/package_run_dependencies/bumperbot_motion
[0.805s] -- Up-to-date: /home/javed/ros_projects/bumperbot_ws/install/bumperbot_motion/share/ament_index/resource_index/parent_prefix_path/bumperbot_motion
[0.805s] -- Up-to-date: /home/javed/ros_projects/bumperbot_ws/install/bumperbot_motion/share/bumperbot_motion/environment/ament_prefix_path.sh
[0.805s] -- Up-to-date: /home/javed/ros_projects/bumperbot_ws/install/bumperbot_motion/share/bumperbot_motion/environment/ament_prefix_path.dsv
[0.806s] -- Up-to-date: /home/javed/ros_projects/bumperbot_ws/install/bumperbot_motion/share/bumperbot_motion/environment/path.sh
[0.806s] -- Up-to-date: /home/javed/ros_projects/bumperbot_ws/install/bumperbot_motion/share/bumperbot_motion/environment/path.dsv
[0.806s] -- Up-to-date: /home/javed/ros_projects/bumperbot_ws/install/bumperbot_motion/share/bumperbot_motion/local_setup.bash
[0.806s] -- Up-to-date: /home/javed/ros_projects/bumperbot_ws/install/bumperbot_motion/share/bumperbot_motion/local_setup.sh
[0.806s] -- Up-to-date: /home/javed/ros_projects/bumperbot_ws/install/bumperbot_motion/share/bumperbot_motion/local_setup.zsh
[0.806s] -- Up-to-date: /home/javed/ros_projects/bumperbot_ws/install/bumperbot_motion/share/bumperbot_motion/local_setup.dsv
[0.806s] -- Installing: /home/javed/ros_projects/bumperbot_ws/install/bumperbot_motion/share/bumperbot_motion/package.dsv
[0.806s] -- Up-to-date: /home/javed/ros_projects/bumperbot_ws/install/bumperbot_motion/share/ament_index/resource_index/packages/bumperbot_motion
[0.806s] -- Up-to-date: /home/javed/ros_projects/bumperbot_ws/install/bumperbot_motion/share/bumperbot_motion/cmake/ament_cmake_export_include_directories-extras.cmake
[0.807s] -- Up-to-date: /home/javed/ros_projects/bumperbot_ws/install/bumperbot_motion/share/bumperbot_motion/cmake/ament_cmake_export_dependencies-extras.cmake
[0.807s] -- Up-to-date: /home/javed/ros_projects/bumperbot_ws/install/bumperbot_motion/share/bumperbot_motion/cmake/bumperbot_motionConfig.cmake
[0.807s] -- Up-to-date: /home/javed/ros_projects/bumperbot_ws/install/bumperbot_motion/share/bumperbot_motion/cmake/bumperbot_motionConfig-version.cmake
[0.807s] -- Up-to-date: /home/javed/ros_projects/bumperbot_ws/install/bumperbot_motion/share/bumperbot_motion/package.xml
[1.043s] Invoked command in '/home/javed/ros_projects/bumperbot_ws/build/bumperbot_motion' returned '0': CMAKE_PREFIX_PATH=${CMAKE_PREFIX_PATH}:/home/javed/ros_projects/bumperbot_ws/install/bumperbot_py_examples:/home/javed/ros_practice/install/bumperbot_python_examples:/opt/ros/jazzy DEBUGINFOD_URLS=https://debuginfod.ubuntu.com /usr/bin/cmake --install /home/javed/ros_projects/bumperbot_ws/build/bumperbot_motion
